1716170291 0 100
1716170291 0 100 0 100
1716169663 0 100 0 100
1716169500 0 100 0 100
1716169200 0 100 0 100
1716168900 0 100 0 100
1716168600 0 100 0 100
1716168300 0 100 0 100
1716168000 0 100 0 100
1716167700 0 100 0 100
1716167400 0 100 0 100
1716167100 0 100 0 100
1716166800 0 100 0 100
1716166500 0 100 0 100
1716166200 0 100 0 100
1716165900 0 100 0 100
1716165600 0 100 0 100
1716165300 0 100 0 100
1716165000 0 100 0 100
1716164700 0 100 0 100
1716164400 0 100 0 100
1716164100 0 100 0 100
1716163800 0 100 0 100
1716163500 0 100 0 100
1716163200 0 100 0 100
1716162900 0 100 0 100
1716162600 0 100 0 100
1716162300 0 100 0 100
1716162000 0 100 0 100
1716161700 0 100 0 100
1716161400 0 100 0 100
1716161100 0 100 0 100
1716160800 0 100 0 100
1716160500 0 100 0 100
1716160200 0 100 0 100
1716159900 0 100 0 100
1716159600 0 100 0 100
1716159300 0 100 0 100
1716159000 0 100 0 100
1716158700 0 100 0 100
1716158400 0 100 0 100
1716158100 0 100 0 100
1716157800 0 100 0 100
1716157500 0 100 0 100
1716157200 0 100 0 100
1716156900 0 100 0 100
1716156600 0 100 0 100
1716156300 0 100 0 100
1716156000 0 100 0 100
1716155700 0 100 0 100
1716155400 0 100 0 100
1716155100 0 100 0 100
1716154800 0 100 0 100
1716154500 0 100 0 100
1716154200 0 100 0 100
1716153900 0 100 0 100
1716153600 0 100 0 100
1716153300 0 100 0 100
1716153000 0 100 0 100
1716152700 0 100 0 100
1716152400 0 100 0 100
1716152100 0 100 0 100
1716151800 0 100 0 100
1716151500 0 100 0 100
1716151200 0 100 0 100
1716150900 0 100 0 100
1716150600 0 100 0 100
1716150300 0 100 0 100
1716150000 0 100 0 100
1716149700 0 100 0 100
1716149400 0 100 0 100
1716149100 0 100 0 100
1716148800 0 100 0 100
1716148500 0 100 0 100
1716148200 0 100 0 100
1716147900 0 100 0 100
1716147600 0 100 0 100
1716147300 0 100 0 100
1716147000 0 100 0 100
1716146700 0 100 0 100
1716146400 0 100 0 100
1716146100 0 100 0 100
1716145800 0 100 0 100
1716145500 0 100 0 100
1716145200 0 100 0 100
1716144900 0 100 0 100
1716144600 0 100 0 100
1716144300 0 100 0 100
1716144000 0 100 0 100
1716143700 0 100 0 100
1716143400 0 100 0 100
1716143100 0 100 0 100
1716142800 0 100 0 100
1716142500 0 100 0 100
1716142200 0 100 0 100
1716141900 0 100 0 100
1716141600 0 100 0 100
1716141300 0 100 0 100
1716141000 0 100 0 100
1716140700 0 100 0 100
1716140400 0 100 0 100
1716140100 0 100 0 100
1716139800 0 100 0 100
1716139500 0 100 0 100
1716139200 0 100 0 100
1716138900 0 100 0 100
1716138600 0 100 0 100
1716138300 0 100 0 100
1716138000 0 100 0 100
1716137700 0 100 0 100
1716137400 0 100 0 100
1716137100 0 100 0 100
1716136800 0 100 0 100
1716136500 0 100 0 100
1716136200 0 100 0 100
1716135900 0 100 0 100
1716135600 0 100 0 100
1716135300 0 100 0 100
1716135000 0 100 0 100
1716134700 0 100 0 100
1716134400 0 100 0 100
1716134100 0 100 0 100
1716133800 0 100 0 100
1716133500 0 100 0 100
1716133200 0 100 0 100
1716132900 0 100 0 100
1716132600 0 100 0 100
1716132300 0 100 0 100
1716132000 0 100 0 100
1716131700 0 100 0 100
1716131400 0 100 0 100
1716131100 0 100 0 100
1716130800 0 100 0 100
1716130500 0 100 0 100
1716130200 0 100 0 100
1716129900 0 100 0 100
1716129600 0 100 0 100
1716129300 0 100 0 100
1716129000 0 100 0 100
1716128700 0 100 0 100
1716128400 0 100 0 100
1716128100 0 100 0 100
1716127800 0 100 0 100
1716127500 0 100 0 100
1716127200 0 100 0 100
1716126900 0 100 0 100
1716126600 0 100 0 100
1716126300 0 100 0 100
1716126000 0 100 0 100
1716125700 0 100 0 100
1716125400 0 100 0 100
1716125100 0 100 0 100
1716124800 0 100 0 100
1716124500 0 100 0 100
1716124200 0 100 0 100
1716123900 0 100 0 100
1716123600 0 100 0 100
1716123300 0 100 0 100
1716123000 0 100 0 100
1716122700 0 100 0 100
1716122400 0 100 0 100
1716122100 0 100 0 100
1716121800 0 100 0 100
1716121500 0 100 0 100
1716121200 0 100 0 100
1716120900 0 100 0 100
1716120600 0 100 0 100
1716120300 0 100 0 100
1716120000 0 100 0 100
1716119700 0 100 0 100
1716119400 0 100 0 100
1716119100 0 100 0 100
1716118800 0 100 0 100
1716118500 0 100 0 100
1716118200 0 100 0 100
1716117900 0 100 0 100
1716117600 0 100 0 100
1716117300 0 100 0 100
1716117000 0 100 0 100
1716116700 0 100 0 100
1716116400 0 100 0 100
1716116100 0 100 0 100
1716115800 0 100 0 100
1716115500 0 100 0 100
1716115200 0 100 0 100
1716114900 0 100 0 100
1716114600 0 100 0 100
1716114300 0 100 0 100
1716114000 0 100 0 100
1716113700 0 100 0 100
1716113400 0 100 0 100
1716113100 0 100 0 100
1716112800 0 100 0 100
1716112500 0 100 0 100
1716112200 0 100 0 100
1716111900 0 100 0 100
1716111600 0 100 0 100
1716111300 0 100 0 100
1716111000 0 100 0 100
1716110700 0 100 0 100
1716110400 0 100 0 100
1716110100 0 100 0 100
1716109800 0 100 0 100
1716109500 0 100 0 100
1716109200 0 100 0 100
1716108900 0 100 0 100
1716108600 0 100 0 100
1716108300 0 100 0 100
1716108000 0 100 0 100
1716107700 0 100 0 100
1716107400 0 100 0 100
1716107100 0 100 0 100
1716106800 0 100 0 100
1716106500 0 100 0 100
1716106200 0 100 0 100
1716105900 0 100 0 100
1716105600 0 100 0 100
1716105300 0 100 0 100
1716105000 0 100 0 100
1716104700 0 100 0 100
1716104400 0 100 0 100
1716104100 0 100 0 100
1716103800 0 100 0 100
1716103500 0 100 0 100
1716103200 0 100 0 100
1716102900 0 100 0 100
1716102600 0 100 0 100
1716102300 0 100 0 100
1716102000 0 100 0 100
1716101700 0 100 0 100
1716101400 0 100 0 100
1716101100 0 100 0 100
1716100800 0 100 0 100
1716100500 0 100 0 100
1716100200 0 100 0 100
1716099900 0 100 0 100
1716099600 0 100 0 100
1716099300 0 100 0 100
1716099000 0 100 0 100
1716098700 0 100 0 100
1716098400 0 100 0 100
1716098100 0 100 0 100
1716097800 0 100 0 100
1716097500 0 100 0 100
1716097200 0 100 0 100
1716096900 0 100 0 100
1716096600 0 100 0 100
1716096300 0 100 0 100
1716096000 0 100 0 100
1716095700 0 100 0 100
1716095400 0 100 0 100
1716095100 0 100 0 100
1716094800 0 100 0 100
1716094500 0 100 0 100
1716094200 0 100 0 100
1716093900 0 100 0 100
1716093600 0 100 0 100
1716093300 0 100 0 100
1716093000 0 100 0 100
1716092700 0 100 0 100
1716092400 0 100 0 100
1716092100 0 100 0 100
1716091800 0 100 0 100
1716091500 0 100 0 100
1716091200 0 100 0 100
1716090900 0 100 0 100
1716090600 0 100 0 100
1716090300 0 100 0 100
1716090000 0 100 0 100
1716089700 0 100 0 100
1716089400 0 100 0 100
1716089100 0 100 0 100
1716088800 0 100 0 100
1716088500 0 100 0 100
1716088200 0 100 0 100
1716087900 0 100 0 100
1716087600 0 100 0 100
1716087300 0 100 0 100
1716087000 0 100 0 100
1716086700 0 100 0 100
1716086400 0 100 0 100
1716086100 0 100 0 100
1716085800 0 100 0 100
1716085500 0 100 0 100
1716085200 0 100 0 100
1716084900 0 100 0 100
1716084600 0 100 0 100
1716084300 0 100 0 100
1716084000 0 100 0 100
1716083700 0 100 0 100
1716083400 0 100 0 100
1716083100 0 100 0 100
1716082800 0 100 0 100
1716082500 0 100 0 100
1716082200 0 100 0 100
1716081900 0 100 0 100
1716081600 0 100 0 100
1716081300 0 100 0 100
1716081000 0 100 0 100
1716080700 0 100 0 100
1716080400 0 100 0 100
1716080100 0 100 0 100
1716079800 0 100 0 100
1716079500 0 100 0 100
1716079200 0 100 0 100
1716078900 0 100 0 100
1716078600 0 100 0 100
1716078300 0 100 0 100
1716078000 0 100 0 100
1716077700 0 100 0 100
1716077400 0 100 0 100
1716077100 0 100 0 100
1716076800 0 100 0 100
1716076500 0 100 0 100
1716076200 0 100 0 100
1716075900 0 100 0 100
1716075600 0 100 0 100
1716075300 0 100 0 100
1716075000 0 100 0 100
1716074700 0 100 0 100
1716074400 0 100 0 100
1716074100 0 100 0 100
1716073800 0 100 0 100
1716073500 0 100 0 100
1716073200 0 100 0 100
1716072900 0 100 0 100
1716072600 0 100 0 100
1716072300 0 100 0 100
1716072000 0 100 0 100
1716071700 0 100 0 100
1716071400 0 100 0 100
1716071100 0 100 0 100
1716070800 0 100 0 100
1716070500 0 100 0 100
1716070200 0 100 0 100
1716069900 0 100 0 100
1716069600 0 100 0 100
1716069300 0 100 0 100
1716069000 0 100 0 100
1716068700 0 100 0 100
1716068400 0 100 0 100
1716068100 0 100 0 100
1716067800 0 100 0 100
1716067500 0 100 0 100
1716067200 0 100 0 100
1716066900 0 100 0 100
1716066600 0 100 0 100
1716066300 0 100 0 100
1716066000 0 100 0 100
1716065700 0 100 0 100
1716065400 0 100 0 100
1716065100 0 100 0 100
1716064800 0 100 0 100
1716064500 0 100 0 100
1716064200 0 100 0 100
1716063900 0 100 0 100
1716063600 0 100 0 100
1716063300 0 100 0 100
1716063000 0 100 0 100
1716062700 0 100 0 100
1716062400 0 100 0 100
1716062100 0 100 0 100
1716061800 0 100 0 100
1716061500 0 100 0 100
1716061200 0 100 0 100
1716060900 0 100 0 100
1716060600 0 100 0 100
1716060300 0 100 0 100
1716060000 0 100 0 100
1716059700 0 100 0 100
1716059400 0 100 0 100
1716059100 0 100 0 100
1716058800 0 100 0 100
1716058500 0 100 0 100
1716058200 0 100 0 100
1716057900 0 100 0 100
1716057600 0 100 0 100
1716057300 0 100 0 100
1716057000 0 100 0 100
1716056700 0 100 0 100
1716056400 0 100 0 100
1716056100 0 100 0 100
1716055800 0 100 0 100
1716055500 0 100 0 100
1716055200 0 100 0 100
1716054900 0 100 0 100
1716054600 0 100 0 100
1716054300 0 100 0 100
1716054000 0 100 0 100
1716053700 0 100 0 100
1716053400 0 100 0 100
1716053100 0 100 0 100
1716052800 0 100 0 100
1716052500 0 100 0 100
1716052200 0 100 0 100
1716051900 0 100 0 100
1716051600 0 100 0 100
1716051300 0 100 0 100
1716051000 0 100 0 100
1716050700 0 100 0 100
1716050400 0 100 0 100
1716050100 0 100 0 100
1716049800 0 100 0 100
1716049500 0 100 0 100
1716049200 0 100 0 100
1716048900 0 100 0 100
1716048600 0 100 0 100
1716048300 0 100 0 100
1716048000 0 100 0 100
1716047700 0 100 0 100
1716047400 0 100 0 100
1716047100 0 100 0 100
1716046800 0 100 0 100
1716046500 0 100 0 100
1716046200 0 100 0 100
1716045900 0 100 0 100
1716045600 0 100 0 100
1716045300 0 100 0 100
1716045000 0 100 0 100
1716044700 0 100 0 100
1716044400 0 100 0 100
1716044100 0 100 0 100
1716043800 0 100 0 100
1716043500 0 100 0 100
1716043200 0 100 0 100
1716042900 0 100 0 100
1716042600 0 100 0 100
1716042300 0 100 0 100
1716042000 0 100 0 100
1716041700 0 100 0 100
1716041400 0 100 0 100
1716041100 0 100 0 100
1716040800 0 100 0 100
1716040500 0 100 0 100
1716040200 0 100 0 100
1716039900 0 100 0 100
1716039600 0 100 0 100
1716039300 0 100 0 100
1716039000 0 100 0 100
1716038700 0 100 0 100
1716038400 0 100 0 100
1716038100 0 100 0 100
1716037800 0 100 0 100
1716037500 0 100 0 100
1716037200 0 100 0 100
1716036900 0 100 0 100
1716036600 0 100 0 100
1716036300 0 100 0 100
1716036000 0 100 0 100
1716035700 0 100 0 100
1716035400 0 100 0 100
1716035100 0 100 0 100
1716034800 0 100 0 100
1716034500 0 100 0 100
1716034200 0 100 0 100
1716033900 0 100 0 100
1716033600 0 100 0 100
1716033300 0 100 0 100
1716033000 0 100 0 100
1716032700 0 100 0 100
1716032400 0 100 0 100
1716032100 0 100 0 100
1716031800 0 100 0 100
1716031500 0 100 0 100
1716031200 0 100 0 100
1716030900 0 100 0 100
1716030600 0 100 0 100
1716030300 0 100 0 100
1716030000 0 100 0 100
1716029700 0 100 0 100
1716029400 0 100 0 100
1716029100 0 100 0 100
1716028800 0 100 0 100
1716028500 0 100 0 100
1716028200 0 100 0 100
1716027900 0 100 0 100
1716027600 0 100 0 100
1716027300 0 100 0 100
1716027000 0 100 0 100
1716026700 0 100 0 100
1716026400 0 100 0 100
1716026100 0 100 0 100
1716025800 0 100 0 100
1716025500 0 100 0 100
1716025200 0 100 0 100
1716024900 0 100 0 100
1716024600 0 100 0 100
1716024300 0 100 0 100
1716024000 0 100 0 100
1716023700 0 100 0 100
1716023400 0 100 0 100
1716023100 0 100 0 100
1716022800 0 100 0 100
1716022500 0 100 0 100
1716022200 0 100 0 100
1716021900 0 100 0 100
1716021600 0 100 0 100
1716021300 0 100 0 100
1716021000 0 100 0 100
1716020700 0 100 0 100
1716020400 0 100 0 100
1716020100 0 100 0 100
1716019800 0 100 0 100
1716019500 0 100 0 100
1716019200 0 100 0 100
1716018900 0 100 0 100
1716018600 0 100 0 100
1716018300 0 100 0 100
1716018000 0 100 0 100
1716017700 0 100 0 100
1716017400 0 100 0 100
1716017100 0 100 0 100
1716016800 0 100 0 100
1716016500 0 100 0 100
1716016200 0 100 0 100
1716015900 0 100 0 100
1716015600 0 100 0 100
1716015300 0 100 0 100
1716015000 0 100 0 100
1716014700 0 100 0 100
1716014400 0 100 0 100
1716014100 0 100 0 100
1716013800 0 100 0 100
1716013500 0 100 0 100
1716013200 0 100 0 100
1716012900 0 100 0 100
1716012600 0 100 0 100
1716012300 0 100 0 100
1716012000 0 100 0 100
1716011700 0 100 0 100
1716011400 0 100 0 100
1716011100 0 100 0 100
1716010800 0 100 0 100
1716010500 0 100 0 100
1716010200 0 100 0 100
1716009900 0 100 0 100
1716009600 0 100 0 100
1716009300 0 100 0 100
1716009000 0 100 0 100
1716008700 0 100 0 100
1716008400 0 100 0 100
1716008100 0 100 0 100
1716007800 0 100 0 100
1716007500 0 100 0 100
1716007200 0 100 0 100
1716006900 0 100 0 100
1716006600 0 100 0 100
1716006300 0 100 0 100
1716006000 0 100 0 100
1716005700 0 100 0 100
1716005400 0 100 0 100
1716005100 0 100 0 100
1716004800 0 100 0 100
1716004500 0 100 0 100
1716004200 0 100 0 100
1716003900 0 100 0 100
1716003600 0 100 0 100
1716003300 0 100 0 100
1716003000 0 100 0 100
1716002700 0 100 0 100
1716002400 0 100 0 100
1716002100 0 100 0 100
1716001800 0 100 0 100
1716001500 0 100 0 100
1716001200 0 100 0 100
1716000900 0 100 0 100
1716000600 0 100 0 100
1716000300 0 100 0 100
1716000000 0 100 0 100
1715999700 0 100 0 100
1715999400 0 100 0 100
1715999100 0 100 0 100
1715998800 0 100 0 100
1715998500 0 100 0 100
1715998200 0 100 0 100
1715997900 0 100 0 100
1715997600 0 100 0 100
1715997300 0 100 0 100
1715997000 0 100 0 100
1715996700 0 100 0 100
1715996400 0 100 0 100
1715996100 0 100 0 100
1715995800 0 100 0 100
1715995500 0 100 0 100
1715995200 0 100 0 100
1715994900 0 100 0 100
1715994600 0 100 0 100
1715994300 0 100 0 100
1715994000 0 100 0 100
1715993700 0 100 0 100
1715993400 0 100 0 100
1715993100 0 100 0 100
1715992800 0 100 0 100
1715992500 0 100 0 100
1715992200 0 100 0 100
1715991900 0 100 0 100
1715991600 0 100 0 100
1715991300 0 100 0 100
1715991000 0 100 0 100
1715990700 0 100 0 100
1715990400 0 100 0 100
1715990100 0 100 0 100
1715989800 0 100 0 100
1715988600 0 100 0 100
1715986800 0 100 0 100
1715985000 0 100 0 100
1715983200 0 100 0 100
1715981400 0 100 0 100
1715979600 0 100 0 100
1715977800 0 100 0 100
1715976000 0 100 0 100
1715974200 0 100 0 100
1715972400 0 100 0 100
1715970600 0 100 0 100
1715968800 0 100 0 100
1715967000 0 100 0 100
1715965200 0 100 0 100
1715963400 0 100 0 100
1715961600 0 100 0 100
1715959800 0 100 0 100
1715958000 0 100 0 100
1715956200 0 100 0 100
1715954400 0 100 0 100
1715952600 0 100 0 100
1715950800 0 100 0 100
1715949000 0 100 0 100
1715947200 0 100 0 100
1715945400 5 100 8 100
1715943600 8 100 8 100
1715941800 8 100 8 100
1715940000 8 100 8 100
1715938200 8 100 8 100
1715936400 8 100 8 100
1715934600 8 100 8 100
1715932800 8 100 8 100
1715931000 8 100 8 100
1715929200 8 100 8 100
1715927400 8 100 8 100
1715925600 8 100 8 100
1715923800 8 100 8 100
1715922000 8 100 8 100
1715920200 8 100 8 100
1715918400 8 100 8 100
1715916600 8 100 8 100
1715914800 8 100 8 100
1715913000 8 100 8 100
1715911200 8 100 8 100
1715909400 8 100 8 100
1715907600 8 100 8 100
1715905800 8 100 8 100
1715904000 7 100 8 100
1715902200 7 100 8 100
1715900400 8 100 8 100
1715898600 7 100 8 100
1715896800 7 100 8 100
1715895000 7 100 7 100
1715893200 7 100 7 100
1715891400 7 100 7 100
1715889600 7 100 7 100
1715887800 7 100 7 100
1715886000 7 100 7 100
1715884200 7 100 7 100
1715882400 7 100 7 100
1715880600 7 100 7 100
1715878800 7 100 7 100
1715877000 7 100 7 100
1715875200 7 100 7 100
1715873400 7 100 7 100
1715871600 7 100 7 100
1715869800 7 100 7 100
1715868000 7 100 7 100
1715866200 7 100 7 100
1715864400 7 100 7 100
1715862600 7 100 7 100
1715860800 7 100 7 100
1715859000 7 100 7 100
1715857200 7 100 7 100
1715855400 7 100 7 100
1715853600 7 100 7 100
1715851800 7 100 7 100
1715850000 7 100 7 100
1715848200 7 100 7 100
1715846400 7 100 7 100
1715844600 7 100 7 100
1715842800 7 100 7 100
1715841000 7 100 7 100
1715839200 7 100 7 100
1715837400 7 100 7 100
1715835600 7 100 7 100
1715833800 7 100 7 100
1715832000 7 100 7 100
1715830200 7 100 7 100
1715828400 7 100 7 100
1715826600 7 100 7 100
1715824800 7 100 7 100
1715823000 7 100 7 100
1715821200 7 100 7 100
1715819400 7 100 7 100
1715817600 7 100 7 100
1715815800 7 100 7 100
1715814000 7 100 7 100
1715812200 7 100 7 100
1715810400 7 100 7 100
1715808600 7 100 7 100
1715806800 7 100 7 100
1715805000 7 100 7 100
1715803200 7 100 7 100
1715801400 7 100 7 100
1715799600 7 100 7 100
1715797800 7 100 7 100
1715796000 7 100 7 100
1715794200 7 100 7 100
1715792400 7 100 7 100
1715790600 7 100 7 100
1715788800 7 100 7 100
1715787000 7 100 7 100
1715785200 7 100 7 100
1715783400 7 100 7 100
1715781600 7 100 7 100
1715779800 7 100 7 100
1715778000 7 100 7 100
1715776200 7 100 7 100
1715774400 7 100 7 100
1715772600 7 100 7 100
1715770800 7 100 7 100
1715769000 7 100 7 100
1715767200 7 100 7 100
1715765400 7 100 7 100
1715763600 7 100 7 100
1715761800 7 100 7 100
1715760000 7 100 7 100
1715758200 7 100 7 100
1715756400 7 100 8 100
1715754600 7 100 7 100
1715752800 7 100 8 100
1715751000 7 100 7 100
1715749200 7 100 7 100
1715747400 7 100 7 100
1715745600 7 100 7 100
1715743800 7 100 7 100
1715742000 7 100 7 100
1715740200 7 100 7 100
1715738400 7 100 7 100
1715736600 4 64 7 100
1715734800 0 0 0 0
1715733000 0 0 0 0
1715731200 0 0 0 0
1715729400 0 0 0 0
1715727600 0 0 0 0
1715725800 0 0 0 0
1715724000 0 0 0 0
1715722200 0 0 0 0
1715720400 0 0 0 0
1715718600 0 0 0 0
1715716800 0 0 0 0
1715715000 0 0 0 0
1715713200 0 0 0 0
1715711400 0 0 0 0
1715709600 0 0 0 0
1715707800 0 0 0 0
1715706000 0 0 0 0
1715704200 0 0 0 0
1715702400 0 0 0 0
1715700600 0 0 0 0
1715698800 0 0 0 0
1715697000 0 0 0 0
1715695200 0 0 0 0
1715693400 0 0 0 0
1715691600 0 0 0 0
1715689800 0 0 0 0
1715688000 0 0 0 0
1715686200 0 0 0 0
1715684400 0 0 0 0
1715682600 0 0 0 0
1715680800 0 0 0 0
1715679000 0 0 0 0
1715677200 0 0 0 0
1715675400 0 0 0 0
1715673600 0 0 0 0
1715671800 0 0 0 0
1715670000 0 0 0 0
1715668200 0 0 0 0
1715666400 0 0 0 0
1715664600 0 0 0 0
1715662800 0 0 0 0
1715661000 0 0 0 0
1715659200 0 0 0 0
1715657400 0 0 0 0
1715655600 0 0 0 0
1715653800 0 0 0 0
1715652000 0 0 0 0
1715650200 0 0 0 0
1715648400 0 0 0 0
1715646600 0 0 0 0
1715644800 0 0 0 0
1715643000 0 0 0 0
1715641200 0 0 0 0
1715639400 0 0 0 0
1715637600 0 0 0 0
1715635800 0 0 0 0
1715634000 0 0 0 0
1715632200 0 0 0 0
1715630400 0 0 0 0
1715628600 0 0 0 0
1715626800 0 0 0 0
1715625000 0 0 0 0
1715623200 0 0 0 0
1715621400 0 0 0 0
1715619600 0 0 0 0
1715617800 0 0 0 0
1715616000 0 0 0 0
1715614200 0 0 0 0
1715612400 0 0 0 0
1715610600 0 0 0 0
1715608800 0 0 0 0
1715607000 0 0 0 0
1715605200 0 0 0 0
1715603400 0 0 0 0
1715601600 0 0 0 0
1715599800 0 0 0 0
1715598000 0 0 0 0
1715596200 0 0 0 0
1715594400 0 0 0 0
1715592600 0 0 0 0
1715590800 0 0 0 0
1715589000 0 0 0 0
1715587200 0 0 0 0
1715585400 0 0 0 0
1715583600 0 0 0 0
1715581800 0 0 0 0
1715580000 0 0 0 0
1715578200 0 0 0 0
1715576400 0 0 0 0
1715574600 0 0 0 0
1715572800 0 0 0 0
1715571000 0 0 0 0
1715569200 0 0 0 0
1715567400 0 0 0 0
1715565600 0 0 0 0
1715563800 0 0 0 0
1715562000 0 0 0 0
1715560200 0 0 0 0
1715558400 0 0 0 0
1715556600 0 0 0 0
1715554800 0 0 0 0
1715553000 0 0 0 0
1715551200 0 0 0 0
1715549400 0 0 0 0
1715547600 0 0 0 0
1715545800 0 0 0 0
1715544000 0 0 0 0
1715542200 0 0 0 0
1715540400 0 0 0 0
1715538600 0 0 0 0
1715536800 0 0 0 0
1715535000 0 0 0 0
1715533200 0 0 0 0
1715531400 0 0 0 0
1715529600 0 0 0 0
1715527800 0 0 0 0
1715526000 0 0 0 0
1715524200 0 0 0 0
1715522400 0 0 0 0
1715520600 0 0 0 0
1715518800 0 0 0 0
1715517000 0 0 0 0
1715515200 0 0 0 0
1715513400 0 0 0 0
1715511600 0 0 0 0
1715509800 0 0 0 0
1715508000 0 0 0 0
1715506200 0 0 0 0
1715504400 0 0 0 0
1715502600 0 0 0 0
1715500800 0 0 0 0
1715499000 0 0 0 0
1715497200 0 0 0 0
1715495400 0 0 0 0
1715493600 0 0 0 0
1715491800 0 0 0 0
1715490000 0 0 0 0
1715488200 0 0 0 0
1715486400 0 0 0 0
1715484600 0 0 0 0
1715482800 0 0 0 0
1715481000 0 0 0 0
1715479200 0 0 0 0
1715477400 0 0 0 0
1715475600 0 0 0 0
1715473800 0 0 0 0
1715472000 0 0 0 0
1715470200 0 0 0 0
1715468400 0 0 0 0
1715466600 0 0 0 0
1715464800 0 0 0 0
1715463000 0 0 0 0
1715461200 0 0 0 0
1715459400 0 0 0 0
1715457600 0 0 0 0
1715455800 0 0 0 0
1715454000 0 0 0 0
1715452200 0 0 0 0
1715450400 0 0 0 0
1715448600 0 0 0 0
1715446800 0 0 0 0
1715445000 0 0 0 0
1715443200 0 0 0 0
1715441400 0 0 0 0
1715439600 0 0 0 0
1715437800 0 0 0 0
1715436000 0 0 0 0
1715434200 0 0 0 0
1715432400 0 0 0 0
1715430600 0 0 0 0
1715428800 0 0 0 0
1715427000 0 0 0 0
1715425200 0 0 0 0
1715423400 0 0 0 0
1715421600 0 0 0 0
1715419800 0 0 0 0
1715418000 0 0 0 0
1715416200 0 0 0 0
1715414400 0 0 0 0
1715412600 0 0 0 0
1715410800 0 0 0 0
1715409000 0 0 0 0
1715407200 0 0 0 0
1715405400 0 0 0 0
1715403600 0 0 0 0
1715401800 0 0 0 0
1715400000 0 0 0 0
1715398200 0 0 0 0
1715396400 0 0 0 0
1715394600 0 0 0 0
1715392800 0 0 0 0
1715391000 0 0 0 0
1715389200 0 0 0 0
1715387400 0 0 0 0
1715385600 0 0 0 0
1715383800 0 0 0 0
1715382000 0 0 0 0
1715380200 0 0 0 0
1715378400 0 0 0 0
1715376600 0 0 0 0
1715374800 0 0 0 0
1715373000 0 0 0 0
1715371200 0 0 0 0
1715369400 0 0 0 0
1715367600 0 0 0 0
1715365800 0 0 0 0
1715364000 0 0 0 0
1715362200 0 0 0 0
1715360400 0 0 0 0
1715358600 0 0 0 0
1715356800 0 0 0 0
1715355000 0 0 0 0
1715353200 0 0 0 0
1715351400 0 0 0 0
1715349600 0 0 0 0
1715347800 0 0 0 0
1715346000 0 0 0 0
1715344200 0 0 0 0
1715342400 0 0 0 0
1715340600 0 0 0 0
1715338800 0 0 0 0
1715337000 0 0 0 0
1715335200 0 0 0 0
1715333400 0 0 0 0
1715331600 0 0 0 0
1715329800 0 0 0 0
1715328000 0 0 0 0
1715326200 0 0 0 0
1715324400 0 0 0 0
1715322600 0 0 0 0
1715320800 0 0 0 0
1715319000 0 0 0 0
1715317200 0 0 0 0
1715315400 0 0 0 0
1715313600 0 0 0 0
1715311800 0 0 0 0
1715310000 0 0 0 0
1715308200 0 0 0 0
1715306400 0 0 0 0
1715304600 0 0 0 0
1715302800 0 0 0 0
1715301000 0 0 0 0
1715299200 0 0 0 0
1715297400 0 0 0 0
1715295600 0 0 0 0
1715293800 0 0 0 0
1715292000 0 0 0 0
1715290200 0 0 0 0
1715288400 0 0 0 0
1715286600 0 0 0 0
1715284800 0 0 0 0
1715283000 0 0 0 0
1715281200 0 0 0 0
1715279400 0 0 0 0
1715277600 0 0 0 0
1715275800 0 0 0 0
1715274000 0 0 0 0
1715272200 0 0 0 0
1715270400 0 0 0 0
1715268600 0 0 0 0
1715266800 0 0 0 0
1715265000 0 0 0 0
1715263200 0 0 0 0
1715261400 0 0 0 0
1715259600 0 0 0 0
1715257800 0 0 0 0
1715256000 0 0 0 0
1715254200 0 0 0 0
1715252400 0 0 0 0
1715250600 0 0 0 0
1715248800 0 0 0 0
1715247000 0 0 0 0
1715245200 0 0 0 0
1715243400 0 0 0 0
1715241600 0 0 0 0
1715239800 0 0 0 0
1715238000 0 0 0 0
1715236200 0 0 0 0
1715234400 0 0 0 0
1715232600 0 0 0 0
1715230800 0 0 0 0
1715229000 0 0 0 0
1715227200 0 0 0 0
1715225400 0 0 0 0
1715223600 0 0 0 0
1715221800 0 0 0 0
1715220000 0 0 0 0
1715218200 0 0 0 0
1715216400 0 0 0 0
1715214600 0 0 0 0
1715212800 0 0 0 0
1715211000 0 0 0 0
1715209200 0 0 0 0
1715207400 0 0 0 0
1715205600 0 0 0 0
1715203800 0 0 0 0
1715202000 0 0 0 0
1715200200 0 0 0 0
1715198400 0 0 0 0
1715196600 0 0 0 0
1715194800 0 0 0 0
1715193000 0 0 0 0
1715191200 0 0 0 0
1715189400 0 0 0 0
1715187600 0 0 0 0
1715185800 0 0 0 0
1715184000 0 0 0 0
1715182200 0 0 0 0
1715180400 0 0 0 0
1715178600 0 0 0 0
1715176800 0 0 0 0
1715175000 0 0 0 0
1715173200 0 0 0 0
1715171400 0 0 0 0
1715169600 0 0 0 0
1715167800 0 0 0 0
1715166000 0 0 0 0
1715164200 0 0 0 0
1715162400 0 0 0 0
1715160600 0 0 0 0
1715158800 0 0 0 0
1715157000 0 0 0 0
1715155200 0 0 0 0
1715153400 0 0 0 0
1715151600 0 0 0 0
1715149800 0 0 0 0
1715148000 0 0 0 0
1715146200 0 0 0 0
1715144400 0 0 0 0
1715142600 0 0 0 0
1715140800 0 0 0 0
1715139000 0 0 0 0
1715137200 0 0 0 0
1715135400 0 0 0 0
1715133600 0 0 0 0
1715131800 0 0 0 0
1715130000 0 0 0 0
1715128200 0 0 0 0
1715126400 0 0 0 0
1715124600 0 0 0 0
1715122800 0 0 0 0
1715121000 0 0 0 0
1715119200 0 0 0 0
1715117400 0 0 0 0
1715115600 0 0 0 0
1715113800 0 0 0 0
1715112000 0 0 0 0
1715110200 0 0 0 0
1715108400 0 0 0 0
1715106600 0 0 0 0
1715104800 0 0 0 0
1715103000 0 0 0 0
1715101200 0 0 0 0
1715099400 0 0 0 0
1715097600 0 0 0 0
1715095800 0 0 0 0
1715094000 0 0 0 0
1715092200 0 0 0 0
1715090400 0 0 0 0
1715088600 0 0 0 0
1715086800 0 0 0 0
1715085000 0 0 0 0
1715083200 0 0 0 0
1715081400 0 0 0 0
1715079600 0 0 0 0
1715077800 0 0 0 0
1715076000 0 0 0 0
1715074200 0 0 0 0
1715072400 0 0 0 0
1715070600 0 0 0 0
1715068800 0 0 0 0
1715067000 0 0 0 0
1715065200 0 0 0 0
1715063400 0 0 0 0
1715061600 0 0 0 0
1715059800 0 0 0 0
1715058000 0 0 0 0
1715056200 0 0 0 0
1715054400 0 0 0 0
1715052600 0 0 0 0
1715050800 0 0 0 0
1715049000 0 0 0 0
1715047200 0 0 0 0
1715045400 0 0 0 0
1715043600 0 0 0 0
1715041800 0 0 0 0
1715040000 0 0 0 0
1715038200 0 0 0 0
1715036400 0 0 0 0
1715034600 0 0 0 0
1715032800 0 0 0 0
1715031000 0 0 0 0
1715029200 0 0 0 0
1715027400 0 0 0 0
1715025600 0 0 0 0
1715023800 0 0 0 0
1715022000 0 0 0 0
1715020200 0 0 0 0
1715018400 0 0 0 0
1715016600 0 0 0 0
1715014800 0 0 0 0
1715013000 0 0 0 0
1715011200 0 0 0 0
1715009400 0 0 0 0
1715007600 0 0 0 0
1715005800 0 0 0 0
1715004000 0 0 0 0
1715002200 0 0 0 0
1715000400 0 0 0 0
1714998600 0 0 0 0
1714996800 0 0 0 0
1714995000 0 0 0 0
1714993200 0 0 0 0
1714991400 0 0 0 0
1714989600 0 0 0 0
1714987800 0 0 0 0
1714986000 0 0 0 0
1714984200 0 0 0 0
1714982400 0 0 0 0
1714980600 0 0 0 0
1714978800 0 0 0 0
1714977000 0 0 0 0
1714975200 0 0 0 0
1714973400 0 0 0 0
1714971600 0 0 0 0
1714969800 0 0 0 0
1714968000 0 0 0 0
1714966200 0 0 0 0
1714964400 0 0 0 0
1714962600 0 0 0 0
1714960800 0 0 0 0
1714959000 0 0 0 0
1714957200 0 0 0 0
1714955400 0 0 0 0
1714953600 0 0 0 0
1714951800 0 0 0 0
1714950000 0 0 0 0
1714948200 0 0 0 0
1714946400 0 0 0 0
1714944600 0 0 0 0
1714942800 0 0 0 0
1714941000 0 0 0 0
1714939200 0 0 0 0
1714937400 0 0 0 0
1714935600 0 0 0 0
1714933800 0 0 0 0
1714932000 0 0 0 0
1714930200 0 0 0 0
1714928400 0 0 0 0
1714926600 0 0 0 0
1714924800 0 0 0 0
1714923000 0 0 0 0
1714921200 0 0 0 0
1714919400 0 0 0 0
1714917600 0 0 0 0
1714915800 0 0 0 0
1714914000 0 0 0 0
1714912200 0 0 0 0
1714910400 0 0 0 0
1714908600 0 0 0 0
1714903200 0 0 0 0
1714896000 0 0 0 0
1714888800 0 0 0 0
1714881600 0 0 0 0
1714874400 0 0 0 0
1714867200 0 0 0 0
1714860000 0 0 0 0
1714852800 0 0 0 0
1714845600 0 0 0 0
1714838400 0 0 0 0
1714831200 0 0 0 0
1714824000 0 0 0 0
1714816800 0 0 0 0
1714809600 0 0 0 0
1714802400 0 0 0 0
1714795200 0 0 0 0
1714788000 0 0 0 0
1714780800 0 0 0 0
1714773600 0 0 0 0
1714766400 0 0 0 0
1714759200 0 0 0 0
1714752000 0 0 0 0
1714744800 0 0 0 0
1714737600 0 0 0 0
1714730400 0 0 0 0
1714723200 0 0 0 0
1714716000 0 0 0 0
1714708800 0 0 0 0
1714701600 0 0 0 0
1714694400 0 0 0 0
1714687200 0 0 0 0
1714680000 0 0 0 0
1714672800 0 0 0 0
1714665600 0 0 0 0
1714658400 0 0 0 0
1714651200 0 0 0 0
1714644000 0 0 0 0
1714636800 0 0 0 0
1714629600 0 0 0 0
1714622400 0 0 0 0
1714615200 0 0 0 0
1714608000 0 0 0 0
1714600800 0 0 0 0
1714593600 0 0 0 0
1714586400 0 0 0 0
1714579200 0 0 0 0
1714572000 0 0 0 0
1714564800 0 0 0 0
1714557600 0 0 0 0
1714550400 0 0 0 0
1714543200 0 0 0 0
1714536000 0 0 0 0
1714528800 0 0 0 0
1714521600 0 0 0 0
1714514400 0 0 0 0
1714507200 0 0 0 0
1714500000 0 0 0 0
1714492800 0 0 0 0
1714485600 0 0 0 0
1714478400 0 0 0 0
1714471200 0 0 0 0
1714464000 0 0 0 0
1714456800 0 0 0 0
1714449600 0 0 0 0
1714442400 0 0 0 0
1714435200 0 0 0 0
1714428000 0 0 0 0
1714420800 0 0 0 0
1714413600 0 0 0 0
1714406400 0 0 0 0
1714399200 0 0 0 0
1714392000 0 0 0 0
1714384800 0 0 0 0
1714377600 0 0 0 0
1714370400 0 0 0 0
1714363200 0 0 0 0
1714356000 0 0 0 0
1714348800 0 0 0 0
1714341600 0 0 0 0
1714334400 0 0 0 0
1714327200 0 0 0 0
1714320000 0 0 0 0
1714312800 0 0 0 0
1714305600 0 0 0 0
1714298400 0 0 0 0
1714291200 0 0 0 0
1714284000 0 0 0 0
1714276800 0 0 0 0
1714269600 0 0 0 0
1714262400 0 0 0 0
1714255200 0 0 0 0
1714248000 0 0 0 0
1714240800 0 0 0 0
1714233600 0 0 0 0
1714226400 0 0 0 0
1714219200 0 0 0 0
1714212000 0 0 0 0
1714204800 0 0 0 0
1714197600 0 0 0 0
1714190400 0 0 0 0
1714183200 0 0 0 0
1714176000 0 0 0 0
1714168800 0 0 0 0
1714161600 0 0 0 0
1714154400 0 0 0 0
1714147200 0 0 0 0
1714140000 0 0 0 0
1714132800 0 0 0 0
1714125600 0 0 0 0
1714118400 0 0 0 0
1714111200 0 0 0 0
1714104000 0 0 0 0
1714096800 0 0 0 0
1714089600 0 0 0 0
1714082400 0 0 0 0
1714075200 0 0 0 0
1714068000 0 0 0 0
1714060800 0 0 0 0
1714053600 0 0 0 0
1714046400 0 0 0 0
1714039200 0 0 0 0
1714032000 0 0 0 0
1714024800 0 0 0 0
1714017600 0 0 0 0
1714010400 0 0 0 0
1714003200 0 0 0 0
1713996000 0 0 0 0
1713988800 0 0 0 0
1713981600 0 0 0 0
1713974400 0 0 0 0
1713967200 0 0 0 0
1713960000 0 0 0 0
1713952800 0 0 0 0
1713945600 0 0 0 0
1713938400 0 0 0 0
1713931200 0 0 0 0
1713924000 0 0 0 0
1713916800 0 0 0 0
1713909600 0 0 0 0
1713902400 0 0 0 0
1713895200 0 0 0 0
1713888000 0 0 0 0
1713880800 0 0 0 0
1713873600 0 0 0 0
1713866400 0 0 0 0
1713859200 0 0 0 0
1713852000 0 0 0 0
1713844800 0 0 0 0
1713837600 0 0 0 0
1713830400 0 0 0 0
1713823200 0 0 0 0
1713816000 0 0 0 0
1713808800 0 0 0 0
1713801600 0 0 0 0
1713794400 0 0 0 0
1713787200 0 0 0 0
1713780000 0 0 0 0
1713772800 0 0 0 0
1713765600 0 0 0 0
1713758400 0 0 0 0
1713751200 0 0 0 0
1713744000 0 0 0 0
1713736800 0 0 0 0
1713729600 0 0 0 0
1713722400 0 0 0 0
1713715200 0 0 0 0
1713708000 0 0 0 0
1713700800 0 0 0 0
1713693600 0 0 0 0
1713686400 0 0 0 0
1713679200 0 0 0 0
1713672000 0 0 0 0
1713664800 0 0 0 0
1713657600 0 0 0 0
1713650400 0 0 0 0
1713643200 0 0 0 0
1713636000 0 0 0 0
1713628800 0 0 0 0
1713621600 0 0 0 0
1713614400 0 0 0 0
1713607200 0 0 0 0
1713600000 0 0 0 0
1713592800 0 0 0 0
1713585600 0 0 0 0
1713578400 0 0 0 0
1713571200 0 0 0 0
1713564000 0 0 0 0
1713556800 0 0 0 0
1713549600 0 0 0 0
1713542400 0 0 0 0
1713535200 0 0 0 0
1713528000 0 0 0 0
1713520800 0 0 0 0
1713513600 0 0 0 0
1713506400 0 0 0 0
1713499200 0 0 0 0
1713492000 0 0 0 0
1713484800 0 0 0 0
1713477600 0 0 0 0
1713470400 0 0 0 0
1713463200 0 0 0 0
1713456000 0 0 0 0
1713448800 0 0 0 0
1713441600 0 0 0 0
1713434400 0 0 0 0
1713427200 0 0 0 0
1713420000 0 0 0 0
1713412800 0 0 0 0
1713405600 0 0 0 0
1713398400 0 0 0 0
1713391200 0 0 0 0
1713384000 0 0 0 0
1713376800 0 0 0 0
1713369600 0 0 0 0
1713362400 0 0 0 0
1713355200 0 0 0 0
1713348000 0 0 0 0
1713340800 0 0 0 0
1713333600 0 0 0 0
1713326400 0 0 0 0
1713319200 0 0 0 0
1713312000 0 0 0 0
1713304800 0 0 0 0
1713297600 0 0 0 0
1713290400 0 0 0 0
1713283200 0 0 0 0
1713276000 0 0 0 0
1713268800 0 0 0 0
1713261600 0 0 0 0
1713254400 0 0 0 0
1713247200 0 0 0 0
1713240000 0 0 0 0
1713232800 0 0 0 0
1713225600 0 0 0 0
1713218400 0 0 0 0
1713211200 0 0 0 0
1713204000 0 0 0 0
1713196800 0 0 0 0
1713189600 0 0 0 0
1713182400 0 0 0 0
1713175200 0 0 0 0
1713168000 0 0 0 0
1713160800 0 0 0 0
1713153600 0 0 0 0
1713146400 0 0 0 0
1713139200 0 0 0 0
1713132000 0 0 0 0
1713124800 0 0 0 0
1713117600 0 0 0 0
1713110400 0 0 0 0
1713103200 0 0 0 0
1713096000 0 0 0 0
1713088800 0 0 0 0
1713081600 0 0 0 0
1713074400 0 0 0 0
1713067200 0 0 0 0
1713060000 0 0 0 0
1713052800 0 0 0 0
1713045600 0 0 0 0
1713038400 0 0 0 0
1713031200 0 0 0 0
1713024000 0 0 0 0
1713016800 0 0 0 0
1713009600 0 0 0 0
1713002400 0 0 0 0
1712995200 0 0 0 0
1712988000 0 0 0 0
1712980800 0 0 0 0
1712973600 0 0 0 0
1712966400 0 0 0 0
1712959200 0 0 0 0
1712952000 0 0 0 0
1712944800 0 0 0 0
1712937600 0 0 0 0
1712930400 0 0 0 0
1712923200 0 0 0 0
1712916000 0 0 0 0
1712908800 0 0 0 0
1712901600 0 0 0 0
1712894400 0 0 0 0
1712887200 0 0 0 0
1712880000 0 0 0 0
1712872800 0 0 0 0
1712865600 0 0 0 0
1712858400 0 0 0 0
1712851200 0 0 0 0
1712844000 0 0 0 0
1712836800 0 0 0 0
1712829600 0 0 0 0
1712822400 0 0 0 0
1712815200 0 0 0 0
1712808000 0 0 0 0
1712800800 0 0 0 0
1712793600 0 0 0 0
1712786400 0 0 0 0
1712779200 0 0 0 0
1712772000 0 0 0 0
1712764800 0 0 0 0
1712757600 0 0 0 0
1712750400 0 0 0 0
1712743200 0 0 0 0
1712736000 0 0 0 0
1712728800 0 0 0 0
1712721600 0 0 0 0
1712714400 0 0 0 0
1712707200 0 0 0 0
1712700000 0 0 0 0
1712692800 0 0 0 0
1712685600 0 0 0 0
1712678400 0 0 0 0
1712671200 0 0 0 0
1712664000 0 0 0 0
1712656800 0 0 0 0
1712649600 0 0 0 0
1712642400 0 0 0 0
1712635200 0 0 0 0
1712628000 0 0 0 0
1712620800 0 0 0 0
1712613600 0 0 0 0
1712606400 0 0 0 0
1712599200 0 0 0 0
1712592000 0 0 0 0
1712584800 0 0 0 0
1712577600 0 0 0 0
1712570400 0 0 0 0
1712563200 0 0 0 0
1712556000 0 0 0 0
1712548800 0 0 0 0
1712541600 0 0 0 0
1712534400 0 0 0 0
1712527200 0 0 0 0
1712520000 0 0 0 0
1712512800 0 0 0 0
1712505600 0 0 0 0
1712498400 0 0 0 0
1712491200 0 0 0 0
1712484000 0 0 0 0
1712476800 0 0 0 0
1712469600 0 0 0 0
1712462400 0 0 0 0
1712455200 0 0 0 0
1712448000 0 0 0 0
1712440800 0 0 0 0
1712433600 0 0 0 0
1712426400 0 0 0 0
1712419200 0 0 0 0
1712412000 0 0 0 0
1712404800 0 0 0 0
1712397600 0 0 0 0
1712390400 0 0 0 0
1712383200 0 0 0 0
1712376000 0 0 0 0
1712368800 0 0 0 0
1712361600 0 0 0 0
1712354400 0 0 0 0
1712347200 0 0 0 0
1712340000 0 0 0 0
1712332800 0 0 0 0
1712325600 0 0 0 0
1712318400 0 0 0 0
1712311200 0 0 0 0
1712304000 0 0 0 0
1712296800 0 0 0 0
1712289600 0 0 0 0
1712282400 0 0 0 0
1712275200 0 0 0 0
1712268000 0 0 0 0
1712260800 0 0 0 0
1712253600 0 0 0 0
1712246400 0 0 0 0
1712239200 0 0 0 0
1712232000 0 0 0 0
1712224800 0 0 0 0
1712217600 0 0 0 0
1712210400 0 0 0 0
1712203200 0 0 0 0
1712196000 0 0 0 0
1712188800 0 0 0 0
1712181600 0 0 0 0
1712174400 0 0 0 0
1712167200 0 0 0 0
1712160000 0 0 0 0
1712152800 0 0 0 0
1712145600 0 0 0 0
1712138400 0 0 0 0
1712131200 0 0 0 0
1712124000 0 0 0 0
1712116800 0 0 0 0
1712109600 0 0 0 0
1712102400 0 0 0 0
1712095200 0 0 0 0
1712088000 0 0 0 0
1712080800 0 0 0 0
1712073600 0 0 0 0
1712066400 0 0 0 0
1712059200 0 0 0 0
1712052000 0 0 0 0
1712044800 0 0 0 0
1712037600 0 0 0 0
1712030400 0 0 0 0
1712023200 0 0 0 0
1712016000 0 0 0 0
1712008800 0 0 0 0
1712001600 0 0 0 0
1711994400 0 0 0 0
1711987200 0 0 0 0
1711980000 0 0 0 0
1711972800 0 0 0 0
1711965600 0 0 0 0
1711958400 0 0 0 0
1711951200 0 0 0 0
1711944000 0 0 0 0
1711936800 0 0 0 0
1711929600 0 0 0 0
1711922400 0 0 0 0
1711915200 0 0 0 0
1711908000 0 0 0 0
1711900800 0 0 0 0
1711893600 0 0 0 0
1711886400 0 0 0 0
1711879200 0 0 0 0
1711872000 0 0 0 0
1711864800 0 0 0 0
1711857600 0 0 0 0
1711850400 0 0 0 0
1711843200 0 0 0 0
1711836000 0 0 0 0
1711828800 0 0 0 0
1711821600 0 0 0 0
1711814400 0 0 0 0
1711807200 0 0 0 0
1711800000 0 0 0 0
1711792800 0 0 0 0
1711785600 0 0 0 0
1711778400 0 0 0 0
1711771200 0 0 0 0
1711764000 0 0 0 0
1711756800 0 0 0 0
1711749600 0 0 0 0
1711742400 0 0 0 0
1711735200 0 0 0 0
1711728000 0 0 0 0
1711720800 0 0 0 0
1711713600 0 0 0 0
1711706400 0 0 0 0
1711699200 0 0 0 0
1711692000 0 0 0 0
1711684800 0 0 0 0
1711677600 0 0 0 0
1711670400 0 0 0 0
1711663200 0 0 0 0
1711656000 0 0 0 0
1711648800 0 0 0 0
1711641600 0 0 0 0
1711634400 0 0 0 0
1711627200 0 0 0 0
1711620000 0 0 0 0
1711612800 0 0 0 0
1711605600 0 0 0 0
1711598400 0 0 0 0
1711591200 0 0 0 0
1711584000 0 0 0 0
1711576800 0 0 0 0
1711569600 0 0 0 0
1711562400 0 0 0 0
1711555200 0 0 0 0
1711548000 0 0 0 0
1711540800 0 0 0 0
1711533600 0 0 0 0
1711526400 0 0 0 0
1711519200 0 0 0 0
1711512000 0 0 0 0
1711504800 0 0 0 0
1711497600 0 0 0 0
1711490400 0 0 0 0
1711483200 0 0 0 0
1711476000 0 0 0 0
1711468800 0 0 0 0
1711461600 0 0 0 0
1711454400 0 0 0 0
1711447200 0 0 0 0
1711440000 0 0 0 0
1711432800 0 0 0 0
1711425600 0 0 0 0
1711418400 0 0 0 0
1711411200 0 0 0 0
1711404000 0 0 0 0
1711396800 0 0 0 0
1711389600 0 0 0 0
1711382400 0 0 0 0
1711375200 0 0 0 0
1711368000 0 0 0 0
1711360800 0 0 0 0
1711353600 0 0 0 0
1711346400 0 0 0 0
1711339200 0 0 0 0
1711332000 0 0 0 0
1711324800 0 0 0 0
1711317600 0 0 0 0
1711310400 0 0 0 0
1711303200 0 0 0 0
1711296000 0 0 0 0
1711288800 0 0 0 0
1711281600 0 0 0 0
1711274400 0 0 0 0
1711267200 0 0 0 0
1711260000 0 0 0 0
1711252800 0 0 0 0
1711245600 0 0 0 0
1711238400 0 0 0 0
1711231200 0 0 0 0
1711224000 0 0 0 0
1711216800 0 0 0 0
1711209600 0 0 0 0
1711202400 0 0 0 0
1711195200 0 0 0 0
1711188000 0 0 0 0
1711180800 0 0 0 0
1711173600 0 0 0 0
1711166400 0 0 0 0
1711159200 0 0 0 0
1711152000 0 0 0 0
1711144800 0 0 0 0
1711137600 0 0 0 0
1711130400 0 0 0 0
1711123200 0 0 0 0
1711116000 0 0 0 0
1711108800 0 0 0 0
1711101600 0 0 0 0
1711094400 0 0 0 0
1711087200 0 0 0 0
1711080000 0 0 0 0
1711072800 0 0 0 0
1711065600 0 0 0 0
1711058400 0 0 0 0
1711051200 0 0 0 0
1711044000 0 0 0 0
1711036800 0 0 0 0
1711029600 0 0 0 0
1711022400 0 0 0 0
1711015200 0 0 0 0
1711008000 0 0 0 0
1711000800 0 0 0 0
1710993600 0 0 0 0
1710986400 0 0 0 0
1710979200 0 0 0 0
1710972000 0 0 0 0
1710964800 0 0 0 0
1710957600 0 0 0 0
1710950400 0 0 0 0
1710943200 0 0 0 0
1710936000 0 0 0 0
1710928800 0 0 0 0
1710921600 0 0 0 0
1710914400 0 0 0 0
1710907200 0 0 0 0
1710900000 0 0 0 0
1710892800 0 0 0 0
1710885600 0 0 0 0
1710878400 0 0 0 0
1710871200 0 0 0 0
1710864000 0 0 0 0
1710856800 0 0 0 0
1710849600 0 0 0 0
1710842400 0 0 0 0
1710835200 0 0 0 0
1710828000 0 0 0 0
1710820800 0 0 0 0
1710813600 0 0 0 0
1710806400 0 0 0 0
1710799200 0 0 0 0
1710792000 0 0 0 0
1710784800 0 0 0 0
1710777600 0 0 0 0
1710770400 0 0 0 0
1710763200 0 0 0 0
1710756000 0 0 0 0
1710748800 0 0 0 0
1710741600 0 0 0 0
1710734400 0 0 0 0
1710727200 0 0 0 0
1710720000 0 0 0 0
1710712800 0 0 0 0
1710705600 0 0 0 0
1710698400 0 0 0 0
1710691200 0 0 0 0
1710684000 0 0 0 0
1710676800 0 0 0 0
1710669600 0 0 0 0
1710662400 0 0 0 0
1710655200 0 0 0 0
1710648000 0 0 0 0
1710640800 0 0 0 0
1710633600 0 0 0 0
1710626400 0 0 0 0
1710619200 0 0 0 0
1710612000 0 0 0 0
1710604800 0 0 0 0
1710597600 0 0 0 0
1710590400 0 0 0 0
1710583200 0 0 0 0
1710547200 0 0 0 0
1710460800 0 0 0 0
1710374400 0 0 0 0
1710288000 0 0 0 0
1710201600 0 0 0 0
1710115200 0 0 0 0
1710028800 0 0 0 0
1709942400 0 0 0 0
1709856000 0 0 0 0
1709769600 0 0 0 0
1709683200 0 0 0 0
1709596800 0 0 0 0
1709510400 0 0 0 0
1709424000 0 0 0 0
1709337600 0 0 0 0
1709251200 0 0 0 0
1709164800 0 0 0 0
1709078400 0 0 0 0
1708992000 0 0 0 0
1708905600 0 0 0 0
1708819200 0 0 0 0
1708732800 0 0 0 0
1708646400 0 0 0 0
1708560000 0 0 0 0
1708473600 0 0 0 0
1708387200 0 0 0 0
1708300800 0 0 0 0
1708214400 0 0 0 0
1708128000 0 0 0 0
1708041600 0 0 0 0
1707955200 0 0 0 0
1707868800 0 0 0 0
1707782400 0 0 0 0
1707696000 0 0 0 0
1707609600 0 0 0 0
1707523200 0 0 0 0
1707436800 0 0 0 0
1707350400 0 0 0 0
1707264000 0 0 0 0
1707177600 0 0 0 0
1707091200 0 0 0 0
1707004800 0 0 0 0
1706918400 0 0 0 0
1706832000 0 0 0 0
1706745600 0 0 0 0
1706659200 0 0 0 0
1706572800 0 0 0 0
1706486400 0 0 0 0
1706400000 0 0 0 0
1706313600 0 0 0 0
1706227200 0 0 0 0
1706140800 0 0 0 0
1706054400 0 0 0 0
1705968000 0 0 0 0
1705881600 0 0 0 0
1705795200 0 0 0 0
1705708800 0 0 0 0
1705622400 0 0 0 0
1705536000 0 0 0 0
1705449600 0 0 0 0
1705363200 0 0 0 0
1705276800 0 0 0 0
1705190400 0 0 0 0
1705104000 0 0 0 0
1705017600 0 0 0 0
1704931200 0 0 0 0
1704844800 0 0 0 0
1704758400 0 0 0 0
1704672000 0 0 0 0
1704585600 0 0 0 0
1704499200 0 0 0 0
1704412800 0 0 0 0
1704326400 0 0 0 0
1704240000 0 0 0 0
1704153600 0 0 0 0
1704067200 0 0 0 0
1703980800 0 0 0 0
1703894400 0 0 0 0
1703808000 0 0 0 0
1703721600 0 0 0 0
1703635200 0 0 0 0
1703548800 0 0 0 0
1703462400 0 0 0 0
1703376000 0 0 0 0
1703289600 0 0 0 0
1703203200 0 0 0 0
1703116800 0 0 0 0
1703030400 0 0 0 0
1702944000 0 0 0 0
1702857600 0 0 0 0
1702771200 0 0 0 0
1702684800 0 0 0 0
1702598400 0 0 0 0
1702512000 0 0 0 0
1702425600 0 0 0 0
1702339200 0 0 0 0
1702252800 0 0 0 0
1702166400 0 0 0 0
1702080000 0 0 0 0
1701993600 0 0 0 0
1701907200 0 0 0 0
1701820800 0 0 0 0
1701734400 0 0 0 0
1701648000 0 0 0 0
1701561600 0 0 0 0
1701475200 0 0 0 0
1701388800 0 0 0 0
1701302400 0 0 0 0
1701216000 0 0 0 0
1701129600 0 0 0 0
1701043200 0 0 0 0
1700956800 0 0 0 0
1700870400 0 0 0 0
1700784000 0 0 0 0
1700697600 0 0 0 0
1700611200 0 0 0 0
1700524800 0 0 0 0
1700438400 0 0 0 0
1700352000 0 0 0 0
1700265600 0 0 0 0
1700179200 0 0 0 0
1700092800 0 0 0 0
1700006400 0 0 0 0
1699920000 0 0 0 0
1699833600 0 0 0 0
1699747200 0 0 0 0
1699660800 0 0 0 0
1699574400 0 0 0 0
1699488000 0 0 0 0
1699401600 0 0 0 0
1699315200 0 0 0 0
1699228800 0 0 0 0
1699142400 0 0 0 0
1699056000 0 0 0 0
1698969600 0 0 0 0
1698883200 0 0 0 0
1698796800 0 0 0 0
1698710400 0 0 0 0
1698624000 0 0 0 0
1698537600 0 0 0 0
1698451200 0 0 0 0
1698364800 0 0 0 0
1698278400 0 0 0 0
1698192000 0 0 0 0
1698105600 0 0 0 0
1698019200 0 0 0 0
1697932800 0 0 0 0
1697846400 0 0 0 0
1697760000 0 0 0 0
1697673600 0 0 0 0
1697587200 0 0 0 0
1697500800 0 0 0 0
1697414400 0 0 0 0
1697328000 0 0 0 0
1697241600 0 0 0 0
1697155200 0 0 0 0
1697068800 0 0 0 0
1696982400 0 0 0 0
1696896000 0 0 0 0
1696809600 0 0 0 0
1696723200 0 0 0 0
1696636800 0 0 0 0
1696550400 0 0 0 0
1696464000 0 0 0 0
1696377600 0 0 0 0
1696291200 0 0 0 0
1696204800 0 0 0 0
1696118400 0 0 0 0
1696032000 0 0 0 0
1695945600 0 0 0 0
1695859200 0 0 0 0
1695772800 0 0 0 0
1695686400 0 0 0 0
1695600000 0 0 0 0
1695513600 0 0 0 0
1695427200 0 0 0 0
1695340800 0 0 0 0
1695254400 0 0 0 0
1695168000 0 0 0 0
1695081600 0 0 0 0
1694995200 0 0 0 0
1694908800 0 0 0 0
1694822400 0 0 0 0
1694736000 0 0 0 0
1694649600 0 0 0 0
1694563200 0 0 0 0
1694476800 0 0 0 0
1694390400 0 0 0 0
1694304000 0 0 0 0
1694217600 0 0 0 0
1694131200 0 0 0 0
1694044800 0 0 0 0
1693958400 0 0 0 0
1693872000 0 0 0 0
1693785600 0 0 0 0
1693699200 0 0 0 0
1693612800 0 0 0 0
1693526400 0 0 0 0
1693440000 0 0 0 0
1693353600 0 0 0 0
1693267200 0 0 0 0
1693180800 0 0 0 0
1693094400 0 0 0 0
1693008000 0 0 0 0
1692921600 0 0 0 0
1692835200 0 0 0 0
1692748800 0 0 0 0
1692662400 0 0 0 0
1692576000 0 0 0 0
1692489600 0 0 0 0
1692403200 0 0 0 0
1692316800 0 0 0 0
1692230400 0 0 0 0
1692144000 0 0 0 0
1692057600 0 0 0 0
1691971200 0 0 0 0
1691884800 0 0 0 0
1691798400 0 0 0 0
1691712000 0 0 0 0
1691625600 0 0 0 0
1691539200 0 0 0 0
1691452800 0 0 0 0
1691366400 0 0 0 0
1691280000 0 0 0 0
1691193600 0 0 0 0
1691107200 0 0 0 0
1691020800 0 0 0 0
1690934400 0 0 0 0
1690848000 0 0 0 0
1690761600 0 0 0 0
1690675200 0 0 0 0
1690588800 0 0 0 0
1690502400 0 0 0 0
1690416000 0 0 0 0
1690329600 0 0 0 0
1690243200 0 0 0 0
1690156800 0 0 0 0
1690070400 0 0 0 0
1689984000 0 0 0 0
1689897600 0 0 0 0
1689811200 0 0 0 0
1689724800 0 0 0 0
1689638400 0 0 0 0
1689552000 0 0 0 0
1689465600 0 0 0 0
1689379200 0 0 0 0
1689292800 0 0 0 0
1689206400 0 0 0 0
1689120000 0 0 0 0
1689033600 0 0 0 0
1688947200 0 0 0 0
1688860800 0 0 0 0
1688774400 0 0 0 0
1688688000 0 0 0 0
1688601600 0 0 0 0
1688515200 0 0 0 0
1688428800 0 0 0 0
1688342400 0 0 0 0
1688256000 0 0 0 0
1688169600 0 0 0 0
1688083200 0 0 0 0
1687996800 0 0 0 0
1687910400 0 0 0 0
1687824000 0 0 0 0
1687737600 0 0 0 0
1687651200 0 0 0 0
1687564800 0 0 0 0
1687478400 0 0 0 0
1687392000 0 0 0 0
1687305600 0 0 0 0
1687219200 0 0 0 0
1687132800 0 0 0 0
1687046400 0 0 0 0
1686960000 0 0 0 0
1686873600 0 0 0 0
1686787200 0 0 0 0
1686700800 0 0 0 0
1686614400 0 0 0 0
1686528000 0 0 0 0
1686441600 0 0 0 0
1686355200 0 0 0 0
1686268800 0 0 0 0
1686182400 0 0 0 0
1686096000 0 0 0 0
1686009600 0 0 0 0
1685923200 0 0 0 0
1685836800 0 0 0 0
1685750400 0 0 0 0
1685664000 0 0 0 0
1685577600 0 0 0 0
1685491200 0 0 0 0
1685404800 0 0 0 0
1685318400 0 0 0 0
1685232000 0 0 0 0
1685145600 0 0 0 0
1685059200 0 0 0 0
1684972800 0 0 0 0
1684886400 0 0 0 0
1684800000 0 0 0 0
1684713600 0 0 0 0
1684627200 0 0 0 0
1684540800 0 0 0 0
1684454400 0 0 0 0
1684368000 0 0 0 0
1684281600 0 0 0 0
1684195200 0 0 0 0
1684108800 0 0 0 0
1684022400 0 0 0 0
1683936000 0 0 0 0
1683849600 0 0 0 0
1683763200 0 0 0 0
1683676800 0 0 0 0
1683590400 0 0 0 0
1683504000 0 0 0 0
1683417600 0 0 0 0
1683331200 0 0 0 0
1683244800 0 0 0 0
1683158400 0 0 0 0
1683072000 0 0 0 0
1682985600 0 0 0 0
1682899200 0 0 0 0
1682812800 0 0 0 0
1682726400 0 0 0 0
1682640000 0 0 0 0
1682553600 0 0 0 0
1682467200 0 0 0 0
1682380800 0 0 0 0
1682294400 0 0 0 0
1682208000 0 0 0 0
1682121600 0 0 0 0
1682035200 0 0 0 0
1681948800 0 0 0 0
1681862400 0 0 0 0
1681776000 0 0 0 0
1681689600 0 0 0 0
1681603200 0 0 0 0
1681516800 0 0 0 0
1681430400 0 0 0 0
1681344000 0 0 0 0
1681257600 0 0 0 0
1681171200 0 0 0 0
1681084800 0 0 0 0
1680998400 0 0 0 0
1680912000 0 0 0 0
1680825600 0 0 0 0
1680739200 0 0 0 0
1680652800 0 0 0 0
1680566400 0 0 0 0
1680480000 0 0 0 0
1680393600 0 0 0 0
1680307200 0 0 0 0
1680220800 0 0 0 0
1680134400 0 0 0 0
1680048000 0 0 0 0
1679961600 0 0 0 0
1679875200 0 0 0 0
1679788800 0 0 0 0
1679702400 0 0 0 0
1679616000 0 0 0 0
1679529600 0 0 0 0
1679443200 0 0 0 0
1679356800 0 0 0 0
1679270400 0 0 0 0
1679184000 0 0 0 0
1679097600 0 0 0 0
1679011200 0 0 0 0
1678924800 0 0 0 0
1678838400 0 0 0 0
1678752000 0 0 0 0
1678665600 0 0 0 0
1678579200 0 0 0 0
1678492800 0 0 0 0
1678406400 0 0 0 0
1678320000 0 0 0 0
1678233600 0 0 0 0
1678147200 0 0 0 0
1678060800 0 0 0 0
1677974400 0 0 0 0
1677888000 0 0 0 0
1677801600 0 0 0 0
1677715200 0 0 0 0
1677628800 0 0 0 0
1677542400 0 0 0 0
1677456000 0 0 0 0
1677369600 0 0 0 0
1677283200 0 0 0 0
1677196800 0 0 0 0
1677110400 0 0 0 0
1677024000 0 0 0 0
1676937600 0 0 0 0
1676851200 0 0 0 0
1676764800 0 0 0 0
1676678400 0 0 0 0
1676592000 0 0 0 0
1676505600 0 0 0 0
1676419200 0 0 0 0
1676332800 0 0 0 0
1676246400 0 0 0 0
1676160000 0 0 0 0
1676073600 0 0 0 0
1675987200 0 0 0 0
1675900800 0 0 0 0
1675814400 0 0 0 0
1675728000 0 0 0 0
1675641600 0 0 0 0
1675555200 0 0 0 0
1675468800 0 0 0 0
1675382400 0 0 0 0
1675296000 0 0 0 0
1675209600 0 0 0 0
1675123200 0 0 0 0
1675036800 0 0 0 0
1674950400 0 0 0 0
1674864000 0 0 0 0
1674777600 0 0 0 0
1674691200 0 0 0 0
1674604800 0 0 0 0
1674518400 0 0 0 0
1674432000 0 0 0 0
1674345600 0 0 0 0
1674259200 0 0 0 0
1674172800 0 0 0 0
1674086400 0 0 0 0
1674000000 0 0 0 0
1673913600 0 0 0 0
1673827200 0 0 0 0
1673740800 0 0 0 0
1673654400 0 0 0 0
1673568000 0 0 0 0
1673481600 0 0 0 0
1673395200 0 0 0 0
1673308800 0 0 0 0
1673222400 0 0 0 0
1673136000 0 0 0 0
1673049600 0 0 0 0
1672963200 0 0 0 0
1672876800 0 0 0 0
1672790400 0 0 0 0
1672704000 0 0 0 0
1672617600 0 0 0 0
1672531200 0 0 0 0
1672444800 0 0 0 0
1672358400 0 0 0 0
1672272000 0 0 0 0
1672185600 0 0 0 0
1672099200 0 0 0 0
1672012800 0 0 0 0
1671926400 0 0 0 0
1671840000 0 0 0 0
1671753600 0 0 0 0
1671667200 0 0 0 0
1671580800 0 0 0 0
1671494400 0 0 0 0
1671408000 0 0 0 0
1671321600 0 0 0 0
1671235200 0 0 0 0
1671148800 0 0 0 0
1671062400 0 0 0 0
1670976000 0 0 0 0
1670889600 0 0 0 0
1670803200 0 0 0 0
1670716800 0 0 0 0
1670630400 0 0 0 0
1670544000 0 0 0 0
1670457600 0 0 0 0
1670371200 0 0 0 0
1670284800 0 0 0 0
1670198400 0 0 0 0
1670112000 0 0 0 0
1670025600 0 0 0 0
1669939200 0 0 0 0
1669852800 0 0 0 0
1669766400 0 0 0 0
1669680000 0 0 0 0
1669593600 0 0 0 0
1669507200 0 0 0 0
1669420800 0 0 0 0
1669334400 0 0 0 0
1669248000 0 0 0 0
1669161600 0 0 0 0
1669075200 0 0 0 0
1668988800 0 0 0 0
1668902400 0 0 0 0
1668816000 0 0 0 0
1668729600 0 0 0 0
1668643200 0 0 0 0
1668556800 0 0 0 0
1668470400 0 0 0 0
1668384000 0 0 0 0
1668297600 0 0 0 0
1668211200 0 0 0 0
1668124800 0 0 0 0
1668038400 0 0 0 0
1667952000 0 0 0 0
1667865600 0 0 0 0
1667779200 0 0 0 0
1667692800 0 0 0 0
1667606400 0 0 0 0
1667520000 0 0 0 0
1667433600 0 0 0 0
1667347200 0 0 0 0
1667260800 0 0 0 0
1667174400 0 0 0 0
1667088000 0 0 0 0
1667001600 0 0 0 0
1666915200 0 0 0 0
1666828800 0 0 0 0
1666742400 0 0 0 0
1666656000 0 0 0 0
1666569600 0 0 0 0
1666483200 0 0 0 0
1666396800 0 0 0 0
1666310400 0 0 0 0
1666224000 0 0 0 0
1666137600 0 0 0 0
1666051200 0 0 0 0
1665964800 0 0 0 0
1665878400 0 0 0 0
1665792000 0 0 0 0
1665705600 0 0 0 0
1665619200 0 0 0 0
1665532800 0 0 0 0
1665446400 0 0 0 0
1665360000 0 0 0 0
1665273600 0 0 0 0
1665187200 0 0 0 0
1665100800 0 0 0 0
1665014400 0 0 0 0
1664928000 0 0 0 0
1664841600 0 0 0 0
1664755200 0 0 0 0
1664668800 0 0 0 0
1664582400 0 0 0 0
1664496000 0 0 0 0
1664409600 0 0 0 0
1664323200 0 0 0 0
1664236800 0 0 0 0
1664150400 0 0 0 0
1664064000 0 0 0 0
1663977600 0 0 0 0
1663891200 0 0 0 0
1663804800 0 0 0 0
1663718400 0 0 0 0
1663632000 0 0 0 0
1663545600 0 0 0 0
1663459200 0 0 0 0
1663372800 0 0 0 0
1663286400 0 0 0 0
1663200000 0 0 0 0
1663113600 0 0 0 0
1663027200 0 0 0 0
1662940800 0 0 0 0
1662854400 0 0 0 0
1662768000 0 0 0 0
1662681600 0 0 0 0
1662595200 0 0 0 0
1662508800 0 0 0 0
1662422400 0 0 0 0
1662336000 0 0 0 0
1662249600 0 0 0 0
1662163200 0 0 0 0
1662076800 0 0 0 0
1661990400 0 0 0 0
1661904000 0 0 0 0
1661817600 0 0 0 0
1661731200 0 0 0 0
1661644800 0 0 0 0
1661558400 0 0 0 0
1661472000 0 0 0 0
1661385600 0 0 0 0
1661299200 0 0 0 0
1661212800 0 0 0 0
1661126400 0 0 0 0
1661040000 0 0 0 0
1660953600 0 0 0 0
1660867200 0 0 0 0
1660780800 0 0 0 0
1660694400 0 0 0 0
1660608000 0 0 0 0
1660521600 0 0 0 0
1660435200 0 0 0 0
1660348800 0 0 0 0
1660262400 0 0 0 0
1660176000 0 0 0 0
1660089600 0 0 0 0
1660003200 0 0 0 0
1659916800 0 0 0 0
1659830400 0 0 0 0
1659744000 0 0 0 0
1659657600 0 0 0 0
1659571200 0 0 0 0
1659484800 0 0 0 0
1659398400 0 0 0 0
1659312000 0 0 0 0
1659225600 0 0 0 0
1659139200 0 0 0 0
1659052800 0 0 0 0
1658966400 0 0 0 0
1658880000 0 0 0 0
1658793600 0 0 0 0
1658707200 0 0 0 0
1658620800 0 0 0 0
1658534400 0 0 0 0
1658448000 0 0 0 0
1658361600 0 0 0 0
1658275200 0 0 0 0
1658188800 0 0 0 0
1658102400 0 0 0 0
1658016000 0 0 0 0
1657929600 0 0 0 0
1657843200 0 0 0 0
1657756800 0 0 0 0
1657670400 0 0 0 0
1657584000 0 0 0 0
1657497600 0 0 0 0
1657411200 0 0 0 0
1657324800 0 0 0 0
1657238400 0 0 0 0
1657152000 0 0 0 0
1657065600 0 0 0 0
1656979200 0 0 0 0
1656892800 0 0 0 0
1656806400 0 0 0 0
1656720000 0 0 0 0
1656633600 0 0 0 0
1656547200 0 0 0 0
1656460800 0 0 0 0
1656374400 0 0 0 0
1656288000 0 0 0 0
1656201600 0 0 0 0
1656115200 0 0 0 0
1656028800 0 0 0 0
1655942400 0 0 0 0
1655856000 0 0 0 0
1655769600 0 0 0 0
1655683200 0 0 0 0
1655596800 0 0 0 0
1655510400 0 0 0 0
1655424000 0 0 0 0
1655337600 0 0 0 0
1655251200 0 0 0 0
1655164800 0 0 0 0
1655078400 0 0 0 0
1654992000 0 0 0 0
1654905600 0 0 0 0
1654819200 0 0 0 0
1654732800 0 0 0 0
1654646400 0 0 0 0
1654560000 0 0 0 0
1654473600 0 0 0 0
1654387200 0 0 0 0
1654300800 0 0 0 0
1654214400 0 0 0 0
1654128000 0 0 0 0
1654041600 0 0 0 0
1653955200 0 0 0 0
1653868800 0 0 0 0
1653782400 0 0 0 0
1653696000 0 0 0 0
1653609600 0 0 0 0
1653523200 0 0 0 0
1653436800 0 0 0 0
1653350400 0 0 0 0
1653264000 0 0 0 0
1653177600 0 0 0 0
1653091200 0 0 0 0
1653004800 0 0 0 0
1652918400 0 0 0 0
1652832000 0 0 0 0
1652745600 0 0 0 0
1652659200 0 0 0 0
1652572800 0 0 0 0
1652486400 0 0 0 0
1652400000 0 0 0 0
1652313600 0 0 0 0
1652227200 0 0 0 0
1652140800 0 0 0 0
1652054400 0 0 0 0
1651968000 0 0 0 0
1651881600 0 0 0 0
1651795200 0 0 0 0
1651708800 0 0 0 0
1651622400 0 0 0 0
1651536000 0 0 0 0
1651449600 0 0 0 0
1651363200 0 0 0 0
1651276800 0 0 0 0
1651190400 0 0 0 0
1651104000 0 0 0 0
1651017600 0 0 0 0
1650931200 0 0 0 0
1650844800 0 0 0 0
1650758400 0 0 0 0
1650672000 0 0 0 0
1650585600 0 0 0 0
1650499200 0 0 0 0
1650412800 0 0 0 0
1650326400 0 0 0 0
1650240000 0 0 0 0
1650153600 0 0 0 0
1650067200 0 0 0 0
1649980800 0 0 0 0
1649894400 0 0 0 0
1649808000 0 0 0 0
1649721600 0 0 0 0
1649635200 0 0 0 0
1649548800 0 0 0 0
1649462400 0 0 0 0
1649376000 0 0 0 0
1649289600 0 0 0 0
1649203200 0 0 0 0
1649116800 0 0 0 0
1649030400 0 0 0 0
1648944000 0 0 0 0
1648857600 0 0 0 0
1648771200 0 0 0 0
1648684800 0 0 0 0
1648598400 0 0 0 0
1648512000 0 0 0 0
1648425600 0 0 0 0
1648339200 0 0 0 0
1648252800 0 0 0 0
1648166400 0 0 0 0
1648080000 0 0 0 0
1647993600 0 0 0 0
1647907200 0 0 0 0
1647820800 0 0 0 0
1647734400 0 0 0 0
1647648000 0 0 0 0
1647561600 0 0 0 0
1647475200 0 0 0 0
1647388800 0 0 0 0
