1717375808 5 100
1717375808 5 100 5 100
1717375208 5 100 5 100
1717375200 5 100 5 100
1717374900 5 100 5 100
1717374600 5 100 5 100
1717374300 5 100 5 100
1717374000 5 100 5 100
1717373700 5 100 5 100
1717373400 5 100 5 100
1717373100 5 100 5 100
1717372800 5 100 5 100
1717372500 5 100 5 100
1717372200 5 100 5 100
1717371900 5 100 5 100
1717371600 5 100 5 100
1717371300 5 100 5 100
1717371000 5 100 5 100
1717370700 5 100 5 100
1717370400 5 100 5 100
1717370100 5 100 5 100
1717369800 5 100 5 100
1717369500 5 100 5 100
1717369200 5 100 5 100
1717368900 5 100 5 100
1717368600 5 100 5 100
1717368300 5 100 5 100
1717368000 5 100 5 100
1717367700 5 100 5 100
1717367400 5 100 5 100
1717367100 5 100 5 100
1717366800 5 100 5 100
1717366500 5 100 5 100
1717366200 5 100 5 100
1717365900 5 100 5 100
1717365600 5 100 5 100
1717365300 5 100 5 100
1717365000 5 100 5 100
1717364700 5 100 5 100
1717364400 5 100 5 100
1717364100 5 100 5 100
1717363800 5 100 5 100
1717363500 5 100 5 100
1717363200 5 100 5 100
1717362900 5 100 5 100
1717362600 5 100 5 100
1717362300 5 100 5 100
1717362000 5 100 5 100
1717361700 5 100 5 100
1717361400 5 100 5 100
1717361100 5 100 5 100
1717360800 5 100 5 100
1717360500 5 100 5 100
1717360200 5 100 5 100
1717359900 5 100 5 100
1717359600 5 100 5 100
1717359300 5 100 5 100
1717359000 5 100 5 100
1717358700 5 100 5 100
1717358400 5 100 5 100
1717358100 5 100 5 100
1717357800 5 100 5 100
1717357500 5 100 5 100
1717357200 5 100 5 100
1717356900 5 100 5 100
1717356600 5 100 5 100
1717356300 5 100 5 100
1717356000 5 100 5 100
1717355700 5 100 5 100
1717355400 5 100 5 100
1717355100 5 100 5 100
1717354800 5 100 5 100
1717354500 5 100 5 100
1717354200 5 100 5 100
1717353900 5 100 5 100
1717353600 5 100 5 100
1717353300 5 100 5 100
1717353000 5 100 5 100
1717352700 5 100 5 100
1717352400 5 100 5 100
1717352100 5 100 5 100
1717351800 5 100 5 100
1717351500 5 100 5 100
1717351200 5 100 5 100
1717350900 5 100 5 100
1717350600 5 100 5 100
1717350300 5 100 5 100
1717350000 5 100 5 100
1717349700 5 100 5 100
1717349400 5 100 5 100
1717349100 5 100 5 100
1717348800 5 100 5 100
1717348500 5 100 5 100
1717348200 5 100 5 100
1717347900 5 100 5 100
1717347600 5 100 5 100
1717347300 5 100 5 100
1717347000 5 100 5 100
1717346700 5 100 5 100
1717346400 5 100 5 100
1717346100 5 100 5 100
1717345800 5 100 5 100
1717345500 5 100 5 100
1717345200 5 100 5 100
1717344900 5 100 5 100
1717344600 5 100 5 100
1717344300 5 100 5 100
1717344000 5 100 5 100
1717343700 5 100 5 100
1717343400 5 100 5 100
1717343100 5 100 5 100
1717342800 5 100 5 100
1717342500 5 100 5 100
1717342200 5 100 5 100
1717341900 5 100 5 100
1717341600 5 100 5 100
1717341300 5 100 5 100
1717341000 5 100 5 100
1717340700 5 100 5 100
1717340400 5 100 5 100
1717340100 5 100 5 100
1717339800 5 100 5 100
1717339500 5 100 5 100
1717339200 5 100 5 100
1717338900 5 100 5 100
1717338600 5 100 5 100
1717338300 5 100 5 100
1717338000 5 100 5 100
1717337700 5 100 5 100
1717337400 5 100 5 100
1717337100 5 100 5 100
1717336800 5 100 5 100
1717336500 5 100 5 100
1717336200 5 100 5 100
1717335900 5 100 5 100
1717335600 5 100 5 100
1717335300 5 100 5 100
1717335000 5 100 5 100
1717334700 5 100 5 100
1717334400 5 100 5 100
1717334100 5 100 5 100
1717333800 5 100 5 100
1717333500 5 100 5 100
1717333200 5 100 5 100
1717332900 5 100 5 100
1717332600 5 100 5 100
1717332300 5 100 5 100
1717332000 5 100 5 100
1717331700 5 100 5 100
1717331400 5 100 5 100
1717331100 5 100 5 100
1717330800 5 100 5 100
1717330500 5 100 5 100
1717330200 5 100 5 100
1717329900 5 100 5 100
1717329600 5 100 5 100
1717329300 5 100 5 100
1717329000 5 100 5 100
1717328700 5 100 5 100
1717328400 5 100 5 100
1717328100 5 100 5 100
1717327800 5 100 5 100
1717327500 5 100 5 100
1717327200 5 100 5 100
1717326900 5 100 5 100
1717326600 5 100 5 100
1717326300 5 100 5 100
1717326000 5 100 5 100
1717325700 5 100 5 100
1717325400 5 100 5 100
1717325100 5 100 5 100
1717324800 5 100 5 100
1717324500 5 100 5 100
1717324200 5 100 5 100
1717323900 5 100 5 100
1717323600 5 100 5 100
1717323300 5 100 5 100
1717323000 5 100 5 100
1717322700 5 100 5 100
1717322400 5 100 5 100
1717322100 5 100 5 100
1717321800 5 100 5 100
1717321500 5 100 5 100
1717321200 5 100 5 100
1717320900 5 100 5 100
1717320600 5 100 5 100
1717320300 5 100 5 100
1717320000 5 100 5 100
1717319700 5 100 5 100
1717319400 5 100 5 100
1717319100 5 100 5 100
1717318800 5 100 5 100
1717318500 5 100 5 100
1717318200 5 100 5 100
1717317900 5 100 5 100
1717317600 5 100 5 100
1717317300 5 100 5 100
1717317000 5 100 5 100
1717316700 5 100 5 100
1717316400 5 100 5 100
1717316100 5 100 5 100
1717315800 5 100 5 100
1717315500 5 100 5 100
1717315200 5 100 5 100
1717314900 5 100 5 100
1717314600 5 100 5 100
1717314300 5 100 5 100
1717314000 5 100 5 100
1717313700 5 100 5 100
1717313400 5 100 5 100
1717313100 5 100 5 100
1717312800 5 100 5 100
1717312500 5 100 5 100
1717312200 5 100 5 100
1717311900 5 100 5 100
1717311600 5 100 5 100
1717311300 5 100 5 100
1717311000 5 100 5 100
1717310700 5 100 5 100
1717310400 5 100 5 100
1717310100 5 100 5 100
1717309800 5 100 5 100
1717309500 5 100 5 100
1717309200 5 100 5 100
1717308900 5 100 5 100
1717308600 5 100 5 100
1717308300 5 100 5 100
1717308000 5 100 5 100
1717307700 5 100 5 100
1717307400 5 100 5 100
1717307100 5 100 5 100
1717306800 5 100 5 100
1717306500 5 100 5 100
1717306200 5 100 5 100
1717305900 5 100 5 100
1717305600 5 100 5 100
1717305300 5 100 5 100
1717305000 5 100 5 100
1717304700 5 100 5 100
1717304400 5 100 5 100
1717304100 5 100 5 100
1717303800 5 100 5 100
1717303500 5 100 5 100
1717303200 5 100 5 100
1717302900 5 100 5 100
1717302600 5 100 5 100
1717302300 5 100 5 100
1717302000 5 100 5 100
1717301700 5 100 5 100
1717301400 5 100 5 100
1717301100 5 100 5 100
1717300800 5 100 5 100
1717300500 5 100 5 100
1717300200 5 100 5 100
1717299900 5 100 5 100
1717299600 5 100 5 100
1717299300 5 100 5 100
1717299000 5 100 5 100
1717298700 5 100 5 100
1717298400 5 100 5 100
1717298100 5 100 5 100
1717297800 5 100 5 100
1717297500 5 100 5 100
1717297200 5 100 5 100
1717296900 5 100 5 100
1717296600 5 100 5 100
1717296300 5 100 5 100
1717296000 5 100 5 100
1717295700 5 100 5 100
1717295400 5 100 5 100
1717295100 5 100 5 100
1717294800 5 100 5 100
1717294500 5 100 5 100
1717294200 5 100 5 100
1717293900 5 100 5 100
1717293600 5 100 5 100
1717293300 5 100 5 100
1717293000 5 100 5 100
1717292700 5 100 5 100
1717292400 5 100 5 100
1717292100 5 100 5 100
1717291800 5 100 5 100
1717291500 5 100 5 100
1717291200 5 100 5 100
1717290900 5 100 5 100
1717290600 5 100 5 100
1717290300 5 100 5 100
1717290000 5 100 5 100
1717289700 5 100 5 100
1717289400 5 100 5 100
1717289100 5 100 5 100
1717288800 5 100 5 100
1717288500 5 100 5 100
1717288200 5 100 5 100
1717287900 5 100 5 100
1717287600 5 100 5 100
1717287300 5 100 5 100
1717287000 5 100 5 100
1717286700 5 100 5 100
1717286400 5 100 5 100
1717286100 5 100 5 100
1717285800 5 100 5 100
1717285500 5 100 5 100
1717285200 5 100 5 100
1717284900 5 100 5 100
1717284600 5 100 5 100
1717284300 5 100 5 100
1717284000 5 100 5 100
1717283700 5 100 5 100
1717283400 5 100 5 100
1717283100 5 100 5 100
1717282800 5 100 5 100
1717282500 5 100 5 100
1717282200 5 100 5 100
1717281900 5 100 5 100
1717281600 5 100 5 100
1717281300 5 100 5 100
1717281000 5 100 5 100
1717280700 5 100 5 100
1717280400 5 100 5 100
1717280100 5 100 5 100
1717279800 5 100 5 100
1717279500 5 100 5 100
1717279200 5 100 5 100
1717278900 5 100 5 100
1717278600 5 100 5 100
1717278300 5 100 5 100
1717278000 5 100 5 100
1717277700 5 100 5 100
1717277400 5 100 5 100
1717277100 5 100 5 100
1717276800 5 100 5 100
1717276500 5 100 5 100
1717276200 5 100 5 100
1717275900 5 100 5 100
1717275600 5 100 5 100
1717275300 5 100 5 100
1717275000 5 100 5 100
1717274700 5 100 5 100
1717274400 5 100 5 100
1717274100 5 100 5 100
1717273800 5 100 5 100
1717273500 5 100 5 100
1717273200 5 100 5 100
1717272900 5 100 5 100
1717272600 5 100 5 100
1717272300 5 100 5 100
1717272000 5 100 5 100
1717271700 5 100 5 100
1717271400 5 100 5 100
1717271100 5 100 5 100
1717270800 5 100 5 100
1717270500 5 100 5 100
1717270200 5 100 5 100
1717269900 5 100 5 100
1717269600 5 100 5 100
1717269300 5 100 5 100
1717269000 5 100 5 100
1717268700 5 100 5 100
1717268400 5 100 5 100
1717268100 5 100 5 100
1717267800 5 100 5 100
1717267500 5 100 5 100
1717267200 5 100 5 100
1717266900 5 100 5 100
1717266600 5 100 5 100
1717266300 5 100 5 100
1717266000 5 100 5 100
1717265700 5 100 5 100
1717265400 5 100 5 100
1717265100 5 100 5 100
1717264800 5 100 5 100
1717264500 5 100 5 100
1717264200 5 100 5 100
1717263900 5 100 5 100
1717263600 5 100 5 100
1717263300 5 100 5 100
1717263000 5 100 5 100
1717262700 5 100 5 100
1717262400 5 100 5 100
1717262100 5 100 5 100
1717261800 5 100 5 100
1717261500 5 100 5 100
1717261200 5 100 5 100
1717260900 5 100 5 100
1717260600 5 100 5 100
1717260300 5 100 5 100
1717260000 5 100 5 100
1717259700 5 100 5 100
1717259400 5 100 5 100
1717259100 5 100 5 100
1717258800 5 100 5 100
1717258500 5 100 5 100
1717258200 5 100 5 100
1717257900 5 100 5 100
1717257600 5 100 5 100
1717257300 5 100 5 100
1717257000 5 100 5 100
1717256700 5 100 5 100
1717256400 5 100 5 100
1717256100 5 100 5 100
1717255800 5 100 5 100
1717255500 5 100 5 100
1717255200 5 100 5 100
1717254900 5 100 5 100
1717254600 5 100 5 100
1717254300 5 100 5 100
1717254000 5 100 5 100
1717253700 5 100 5 100
1717253400 5 100 5 100
1717253100 5 100 5 100
1717252800 5 100 5 100
1717252500 5 100 5 100
1717252200 5 100 5 100
1717251900 5 100 5 100
1717251600 5 100 5 100
1717251300 5 100 5 100
1717251000 5 100 5 100
1717250700 5 100 5 100
1717250400 5 100 5 100
1717250100 5 100 5 100
1717249800 5 100 5 100
1717249500 5 100 5 100
1717249200 5 100 5 100
1717248900 5 100 5 100
1717248600 5 100 5 100
1717248300 5 100 5 100
1717248000 5 100 5 100
1717247700 5 100 5 100
1717247400 5 100 5 100
1717247100 5 100 5 100
1717246800 5 100 5 100
1717246500 5 100 5 100
1717246200 5 100 5 100
1717245900 5 100 5 100
1717245600 5 100 5 100
1717245300 5 100 5 100
1717245000 5 100 5 100
1717244700 5 100 5 100
1717244400 5 100 5 100
1717244100 5 100 5 100
1717243800 5 100 5 100
1717243500 5 100 5 100
1717243200 5 100 5 100
1717242900 5 100 5 100
1717242600 5 100 5 100
1717242300 5 100 5 100
1717242000 5 100 5 100
1717241700 5 100 5 100
1717241400 5 100 5 100
1717241100 5 100 5 100
1717240800 5 100 5 100
1717240500 5 100 5 100
1717240200 5 100 5 100
1717239900 5 100 5 100
1717239600 5 100 5 100
1717239300 5 100 5 100
1717239000 5 100 5 100
1717238700 5 100 5 100
1717238400 5 100 5 100
1717238100 5 100 5 100
1717237800 5 100 5 100
1717237500 5 100 5 100
1717237200 5 100 5 100
1717236900 5 100 5 100
1717236600 5 100 5 100
1717236300 5 100 5 100
1717236000 5 100 5 100
1717235700 5 100 5 100
1717235400 5 100 5 100
1717235100 5 100 5 100
1717234800 5 100 5 100
1717234500 5 100 5 100
1717234200 5 100 5 100
1717233900 5 100 5 100
1717233600 5 100 5 100
1717233300 5 100 5 100
1717233000 5 100 5 100
1717232700 5 100 5 100
1717232400 5 100 5 100
1717232100 5 100 5 100
1717231800 5 100 5 100
1717231500 5 100 5 100
1717231200 5 100 5 100
1717230900 5 100 5 100
1717230600 5 100 5 100
1717230300 5 100 5 100
1717230000 5 100 5 100
1717229700 5 100 5 100
1717229400 5 100 5 100
1717229100 5 100 5 100
1717228800 5 100 5 100
1717228500 5 100 5 100
1717228200 5 100 5 100
1717227900 5 100 5 100
1717227600 5 100 5 100
1717227300 5 100 5 100
1717227000 5 100 5 100
1717226700 5 100 5 100
1717226400 5 100 5 100
1717226100 5 100 5 100
1717225800 5 100 5 100
1717225500 5 100 5 100
1717225200 5 100 5 100
1717224900 5 100 5 100
1717224600 5 100 5 100
1717224300 5 100 5 100
1717224000 5 100 5 100
1717223700 5 100 5 100
1717223400 5 100 5 100
1717223100 5 100 5 100
1717222800 5 100 5 100
1717222500 5 100 5 100
1717222200 5 100 5 100
1717221900 5 100 5 100
1717221600 5 100 5 100
1717221300 5 100 5 100
1717221000 5 100 5 100
1717220700 5 100 5 100
1717220400 5 100 5 100
1717220100 5 100 5 100
1717219800 5 100 5 100
1717219500 5 100 5 100
1717219200 5 100 5 100
1717218900 5 100 5 100
1717218600 5 100 5 100
1717218300 5 100 5 100
1717218000 5 100 5 100
1717217700 5 100 5 100
1717217400 5 100 5 100
1717217100 5 100 5 100
1717216800 5 100 5 100
1717216500 5 100 5 100
1717216200 5 100 5 100
1717215900 5 100 5 100
1717215600 5 100 5 100
1717215300 5 100 5 100
1717215000 5 100 5 100
1717214700 5 100 5 100
1717214400 5 100 5 100
1717214100 5 100 5 100
1717213800 5 100 5 100
1717213500 5 100 5 100
1717213200 5 100 5 100
1717212900 5 100 5 100
1717212600 5 100 5 100
1717212300 5 100 5 100
1717212000 5 100 5 100
1717211700 5 100 5 100
1717211400 5 100 5 100
1717211100 5 100 5 100
1717210800 5 100 5 100
1717210500 5 100 5 100
1717210200 5 100 5 100
1717209900 5 100 5 100
1717209600 5 100 5 100
1717209300 5 100 5 100
1717209000 5 100 5 100
1717208700 5 100 5 100
1717208400 5 100 5 100
1717208100 5 100 5 100
1717207800 5 100 5 100
1717207500 5 100 5 100
1717207200 5 100 5 100
1717206900 5 100 5 100
1717206600 5 100 5 100
1717206300 5 100 5 100
1717206000 5 100 5 100
1717205700 5 100 5 100
1717205400 5 100 5 100
1717205100 5 100 5 100
1717204800 5 100 5 100
1717204500 5 100 5 100
1717204200 5 100 5 100
1717203900 5 100 5 100
1717203600 5 100 5 100
1717203300 5 100 5 100
1717203000 5 100 5 100
1717202700 5 100 5 100
1717202400 5 100 5 100
1717202100 5 100 5 100
1717201800 5 100 5 100
1717201500 5 100 5 100
1717201200 5 100 5 100
1717200900 5 100 5 100
1717200600 5 100 5 100
1717200300 5 100 5 100
1717200000 5 100 5 100
1717199700 5 100 5 100
1717199400 5 100 5 100
1717199100 5 100 5 100
1717198800 5 100 5 100
1717198500 5 100 5 100
1717198200 5 100 5 100
1717197900 5 100 5 100
1717197600 5 100 5 100
1717197300 5 100 5 100
1717197000 5 100 5 100
1717196700 5 100 5 100
1717196400 5 100 5 100
1717196100 5 100 5 100
1717195800 5 100 5 100
1717195500 5 100 5 100
1717194600 5 100 5 100
1717192800 5 100 5 100
1717191000 5 100 5 100
1717189200 5 100 5 100
1717187400 5 100 5 100
1717185600 5 100 5 100
1717183800 5 100 5 100
1717182000 5 100 5 100
1717180200 5 100 5 100
1717178400 5 100 5 100
1717176600 5 100 5 100
1717174800 5 100 5 100
1717173000 5 100 5 100
1717171200 5 100 5 100
1717169400 5 100 5 100
1717167600 5 100 5 100
1717165800 5 100 5 100
1717164000 5 100 5 100
1717162200 5 100 5 100
1717160400 5 100 5 100
1717158600 5 100 5 100
1717156800 5 100 5 100
1717155000 5 100 5 100
1717153200 5 100 5 100
1717151400 5 100 5 100
1717149600 5 100 5 100
1717147800 5 100 5 100
1717146000 5 100 5 100
1717144200 5 100 5 100
1717142400 5 100 5 100
1717140600 5 100 5 100
1717138800 5 100 5 100
1717137000 5 100 5 100
1717135200 5 100 5 100
1717133400 5 100 5 100
1717131600 5 100 5 100
1717129800 5 100 5 100
1717128000 5 100 5 100
1717126200 5 100 5 100
1717124400 5 100 5 100
1717122600 5 100 5 100
1717120800 5 100 5 100
1717119000 5 100 5 100
1717117200 5 100 5 100
1717115400 5 100 5 100
1717113600 5 100 5 100
1717111800 5 100 5 100
1717110000 5 100 5 100
1717108200 5 100 5 100
1717106400 5 100 5 100
1717104600 5 100 5 100
1717102800 5 100 5 100
1717101000 5 100 5 100
1717099200 5 100 5 100
1717097400 5 100 5 100
1717095600 5 100 5 100
1717093800 5 100 5 100
1717092000 5 100 5 100
1717090200 5 100 5 100
1717088400 5 100 5 100
1717086600 5 100 5 100
1717084800 5 100 5 100
1717083000 5 100 5 100
1717081200 5 100 5 100
1717079400 5 100 5 100
1717077600 5 100 5 100
1717075800 5 100 5 100
1717074000 5 100 5 100
1717072200 5 100 5 100
1717070400 5 100 5 100
1717068600 5 100 5 100
1717066800 5 100 5 100
1717065000 5 100 5 100
1717063200 5 100 5 100
1717061400 5 100 5 100
1717059600 5 100 5 100
1717057800 5 100 5 100
1717056000 5 100 5 100
1717054200 5 100 5 100
1717052400 5 100 5 100
1717050600 5 100 5 100
1717048800 5 100 5 100
1717047000 5 100 5 100
1717045200 5 100 5 100
1717043400 5 100 5 100
1717041600 5 100 5 100
1717039800 5 100 5 100
1717038000 5 100 5 100
1717036200 5 100 5 100
1717034400 5 100 5 100
1717032600 5 100 5 100
1717030800 5 100 5 100
1717029000 5 100 5 100
1717027200 5 100 5 100
1717025400 5 100 5 100
1717023600 5 100 5 100
1717021800 5 100 5 100
1717020000 5 100 5 100
1717018200 5 100 5 100
1717016400 5 100 5 100
1717014600 5 100 5 100
1717012800 5 100 5 100
1717011000 5 100 5 100
1717009200 5 100 5 100
1717007400 5 100 5 100
1717005600 5 100 5 100
1717003800 5 100 5 100
1717002000 5 100 5 100
1717000200 5 100 5 100
1716998400 5 100 5 100
1716996600 5 100 5 100
1716994800 5 100 5 100
1716993000 5 100 5 100
1716991200 5 100 5 100
1716989400 5 100 5 100
1716987600 5 100 5 100
1716985800 5 100 5 100
1716984000 5 100 5 100
1716982200 5 100 5 100
1716980400 5 100 5 100
1716978600 5 100 5 100
1716976800 5 100 5 100
1716975000 5 100 5 100
1716973200 5 100 5 100
1716971400 5 100 5 100
1716969600 5 100 5 100
1716967800 5 100 5 100
1716966000 5 100 5 100
1716964200 5 100 5 100
1716962400 5 100 5 100
1716960600 5 100 5 100
1716958800 5 100 5 100
1716957000 5 100 5 100
1716955200 5 100 5 100
1716953400 5 100 5 100
1716951600 5 100 5 100
1716949800 5 100 5 100
1716948000 5 100 5 100
1716946200 5 100 5 100
1716944400 5 100 5 100
1716942600 5 100 5 100
1716940800 5 100 5 100
1716939000 5 100 5 100
1716937200 5 100 5 100
1716935400 5 100 5 100
1716933600 5 100 5 100
1716931800 5 100 5 100
1716930000 5 100 5 100
1716928200 5 100 5 100
1716926400 5 100 5 100
1716924600 5 100 5 100
1716922800 5 100 5 100
1716921000 5 100 5 100
1716919200 5 100 5 100
1716917400 5 100 5 100
1716915600 5 100 5 100
1716913800 5 100 5 100
1716912000 5 100 5 100
1716910200 5 100 5 100
1716908400 5 100 5 100
1716906600 5 100 5 100
1716904800 5 100 5 100
1716903000 5 100 5 100
1716901200 5 100 5 100
1716899400 5 100 5 100
1716897600 5 100 5 100
1716895800 5 100 5 100
1716894000 5 100 5 100
1716892200 5 100 5 100
1716890400 5 100 5 100
1716888600 5 100 5 100
1716886800 5 100 5 100
1716885000 5 100 5 100
1716883200 3 90 5 100
1716881400 0 0 0 0
1716879600 0 0 0 0
1716877800 0 0 0 0
1716876000 0 0 0 0
1716874200 0 0 0 0
1716872400 0 0 0 0
1716870600 0 0 0 0
1716868800 0 0 0 0
1716867000 0 0 0 0
1716865200 0 0 0 0
1716863400 0 0 0 0
1716861600 0 0 0 0
1716859800 0 0 0 0
1716858000 0 0 0 0
1716856200 0 0 0 0
1716854400 0 0 0 0
1716852600 0 0 0 0
1716850800 0 0 0 0
1716849000 0 0 0 0
1716847200 0 0 0 0
1716845400 0 0 0 0
1716843600 0 0 0 0
1716841800 0 0 0 0
1716840000 0 0 0 0
1716838200 0 0 0 0
1716836400 0 0 0 0
1716834600 0 0 0 0
1716832800 0 0 0 0
1716831000 0 0 0 0
1716829200 0 0 0 0
1716827400 0 0 0 0
1716825600 0 0 0 0
1716823800 0 0 0 0
1716822000 0 0 0 0
1716820200 0 0 0 0
1716818400 0 0 0 0
1716816600 0 0 0 0
1716814800 0 0 0 0
1716813000 0 0 0 0
1716811200 0 0 0 0
1716809400 0 0 0 0
1716807600 0 0 0 0
1716805800 0 0 0 0
1716804000 0 0 0 0
1716802200 0 0 0 0
1716800400 0 0 0 0
1716798600 0 0 0 0
1716796800 0 0 0 0
1716795000 0 0 0 0
1716793200 0 0 0 0
1716791400 0 0 0 0
1716789600 0 0 0 0
1716787800 0 0 0 0
1716786000 0 0 0 0
1716784200 0 0 0 0
1716782400 0 0 0 0
1716780600 0 0 0 0
1716778800 0 0 0 0
1716777000 0 0 0 0
1716775200 0 0 0 0
1716773400 0 0 0 0
1716771600 0 0 0 0
1716769800 0 0 0 0
1716768000 0 0 0 0
1716766200 0 0 0 0
1716764400 0 0 0 0
1716762600 0 0 0 0
1716760800 0 0 0 0
1716759000 0 0 0 0
1716757200 0 0 0 0
1716755400 0 0 0 0
1716753600 0 0 0 0
1716751800 0 0 0 0
1716750000 0 0 0 0
1716748200 0 0 0 0
1716746400 0 0 0 0
1716744600 0 0 0 0
1716742800 0 0 0 0
1716741000 0 0 0 0
1716739200 0 0 0 0
1716737400 0 0 0 0
1716735600 0 0 0 0
1716733800 0 0 0 0
1716732000 0 0 0 0
1716730200 0 0 0 0
1716728400 0 0 0 0
1716726600 0 0 0 0
1716724800 0 0 0 0
1716723000 0 0 0 0
1716721200 0 0 0 0
1716719400 0 0 0 0
1716717600 0 0 0 0
1716715800 0 0 0 0
1716714000 0 0 0 0
1716712200 0 0 0 0
1716710400 0 0 0 0
1716708600 0 0 0 0
1716706800 0 0 0 0
1716705000 0 0 0 0
1716703200 0 0 0 0
1716701400 0 0 0 0
1716699600 0 0 0 0
1716697800 0 0 0 0
1716696000 0 0 0 0
1716694200 0 0 0 0
1716692400 0 0 0 0
1716690600 0 0 0 0
1716688800 0 0 0 0
1716687000 0 0 0 0
1716685200 0 0 0 0
1716683400 0 0 0 0
1716681600 0 0 0 0
1716679800 0 0 0 0
1716678000 0 0 0 0
1716676200 0 0 0 0
1716674400 0 0 0 0
1716672600 0 0 0 0
1716670800 0 0 0 0
1716669000 0 0 0 0
1716667200 0 0 0 0
1716665400 0 0 0 0
1716663600 0 0 0 0
1716661800 0 0 0 0
1716660000 0 0 0 0
1716658200 0 0 0 0
1716656400 0 0 0 0
1716654600 0 0 0 0
1716652800 0 0 0 0
1716651000 0 0 0 0
1716649200 0 0 0 0
1716647400 0 0 0 0
1716645600 0 0 0 0
1716643800 0 0 0 0
1716642000 0 0 0 0
1716640200 0 0 0 0
1716638400 0 0 0 0
1716636600 0 0 0 0
1716634800 0 0 0 0
1716633000 0 0 0 0
1716631200 0 0 0 0
1716629400 0 0 0 0
1716627600 0 0 0 0
1716625800 0 0 0 0
1716624000 0 0 0 0
1716622200 0 0 0 0
1716620400 0 0 0 0
1716618600 0 0 0 0
1716616800 0 0 0 0
1716615000 0 0 0 0
1716613200 0 0 0 0
1716611400 0 0 0 0
1716609600 0 0 0 0
1716607800 0 0 0 0
1716606000 0 0 0 0
1716604200 0 0 0 0
1716602400 0 0 0 0
1716600600 0 0 0 0
1716598800 0 0 0 0
1716597000 0 0 0 0
1716595200 0 0 0 0
1716593400 0 0 0 0
1716591600 0 0 0 0
1716589800 0 0 0 0
1716588000 0 0 0 0
1716586200 0 0 0 0
1716584400 0 0 0 0
1716582600 0 0 0 0
1716580800 0 0 0 0
1716579000 0 0 0 0
1716577200 0 0 0 0
1716575400 0 0 0 0
1716573600 0 0 0 0
1716571800 0 0 0 0
1716570000 0 0 0 0
1716568200 0 0 0 0
1716566400 0 0 0 0
1716564600 0 0 0 0
1716562800 0 0 0 0
1716561000 0 0 0 0
1716559200 0 0 0 0
1716557400 0 0 0 0
1716555600 0 0 0 0
1716553800 0 0 0 0
1716552000 0 0 0 0
1716550200 0 0 0 0
1716548400 0 0 0 0
1716546600 0 0 0 0
1716544800 0 0 0 0
1716543000 0 0 0 0
1716541200 0 0 0 0
1716539400 0 0 0 0
1716537600 0 0 0 0
1716535800 0 0 0 0
1716534000 0 0 0 0
1716532200 0 0 0 0
1716530400 0 0 0 0
1716528600 0 0 0 0
1716526800 0 0 0 0
1716525000 0 0 0 0
1716523200 0 0 0 0
1716521400 0 0 0 0
1716519600 0 0 0 0
1716517800 0 0 0 0
1716516000 0 0 0 0
1716514200 0 0 0 0
1716512400 0 0 0 0
1716510600 0 0 0 0
1716508800 0 0 0 0
1716507000 0 0 0 0
1716505200 0 0 0 0
1716503400 0 0 0 0
1716501600 0 0 0 0
1716499800 0 0 0 0
1716498000 0 0 0 0
1716496200 0 0 0 0
1716494400 0 0 0 0
1716492600 0 0 0 0
1716490800 0 0 0 0
1716489000 0 0 0 0
1716487200 0 0 0 0
1716485400 0 0 0 0
1716483600 0 0 0 0
1716481800 0 0 0 0
1716480000 0 0 0 0
1716478200 0 0 0 0
1716476400 0 0 0 0
1716474600 0 0 0 0
1716472800 0 0 0 0
1716471000 0 0 0 0
1716469200 0 0 0 0
1716467400 0 0 0 0
1716465600 0 0 0 0
1716463800 0 0 0 0
1716462000 0 0 0 0
1716460200 0 0 0 0
1716458400 0 0 0 0
1716456600 0 0 0 0
1716454800 0 0 0 0
1716453000 0 0 0 0
1716451200 0 0 0 0
1716449400 0 0 0 0
1716447600 0 0 0 0
1716445800 0 0 0 0
1716444000 0 0 0 0
1716442200 0 0 0 0
1716440400 0 0 0 0
1716438600 0 0 0 0
1716436800 0 0 0 0
1716435000 0 0 0 0
1716433200 0 0 0 0
1716431400 0 0 0 0
1716429600 0 0 0 0
1716427800 0 0 0 0
1716426000 0 0 0 0
1716424200 0 0 0 0
1716422400 0 0 0 0
1716420600 0 0 0 0
1716418800 0 0 0 0
1716417000 0 0 0 0
1716415200 0 0 0 0
1716413400 0 0 0 0
1716411600 0 0 0 0
1716409800 0 0 0 0
1716408000 0 0 0 0
1716406200 0 0 0 0
1716404400 0 0 0 0
1716402600 0 0 0 0
1716400800 0 0 0 0
1716399000 0 0 0 0
1716397200 0 0 0 0
1716395400 0 0 0 0
1716393600 0 0 0 0
1716391800 0 0 0 0
1716390000 0 0 0 0
1716388200 0 0 0 0
1716386400 0 0 0 0
1716384600 0 0 0 0
1716382800 0 0 0 0
1716381000 0 0 0 0
1716379200 0 0 0 0
1716377400 0 0 0 0
1716375600 0 0 0 0
1716373800 0 0 0 0
1716372000 0 0 0 0
1716370200 0 0 0 0
1716368400 0 0 0 0
1716366600 0 0 0 0
1716364800 0 0 0 0
1716363000 0 0 0 0
1716361200 0 0 0 0
1716359400 0 0 0 0
1716357600 0 0 0 0
1716355800 0 0 0 0
1716354000 0 0 0 0
1716352200 0 0 0 0
1716350400 0 0 0 0
1716348600 0 0 0 0
1716346800 0 0 0 0
1716345000 0 0 0 0
1716343200 0 0 0 0
1716341400 0 0 0 0
1716339600 0 0 0 0
1716337800 0 0 0 0
1716336000 0 0 0 0
1716334200 0 0 0 0
1716332400 0 0 0 0
1716330600 0 0 0 0
1716328800 0 0 0 0
1716327000 0 0 0 0
1716325200 0 0 0 0
1716323400 0 0 0 0
1716321600 0 0 0 0
1716319800 0 0 0 0
1716318000 0 0 0 0
1716316200 0 0 0 0
1716314400 0 0 0 0
1716312600 0 0 0 0
1716310800 0 0 0 0
1716309000 0 0 0 0
1716307200 0 0 0 0
1716305400 0 0 0 0
1716303600 0 0 0 0
1716301800 0 0 0 0
1716300000 0 0 0 0
1716298200 0 0 0 0
1716296400 0 0 0 0
1716294600 0 0 0 0
1716292800 0 0 0 0
1716291000 0 0 0 0
1716289200 0 0 0 0
1716287400 0 0 0 0
1716285600 0 0 0 0
1716283800 0 0 0 0
1716282000 0 0 0 0
1716280200 0 0 0 0
1716278400 0 0 0 0
1716276600 0 0 0 0
1716274800 0 0 0 0
1716273000 0 0 0 0
1716271200 0 0 0 0
1716269400 0 0 0 0
1716267600 0 0 0 0
1716265800 0 0 0 0
1716264000 0 0 0 0
1716262200 0 0 0 0
1716260400 0 0 0 0
1716258600 0 0 0 0
1716256800 0 0 0 0
1716255000 0 0 0 0
1716253200 0 0 0 0
1716251400 0 0 0 0
1716249600 0 0 0 0
1716247800 0 0 0 0
1716246000 0 0 0 0
1716244200 0 0 0 0
1716242400 0 0 0 0
1716240600 0 0 0 0
1716238800 0 0 0 0
1716237000 0 0 0 0
1716235200 0 0 0 0
1716233400 0 0 0 0
1716231600 0 0 0 0
1716229800 0 0 0 0
1716228000 0 0 0 0
1716226200 0 0 0 0
1716224400 0 0 0 0
1716222600 0 0 0 0
1716220800 0 0 0 0
1716219000 0 0 0 0
1716217200 0 0 0 0
1716215400 0 0 0 0
1716213600 0 0 0 0
1716211800 0 0 0 0
1716210000 0 0 0 0
1716208200 0 0 0 0
1716206400 0 0 0 0
1716204600 0 0 0 0
1716202800 0 0 0 0
1716201000 0 0 0 0
1716199200 0 0 0 0
1716197400 0 0 0 0
1716195600 0 0 0 0
1716193800 0 0 0 0
1716192000 0 0 0 0
1716190200 0 0 0 0
1716188400 0 0 0 0
1716186600 0 0 0 0
1716184800 0 0 0 0
1716183000 0 0 0 0
1716181200 0 0 0 0
1716179400 0 0 0 0
1716177600 0 0 0 0
1716175800 0 0 0 0
1716174000 0 0 0 0
1716172200 0 0 0 0
1716170400 0 0 0 0
1716168600 0 0 0 0
1716166800 0 0 0 0
1716165000 0 0 0 0
1716163200 0 0 0 0
1716161400 0 0 0 0
1716159600 0 0 0 0
1716157800 0 0 0 0
1716156000 0 0 0 0
1716154200 0 0 0 0
1716152400 0 0 0 0
1716150600 0 0 0 0
1716148800 0 0 0 0
1716147000 0 0 0 0
1716145200 0 0 0 0
1716143400 0 0 0 0
1716141600 0 0 0 0
1716139800 0 0 0 0
1716138000 0 0 0 0
1716136200 0 0 0 0
1716134400 0 0 0 0
1716132600 0 0 0 0
1716130800 0 0 0 0
1716129000 0 0 0 0
1716127200 0 0 0 0
1716125400 0 0 0 0
1716123600 0 0 0 0
1716121800 0 0 0 0
1716120000 0 0 0 0
1716118200 0 0 0 0
1716116400 0 0 0 0
1716114600 0 0 0 0
1716112800 0 0 0 0
1716105600 0 0 0 0
1716098400 0 0 0 0
1716091200 0 0 0 0
1716084000 0 0 0 0
1716076800 0 0 0 0
1716069600 0 0 0 0
1716062400 0 0 0 0
1716055200 0 0 0 0
1716048000 0 0 0 0
1716040800 0 0 0 0
1716033600 0 0 0 0
1716026400 0 0 0 0
1716019200 0 0 0 0
1716012000 0 0 0 0
1716004800 0 0 0 0
1715997600 0 0 0 0
1715990400 0 0 0 0
1715983200 0 0 0 0
1715976000 0 0 0 0
1715968800 0 0 0 0
1715961600 0 0 0 0
1715954400 0 0 0 0
1715947200 0 0 0 0
1715940000 0 0 0 0
1715932800 0 0 0 0
1715925600 0 0 0 0
1715918400 0 0 0 0
1715911200 0 0 0 0
1715904000 0 0 0 0
1715896800 0 0 0 0
1715889600 0 0 0 0
1715882400 0 0 0 0
1715875200 0 0 0 0
1715868000 0 0 0 0
1715860800 0 0 0 0
1715853600 0 0 0 0
1715846400 0 0 0 0
1715839200 0 0 0 0
1715832000 0 0 0 0
1715824800 0 0 0 0
1715817600 0 0 0 0
1715810400 0 0 0 0
1715803200 0 0 0 0
1715796000 0 0 0 0
1715788800 0 0 0 0
1715781600 0 0 0 0
1715774400 0 0 0 0
1715767200 0 0 0 0
1715760000 0 0 0 0
1715752800 0 0 0 0
1715745600 0 0 0 0
1715738400 0 0 0 0
1715731200 0 0 0 0
1715724000 0 0 0 0
1715716800 0 0 0 0
1715709600 0 0 0 0
1715702400 0 0 0 0
1715695200 0 0 0 0
1715688000 0 0 0 0
1715680800 0 0 0 0
1715673600 0 0 0 0
1715666400 0 0 0 0
1715659200 0 0 0 0
1715652000 0 0 0 0
1715644800 0 0 0 0
1715637600 0 0 0 0
1715630400 0 0 0 0
1715623200 0 0 0 0
1715616000 0 0 0 0
1715608800 0 0 0 0
1715601600 0 0 0 0
1715594400 0 0 0 0
1715587200 0 0 0 0
1715580000 0 0 0 0
1715572800 0 0 0 0
1715565600 0 0 0 0
1715558400 0 0 0 0
1715551200 0 0 0 0
1715544000 0 0 0 0
1715536800 0 0 0 0
1715529600 0 0 0 0
1715522400 0 0 0 0
1715515200 0 0 0 0
1715508000 0 0 0 0
1715500800 0 0 0 0
1715493600 0 0 0 0
1715486400 0 0 0 0
1715479200 0 0 0 0
1715472000 0 0 0 0
1715464800 0 0 0 0
1715457600 0 0 0 0
1715450400 0 0 0 0
1715443200 0 0 0 0
1715436000 0 0 0 0
1715428800 0 0 0 0
1715421600 0 0 0 0
1715414400 0 0 0 0
1715407200 0 0 0 0
1715400000 0 0 0 0
1715392800 0 0 0 0
1715385600 0 0 0 0
1715378400 0 0 0 0
1715371200 0 0 0 0
1715364000 0 0 0 0
1715356800 0 0 0 0
1715349600 0 0 0 0
1715342400 0 0 0 0
1715335200 0 0 0 0
1715328000 0 0 0 0
1715320800 0 0 0 0
1715313600 0 0 0 0
1715306400 0 0 0 0
1715299200 0 0 0 0
1715292000 0 0 0 0
1715284800 0 0 0 0
1715277600 0 0 0 0
1715270400 0 0 0 0
1715263200 0 0 0 0
1715256000 0 0 0 0
1715248800 0 0 0 0
1715241600 0 0 0 0
1715234400 0 0 0 0
1715227200 0 0 0 0
1715220000 0 0 0 0
1715212800 0 0 0 0
1715205600 0 0 0 0
1715198400 0 0 0 0
1715191200 0 0 0 0
1715184000 0 0 0 0
1715176800 0 0 0 0
1715169600 0 0 0 0
1715162400 0 0 0 0
1715155200 0 0 0 0
1715148000 0 0 0 0
1715140800 0 0 0 0
1715133600 0 0 0 0
1715126400 0 0 0 0
1715119200 0 0 0 0
1715112000 0 0 0 0
1715104800 0 0 0 0
1715097600 0 0 0 0
1715090400 0 0 0 0
1715083200 0 0 0 0
1715076000 0 0 0 0
1715068800 0 0 0 0
1715061600 0 0 0 0
1715054400 0 0 0 0
1715047200 0 0 0 0
1715040000 0 0 0 0
1715032800 0 0 0 0
1715025600 0 0 0 0
1715018400 0 0 0 0
1715011200 0 0 0 0
1715004000 0 0 0 0
1714996800 0 0 0 0
1714989600 0 0 0 0
1714982400 0 0 0 0
1714975200 0 0 0 0
1714968000 0 0 0 0
1714960800 0 0 0 0
1714953600 0 0 0 0
1714946400 0 0 0 0
1714939200 0 0 0 0
1714932000 0 0 0 0
1714924800 0 0 0 0
1714917600 0 0 0 0
1714910400 0 0 0 0
1714903200 0 0 0 0
1714896000 0 0 0 0
1714888800 0 0 0 0
1714881600 0 0 0 0
1714874400 0 0 0 0
1714867200 0 0 0 0
1714860000 0 0 0 0
1714852800 0 0 0 0
1714845600 0 0 0 0
1714838400 0 0 0 0
1714831200 0 0 0 0
1714824000 0 0 0 0
1714816800 0 0 0 0
1714809600 0 0 0 0
1714802400 0 0 0 0
1714795200 0 0 0 0
1714788000 0 0 0 0
1714780800 0 0 0 0
1714773600 0 0 0 0
1714766400 0 0 0 0
1714759200 0 0 0 0
1714752000 0 0 0 0
1714744800 0 0 0 0
1714737600 0 0 0 0
1714730400 0 0 0 0
1714723200 0 0 0 0
1714716000 0 0 0 0
1714708800 0 0 0 0
1714701600 0 0 0 0
1714694400 0 0 0 0
1714687200 0 0 0 0
1714680000 0 0 0 0
1714672800 0 0 0 0
1714665600 0 0 0 0
1714658400 0 0 0 0
1714651200 0 0 0 0
1714644000 0 0 0 0
1714636800 0 0 0 0
1714629600 0 0 0 0
1714622400 0 0 0 0
1714615200 0 0 0 0
1714608000 0 0 0 0
1714600800 0 0 0 0
1714593600 0 0 0 0
1714586400 0 0 0 0
1714579200 0 0 0 0
1714572000 0 0 0 0
1714564800 0 0 0 0
1714557600 0 0 0 0
1714550400 0 0 0 0
1714543200 0 0 0 0
1714536000 0 0 0 0
1714528800 0 0 0 0
1714521600 0 0 0 0
1714514400 0 0 0 0
1714507200 0 0 0 0
1714500000 0 0 0 0
1714492800 0 0 0 0
1714485600 0 0 0 0
1714478400 0 0 0 0
1714471200 0 0 0 0
1714464000 0 0 0 0
1714456800 0 0 0 0
1714449600 0 0 0 0
1714442400 0 0 0 0
1714435200 0 0 0 0
1714428000 0 0 0 0
1714420800 0 0 0 0
1714413600 0 0 0 0
1714406400 0 0 0 0
1714399200 0 0 0 0
1714392000 0 0 0 0
1714384800 0 0 0 0
1714377600 0 0 0 0
1714370400 0 0 0 0
1714363200 0 0 0 0
1714356000 0 0 0 0
1714348800 0 0 0 0
1714341600 0 0 0 0
1714334400 0 0 0 0
1714327200 0 0 0 0
1714320000 0 0 0 0
1714312800 0 0 0 0
1714305600 0 0 0 0
1714298400 0 0 0 0
1714291200 0 0 0 0
1714284000 0 0 0 0
1714276800 0 0 0 0
1714269600 0 0 0 0
1714262400 0 0 0 0
1714255200 0 0 0 0
1714248000 0 0 0 0
1714240800 0 0 0 0
1714233600 0 0 0 0
1714226400 0 0 0 0
1714219200 0 0 0 0
1714212000 0 0 0 0
1714204800 0 0 0 0
1714197600 0 0 0 0
1714190400 0 0 0 0
1714183200 0 0 0 0
1714176000 0 0 0 0
1714168800 0 0 0 0
1714161600 0 0 0 0
1714154400 0 0 0 0
1714147200 0 0 0 0
1714140000 0 0 0 0
1714132800 0 0 0 0
1714125600 0 0 0 0
1714118400 0 0 0 0
1714111200 0 0 0 0
1714104000 0 0 0 0
1714096800 0 0 0 0
1714089600 0 0 0 0
1714082400 0 0 0 0
1714075200 0 0 0 0
1714068000 0 0 0 0
1714060800 0 0 0 0
1714053600 0 0 0 0
1714046400 0 0 0 0
1714039200 0 0 0 0
1714032000 0 0 0 0
1714024800 0 0 0 0
1714017600 0 0 0 0
1714010400 0 0 0 0
1714003200 0 0 0 0
1713996000 0 0 0 0
1713988800 0 0 0 0
1713981600 0 0 0 0
1713974400 0 0 0 0
1713967200 0 0 0 0
1713960000 0 0 0 0
1713952800 0 0 0 0
1713945600 0 0 0 0
1713938400 0 0 0 0
1713931200 0 0 0 0
1713924000 0 0 0 0
1713916800 0 0 0 0
1713909600 0 0 0 0
1713902400 0 0 0 0
1713895200 0 0 0 0
1713888000 0 0 0 0
1713880800 0 0 0 0
1713873600 0 0 0 0
1713866400 0 0 0 0
1713859200 0 0 0 0
1713852000 0 0 0 0
1713844800 0 0 0 0
1713837600 0 0 0 0
1713830400 0 0 0 0
1713823200 0 0 0 0
1713816000 0 0 0 0
1713808800 0 0 0 0
1713801600 0 0 0 0
1713794400 0 0 0 0
1713787200 0 0 0 0
1713780000 0 0 0 0
1713772800 0 0 0 0
1713765600 0 0 0 0
1713758400 0 0 0 0
1713751200 0 0 0 0
1713744000 0 0 0 0
1713736800 0 0 0 0
1713729600 0 0 0 0
1713722400 0 0 0 0
1713715200 0 0 0 0
1713708000 0 0 0 0
1713700800 0 0 0 0
1713693600 0 0 0 0
1713686400 0 0 0 0
1713679200 0 0 0 0
1713672000 0 0 0 0
1713664800 0 0 0 0
1713657600 0 0 0 0
1713650400 0 0 0 0
1713643200 0 0 0 0
1713636000 0 0 0 0
1713628800 0 0 0 0
1713621600 0 0 0 0
1713614400 0 0 0 0
1713607200 0 0 0 0
1713600000 0 0 0 0
1713592800 0 0 0 0
1713585600 0 0 0 0
1713578400 0 0 0 0
1713571200 0 0 0 0
1713564000 0 0 0 0
1713556800 0 0 0 0
1713549600 0 0 0 0
1713542400 0 0 0 0
1713535200 0 0 0 0
1713528000 0 0 0 0
1713520800 0 0 0 0
1713513600 0 0 0 0
1713506400 0 0 0 0
1713499200 0 0 0 0
1713492000 0 0 0 0
1713484800 0 0 0 0
1713477600 0 0 0 0
1713470400 0 0 0 0
1713463200 0 0 0 0
1713456000 0 0 0 0
1713448800 0 0 0 0
1713441600 0 0 0 0
1713434400 0 0 0 0
1713427200 0 0 0 0
1713420000 0 0 0 0
1713412800 0 0 0 0
1713405600 0 0 0 0
1713398400 0 0 0 0
1713391200 0 0 0 0
1713384000 0 0 0 0
1713376800 0 0 0 0
1713369600 0 0 0 0
1713362400 0 0 0 0
1713355200 0 0 0 0
1713348000 0 0 0 0
1713340800 0 0 0 0
1713333600 0 0 0 0
1713326400 0 0 0 0
1713319200 0 0 0 0
1713312000 0 0 0 0
1713304800 0 0 0 0
1713297600 0 0 0 0
1713290400 0 0 0 0
1713283200 0 0 0 0
1713276000 0 0 0 0
1713268800 0 0 0 0
1713261600 0 0 0 0
1713254400 0 0 0 0
1713247200 0 0 0 0
1713240000 0 0 0 0
1713232800 0 0 0 0
1713225600 0 0 0 0
1713218400 0 0 0 0
1713211200 0 0 0 0
1713204000 0 0 0 0
1713196800 0 0 0 0
1713189600 0 0 0 0
1713182400 0 0 0 0
1713175200 0 0 0 0
1713168000 0 0 0 0
1713160800 0 0 0 0
1713153600 0 0 0 0
1713146400 0 0 0 0
1713139200 0 0 0 0
1713132000 0 0 0 0
1713124800 0 0 0 0
1713117600 0 0 0 0
1713110400 0 0 0 0
1713103200 0 0 0 0
1713096000 0 0 0 0
1713088800 0 0 0 0
1713081600 0 0 0 0
1713074400 0 0 0 0
1713067200 0 0 0 0
1713060000 0 0 0 0
1713052800 0 0 0 0
1713045600 0 0 0 0
1713038400 0 0 0 0
1713031200 0 0 0 0
1713024000 0 0 0 0
1713016800 0 0 0 0
1713009600 0 0 0 0
1713002400 0 0 0 0
1712995200 0 0 0 0
1712988000 0 0 0 0
1712980800 0 0 0 0
1712973600 0 0 0 0
1712966400 0 0 0 0
1712959200 0 0 0 0
1712952000 0 0 0 0
1712944800 0 0 0 0
1712937600 0 0 0 0
1712930400 0 0 0 0
1712923200 0 0 0 0
1712916000 0 0 0 0
1712908800 0 0 0 0
1712901600 0 0 0 0
1712894400 0 0 0 0
1712887200 0 0 0 0
1712880000 0 0 0 0
1712872800 0 0 0 0
1712865600 0 0 0 0
1712858400 0 0 0 0
1712851200 0 0 0 0
1712844000 0 0 0 0
1712836800 0 0 0 0
1712829600 0 0 0 0
1712822400 0 0 0 0
1712815200 0 0 0 0
1712808000 0 0 0 0
1712800800 0 0 0 0
1712793600 0 0 0 0
1712786400 0 0 0 0
1712779200 0 0 0 0
1712772000 0 0 0 0
1712764800 0 0 0 0
1712757600 0 0 0 0
1712750400 0 0 0 0
1712743200 0 0 0 0
1712736000 0 0 0 0
1712728800 0 0 0 0
1712721600 0 0 0 0
1712714400 0 0 0 0
1712707200 0 0 0 0
1712700000 0 0 0 0
1712692800 0 0 0 0
1712685600 0 0 0 0
1712678400 0 0 0 0
1712671200 0 0 0 0
1712664000 0 0 0 0
1712656800 0 0 0 0
1712649600 0 0 0 0
1712642400 0 0 0 0
1712635200 0 0 0 0
1712628000 0 0 0 0
1712620800 0 0 0 0
1712613600 0 0 0 0
1712606400 0 0 0 0
1712599200 0 0 0 0
1712592000 0 0 0 0
1712584800 0 0 0 0
1712577600 0 0 0 0
1712570400 0 0 0 0
1712563200 0 0 0 0
1712556000 0 0 0 0
1712548800 0 0 0 0
1712541600 0 0 0 0
1712534400 0 0 0 0
1712527200 0 0 0 0
1712520000 0 0 0 0
1712512800 0 0 0 0
1712505600 0 0 0 0
1712498400 0 0 0 0
1712491200 0 0 0 0
1712484000 0 0 0 0
1712476800 0 0 0 0
1712469600 0 0 0 0
1712462400 0 0 0 0
1712455200 0 0 0 0
1712448000 0 0 0 0
1712440800 0 0 0 0
1712433600 0 0 0 0
1712426400 0 0 0 0
1712419200 0 0 0 0
1712412000 0 0 0 0
1712404800 0 0 0 0
1712397600 0 0 0 0
1712390400 0 0 0 0
1712383200 0 0 0 0
1712376000 0 0 0 0
1712368800 0 0 0 0
1712361600 0 0 0 0
1712354400 0 0 0 0
1712347200 0 0 0 0
1712340000 0 0 0 0
1712332800 0 0 0 0
1712325600 0 0 0 0
1712318400 0 0 0 0
1712311200 0 0 0 0
1712304000 0 0 0 0
1712296800 0 0 0 0
1712289600 0 0 0 0
1712282400 0 0 0 0
1712275200 0 0 0 0
1712268000 0 0 0 0
1712260800 0 0 0 0
1712253600 0 0 0 0
1712246400 0 0 0 0
1712239200 0 0 0 0
1712232000 0 0 0 0
1712224800 0 0 0 0
1712217600 0 0 0 0
1712210400 0 0 0 0
1712203200 0 0 0 0
1712196000 0 0 0 0
1712188800 0 0 0 0
1712181600 0 0 0 0
1712174400 0 0 0 0
1712167200 0 0 0 0
1712160000 0 0 0 0
1712152800 0 0 0 0
1712145600 0 0 0 0
1712138400 0 0 0 0
1712131200 0 0 0 0
1712124000 0 0 0 0
1712116800 0 0 0 0
1712109600 0 0 0 0
1712102400 0 0 0 0
1712095200 0 0 0 0
1712088000 0 0 0 0
1712080800 0 0 0 0
1712073600 0 0 0 0
1712066400 0 0 0 0
1712059200 0 0 0 0
1712052000 0 0 0 0
1712044800 0 0 0 0
1712037600 0 0 0 0
1712030400 0 0 0 0
1712023200 0 0 0 0
1712016000 0 0 0 0
1712008800 0 0 0 0
1712001600 0 0 0 0
1711994400 0 0 0 0
1711987200 0 0 0 0
1711980000 0 0 0 0
1711972800 0 0 0 0
1711965600 0 0 0 0
1711958400 0 0 0 0
1711951200 0 0 0 0
1711944000 0 0 0 0
1711936800 0 0 0 0
1711929600 0 0 0 0
1711922400 0 0 0 0
1711915200 0 0 0 0
1711908000 0 0 0 0
1711900800 0 0 0 0
1711893600 0 0 0 0
1711886400 0 0 0 0
1711879200 0 0 0 0
1711872000 0 0 0 0
1711864800 0 0 0 0
1711857600 0 0 0 0
1711850400 0 0 0 0
1711843200 0 0 0 0
1711836000 0 0 0 0
1711828800 0 0 0 0
1711821600 0 0 0 0
1711814400 0 0 0 0
1711807200 0 0 0 0
1711800000 0 0 0 0
1711792800 0 0 0 0
1711756800 0 0 0 0
1711670400 0 0 0 0
1711584000 0 0 0 0
1711497600 0 0 0 0
1711411200 0 0 0 0
1711324800 0 0 0 0
1711238400 0 0 0 0
1711152000 0 0 0 0
1711065600 0 0 0 0
1710979200 0 0 0 0
1710892800 0 0 0 0
1710806400 0 0 0 0
1710720000 0 0 0 0
1710633600 0 0 0 0
1710547200 0 0 0 0
1710460800 0 0 0 0
1710374400 0 0 0 0
1710288000 0 0 0 0
1710201600 0 0 0 0
1710115200 0 0 0 0
1710028800 0 0 0 0
1709942400 0 0 0 0
1709856000 0 0 0 0
1709769600 0 0 0 0
1709683200 0 0 0 0
1709596800 0 0 0 0
1709510400 0 0 0 0
1709424000 0 0 0 0
1709337600 0 0 0 0
1709251200 0 0 0 0
1709164800 0 0 0 0
1709078400 0 0 0 0
1708992000 0 0 0 0
1708905600 0 0 0 0
1708819200 0 0 0 0
1708732800 0 0 0 0
1708646400 0 0 0 0
1708560000 0 0 0 0
1708473600 0 0 0 0
1708387200 0 0 0 0
1708300800 0 0 0 0
1708214400 0 0 0 0
1708128000 0 0 0 0
1708041600 0 0 0 0
1707955200 0 0 0 0
1707868800 0 0 0 0
1707782400 0 0 0 0
1707696000 0 0 0 0
1707609600 0 0 0 0
1707523200 0 0 0 0
1707436800 0 0 0 0
1707350400 0 0 0 0
1707264000 0 0 0 0
1707177600 0 0 0 0
1707091200 0 0 0 0
1707004800 0 0 0 0
1706918400 0 0 0 0
1706832000 0 0 0 0
1706745600 0 0 0 0
1706659200 0 0 0 0
1706572800 0 0 0 0
1706486400 0 0 0 0
1706400000 0 0 0 0
1706313600 0 0 0 0
1706227200 0 0 0 0
1706140800 0 0 0 0
1706054400 0 0 0 0
1705968000 0 0 0 0
1705881600 0 0 0 0
1705795200 0 0 0 0
1705708800 0 0 0 0
1705622400 0 0 0 0
1705536000 0 0 0 0
1705449600 0 0 0 0
1705363200 0 0 0 0
1705276800 0 0 0 0
1705190400 0 0 0 0
1705104000 0 0 0 0
1705017600 0 0 0 0
1704931200 0 0 0 0
1704844800 0 0 0 0
1704758400 0 0 0 0
1704672000 0 0 0 0
1704585600 0 0 0 0
1704499200 0 0 0 0
1704412800 0 0 0 0
1704326400 0 0 0 0
1704240000 0 0 0 0
1704153600 0 0 0 0
1704067200 0 0 0 0
1703980800 0 0 0 0
1703894400 0 0 0 0
1703808000 0 0 0 0
1703721600 0 0 0 0
1703635200 0 0 0 0
1703548800 0 0 0 0
1703462400 0 0 0 0
1703376000 0 0 0 0
1703289600 0 0 0 0
1703203200 0 0 0 0
1703116800 0 0 0 0
1703030400 0 0 0 0
1702944000 0 0 0 0
1702857600 0 0 0 0
1702771200 0 0 0 0
1702684800 0 0 0 0
1702598400 0 0 0 0
1702512000 0 0 0 0
1702425600 0 0 0 0
1702339200 0 0 0 0
1702252800 0 0 0 0
1702166400 0 0 0 0
1702080000 0 0 0 0
1701993600 0 0 0 0
1701907200 0 0 0 0
1701820800 0 0 0 0
1701734400 0 0 0 0
1701648000 0 0 0 0
1701561600 0 0 0 0
1701475200 0 0 0 0
1701388800 0 0 0 0
1701302400 0 0 0 0
1701216000 0 0 0 0
1701129600 0 0 0 0
1701043200 0 0 0 0
1700956800 0 0 0 0
1700870400 0 0 0 0
1700784000 0 0 0 0
1700697600 0 0 0 0
1700611200 0 0 0 0
1700524800 0 0 0 0
1700438400 0 0 0 0
1700352000 0 0 0 0
1700265600 0 0 0 0
1700179200 0 0 0 0
1700092800 0 0 0 0
1700006400 0 0 0 0
1699920000 0 0 0 0
1699833600 0 0 0 0
1699747200 0 0 0 0
1699660800 0 0 0 0
1699574400 0 0 0 0
1699488000 0 0 0 0
1699401600 0 0 0 0
1699315200 0 0 0 0
1699228800 0 0 0 0
1699142400 0 0 0 0
1699056000 0 0 0 0
1698969600 0 0 0 0
1698883200 0 0 0 0
1698796800 0 0 0 0
1698710400 0 0 0 0
1698624000 0 0 0 0
1698537600 0 0 0 0
1698451200 0 0 0 0
1698364800 0 0 0 0
1698278400 0 0 0 0
1698192000 0 0 0 0
1698105600 0 0 0 0
1698019200 0 0 0 0
1697932800 0 0 0 0
1697846400 0 0 0 0
1697760000 0 0 0 0
1697673600 0 0 0 0
1697587200 0 0 0 0
1697500800 0 0 0 0
1697414400 0 0 0 0
1697328000 0 0 0 0
1697241600 0 0 0 0
1697155200 0 0 0 0
1697068800 0 0 0 0
1696982400 0 0 0 0
1696896000 0 0 0 0
1696809600 0 0 0 0
1696723200 0 0 0 0
1696636800 0 0 0 0
1696550400 0 0 0 0
1696464000 0 0 0 0
1696377600 0 0 0 0
1696291200 0 0 0 0
1696204800 0 0 0 0
1696118400 0 0 0 0
1696032000 0 0 0 0
1695945600 0 0 0 0
1695859200 0 0 0 0
1695772800 0 0 0 0
1695686400 0 0 0 0
1695600000 0 0 0 0
1695513600 0 0 0 0
1695427200 0 0 0 0
1695340800 0 0 0 0
1695254400 0 0 0 0
1695168000 0 0 0 0
1695081600 0 0 0 0
1694995200 0 0 0 0
1694908800 0 0 0 0
1694822400 0 0 0 0
1694736000 0 0 0 0
1694649600 0 0 0 0
1694563200 0 0 0 0
1694476800 0 0 0 0
1694390400 0 0 0 0
1694304000 0 0 0 0
1694217600 0 0 0 0
1694131200 0 0 0 0
1694044800 0 0 0 0
1693958400 0 0 0 0
1693872000 0 0 0 0
1693785600 0 0 0 0
1693699200 0 0 0 0
1693612800 0 0 0 0
1693526400 0 0 0 0
1693440000 0 0 0 0
1693353600 0 0 0 0
1693267200 0 0 0 0
1693180800 0 0 0 0
1693094400 0 0 0 0
1693008000 0 0 0 0
1692921600 0 0 0 0
1692835200 0 0 0 0
1692748800 0 0 0 0
1692662400 0 0 0 0
1692576000 0 0 0 0
1692489600 0 0 0 0
1692403200 0 0 0 0
1692316800 0 0 0 0
1692230400 0 0 0 0
1692144000 0 0 0 0
1692057600 0 0 0 0
1691971200 0 0 0 0
1691884800 0 0 0 0
1691798400 0 0 0 0
1691712000 0 0 0 0
1691625600 0 0 0 0
1691539200 0 0 0 0
1691452800 0 0 0 0
1691366400 0 0 0 0
1691280000 0 0 0 0
1691193600 0 0 0 0
1691107200 0 0 0 0
1691020800 0 0 0 0
1690934400 0 0 0 0
1690848000 0 0 0 0
1690761600 0 0 0 0
1690675200 0 0 0 0
1690588800 0 0 0 0
1690502400 0 0 0 0
1690416000 0 0 0 0
1690329600 0 0 0 0
1690243200 0 0 0 0
1690156800 0 0 0 0
1690070400 0 0 0 0
1689984000 0 0 0 0
1689897600 0 0 0 0
1689811200 0 0 0 0
1689724800 0 0 0 0
1689638400 0 0 0 0
1689552000 0 0 0 0
1689465600 0 0 0 0
1689379200 0 0 0 0
1689292800 0 0 0 0
1689206400 0 0 0 0
1689120000 0 0 0 0
1689033600 0 0 0 0
1688947200 0 0 0 0
1688860800 0 0 0 0
1688774400 0 0 0 0
1688688000 0 0 0 0
1688601600 0 0 0 0
1688515200 0 0 0 0
1688428800 0 0 0 0
1688342400 0 0 0 0
1688256000 0 0 0 0
1688169600 0 0 0 0
1688083200 0 0 0 0
1687996800 0 0 0 0
1687910400 0 0 0 0
1687824000 0 0 0 0
1687737600 0 0 0 0
1687651200 0 0 0 0
1687564800 0 0 0 0
1687478400 0 0 0 0
1687392000 0 0 0 0
1687305600 0 0 0 0
1687219200 0 0 0 0
1687132800 0 0 0 0
1687046400 0 0 0 0
1686960000 0 0 0 0
1686873600 0 0 0 0
1686787200 0 0 0 0
1686700800 0 0 0 0
1686614400 0 0 0 0
1686528000 0 0 0 0
1686441600 0 0 0 0
1686355200 0 0 0 0
1686268800 0 0 0 0
1686182400 0 0 0 0
1686096000 0 0 0 0
1686009600 0 0 0 0
1685923200 0 0 0 0
1685836800 0 0 0 0
1685750400 0 0 0 0
1685664000 0 0 0 0
1685577600 0 0 0 0
1685491200 0 0 0 0
1685404800 0 0 0 0
1685318400 0 0 0 0
1685232000 0 0 0 0
1685145600 0 0 0 0
1685059200 0 0 0 0
1684972800 0 0 0 0
1684886400 0 0 0 0
1684800000 0 0 0 0
1684713600 0 0 0 0
1684627200 0 0 0 0
1684540800 0 0 0 0
1684454400 0 0 0 0
1684368000 0 0 0 0
1684281600 0 0 0 0
1684195200 0 0 0 0
1684108800 0 0 0 0
1684022400 0 0 0 0
1683936000 0 0 0 0
1683849600 0 0 0 0
1683763200 0 0 0 0
1683676800 0 0 0 0
1683590400 0 0 0 0
1683504000 0 0 0 0
1683417600 0 0 0 0
1683331200 0 0 0 0
1683244800 0 0 0 0
1683158400 0 0 0 0
1683072000 0 0 0 0
1682985600 0 0 0 0
1682899200 0 0 0 0
1682812800 0 0 0 0
1682726400 0 0 0 0
1682640000 0 0 0 0
1682553600 0 0 0 0
1682467200 0 0 0 0
1682380800 0 0 0 0
1682294400 0 0 0 0
1682208000 0 0 0 0
1682121600 0 0 0 0
1682035200 0 0 0 0
1681948800 0 0 0 0
1681862400 0 0 0 0
1681776000 0 0 0 0
1681689600 0 0 0 0
1681603200 0 0 0 0
1681516800 0 0 0 0
1681430400 0 0 0 0
1681344000 0 0 0 0
1681257600 0 0 0 0
1681171200 0 0 0 0
1681084800 0 0 0 0
1680998400 0 0 0 0
1680912000 0 0 0 0
1680825600 0 0 0 0
1680739200 0 0 0 0
1680652800 0 0 0 0
1680566400 0 0 0 0
1680480000 0 0 0 0
1680393600 0 0 0 0
1680307200 0 0 0 0
1680220800 0 0 0 0
1680134400 0 0 0 0
1680048000 0 0 0 0
1679961600 0 0 0 0
1679875200 0 0 0 0
1679788800 0 0 0 0
1679702400 0 0 0 0
1679616000 0 0 0 0
1679529600 0 0 0 0
1679443200 0 0 0 0
1679356800 0 0 0 0
1679270400 0 0 0 0
1679184000 0 0 0 0
1679097600 0 0 0 0
1679011200 0 0 0 0
1678924800 0 0 0 0
1678838400 0 0 0 0
1678752000 0 0 0 0
1678665600 0 0 0 0
1678579200 0 0 0 0
1678492800 0 0 0 0
1678406400 0 0 0 0
1678320000 0 0 0 0
1678233600 0 0 0 0
1678147200 0 0 0 0
1678060800 0 0 0 0
1677974400 0 0 0 0
1677888000 0 0 0 0
1677801600 0 0 0 0
1677715200 0 0 0 0
1677628800 0 0 0 0
1677542400 0 0 0 0
1677456000 0 0 0 0
1677369600 0 0 0 0
1677283200 0 0 0 0
1677196800 0 0 0 0
1677110400 0 0 0 0
1677024000 0 0 0 0
1676937600 0 0 0 0
1676851200 0 0 0 0
1676764800 0 0 0 0
1676678400 0 0 0 0
1676592000 0 0 0 0
1676505600 0 0 0 0
1676419200 0 0 0 0
1676332800 0 0 0 0
1676246400 0 0 0 0
1676160000 0 0 0 0
1676073600 0 0 0 0
1675987200 0 0 0 0
1675900800 0 0 0 0
1675814400 0 0 0 0
1675728000 0 0 0 0
1675641600 0 0 0 0
1675555200 0 0 0 0
1675468800 0 0 0 0
1675382400 0 0 0 0
1675296000 0 0 0 0
1675209600 0 0 0 0
1675123200 0 0 0 0
1675036800 0 0 0 0
1674950400 0 0 0 0
1674864000 0 0 0 0
1674777600 0 0 0 0
1674691200 0 0 0 0
1674604800 0 0 0 0
1674518400 0 0 0 0
1674432000 0 0 0 0
1674345600 0 0 0 0
1674259200 0 0 0 0
1674172800 0 0 0 0
1674086400 0 0 0 0
1674000000 0 0 0 0
1673913600 0 0 0 0
1673827200 0 0 0 0
1673740800 0 0 0 0
1673654400 0 0 0 0
1673568000 0 0 0 0
1673481600 0 0 0 0
1673395200 0 0 0 0
1673308800 0 0 0 0
1673222400 0 0 0 0
1673136000 0 0 0 0
1673049600 0 0 0 0
1672963200 0 0 0 0
1672876800 0 0 0 0
1672790400 0 0 0 0
1672704000 0 0 0 0
1672617600 0 0 0 0
1672531200 0 0 0 0
1672444800 0 0 0 0
1672358400 0 0 0 0
1672272000 0 0 0 0
1672185600 0 0 0 0
1672099200 0 0 0 0
1672012800 0 0 0 0
1671926400 0 0 0 0
1671840000 0 0 0 0
1671753600 0 0 0 0
1671667200 0 0 0 0
1671580800 0 0 0 0
1671494400 0 0 0 0
1671408000 0 0 0 0
1671321600 0 0 0 0
1671235200 0 0 0 0
1671148800 0 0 0 0
1671062400 0 0 0 0
1670976000 0 0 0 0
1670889600 0 0 0 0
1670803200 0 0 0 0
1670716800 0 0 0 0
1670630400 0 0 0 0
1670544000 0 0 0 0
1670457600 0 0 0 0
1670371200 0 0 0 0
1670284800 0 0 0 0
1670198400 0 0 0 0
1670112000 0 0 0 0
1670025600 0 0 0 0
1669939200 0 0 0 0
1669852800 0 0 0 0
1669766400 0 0 0 0
1669680000 0 0 0 0
1669593600 0 0 0 0
1669507200 0 0 0 0
1669420800 0 0 0 0
1669334400 0 0 0 0
1669248000 0 0 0 0
1669161600 0 0 0 0
1669075200 0 0 0 0
1668988800 0 0 0 0
1668902400 0 0 0 0
1668816000 0 0 0 0
1668729600 0 0 0 0
1668643200 0 0 0 0
1668556800 0 0 0 0
1668470400 0 0 0 0
1668384000 0 0 0 0
1668297600 0 0 0 0
1668211200 0 0 0 0
1668124800 0 0 0 0
1668038400 0 0 0 0
1667952000 0 0 0 0
1667865600 0 0 0 0
1667779200 0 0 0 0
1667692800 0 0 0 0
1667606400 0 0 0 0
1667520000 0 0 0 0
1667433600 0 0 0 0
1667347200 0 0 0 0
1667260800 0 0 0 0
1667174400 0 0 0 0
1667088000 0 0 0 0
1667001600 0 0 0 0
1666915200 0 0 0 0
1666828800 0 0 0 0
1666742400 0 0 0 0
1666656000 0 0 0 0
1666569600 0 0 0 0
1666483200 0 0 0 0
1666396800 0 0 0 0
1666310400 0 0 0 0
1666224000 0 0 0 0
1666137600 0 0 0 0
1666051200 0 0 0 0
1665964800 0 0 0 0
1665878400 0 0 0 0
1665792000 0 0 0 0
1665705600 0 0 0 0
1665619200 0 0 0 0
1665532800 0 0 0 0
1665446400 0 0 0 0
1665360000 0 0 0 0
1665273600 0 0 0 0
1665187200 0 0 0 0
1665100800 0 0 0 0
1665014400 0 0 0 0
1664928000 0 0 0 0
1664841600 0 0 0 0
1664755200 0 0 0 0
1664668800 0 0 0 0
1664582400 0 0 0 0
1664496000 0 0 0 0
1664409600 0 0 0 0
1664323200 0 0 0 0
1664236800 0 0 0 0
1664150400 0 0 0 0
1664064000 0 0 0 0
1663977600 0 0 0 0
1663891200 0 0 0 0
1663804800 0 0 0 0
1663718400 0 0 0 0
1663632000 0 0 0 0
1663545600 0 0 0 0
1663459200 0 0 0 0
1663372800 0 0 0 0
1663286400 0 0 0 0
1663200000 0 0 0 0
1663113600 0 0 0 0
1663027200 0 0 0 0
1662940800 0 0 0 0
1662854400 0 0 0 0
1662768000 0 0 0 0
1662681600 0 0 0 0
1662595200 0 0 0 0
1662508800 0 0 0 0
1662422400 0 0 0 0
1662336000 0 0 0 0
1662249600 0 0 0 0
1662163200 0 0 0 0
1662076800 0 0 0 0
1661990400 0 0 0 0
1661904000 0 0 0 0
1661817600 0 0 0 0
1661731200 0 0 0 0
1661644800 0 0 0 0
1661558400 0 0 0 0
1661472000 0 0 0 0
1661385600 0 0 0 0
1661299200 0 0 0 0
1661212800 0 0 0 0
1661126400 0 0 0 0
1661040000 0 0 0 0
1660953600 0 0 0 0
1660867200 0 0 0 0
1660780800 0 0 0 0
1660694400 0 0 0 0
1660608000 0 0 0 0
1660521600 0 0 0 0
1660435200 0 0 0 0
1660348800 0 0 0 0
1660262400 0 0 0 0
1660176000 0 0 0 0
1660089600 0 0 0 0
1660003200 0 0 0 0
1659916800 0 0 0 0
1659830400 0 0 0 0
1659744000 0 0 0 0
1659657600 0 0 0 0
1659571200 0 0 0 0
1659484800 0 0 0 0
1659398400 0 0 0 0
1659312000 0 0 0 0
1659225600 0 0 0 0
1659139200 0 0 0 0
1659052800 0 0 0 0
1658966400 0 0 0 0
1658880000 0 0 0 0
1658793600 0 0 0 0
1658707200 0 0 0 0
1658620800 0 0 0 0
1658534400 0 0 0 0
1658448000 0 0 0 0
1658361600 0 0 0 0
1658275200 0 0 0 0
1658188800 0 0 0 0
1658102400 0 0 0 0
1658016000 0 0 0 0
1657929600 0 0 0 0
1657843200 0 0 0 0
1657756800 0 0 0 0
1657670400 0 0 0 0
1657584000 0 0 0 0
1657497600 0 0 0 0
1657411200 0 0 0 0
1657324800 0 0 0 0
1657238400 0 0 0 0
1657152000 0 0 0 0
1657065600 0 0 0 0
1656979200 0 0 0 0
1656892800 0 0 0 0
1656806400 0 0 0 0
1656720000 0 0 0 0
1656633600 0 0 0 0
1656547200 0 0 0 0
1656460800 0 0 0 0
1656374400 0 0 0 0
1656288000 0 0 0 0
1656201600 0 0 0 0
1656115200 0 0 0 0
1656028800 0 0 0 0
1655942400 0 0 0 0
1655856000 0 0 0 0
1655769600 0 0 0 0
1655683200 0 0 0 0
1655596800 0 0 0 0
1655510400 0 0 0 0
1655424000 0 0 0 0
1655337600 0 0 0 0
1655251200 0 0 0 0
1655164800 0 0 0 0
1655078400 0 0 0 0
1654992000 0 0 0 0
1654905600 0 0 0 0
1654819200 0 0 0 0
1654732800 0 0 0 0
1654646400 0 0 0 0
1654560000 0 0 0 0
1654473600 0 0 0 0
1654387200 0 0 0 0
1654300800 0 0 0 0
1654214400 0 0 0 0
1654128000 0 0 0 0
1654041600 0 0 0 0
1653955200 0 0 0 0
1653868800 0 0 0 0
1653782400 0 0 0 0
1653696000 0 0 0 0
1653609600 0 0 0 0
1653523200 0 0 0 0
1653436800 0 0 0 0
1653350400 0 0 0 0
1653264000 0 0 0 0
1653177600 0 0 0 0
1653091200 0 0 0 0
1653004800 0 0 0 0
1652918400 0 0 0 0
1652832000 0 0 0 0
1652745600 0 0 0 0
1652659200 0 0 0 0
1652572800 0 0 0 0
1652486400 0 0 0 0
1652400000 0 0 0 0
1652313600 0 0 0 0
1652227200 0 0 0 0
1652140800 0 0 0 0
1652054400 0 0 0 0
1651968000 0 0 0 0
1651881600 0 0 0 0
1651795200 0 0 0 0
1651708800 0 0 0 0
1651622400 0 0 0 0
1651536000 0 0 0 0
1651449600 0 0 0 0
1651363200 0 0 0 0
1651276800 0 0 0 0
1651190400 0 0 0 0
1651104000 0 0 0 0
1651017600 0 0 0 0
1650931200 0 0 0 0
1650844800 0 0 0 0
1650758400 0 0 0 0
1650672000 0 0 0 0
1650585600 0 0 0 0
1650499200 0 0 0 0
1650412800 0 0 0 0
1650326400 0 0 0 0
1650240000 0 0 0 0
1650153600 0 0 0 0
1650067200 0 0 0 0
1649980800 0 0 0 0
1649894400 0 0 0 0
1649808000 0 0 0 0
1649721600 0 0 0 0
1649635200 0 0 0 0
1649548800 0 0 0 0
1649462400 0 0 0 0
1649376000 0 0 0 0
1649289600 0 0 0 0
1649203200 0 0 0 0
1649116800 0 0 0 0
1649030400 0 0 0 0
1648944000 0 0 0 0
1648857600 0 0 0 0
1648771200 0 0 0 0
1648684800 0 0 0 0
1648598400 0 0 0 0
