1716691805 30 100
1716691805 30 100 30 100
1716691205 30 100 30 100
1716691200 30 100 30 100
1716690900 30 100 30 100
1716690600 30 100 30 100
1716690300 30 100 30 100
1716690000 30 100 30 100
1716689700 30 100 30 100
1716689400 30 100 30 100
1716689100 30 100 30 100
1716688800 30 100 30 100
1716688500 30 100 30 100
1716688200 30 100 30 100
1716687900 29 100 30 100
1716687600 29 100 29 100
1716687300 29 100 29 100
1716687000 29 100 29 100
1716686700 29 100 30 100
1716686400 30 100 30 100
1716686100 29 100 30 100
1716685800 29 100 29 100
1716685500 29 100 42 100
1716685200 42 100 42 100
1716684900 42 100 42 100
1716684600 42 100 42 100
1716684300 42 100 42 100
1716684000 42 100 42 100
1716683700 42 100 42 100
1716683400 42 100 42 100
1716683100 42 100 42 100
1716682800 42 100 42 100
1716682500 42 100 42 100
1716682200 42 100 42 100
1716681900 42 100 42 100
1716681600 42 100 42 100
1716681300 42 100 42 100
1716681000 42 100 42 100
1716680700 42 100 42 100
1716680400 42 100 42 100
1716680100 42 100 42 100
1716679800 42 100 42 100
1716679500 42 100 42 100
1716679200 42 100 42 100
1716678900 42 100 42 100
1716678600 42 100 42 100
1716678300 42 100 42 100
1716678000 42 100 42 100
1716677700 42 100 42 100
1716677400 42 100 42 100
1716677100 42 100 42 100
1716676800 42 100 42 100
1716676500 42 100 42 100
1716676200 42 100 42 100
1716675900 42 100 42 100
1716675600 42 100 42 100
1716675300 42 100 42 100
1716675000 42 100 42 100
1716674700 42 100 42 100
1716674400 42 100 42 100
1716674100 42 100 42 100
1716673800 42 100 42 100
1716673500 42 100 42 100
1716673200 42 100 42 100
1716672900 42 100 42 100
1716672600 42 100 42 100
1716672300 42 100 42 100
1716672000 42 100 42 100
1716671700 42 100 42 100
1716671400 42 100 42 100
1716671100 42 100 42 100
1716670800 42 100 42 100
1716670500 42 100 42 100
1716670200 42 100 42 100
1716669900 42 100 42 100
1716669600 42 100 42 100
1716669300 42 100 42 100
1716669000 42 100 42 100
1716668700 42 100 42 100
1716668400 42 100 42 100
1716668100 42 100 42 100
1716667800 42 100 42 100
1716667500 42 100 42 100
1716667200 42 100 42 100
1716666900 42 100 42 100
1716666600 42 100 42 100
1716666300 42 100 42 100
1716666000 42 100 42 100
1716665700 42 100 42 100
1716665400 42 100 42 100
1716665100 42 100 42 100
1716664800 42 100 42 100
1716664500 42 100 42 100
1716664200 42 100 42 100
1716663900 42 100 42 100
1716663600 42 100 42 100
1716663300 42 100 42 100
1716663000 42 100 42 100
1716662700 42 100 42 100
1716662400 42 100 42 100
1716662100 42 100 42 100
1716661800 42 100 42 100
1716661500 42 100 42 100
1716661200 42 100 42 100
1716660900 42 100 42 100
1716660600 42 100 42 100
1716660300 42 100 42 100
1716660000 42 100 42 100
1716659700 42 100 42 100
1716659400 42 100 42 100
1716659100 42 100 42 100
1716658800 42 100 42 100
1716658500 42 100 42 100
1716658200 42 100 42 100
1716657900 42 100 42 100
1716657600 42 100 42 100
1716657300 42 100 42 100
1716657000 42 100 42 100
1716656700 42 100 42 100
1716656400 42 100 42 100
1716656100 42 100 42 100
1716655800 42 100 42 100
1716655500 42 100 42 100
1716655200 42 100 42 100
1716654900 42 100 42 100
1716654600 42 100 42 100
1716654300 42 100 42 100
1716654000 42 100 42 100
1716653700 42 100 42 100
1716653400 42 100 42 100
1716653100 42 100 42 100
1716652800 42 100 42 100
1716652500 42 100 42 100
1716652200 42 100 42 100
1716651900 42 100 42 100
1716651600 42 100 42 100
1716651300 42 100 42 100
1716651000 42 100 42 100
1716650700 42 100 42 100
1716650400 42 100 42 100
1716650100 42 100 42 100
1716649800 42 100 42 100
1716649500 42 100 42 100
1716649200 42 100 42 100
1716648900 42 100 42 100
1716648600 42 100 42 100
1716648300 42 100 42 100
1716648000 42 100 42 100
1716647700 42 100 42 100
1716647400 42 100 42 100
1716647100 42 100 42 100
1716646800 42 100 42 100
1716646500 42 100 42 100
1716646200 42 100 42 100
1716645900 42 100 42 100
1716645600 42 100 42 100
1716645300 42 100 42 100
1716645000 42 100 42 100
1716644700 42 100 42 100
1716644400 42 100 42 100
1716644100 42 100 42 100
1716643800 42 100 42 100
1716643500 42 100 42 100
1716643200 42 100 42 100
1716642900 42 100 42 100
1716642600 42 100 42 100
1716642300 42 100 42 100
1716642000 42 100 42 100
1716641700 42 100 42 100
1716641400 42 100 42 100
1716641100 42 100 42 100
1716640800 42 100 42 100
1716640500 42 100 42 100
1716640200 42 100 42 100
1716639900 42 100 42 100
1716639600 42 100 42 100
1716639300 42 100 42 100
1716639000 42 100 42 100
1716638700 42 100 42 100
1716638400 42 100 42 100
1716638100 42 100 42 100
1716637800 42 100 42 100
1716637500 41 100 42 100
1716637200 38 100 38 100
1716636900 38 100 38 100
1716636600 38 100 38 100
1716636300 38 100 38 100
1716636000 38 100 38 100
1716635700 38 100 42 100
1716635400 42 100 42 100
1716635100 42 100 42 100
1716634800 42 100 42 100
1716634500 42 100 42 100
1716634200 42 100 42 100
1716633900 42 100 42 100
1716633600 42 100 42 100
1716633300 41 100 42 100
1716633000 38 100 38 100
1716632700 38 100 38 100
1716632400 38 100 38 100
1716632100 38 100 38 100
1716631800 38 100 38 100
1716631500 38 100 38 100
1716631200 38 100 38 100
1716630900 38 100 38 100
1716630600 38 100 38 100
1716630300 38 100 38 100
1716630000 38 100 38 100
1716629700 38 100 38 100
1716629400 38 100 38 100
1716629100 38 100 45 100
1716628800 45 100 45 100
1716628500 44 100 45 100
1716628200 43 100 43 100
1716627900 43 100 43 100
1716627600 43 100 43 100
1716627300 43 100 43 100
1716627000 43 100 43 100
1716626700 43 100 43 100
1716626400 43 100 43 100
1716626100 43 100 43 100
1716625800 43 100 43 100
1716625500 43 100 43 100
1716625200 43 100 43 100
1716624900 43 100 43 100
1716624600 43 100 43 100
1716624300 43 100 43 100
1716624000 43 100 43 100
1716623700 43 100 43 100
1716623400 43 100 43 100
1716623100 43 100 43 100
1716622800 43 100 43 100
1716622500 43 100 43 100
1716622200 43 100 43 100
1716621900 43 100 43 100
1716621600 43 100 43 100
1716621300 43 100 43 100
1716621000 43 100 43 100
1716620700 43 100 43 100
1716620400 43 100 43 100
1716620100 43 100 43 100
1716619800 43 100 43 100
1716619500 43 100 43 100
1716619200 43 100 43 100
1716618900 43 100 43 100
1716618600 43 100 43 100
1716618300 43 100 43 100
1716618000 43 100 43 100
1716617700 43 100 43 100
1716617400 43 100 43 100
1716617100 43 100 43 100
1716616800 43 100 43 100
1716616500 43 100 43 100
1716616200 43 100 43 100
1716615900 43 100 43 100
1716615600 43 100 43 100
1716615300 43 100 43 100
1716615000 43 100 43 100
1716614700 43 100 43 100
1716614400 43 100 43 100
1716614100 43 100 43 100
1716613800 43 100 43 100
1716613500 43 100 43 100
1716613200 43 100 43 100
1716612900 43 100 44 100
1716612600 44 100 44 100
1716612300 43 100 44 100
1716612000 43 100 43 100
1716611700 43 100 43 100
1716611400 43 100 43 100
1716611100 43 100 43 100
1716610800 43 100 43 100
1716610500 43 100 43 100
1716610200 43 100 43 100
1716609900 43 100 43 100
1716609600 43 100 43 100
1716609300 43 100 43 100
1716609000 43 100 43 100
1716608700 43 100 43 100
1716608400 43 100 43 100
1716608100 43 100 43 100
1716607800 43 100 43 100
1716607500 43 100 43 100
1716607200 43 100 43 100
1716606900 42 100 43 100
1716606600 42 100 42 100
1716606300 42 100 42 100
1716606000 42 100 42 100
1716605700 42 100 43 100
1716605400 43 100 43 100
1716605100 42 100 43 100
1716604800 41 100 41 100
1716604500 40 100 41 100
1716604200 38 100 38 100
1716603900 37 100 38 100
1716603600 31 100 31 100
1716603300 31 100 31 100
1716603000 31 100 31 100
1716602700 31 100 31 100
1716602400 31 100 31 100
1716602100 31 100 31 100
1716601800 31 100 31 100
1716601500 31 100 31 100
1716601200 31 100 31 100
1716600900 31 100 31 100
1716600600 31 100 31 100
1716600300 31 100 31 100
1716600000 31 100 31 100
1716599700 31 100 31 100
1716599400 31 100 31 100
1716599100 31 100 31 100
1716598800 31 100 31 100
1716598500 31 100 31 100
1716598200 31 100 31 100
1716597900 31 100 31 100
1716597600 31 100 31 100
1716597300 31 100 31 100
1716597000 31 100 31 100
1716596700 31 100 31 100
1716596400 31 100 31 100
1716596100 31 100 31 100
1716595800 31 100 31 100
1716595500 31 100 31 100
1716595200 31 100 31 100
1716594900 31 100 31 100
1716594600 31 100 31 100
1716594300 31 100 31 100
1716594000 31 100 31 100
1716593700 31 100 31 100
1716593400 31 100 31 100
1716593100 31 100 31 100
1716592800 31 100 31 100
1716592500 31 100 31 100
1716592200 31 100 31 100
1716591900 31 100 31 100
1716591600 31 100 31 100
1716591300 31 100 31 100
1716591000 31 100 31 100
1716590700 31 100 31 100
1716590400 31 100 31 100
1716590100 31 100 31 100
1716589800 31 100 31 100
1716589500 31 100 31 100
1716589200 31 100 31 100
1716588900 31 100 31 100
1716588600 31 100 31 100
1716588300 31 100 31 100
1716588000 31 100 31 100
1716587700 31 100 31 100
1716587400 31 100 31 100
1716587100 31 100 31 100
1716586800 31 100 31 100
1716586500 31 100 31 100
1716586200 31 100 31 100
1716585900 31 100 31 100
1716585600 31 100 31 100
1716585300 31 100 31 100
1716585000 31 100 31 100
1716584700 31 100 31 100
1716584400 31 100 31 100
1716584100 31 100 31 100
1716583800 31 100 31 100
1716583500 31 100 31 100
1716583200 31 100 31 100
1716582900 31 100 31 100
1716582600 31 100 31 100
1716582300 31 100 31 100
1716582000 31 100 31 100
1716581700 31 100 31 100
1716581400 31 100 31 100
1716581100 31 100 31 100
1716580800 31 100 31 100
1716580500 31 100 31 100
1716580200 31 100 31 100
1716579900 31 100 31 100
1716579600 31 100 31 100
1716579300 31 100 31 100
1716579000 31 100 31 100
1716578700 31 100 31 100
1716578400 31 100 31 100
1716578100 31 100 31 100
1716577800 31 100 31 100
1716577500 31 100 31 100
1716577200 31 100 31 100
1716576900 31 100 31 100
1716576600 31 100 31 100
1716576300 31 100 31 100
1716576000 31 100 31 100
1716575700 31 100 31 100
1716575400 31 100 31 100
1716575100 31 100 31 100
1716574800 31 100 31 100
1716574500 31 100 31 100
1716574200 31 100 31 100
1716573900 31 100 31 100
1716573600 31 100 31 100
1716573300 31 100 31 100
1716573000 31 100 31 100
1716572700 31 100 31 100
1716572400 31 100 31 100
1716572100 31 100 31 100
1716571800 31 100 31 100
1716571500 31 100 31 100
1716571200 31 100 31 100
1716570900 31 100 31 100
1716570600 31 100 31 100
1716570300 31 100 31 100
1716570000 31 100 31 100
1716569700 31 100 31 100
1716569400 31 100 31 100
1716569100 31 100 31 100
1716568800 31 100 31 100
1716568500 31 100 31 100
1716568200 31 100 31 100
1716567900 31 100 31 100
1716567600 31 100 31 100
1716567300 31 100 31 100
1716567000 31 100 31 100
1716566700 31 100 31 100
1716566400 31 100 31 100
1716566100 31 100 31 100
1716565800 31 100 31 100
1716565500 31 100 31 100
1716565200 31 100 31 100
1716564900 31 100 31 100
1716564600 31 100 31 100
1716564300 31 100 31 100
1716564000 31 100 31 100
1716563700 31 100 31 100
1716563400 31 100 31 100
1716563100 31 100 31 100
1716562800 31 100 31 100
1716562500 31 100 31 100
1716562200 31 100 31 100
1716561900 31 100 31 100
1716561600 31 100 31 100
1716561300 31 100 31 100
1716561000 31 100 31 100
1716560700 31 100 31 100
1716560400 31 100 31 100
1716560100 31 100 31 100
1716559800 31 100 31 100
1716559500 31 100 31 100
1716559200 31 100 31 100
1716558900 31 100 31 100
1716558600 31 100 31 100
1716558300 31 100 31 100
1716558000 31 100 31 100
1716557700 31 100 31 100
1716557400 31 100 31 100
1716557100 31 100 31 100
1716556800 31 100 31 100
1716556500 31 100 31 100
1716556200 31 100 31 100
1716555900 31 100 31 100
1716555600 31 100 31 100
1716555300 31 100 31 100
1716555000 31 100 31 100
1716554700 31 100 31 100
1716554400 31 100 31 100
1716554100 31 100 31 100
1716553800 31 100 31 100
1716553500 31 100 31 100
1716553200 31 100 31 100
1716552900 31 100 31 100
1716552600 31 100 31 100
1716552300 31 100 31 100
1716552000 31 100 31 100
1716551700 31 100 31 100
1716551400 31 100 31 100
1716551100 31 100 31 100
1716550800 31 100 31 100
1716550500 31 100 31 100
1716550200 31 100 31 100
1716549900 31 100 31 100
1716549600 31 100 31 100
1716549300 31 100 31 100
1716549000 31 100 31 100
1716548700 31 100 31 100
1716548400 31 100 31 100
1716548100 31 100 31 100
1716547800 31 100 31 100
1716547500 31 100 31 100
1716547200 31 100 31 100
1716546900 31 100 31 100
1716546600 31 100 31 100
1716546300 31 100 31 100
1716546000 31 100 31 100
1716545700 31 100 31 100
1716545400 31 100 31 100
1716545100 31 100 31 100
1716544800 31 100 31 100
1716544500 31 100 31 100
1716544200 31 100 31 100
1716543900 31 100 31 100
1716543600 31 100 31 100
1716543300 31 100 31 100
1716543000 31 100 31 100
1716542700 31 100 31 100
1716542400 31 100 31 100
1716542100 31 100 31 100
1716541800 31 100 31 100
1716541500 31 100 31 100
1716541200 31 100 31 100
1716540900 31 100 31 100
1716540600 31 100 31 100
1716540300 31 100 31 100
1716540000 31 100 31 100
1716539700 31 100 31 100
1716539400 31 100 31 100
1716539100 31 100 31 100
1716538800 31 100 31 100
1716538500 31 100 31 100
1716538200 31 100 31 100
1716537900 31 100 31 100
1716537600 31 100 31 100
1716537300 31 100 31 100
1716537000 31 100 31 100
1716536700 31 100 31 100
1716536400 31 100 31 100
1716536100 31 100 31 100
1716535800 31 100 31 100
1716535500 31 100 31 100
1716535200 31 100 31 100
1716534900 31 100 31 100
1716534600 31 100 31 100
1716534300 31 100 31 100
1716534000 31 100 31 100
1716533700 31 100 31 100
1716533400 31 100 31 100
1716533100 31 100 31 100
1716532800 31 100 31 100
1716532500 31 100 31 100
1716532200 31 100 31 100
1716531900 31 100 31 100
1716531600 31 100 31 100
1716531300 31 100 31 100
1716531000 31 100 31 100
1716530700 31 100 31 100
1716530400 31 100 31 100
1716530100 31 100 31 100
1716529800 31 100 31 100
1716529500 31 100 31 100
1716529200 31 100 31 100
1716528900 31 100 31 100
1716528600 31 100 31 100
1716528300 31 100 31 100
1716528000 31 100 31 100
1716527700 31 100 31 100
1716527400 31 100 31 100
1716527100 31 100 31 100
1716526800 31 100 31 100
1716526500 31 100 31 100
1716526200 31 100 31 100
1716525900 31 100 31 100
1716525600 31 100 31 100
1716525300 31 100 31 100
1716525000 31 100 31 100
1716524700 31 100 31 100
1716524400 31 100 31 100
1716524100 31 100 31 100
1716523800 31 100 31 100
1716523500 31 100 31 100
1716523200 31 100 31 100
1716522900 31 100 31 100
1716522600 31 100 31 100
1716522300 31 100 31 100
1716522000 31 100 31 100
1716521700 31 100 31 100
1716521400 31 100 31 100
1716521100 31 100 31 100
1716520800 31 100 31 100
1716520500 31 100 31 100
1716520200 31 100 31 100
1716519900 31 100 31 100
1716519600 31 100 31 100
1716519300 31 100 31 100
1716519000 31 100 31 100
1716518700 31 100 31 100
1716518400 31 100 31 100
1716518100 31 100 31 100
1716517800 31 100 31 100
1716517500 31 100 31 100
1716517200 31 100 31 100
1716516900 31 100 31 100
1716516600 31 100 31 100
1716516300 31 100 31 100
1716516000 31 100 31 100
1716515700 31 100 31 100
1716515400 31 100 31 100
1716515100 31 100 31 100
1716514800 31 100 31 100
1716514500 31 100 31 100
1716514200 31 100 31 100
1716513900 31 100 31 100
1716513600 31 100 31 100
1716513300 31 100 31 100
1716513000 31 100 31 100
1716512700 31 100 31 100
1716512400 31 100 31 100
1716512100 31 100 31 100
1716511800 31 100 31 100
1716511500 31 100 31 100
1716510600 31 100 31 100
1716508800 31 100 31 100
1716507000 31 100 31 100
1716505200 31 100 31 100
1716503400 31 100 31 100
1716501600 31 100 31 100
1716499800 31 100 31 100
1716498000 31 100 31 100
1716496200 31 100 31 100
1716494400 31 100 31 100
1716492600 31 100 31 100
1716490800 31 100 31 100
1716489000 31 100 31 100
1716487200 31 100 31 100
1716485400 31 100 31 100
1716483600 31 100 31 100
1716481800 31 100 31 100
1716480000 31 100 31 100
1716478200 31 100 31 100
1716476400 31 100 31 100
1716474600 31 100 31 100
1716472800 31 100 31 100
1716471000 31 100 31 100
1716469200 31 100 31 100
1716467400 31 100 31 100
1716465600 31 100 31 100
1716463800 31 100 31 100
1716462000 31 100 31 100
1716460200 31 100 31 100
1716458400 31 100 31 100
1716456600 31 100 31 100
1716454800 31 100 31 100
1716453000 31 100 31 100
1716451200 31 100 31 100
1716449400 31 100 31 100
1716447600 31 100 31 100
1716445800 31 100 31 100
1716444000 31 100 31 100
1716442200 31 100 31 100
1716440400 31 100 31 100
1716438600 31 100 31 100
1716436800 31 100 31 100
1716435000 31 100 31 100
1716433200 31 100 31 100
1716431400 31 100 31 100
1716429600 31 100 31 100
1716427800 31 100 31 100
1716426000 31 100 31 100
1716424200 31 100 31 100
1716422400 31 100 31 100
1716420600 31 100 31 100
1716418800 31 100 31 100
1716417000 31 100 31 100
1716415200 31 100 31 100
1716413400 31 100 31 100
1716411600 31 100 31 100
1716409800 31 100 31 100
1716408000 31 100 31 100
1716406200 31 100 31 100
1716404400 31 100 31 100
1716402600 31 100 31 100
1716400800 31 100 31 100
1716399000 31 100 31 100
1716397200 31 100 31 100
1716395400 31 100 31 100
1716393600 31 100 31 100
1716391800 31 100 31 100
1716390000 31 100 31 100
1716388200 31 100 31 100
1716386400 31 100 31 100
1716384600 31 100 31 100
1716382800 31 100 31 100
1716381000 31 100 31 100
1716379200 31 100 31 100
1716377400 31 100 31 100
1716375600 31 100 31 100
1716373800 31 100 31 100
1716372000 31 100 31 100
1716370200 31 100 33 100
1716368400 33 100 33 100
1716366600 32 100 33 100
1716364800 33 100 33 100
1716363000 33 100 33 100
1716361200 33 100 33 100
1716359400 33 100 33 100
1716357600 33 100 33 100
1716355800 33 100 33 100
1716354000 33 100 33 100
1716352200 33 100 33 100
1716350400 33 100 33 100
1716348600 33 100 33 100
1716346800 33 100 33 100
1716345000 33 100 34 100
1716343200 33 100 34 100
1716341400 33 100 33 100
1716339600 33 100 33 100
1716337800 33 100 33 100
1716336000 33 100 33 100
1716334200 33 100 33 100
1716332400 33 100 33 100
1716330600 33 100 33 100
1716328800 35 100 41 100
1716327000 41 100 41 100
1716325200 41 100 41 100
1716323400 41 100 41 100
1716321600 41 100 41 100
1716319800 41 100 41 100
1716318000 41 100 41 100
1716316200 41 100 41 100
1716314400 41 100 41 100
1716312600 41 100 41 100
1716310800 41 100 41 100
1716309000 41 100 41 100
1716307200 41 100 41 100
1716305400 41 100 41 100
1716303600 41 100 41 100
1716301800 41 100 41 100
1716300000 41 100 41 100
1716298200 41 100 41 100
1716296400 41 100 41 100
1716294600 41 100 41 100
1716292800 41 100 41 100
1716291000 41 100 41 100
1716289200 41 100 41 100
1716287400 41 100 41 100
1716285600 41 100 41 100
1716283800 41 100 41 100
1716282000 41 100 41 100
1716280200 41 100 41 100
1716278400 41 100 41 100
1716276600 41 100 41 100
1716274800 41 100 41 100
1716273000 41 100 41 100
1716271200 41 100 41 100
1716269400 41 100 41 100
1716267600 41 100 41 100
1716265800 41 100 41 100
1716264000 41 100 41 100
1716262200 41 100 41 100
1716260400 41 100 41 100
1716258600 41 100 41 100
1716256800 41 100 41 100
1716255000 41 100 41 100
1716253200 41 100 41 100
1716251400 41 100 41 100
1716249600 41 100 41 100
1716247800 41 100 41 100
1716246000 41 100 41 100
1716244200 41 100 41 100
1716242400 41 100 41 100
1716240600 41 100 41 100
1716238800 41 100 41 100
1716237000 41 100 41 100
1716235200 41 100 41 100
1716233400 41 100 41 100
1716231600 41 100 41 100
1716229800 41 100 41 100
1716228000 41 100 41 100
1716226200 41 100 41 100
1716224400 41 100 41 100
1716222600 41 100 41 100
1716220800 41 100 41 100
1716219000 41 100 41 100
1716217200 41 100 41 100
1716215400 41 100 41 100
1716213600 41 100 41 100
1716211800 41 100 41 100
1716210000 41 100 41 100
1716208200 41 100 41 100
1716206400 41 100 41 100
1716204600 41 100 41 100
1716202800 41 100 41 100
1716201000 41 100 41 100
1716199200 41 100 41 100
1716197400 41 100 41 100
1716195600 41 100 41 100
1716193800 41 100 41 100
1716192000 31 100 41 100
1716190200 28 100 28 100
1716188400 28 100 28 100
1716186600 28 100 28 100
1716184800 28 100 28 100
1716183000 28 100 28 100
1716181200 28 100 28 100
1716179400 28 100 28 100
1716177600 28 100 28 100
1716175800 28 100 28 100
1716174000 28 100 28 100
1716172200 28 100 28 100
1716170400 28 100 29 100
1716168600 27 100 29 100
1716166800 26 100 26 100
1716165000 26 100 26 100
1716163200 26 100 27 100
1716161400 24 100 26 100
1716159600 24 100 24 100
1716157800 24 100 24 100
1716156000 24 100 24 100
1716154200 24 100 26 100
1716152400 26 100 26 100
1716150600 26 100 26 100
1716148800 26 100 26 100
1716147000 26 100 26 100
1716145200 26 100 26 100
1716143400 26 100 26 100
1716141600 26 100 26 100
1716139800 26 100 26 100
1716138000 26 100 26 100
1716136200 26 100 26 100
1716134400 26 100 26 100
1716132600 26 100 26 100
1716130800 26 100 26 100
1716129000 26 100 26 100
1716127200 26 100 26 100
1716125400 26 100 26 100
1716123600 26 100 26 100
1716121800 26 100 26 100
1716120000 26 100 26 100
1716118200 26 100 26 100
1716116400 26 100 26 100
1716114600 26 100 26 100
1716112800 26 100 26 100
1716111000 26 100 26 100
1716109200 26 100 26 100
1716107400 26 100 26 100
1716105600 26 100 26 100
1716103800 26 100 26 100
1716102000 26 100 26 100
1716100200 26 100 26 100
1716098400 26 100 26 100
1716096600 26 100 26 100
1716094800 26 100 26 100
1716093000 26 100 26 100
1716091200 26 100 26 100
1716089400 26 100 26 100
1716087600 26 100 26 100
1716085800 26 100 26 100
1716084000 26 100 26 100
1716082200 26 100 26 100
1716080400 26 100 26 100
1716078600 26 100 26 100
1716076800 26 100 26 100
1716075000 26 100 26 100
1716073200 26 100 26 100
1716071400 26 100 26 100
1716069600 26 100 26 100
1716067800 26 100 26 100
1716066000 26 100 26 100
1716064200 26 100 26 100
1716062400 26 100 26 100
1716060600 26 100 26 100
1716058800 26 100 26 100
1716057000 26 100 26 100
1716055200 26 100 26 100
1716053400 26 100 26 100
1716051600 26 100 26 100
1716049800 26 100 26 100
1716048000 26 100 26 100
1716046200 26 100 26 100
1716044400 26 100 26 100
1716042600 26 100 26 100
1716040800 26 100 26 100
1716039000 26 100 26 100
1716037200 26 100 26 100
1716035400 26 100 26 100
1716033600 26 100 26 100
1716031800 26 100 26 100
1716030000 26 100 26 100
1716028200 26 100 26 100
1716026400 26 100 26 100
1716024600 26 100 26 100
1716022800 26 100 26 100
1716021000 26 100 26 100
1716019200 26 100 26 100
1716017400 26 100 26 100
1716015600 26 100 26 100
1716013800 26 100 26 100
1716012000 26 100 26 100
1716010200 26 100 26 100
1716008400 26 100 26 100
1716006600 26 100 26 100
1716004800 26 100 26 100
1716003000 26 100 26 100
1716001200 26 100 26 100
1715999400 26 100 26 100
1715997600 26 100 26 100
1715995800 26 100 26 100
1715994000 26 100 26 100
1715992200 26 100 26 100
1715990400 26 100 26 100
1715988600 26 100 26 100
1715986800 26 100 26 100
1715985000 26 100 26 100
1715983200 26 100 26 100
1715981400 26 100 26 100
1715979600 26 100 26 100
1715977800 26 100 26 100
1715976000 26 100 26 100
1715974200 26 100 26 100
1715972400 26 100 26 100
1715970600 26 100 26 100
1715968800 26 100 26 100
1715967000 26 100 26 100
1715965200 26 100 26 100
1715963400 26 100 26 100
1715961600 26 100 26 100
1715959800 26 100 26 100
1715958000 26 100 26 100
1715956200 26 100 26 100
1715954400 26 100 26 100
1715952600 26 100 26 100
1715950800 26 100 26 100
1715949000 26 100 26 100
1715947200 26 100 26 100
1715945400 26 100 26 100
1715943600 26 100 26 100
1715941800 26 100 26 100
1715940000 26 100 27 100
1715938200 27 100 27 100
1715936400 30 100 32 100
1715934600 29 100 30 100
1715932800 29 100 30 100
1715931000 32 100 39 100
1715929200 37 100 40 100
1715927400 34 100 35 100
1715925600 34 100 35 100
1715923800 35 100 35 100
1715922000 34 100 35 100
1715920200 32 100 33 100
1715918400 32 100 32 100
1715916600 31 100 32 100
1715914800 32 100 33 100
1715913000 32 100 33 100
1715911200 32 100 33 100
1715909400 30 100 31 100
1715907600 27 100 30 100
1715905800 29 100 30 100
1715904000 28 100 30 100
1715902200 26 100 26 100
1715900400 26 100 26 100
1715898600 26 100 26 100
1715896800 25 100 26 100
1715895000 27 100 31 100
1715893200 31 100 31 100
1715891400 31 100 31 100
1715889600 31 100 31 100
1715887800 31 100 31 100
1715886000 31 100 31 100
1715884200 31 100 31 100
1715882400 31 100 31 100
1715880600 31 100 31 100
1715878800 31 100 31 100
1715877000 31 100 31 100
1715875200 31 100 31 100
1715873400 31 100 31 100
1715871600 31 100 31 100
1715869800 31 100 31 100
1715868000 31 100 31 100
1715866200 31 100 31 100
1715864400 31 100 31 100
1715862600 31 100 31 100
1715860800 31 100 31 100
1715859000 31 100 31 100
1715857200 31 100 31 100
1715855400 31 100 31 100
1715853600 31 100 31 100
1715851800 31 100 31 100
1715850000 31 100 31 100
1715848200 31 100 31 100
1715846400 31 100 31 100
1715844600 31 100 31 100
1715842800 31 100 31 100
1715841000 31 100 31 100
1715839200 31 100 31 100
1715837400 31 100 31 100
1715835600 31 100 31 100
1715833800 31 100 31 100
1715832000 31 100 31 100
1715830200 31 100 31 100
1715828400 31 100 31 100
1715826600 31 100 31 100
1715824800 31 100 31 100
1715823000 31 100 31 100
1715821200 31 100 31 100
1715819400 31 100 31 100
1715817600 31 100 31 100
1715815800 31 100 31 100
1715814000 31 100 31 100
1715812200 31 100 31 100
1715810400 31 100 31 100
1715808600 31 100 31 100
1715806800 31 100 31 100
1715805000 31 100 31 100
1715803200 31 100 31 100
1715801400 31 100 31 100
1715799600 31 100 31 100
1715797800 31 100 31 100
1715796000 31 100 31 100
1715794200 31 100 31 100
1715792400 31 100 31 100
1715790600 31 100 31 100
1715788800 31 100 31 100
1715787000 31 100 31 100
1715785200 31 100 31 100
1715783400 31 100 31 100
1715781600 31 100 31 100
1715779800 31 100 31 100
1715778000 31 100 31 100
1715776200 30 100 31 100
1715774400 30 100 32 100
1715772600 28 100 32 100
1715770800 26 100 28 100
1715769000 25 100 27 100
1715767200 27 100 28 100
1715765400 27 100 28 100
1715763600 27 100 27 100
1715761800 27 100 27 100
1715760000 27 100 27 100
1715758200 27 100 27 100
1715756400 31 100 34 100
1715754600 34 100 34 100
1715752800 34 100 34 100
1715751000 34 100 34 100
1715749200 34 100 34 100
1715747400 33 100 34 100
1715745600 33 100 33 100
1715743800 33 100 33 100
1715742000 33 100 34 100
1715740200 34 100 34 100
1715738400 34 100 36 100
1715736600 33 100 36 100
1715734800 25 100 29 100
1715733000 24 100 26 100
1715731200 23 100 25 100
1715729400 23 100 23 100
1715727600 23 100 23 100
1715725800 23 100 23 100
1715724000 23 100 25 100
1715722200 25 100 27 100
1715720400 27 100 27 100
1715718600 27 100 27 100
1715716800 27 100 27 100
1715715000 27 100 27 100
1715713200 27 100 27 100
1715711400 27 100 27 100
1715709600 27 100 27 100
1715707800 27 100 27 100
1715706000 27 100 27 100
1715704200 27 100 27 100
1715702400 27 100 27 100
1715700600 27 100 27 100
1715698800 27 100 27 100
1715697000 27 100 27 100
1715695200 27 100 27 100
1715693400 27 100 27 100
1715691600 27 100 27 100
1715689800 27 100 27 100
1715688000 27 100 27 100
1715686200 27 100 28 100
1715684400 29 100 30 100
1715682600 30 100 30 100
1715680800 30 100 30 100
1715679000 30 100 31 100
1715677200 30 100 31 100
1715675400 29 100 30 100
1715673600 29 100 29 100
1715671800 29 100 29 100
1715670000 29 100 29 100
1715668200 29 100 29 100
1715666400 29 100 30 100
1715664600 30 100 32 100
1715662800 33 100 35 100
1715661000 29 100 29 100
1715659200 29 100 30 100
1715657400 30 100 30 100
1715655600 28 100 30 100
1715653800 27 100 27 100
1715652000 27 100 27 100
1715650200 26 100 27 100
1715648400 26 100 26 100
1715646600 26 100 26 100
1715644800 26 100 26 100
1715643000 26 100 26 100
1715641200 26 100 26 100
1715639400 25 100 26 100
1715637600 25 100 25 100
1715635800 26 100 31 100
1715634000 25 100 28 100
1715632200 28 100 28 100
1715630400 28 100 28 100
1715628600 28 100 28 100
1715626800 28 100 28 100
1715625000 28 100 28 100
1715623200 28 100 28 100
1715621400 28 100 28 100
1715619600 28 100 28 100
1715617800 28 100 28 100
1715616000 28 100 28 100
1715614200 28 100 28 100
1715612400 28 100 28 100
1715610600 28 100 28 100
1715608800 28 100 28 100
1715607000 28 100 28 100
1715605200 28 100 28 100
1715603400 28 100 28 100
1715601600 27 100 28 100
1715599800 27 100 27 100
1715598000 27 100 27 100
1715596200 27 100 27 100
1715594400 27 100 28 100
1715592600 28 100 28 100
1715590800 28 100 28 100
1715589000 28 100 32 100
1715587200 32 100 34 100
1715585400 25 100 27 100
1715583600 28 100 30 100
1715581800 30 100 30 100
1715580000 19 65 30 100
1715578200 0 0 0 0
1715576400 0 0 0 0
1715574600 0 0 0 0
1715572800 0 0 0 0
1715571000 0 0 0 0
1715569200 0 0 0 0
1715567400 0 0 0 0
1715565600 0 0 0 0
1715563800 0 0 0 0
1715562000 0 0 0 0
1715560200 0 0 0 0
1715558400 0 0 0 0
1715556600 0 0 0 0
1715554800 0 0 0 0
1715553000 0 0 0 0
1715551200 0 0 0 0
1715549400 0 0 0 0
1715547600 0 0 0 0
1715545800 0 0 0 0
1715544000 0 0 0 0
1715542200 0 0 0 0
1715540400 0 0 0 0
1715538600 0 0 0 0
1715536800 0 0 0 0
1715535000 0 0 0 0
1715533200 0 0 0 0
1715531400 0 0 0 0
1715529600 0 0 0 0
1715527800 0 0 0 0
1715526000 0 0 0 0
1715524200 0 0 0 0
1715522400 0 0 0 0
1715520600 0 0 0 0
1715518800 0 0 0 0
1715517000 0 0 0 0
1715515200 0 0 0 0
1715513400 0 0 0 0
1715511600 0 0 0 0
1715509800 0 0 0 0
1715508000 0 0 0 0
1715506200 0 0 0 0
1715504400 0 0 0 0
1715502600 0 0 0 0
1715500800 0 0 0 0
1715499000 0 0 0 0
1715497200 0 0 0 0
1715495400 0 0 0 0
1715493600 0 0 0 0
1715491800 0 0 0 0
1715490000 0 0 0 0
1715488200 0 0 0 0
1715486400 0 0 0 0
1715484600 0 0 0 0
1715482800 0 0 0 0
1715481000 0 0 0 0
1715479200 0 0 0 0
1715477400 0 0 0 0
1715475600 0 0 0 0
1715473800 0 0 0 0
1715472000 0 0 0 0
1715470200 0 0 0 0
1715468400 0 0 0 0
1715466600 0 0 0 0
1715464800 0 0 0 0
1715463000 0 0 0 0
1715461200 0 0 0 0
1715459400 0 0 0 0
1715457600 0 0 0 0
1715455800 0 0 0 0
1715454000 0 0 0 0
1715452200 0 0 0 0
1715450400 0 0 0 0
1715448600 0 0 0 0
1715446800 0 0 0 0
1715445000 0 0 0 0
1715443200 0 0 0 0
1715441400 0 0 0 0
1715439600 0 0 0 0
1715437800 0 0 0 0
1715436000 0 0 0 0
1715434200 0 0 0 0
1715432400 0 0 0 0
1715430600 0 0 0 0
1715428800 0 0 0 0
1715421600 0 0 0 0
1715414400 0 0 0 0
1715407200 0 0 0 0
1715400000 0 0 0 0
1715392800 0 0 0 0
1715385600 0 0 0 0
1715378400 0 0 0 0
1715371200 0 0 0 0
1715364000 0 0 0 0
1715356800 0 0 0 0
1715349600 0 0 0 0
1715342400 0 0 0 0
1715335200 0 0 0 0
1715328000 0 0 0 0
1715320800 0 0 0 0
1715313600 0 0 0 0
1715306400 0 0 0 0
1715299200 0 0 0 0
1715292000 0 0 0 0
1715284800 0 0 0 0
1715277600 0 0 0 0
1715270400 0 0 0 0
1715263200 0 0 0 0
1715256000 0 0 0 0
1715248800 0 0 0 0
1715241600 0 0 0 0
1715234400 0 0 0 0
1715227200 0 0 0 0
1715220000 0 0 0 0
1715212800 0 0 0 0
1715205600 0 0 0 0
1715198400 0 0 0 0
1715191200 0 0 0 0
1715184000 0 0 0 0
1715176800 0 0 0 0
1715169600 0 0 0 0
1715162400 0 0 0 0
1715155200 0 0 0 0
1715148000 0 0 0 0
1715140800 0 0 0 0
1715133600 0 0 0 0
1715126400 0 0 0 0
1715119200 0 0 0 0
1715112000 0 0 0 0
1715104800 0 0 0 0
1715097600 0 0 0 0
1715090400 0 0 0 0
1715083200 0 0 0 0
1715076000 0 0 0 0
1715068800 0 0 0 0
1715061600 0 0 0 0
1715054400 0 0 0 0
1715047200 0 0 0 0
1715040000 0 0 0 0
1715032800 0 0 0 0
1715025600 0 0 0 0
1715018400 0 0 0 0
1715011200 0 0 0 0
1715004000 0 0 0 0
1714996800 0 0 0 0
1714989600 0 0 0 0
1714982400 0 0 0 0
1714975200 0 0 0 0
1714968000 0 0 0 0
1714960800 0 0 0 0
1714953600 0 0 0 0
1714946400 0 0 0 0
1714939200 0 0 0 0
1714932000 0 0 0 0
1714924800 0 0 0 0
1714917600 0 0 0 0
1714910400 0 0 0 0
1714903200 0 0 0 0
1714896000 0 0 0 0
1714888800 0 0 0 0
1714881600 0 0 0 0
1714874400 0 0 0 0
1714867200 0 0 0 0
1714860000 0 0 0 0
1714852800 0 0 0 0
1714845600 0 0 0 0
1714838400 0 0 0 0
1714831200 0 0 0 0
1714824000 0 0 0 0
1714816800 0 0 0 0
1714809600 0 0 0 0
1714802400 0 0 0 0
1714795200 0 0 0 0
1714788000 0 0 0 0
1714780800 0 0 0 0
1714773600 0 0 0 0
1714766400 0 0 0 0
1714759200 0 0 0 0
1714752000 0 0 0 0
1714744800 0 0 0 0
1714737600 0 0 0 0
1714730400 0 0 0 0
1714723200 0 0 0 0
1714716000 0 0 0 0
1714708800 0 0 0 0
1714701600 0 0 0 0
1714694400 0 0 0 0
1714687200 0 0 0 0
1714680000 0 0 0 0
1714672800 0 0 0 0
1714665600 0 0 0 0
1714658400 0 0 0 0
1714651200 0 0 0 0
1714644000 0 0 0 0
1714636800 0 0 0 0
1714629600 0 0 0 0
1714622400 0 0 0 0
1714615200 0 0 0 0
1714608000 0 0 0 0
1714600800 0 0 0 0
1714593600 0 0 0 0
1714586400 0 0 0 0
1714579200 0 0 0 0
1714572000 0 0 0 0
1714564800 0 0 0 0
1714557600 0 0 0 0
1714550400 0 0 0 0
1714543200 0 0 0 0
1714536000 0 0 0 0
1714528800 0 0 0 0
1714521600 0 0 0 0
1714514400 0 0 0 0
1714507200 0 0 0 0
1714500000 0 0 0 0
1714492800 0 0 0 0
1714485600 0 0 0 0
1714478400 0 0 0 0
1714471200 0 0 0 0
1714464000 0 0 0 0
1714456800 0 0 0 0
1714449600 0 0 0 0
1714442400 0 0 0 0
1714435200 0 0 0 0
1714428000 0 0 0 0
1714420800 0 0 0 0
1714413600 0 0 0 0
1714406400 0 0 0 0
1714399200 0 0 0 0
1714392000 0 0 0 0
1714384800 0 0 0 0
1714377600 0 0 0 0
1714370400 0 0 0 0
1714363200 0 0 0 0
1714356000 0 0 0 0
1714348800 0 0 0 0
1714341600 0 0 0 0
1714334400 0 0 0 0
1714327200 0 0 0 0
1714320000 0 0 0 0
1714312800 0 0 0 0
1714305600 0 0 0 0
1714298400 0 0 0 0
1714291200 0 0 0 0
1714284000 0 0 0 0
1714276800 0 0 0 0
1714269600 0 0 0 0
1714262400 0 0 0 0
1714255200 0 0 0 0
1714248000 0 0 0 0
1714240800 0 0 0 0
1714233600 0 0 0 0
1714226400 0 0 0 0
1714219200 0 0 0 0
1714212000 0 0 0 0
1714204800 0 0 0 0
1714197600 0 0 0 0
1714190400 0 0 0 0
1714183200 0 0 0 0
1714176000 0 0 0 0
1714168800 0 0 0 0
1714161600 0 0 0 0
1714154400 0 0 0 0
1714147200 0 0 0 0
1714140000 0 0 0 0
1714132800 0 0 0 0
1714125600 0 0 0 0
1714118400 0 0 0 0
1714111200 0 0 0 0
1714104000 0 0 0 0
1714096800 0 0 0 0
1714089600 0 0 0 0
1714082400 0 0 0 0
1714075200 0 0 0 0
1714068000 0 0 0 0
1714060800 0 0 0 0
1714053600 0 0 0 0
1714046400 0 0 0 0
1714039200 0 0 0 0
1714032000 0 0 0 0
1714024800 0 0 0 0
1714017600 0 0 0 0
1714010400 0 0 0 0
1714003200 0 0 0 0
1713996000 0 0 0 0
1713988800 0 0 0 0
1713981600 0 0 0 0
1713974400 0 0 0 0
1713967200 0 0 0 0
1713960000 0 0 0 0
1713952800 0 0 0 0
1713945600 0 0 0 0
1713938400 0 0 0 0
1713931200 0 0 0 0
1713924000 0 0 0 0
1713916800 0 0 0 0
1713909600 0 0 0 0
1713902400 0 0 0 0
1713895200 0 0 0 0
1713888000 0 0 0 0
1713880800 0 0 0 0
1713873600 0 0 0 0
1713866400 0 0 0 0
1713859200 0 0 0 0
1713852000 0 0 0 0
1713844800 0 0 0 0
1713837600 0 0 0 0
1713830400 0 0 0 0
1713823200 0 0 0 0
1713816000 0 0 0 0
1713808800 0 0 0 0
1713801600 0 0 0 0
1713794400 0 0 0 0
1713787200 0 0 0 0
1713780000 0 0 0 0
1713772800 0 0 0 0
1713765600 0 0 0 0
1713758400 0 0 0 0
1713751200 0 0 0 0
1713744000 0 0 0 0
1713736800 0 0 0 0
1713729600 0 0 0 0
1713722400 0 0 0 0
1713715200 0 0 0 0
1713708000 0 0 0 0
1713700800 0 0 0 0
1713693600 0 0 0 0
1713686400 0 0 0 0
1713679200 0 0 0 0
1713672000 0 0 0 0
1713664800 0 0 0 0
1713657600 0 0 0 0
1713650400 0 0 0 0
1713643200 0 0 0 0
1713636000 0 0 0 0
1713628800 0 0 0 0
1713621600 0 0 0 0
1713614400 0 0 0 0
1713607200 0 0 0 0
1713600000 0 0 0 0
1713592800 0 0 0 0
1713585600 0 0 0 0
1713578400 0 0 0 0
1713571200 0 0 0 0
1713564000 0 0 0 0
1713556800 0 0 0 0
1713549600 0 0 0 0
1713542400 0 0 0 0
1713535200 0 0 0 0
1713528000 0 0 0 0
1713520800 0 0 0 0
1713513600 0 0 0 0
1713506400 0 0 0 0
1713499200 0 0 0 0
1713492000 0 0 0 0
1713484800 0 0 0 0
1713477600 0 0 0 0
1713470400 0 0 0 0
1713463200 0 0 0 0
1713456000 0 0 0 0
1713448800 0 0 0 0
1713441600 0 0 0 0
1713434400 0 0 0 0
1713427200 0 0 0 0
1713420000 0 0 0 0
1713412800 0 0 0 0
1713405600 0 0 0 0
1713398400 0 0 0 0
1713391200 0 0 0 0
1713384000 0 0 0 0
1713376800 0 0 0 0
1713369600 0 0 0 0
1713362400 0 0 0 0
1713355200 0 0 0 0
1713348000 0 0 0 0
1713340800 0 0 0 0
1713333600 0 0 0 0
1713326400 0 0 0 0
1713319200 0 0 0 0
1713312000 0 0 0 0
1713304800 0 0 0 0
1713297600 0 0 0 0
1713290400 0 0 0 0
1713283200 0 0 0 0
1713276000 0 0 0 0
1713268800 0 0 0 0
1713261600 0 0 0 0
1713254400 0 0 0 0
1713247200 0 0 0 0
1713240000 0 0 0 0
1713232800 0 0 0 0
1713225600 0 0 0 0
1713218400 0 0 0 0
1713211200 0 0 0 0
1713204000 0 0 0 0
1713196800 0 0 0 0
1713189600 0 0 0 0
1713182400 0 0 0 0
1713175200 0 0 0 0
1713168000 0 0 0 0
1713160800 0 0 0 0
1713153600 0 0 0 0
1713146400 0 0 0 0
1713139200 0 0 0 0
1713132000 0 0 0 0
1713124800 0 0 0 0
1713117600 0 0 0 0
1713110400 0 0 0 0
1713103200 0 0 0 0
1713096000 0 0 0 0
1713088800 0 0 0 0
1713081600 0 0 0 0
1713074400 0 0 0 0
1713067200 0 0 0 0
1713060000 0 0 0 0
1713052800 0 0 0 0
1713045600 0 0 0 0
1713038400 0 0 0 0
1713031200 0 0 0 0
1713024000 0 0 0 0
1713016800 0 0 0 0
1713009600 0 0 0 0
1713002400 0 0 0 0
1712995200 0 0 0 0
1712988000 0 0 0 0
1712980800 0 0 0 0
1712973600 0 0 0 0
1712966400 0 0 0 0
1712959200 0 0 0 0
1712952000 0 0 0 0
1712944800 0 0 0 0
1712937600 0 0 0 0
1712930400 0 0 0 0
1712923200 0 0 0 0
1712916000 0 0 0 0
1712908800 0 0 0 0
1712901600 0 0 0 0
1712894400 0 0 0 0
1712887200 0 0 0 0
1712880000 0 0 0 0
1712872800 0 0 0 0
1712865600 0 0 0 0
1712858400 0 0 0 0
1712851200 0 0 0 0
1712844000 0 0 0 0
1712836800 0 0 0 0
1712829600 0 0 0 0
1712822400 0 0 0 0
1712815200 0 0 0 0
1712808000 0 0 0 0
1712800800 0 0 0 0
1712793600 0 0 0 0
1712786400 0 0 0 0
1712779200 0 0 0 0
1712772000 0 0 0 0
1712764800 0 0 0 0
1712757600 0 0 0 0
1712750400 0 0 0 0
1712743200 0 0 0 0
1712736000 0 0 0 0
1712728800 0 0 0 0
1712721600 0 0 0 0
1712714400 0 0 0 0
1712707200 0 0 0 0
1712700000 0 0 0 0
1712692800 0 0 0 0
1712685600 0 0 0 0
1712678400 0 0 0 0
1712671200 0 0 0 0
1712664000 0 0 0 0
1712656800 0 0 0 0
1712649600 0 0 0 0
1712642400 0 0 0 0
1712635200 0 0 0 0
1712628000 0 0 0 0
1712620800 0 0 0 0
1712613600 0 0 0 0
1712606400 0 0 0 0
1712599200 0 0 0 0
1712592000 0 0 0 0
1712584800 0 0 0 0
1712577600 0 0 0 0
1712570400 0 0 0 0
1712563200 0 0 0 0
1712556000 0 0 0 0
1712548800 0 0 0 0
1712541600 0 0 0 0
1712534400 0 0 0 0
1712527200 0 0 0 0
1712520000 0 0 0 0
1712512800 0 0 0 0
1712505600 0 0 0 0
1712498400 0 0 0 0
1712491200 0 0 0 0
1712484000 0 0 0 0
1712476800 0 0 0 0
1712469600 0 0 0 0
1712462400 0 0 0 0
1712455200 0 0 0 0
1712448000 0 0 0 0
1712440800 0 0 0 0
1712433600 0 0 0 0
1712426400 0 0 0 0
1712419200 0 0 0 0
1712412000 0 0 0 0
1712404800 0 0 0 0
1712397600 0 0 0 0
1712390400 0 0 0 0
1712383200 0 0 0 0
1712376000 0 0 0 0
1712368800 0 0 0 0
1712361600 0 0 0 0
1712354400 0 0 0 0
1712347200 0 0 0 0
1712340000 0 0 0 0
1712332800 0 0 0 0
1712325600 0 0 0 0
1712318400 0 0 0 0
1712311200 0 0 0 0
1712304000 0 0 0 0
1712296800 0 0 0 0
1712289600 0 0 0 0
1712282400 0 0 0 0
1712275200 0 0 0 0
1712268000 0 0 0 0
1712260800 0 0 0 0
1712253600 0 0 0 0
1712246400 0 0 0 0
1712239200 0 0 0 0
1712232000 0 0 0 0
1712224800 0 0 0 0
1712217600 0 0 0 0
1712210400 0 0 0 0
1712203200 0 0 0 0
1712196000 0 0 0 0
1712188800 0 0 0 0
1712181600 0 0 0 0
1712174400 0 0 0 0
1712167200 0 0 0 0
1712160000 0 0 0 0
1712152800 0 0 0 0
1712145600 0 0 0 0
1712138400 0 0 0 0
1712131200 0 0 0 0
1712124000 0 0 0 0
1712116800 0 0 0 0
1712109600 0 0 0 0
1712102400 0 0 0 0
1712095200 0 0 0 0
1712088000 0 0 0 0
1712080800 0 0 0 0
1712073600 0 0 0 0
1712066400 0 0 0 0
1712059200 0 0 0 0
1712052000 0 0 0 0
1712044800 0 0 0 0
1712037600 0 0 0 0
1712030400 0 0 0 0
1712023200 0 0 0 0
1712016000 0 0 0 0
1712008800 0 0 0 0
1712001600 0 0 0 0
1711994400 0 0 0 0
1711987200 0 0 0 0
1711980000 0 0 0 0
1711972800 0 0 0 0
1711965600 0 0 0 0
1711958400 0 0 0 0
1711951200 0 0 0 0
1711944000 0 0 0 0
1711936800 0 0 0 0
1711929600 0 0 0 0
1711922400 0 0 0 0
1711915200 0 0 0 0
1711908000 0 0 0 0
1711900800 0 0 0 0
1711893600 0 0 0 0
1711886400 0 0 0 0
1711879200 0 0 0 0
1711872000 0 0 0 0
1711864800 0 0 0 0
1711857600 0 0 0 0
1711850400 0 0 0 0
1711843200 0 0 0 0
1711836000 0 0 0 0
1711828800 0 0 0 0
1711821600 0 0 0 0
1711814400 0 0 0 0
1711807200 0 0 0 0
1711800000 0 0 0 0
1711792800 0 0 0 0
1711785600 0 0 0 0
1711778400 0 0 0 0
1711771200 0 0 0 0
1711764000 0 0 0 0
1711756800 0 0 0 0
1711749600 0 0 0 0
1711742400 0 0 0 0
1711735200 0 0 0 0
1711728000 0 0 0 0
1711720800 0 0 0 0
1711713600 0 0 0 0
1711706400 0 0 0 0
1711699200 0 0 0 0
1711692000 0 0 0 0
1711684800 0 0 0 0
1711677600 0 0 0 0
1711670400 0 0 0 0
1711663200 0 0 0 0
1711656000 0 0 0 0
1711648800 0 0 0 0
1711641600 0 0 0 0
1711634400 0 0 0 0
1711627200 0 0 0 0
1711620000 0 0 0 0
1711612800 0 0 0 0
1711605600 0 0 0 0
1711598400 0 0 0 0
1711591200 0 0 0 0
1711584000 0 0 0 0
1711576800 0 0 0 0
1711569600 0 0 0 0
1711562400 0 0 0 0
1711555200 0 0 0 0
1711548000 0 0 0 0
1711540800 0 0 0 0
1711533600 0 0 0 0
1711526400 0 0 0 0
1711519200 0 0 0 0
1711512000 0 0 0 0
1711504800 0 0 0 0
1711497600 0 0 0 0
1711490400 0 0 0 0
1711483200 0 0 0 0
1711476000 0 0 0 0
1711468800 0 0 0 0
1711461600 0 0 0 0
1711454400 0 0 0 0
1711447200 0 0 0 0
1711440000 0 0 0 0
1711432800 0 0 0 0
1711425600 0 0 0 0
1711418400 0 0 0 0
1711411200 0 0 0 0
1711404000 0 0 0 0
1711396800 0 0 0 0
1711389600 0 0 0 0
1711382400 0 0 0 0
1711375200 0 0 0 0
1711368000 0 0 0 0
1711360800 0 0 0 0
1711353600 0 0 0 0
1711346400 0 0 0 0
1711339200 0 0 0 0
1711332000 0 0 0 0
1711324800 0 0 0 0
1711317600 0 0 0 0
1711310400 0 0 0 0
1711303200 0 0 0 0
1711296000 0 0 0 0
1711288800 0 0 0 0
1711281600 0 0 0 0
1711274400 0 0 0 0
1711267200 0 0 0 0
1711260000 0 0 0 0
1711252800 0 0 0 0
1711245600 0 0 0 0
1711238400 0 0 0 0
1711231200 0 0 0 0
1711224000 0 0 0 0
1711216800 0 0 0 0
1711209600 0 0 0 0
1711202400 0 0 0 0
1711195200 0 0 0 0
1711188000 0 0 0 0
1711180800 0 0 0 0
1711173600 0 0 0 0
1711166400 0 0 0 0
1711159200 0 0 0 0
1711152000 0 0 0 0
1711144800 0 0 0 0
1711137600 0 0 0 0
1711130400 0 0 0 0
1711123200 0 0 0 0
1711116000 0 0 0 0
1711108800 0 0 0 0
1711065600 0 0 0 0
1710979200 0 0 0 0
1710892800 0 0 0 0
1710806400 0 0 0 0
1710720000 0 0 0 0
1710633600 0 0 0 0
1710547200 0 0 0 0
1710460800 0 0 0 0
1710374400 0 0 0 0
1710288000 0 0 0 0
1710201600 0 0 0 0
1710115200 0 0 0 0
1710028800 0 0 0 0
1709942400 0 0 0 0
1709856000 0 0 0 0
1709769600 0 0 0 0
1709683200 0 0 0 0
1709596800 0 0 0 0
1709510400 0 0 0 0
1709424000 0 0 0 0
1709337600 0 0 0 0
1709251200 0 0 0 0
1709164800 0 0 0 0
1709078400 0 0 0 0
1708992000 0 0 0 0
1708905600 0 0 0 0
1708819200 0 0 0 0
1708732800 0 0 0 0
1708646400 0 0 0 0
1708560000 0 0 0 0
1708473600 0 0 0 0
1708387200 0 0 0 0
1708300800 0 0 0 0
1708214400 0 0 0 0
1708128000 0 0 0 0
1708041600 0 0 0 0
1707955200 0 0 0 0
1707868800 0 0 0 0
1707782400 0 0 0 0
1707696000 0 0 0 0
1707609600 0 0 0 0
1707523200 0 0 0 0
1707436800 0 0 0 0
1707350400 0 0 0 0
1707264000 0 0 0 0
1707177600 0 0 0 0
1707091200 0 0 0 0
1707004800 0 0 0 0
1706918400 0 0 0 0
1706832000 0 0 0 0
1706745600 0 0 0 0
1706659200 0 0 0 0
1706572800 0 0 0 0
1706486400 0 0 0 0
1706400000 0 0 0 0
1706313600 0 0 0 0
1706227200 0 0 0 0
1706140800 0 0 0 0
1706054400 0 0 0 0
1705968000 0 0 0 0
1705881600 0 0 0 0
1705795200 0 0 0 0
1705708800 0 0 0 0
1705622400 0 0 0 0
1705536000 0 0 0 0
1705449600 0 0 0 0
1705363200 0 0 0 0
1705276800 0 0 0 0
1705190400 0 0 0 0
1705104000 0 0 0 0
1705017600 0 0 0 0
1704931200 0 0 0 0
1704844800 0 0 0 0
1704758400 0 0 0 0
1704672000 0 0 0 0
1704585600 0 0 0 0
1704499200 0 0 0 0
1704412800 0 0 0 0
1704326400 0 0 0 0
1704240000 0 0 0 0
1704153600 0 0 0 0
1704067200 0 0 0 0
1703980800 0 0 0 0
1703894400 0 0 0 0
1703808000 0 0 0 0
1703721600 0 0 0 0
1703635200 0 0 0 0
1703548800 0 0 0 0
1703462400 0 0 0 0
1703376000 0 0 0 0
1703289600 0 0 0 0
1703203200 0 0 0 0
1703116800 0 0 0 0
1703030400 0 0 0 0
1702944000 0 0 0 0
1702857600 0 0 0 0
1702771200 0 0 0 0
1702684800 0 0 0 0
1702598400 0 0 0 0
1702512000 0 0 0 0
1702425600 0 0 0 0
1702339200 0 0 0 0
1702252800 0 0 0 0
1702166400 0 0 0 0
1702080000 0 0 0 0
1701993600 0 0 0 0
1701907200 0 0 0 0
1701820800 0 0 0 0
1701734400 0 0 0 0
1701648000 0 0 0 0
1701561600 0 0 0 0
1701475200 0 0 0 0
1701388800 0 0 0 0
1701302400 0 0 0 0
1701216000 0 0 0 0
1701129600 0 0 0 0
1701043200 0 0 0 0
1700956800 0 0 0 0
1700870400 0 0 0 0
1700784000 0 0 0 0
1700697600 0 0 0 0
1700611200 0 0 0 0
1700524800 0 0 0 0
1700438400 0 0 0 0
1700352000 0 0 0 0
1700265600 0 0 0 0
1700179200 0 0 0 0
1700092800 0 0 0 0
1700006400 0 0 0 0
1699920000 0 0 0 0
1699833600 0 0 0 0
1699747200 0 0 0 0
1699660800 0 0 0 0
1699574400 0 0 0 0
1699488000 0 0 0 0
1699401600 0 0 0 0
1699315200 0 0 0 0
1699228800 0 0 0 0
1699142400 0 0 0 0
1699056000 0 0 0 0
1698969600 0 0 0 0
1698883200 0 0 0 0
1698796800 0 0 0 0
1698710400 0 0 0 0
1698624000 0 0 0 0
1698537600 0 0 0 0
1698451200 0 0 0 0
1698364800 0 0 0 0
1698278400 0 0 0 0
1698192000 0 0 0 0
1698105600 0 0 0 0
1698019200 0 0 0 0
1697932800 0 0 0 0
1697846400 0 0 0 0
1697760000 0 0 0 0
1697673600 0 0 0 0
1697587200 0 0 0 0
1697500800 0 0 0 0
1697414400 0 0 0 0
1697328000 0 0 0 0
1697241600 0 0 0 0
1697155200 0 0 0 0
1697068800 0 0 0 0
1696982400 0 0 0 0
1696896000 0 0 0 0
1696809600 0 0 0 0
1696723200 0 0 0 0
1696636800 0 0 0 0
1696550400 0 0 0 0
1696464000 0 0 0 0
1696377600 0 0 0 0
1696291200 0 0 0 0
1696204800 0 0 0 0
1696118400 0 0 0 0
1696032000 0 0 0 0
1695945600 0 0 0 0
1695859200 0 0 0 0
1695772800 0 0 0 0
1695686400 0 0 0 0
1695600000 0 0 0 0
1695513600 0 0 0 0
1695427200 0 0 0 0
1695340800 0 0 0 0
1695254400 0 0 0 0
1695168000 0 0 0 0
1695081600 0 0 0 0
1694995200 0 0 0 0
1694908800 0 0 0 0
1694822400 0 0 0 0
1694736000 0 0 0 0
1694649600 0 0 0 0
1694563200 0 0 0 0
1694476800 0 0 0 0
1694390400 0 0 0 0
1694304000 0 0 0 0
1694217600 0 0 0 0
1694131200 0 0 0 0
1694044800 0 0 0 0
1693958400 0 0 0 0
1693872000 0 0 0 0
1693785600 0 0 0 0
1693699200 0 0 0 0
1693612800 0 0 0 0
1693526400 0 0 0 0
1693440000 0 0 0 0
1693353600 0 0 0 0
1693267200 0 0 0 0
1693180800 0 0 0 0
1693094400 0 0 0 0
1693008000 0 0 0 0
1692921600 0 0 0 0
1692835200 0 0 0 0
1692748800 0 0 0 0
1692662400 0 0 0 0
1692576000 0 0 0 0
1692489600 0 0 0 0
1692403200 0 0 0 0
1692316800 0 0 0 0
1692230400 0 0 0 0
1692144000 0 0 0 0
1692057600 0 0 0 0
1691971200 0 0 0 0
1691884800 0 0 0 0
1691798400 0 0 0 0
1691712000 0 0 0 0
1691625600 0 0 0 0
1691539200 0 0 0 0
1691452800 0 0 0 0
1691366400 0 0 0 0
1691280000 0 0 0 0
1691193600 0 0 0 0
1691107200 0 0 0 0
1691020800 0 0 0 0
1690934400 0 0 0 0
1690848000 0 0 0 0
1690761600 0 0 0 0
1690675200 0 0 0 0
1690588800 0 0 0 0
1690502400 0 0 0 0
1690416000 0 0 0 0
1690329600 0 0 0 0
1690243200 0 0 0 0
1690156800 0 0 0 0
1690070400 0 0 0 0
1689984000 0 0 0 0
1689897600 0 0 0 0
1689811200 0 0 0 0
1689724800 0 0 0 0
1689638400 0 0 0 0
1689552000 0 0 0 0
1689465600 0 0 0 0
1689379200 0 0 0 0
1689292800 0 0 0 0
1689206400 0 0 0 0
1689120000 0 0 0 0
1689033600 0 0 0 0
1688947200 0 0 0 0
1688860800 0 0 0 0
1688774400 0 0 0 0
1688688000 0 0 0 0
1688601600 0 0 0 0
1688515200 0 0 0 0
1688428800 0 0 0 0
1688342400 0 0 0 0
1688256000 0 0 0 0
1688169600 0 0 0 0
1688083200 0 0 0 0
1687996800 0 0 0 0
1687910400 0 0 0 0
1687824000 0 0 0 0
1687737600 0 0 0 0
1687651200 0 0 0 0
1687564800 0 0 0 0
1687478400 0 0 0 0
1687392000 0 0 0 0
1687305600 0 0 0 0
1687219200 0 0 0 0
1687132800 0 0 0 0
1687046400 0 0 0 0
1686960000 0 0 0 0
1686873600 0 0 0 0
1686787200 0 0 0 0
1686700800 0 0 0 0
1686614400 0 0 0 0
1686528000 0 0 0 0
1686441600 0 0 0 0
1686355200 0 0 0 0
1686268800 0 0 0 0
1686182400 0 0 0 0
1686096000 0 0 0 0
1686009600 0 0 0 0
1685923200 0 0 0 0
1685836800 0 0 0 0
1685750400 0 0 0 0
1685664000 0 0 0 0
1685577600 0 0 0 0
1685491200 0 0 0 0
1685404800 0 0 0 0
1685318400 0 0 0 0
1685232000 0 0 0 0
1685145600 0 0 0 0
1685059200 0 0 0 0
1684972800 0 0 0 0
1684886400 0 0 0 0
1684800000 0 0 0 0
1684713600 0 0 0 0
1684627200 0 0 0 0
1684540800 0 0 0 0
1684454400 0 0 0 0
1684368000 0 0 0 0
1684281600 0 0 0 0
1684195200 0 0 0 0
1684108800 0 0 0 0
1684022400 0 0 0 0
1683936000 0 0 0 0
1683849600 0 0 0 0
1683763200 0 0 0 0
1683676800 0 0 0 0
1683590400 0 0 0 0
1683504000 0 0 0 0
1683417600 0 0 0 0
1683331200 0 0 0 0
1683244800 0 0 0 0
1683158400 0 0 0 0
1683072000 0 0 0 0
1682985600 0 0 0 0
1682899200 0 0 0 0
1682812800 0 0 0 0
1682726400 0 0 0 0
1682640000 0 0 0 0
1682553600 0 0 0 0
1682467200 0 0 0 0
1682380800 0 0 0 0
1682294400 0 0 0 0
1682208000 0 0 0 0
1682121600 0 0 0 0
1682035200 0 0 0 0
1681948800 0 0 0 0
1681862400 0 0 0 0
1681776000 0 0 0 0
1681689600 0 0 0 0
1681603200 0 0 0 0
1681516800 0 0 0 0
1681430400 0 0 0 0
1681344000 0 0 0 0
1681257600 0 0 0 0
1681171200 0 0 0 0
1681084800 0 0 0 0
1680998400 0 0 0 0
1680912000 0 0 0 0
1680825600 0 0 0 0
1680739200 0 0 0 0
1680652800 0 0 0 0
1680566400 0 0 0 0
1680480000 0 0 0 0
1680393600 0 0 0 0
1680307200 0 0 0 0
1680220800 0 0 0 0
1680134400 0 0 0 0
1680048000 0 0 0 0
1679961600 0 0 0 0
1679875200 0 0 0 0
1679788800 0 0 0 0
1679702400 0 0 0 0
1679616000 0 0 0 0
1679529600 0 0 0 0
1679443200 0 0 0 0
1679356800 0 0 0 0
1679270400 0 0 0 0
1679184000 0 0 0 0
1679097600 0 0 0 0
1679011200 0 0 0 0
1678924800 0 0 0 0
1678838400 0 0 0 0
1678752000 0 0 0 0
1678665600 0 0 0 0
1678579200 0 0 0 0
1678492800 0 0 0 0
1678406400 0 0 0 0
1678320000 0 0 0 0
1678233600 0 0 0 0
1678147200 0 0 0 0
1678060800 0 0 0 0
1677974400 0 0 0 0
1677888000 0 0 0 0
1677801600 0 0 0 0
1677715200 0 0 0 0
1677628800 0 0 0 0
1677542400 0 0 0 0
1677456000 0 0 0 0
1677369600 0 0 0 0
1677283200 0 0 0 0
1677196800 0 0 0 0
1677110400 0 0 0 0
1677024000 0 0 0 0
1676937600 0 0 0 0
1676851200 0 0 0 0
1676764800 0 0 0 0
1676678400 0 0 0 0
1676592000 0 0 0 0
1676505600 0 0 0 0
1676419200 0 0 0 0
1676332800 0 0 0 0
1676246400 0 0 0 0
1676160000 0 0 0 0
1676073600 0 0 0 0
1675987200 0 0 0 0
1675900800 0 0 0 0
1675814400 0 0 0 0
1675728000 0 0 0 0
1675641600 0 0 0 0
1675555200 0 0 0 0
1675468800 0 0 0 0
1675382400 0 0 0 0
1675296000 0 0 0 0
1675209600 0 0 0 0
1675123200 0 0 0 0
1675036800 0 0 0 0
1674950400 0 0 0 0
1674864000 0 0 0 0
1674777600 0 0 0 0
1674691200 0 0 0 0
1674604800 0 0 0 0
1674518400 0 0 0 0
1674432000 0 0 0 0
1674345600 0 0 0 0
1674259200 0 0 0 0
1674172800 0 0 0 0
1674086400 0 0 0 0
1674000000 0 0 0 0
1673913600 0 0 0 0
1673827200 0 0 0 0
1673740800 0 0 0 0
1673654400 0 0 0 0
1673568000 0 0 0 0
1673481600 0 0 0 0
1673395200 0 0 0 0
1673308800 0 0 0 0
1673222400 0 0 0 0
1673136000 0 0 0 0
1673049600 0 0 0 0
1672963200 0 0 0 0
1672876800 0 0 0 0
1672790400 0 0 0 0
1672704000 0 0 0 0
1672617600 0 0 0 0
1672531200 0 0 0 0
1672444800 0 0 0 0
1672358400 0 0 0 0
1672272000 0 0 0 0
1672185600 0 0 0 0
1672099200 0 0 0 0
1672012800 0 0 0 0
1671926400 0 0 0 0
1671840000 0 0 0 0
1671753600 0 0 0 0
1671667200 0 0 0 0
1671580800 0 0 0 0
1671494400 0 0 0 0
1671408000 0 0 0 0
1671321600 0 0 0 0
1671235200 0 0 0 0
1671148800 0 0 0 0
1671062400 0 0 0 0
1670976000 0 0 0 0
1670889600 0 0 0 0
1670803200 0 0 0 0
1670716800 0 0 0 0
1670630400 0 0 0 0
1670544000 0 0 0 0
1670457600 0 0 0 0
1670371200 0 0 0 0
1670284800 0 0 0 0
1670198400 0 0 0 0
1670112000 0 0 0 0
1670025600 0 0 0 0
1669939200 0 0 0 0
1669852800 0 0 0 0
1669766400 0 0 0 0
1669680000 0 0 0 0
1669593600 0 0 0 0
1669507200 0 0 0 0
1669420800 0 0 0 0
1669334400 0 0 0 0
1669248000 0 0 0 0
1669161600 0 0 0 0
1669075200 0 0 0 0
1668988800 0 0 0 0
1668902400 0 0 0 0
1668816000 0 0 0 0
1668729600 0 0 0 0
1668643200 0 0 0 0
1668556800 0 0 0 0
1668470400 0 0 0 0
1668384000 0 0 0 0
1668297600 0 0 0 0
1668211200 0 0 0 0
1668124800 0 0 0 0
1668038400 0 0 0 0
1667952000 0 0 0 0
1667865600 0 0 0 0
1667779200 0 0 0 0
1667692800 0 0 0 0
1667606400 0 0 0 0
1667520000 0 0 0 0
1667433600 0 0 0 0
1667347200 0 0 0 0
1667260800 0 0 0 0
1667174400 0 0 0 0
1667088000 0 0 0 0
1667001600 0 0 0 0
1666915200 0 0 0 0
1666828800 0 0 0 0
1666742400 0 0 0 0
1666656000 0 0 0 0
1666569600 0 0 0 0
1666483200 0 0 0 0
1666396800 0 0 0 0
1666310400 0 0 0 0
1666224000 0 0 0 0
1666137600 0 0 0 0
1666051200 0 0 0 0
1665964800 0 0 0 0
1665878400 0 0 0 0
1665792000 0 0 0 0
1665705600 0 0 0 0
1665619200 0 0 0 0
1665532800 0 0 0 0
1665446400 0 0 0 0
1665360000 0 0 0 0
1665273600 0 0 0 0
1665187200 0 0 0 0
1665100800 0 0 0 0
1665014400 0 0 0 0
1664928000 0 0 0 0
1664841600 0 0 0 0
1664755200 0 0 0 0
1664668800 0 0 0 0
1664582400 0 0 0 0
1664496000 0 0 0 0
1664409600 0 0 0 0
1664323200 0 0 0 0
1664236800 0 0 0 0
1664150400 0 0 0 0
1664064000 0 0 0 0
1663977600 0 0 0 0
1663891200 0 0 0 0
1663804800 0 0 0 0
1663718400 0 0 0 0
1663632000 0 0 0 0
1663545600 0 0 0 0
1663459200 0 0 0 0
1663372800 0 0 0 0
1663286400 0 0 0 0
1663200000 0 0 0 0
1663113600 0 0 0 0
1663027200 0 0 0 0
1662940800 0 0 0 0
1662854400 0 0 0 0
1662768000 0 0 0 0
1662681600 0 0 0 0
1662595200 0 0 0 0
1662508800 0 0 0 0
1662422400 0 0 0 0
1662336000 0 0 0 0
1662249600 0 0 0 0
1662163200 0 0 0 0
1662076800 0 0 0 0
1661990400 0 0 0 0
1661904000 0 0 0 0
1661817600 0 0 0 0
1661731200 0 0 0 0
1661644800 0 0 0 0
1661558400 0 0 0 0
1661472000 0 0 0 0
1661385600 0 0 0 0
1661299200 0 0 0 0
1661212800 0 0 0 0
1661126400 0 0 0 0
1661040000 0 0 0 0
1660953600 0 0 0 0
1660867200 0 0 0 0
1660780800 0 0 0 0
1660694400 0 0 0 0
1660608000 0 0 0 0
1660521600 0 0 0 0
1660435200 0 0 0 0
1660348800 0 0 0 0
1660262400 0 0 0 0
1660176000 0 0 0 0
1660089600 0 0 0 0
1660003200 0 0 0 0
1659916800 0 0 0 0
1659830400 0 0 0 0
1659744000 0 0 0 0
1659657600 0 0 0 0
1659571200 0 0 0 0
1659484800 0 0 0 0
1659398400 0 0 0 0
1659312000 0 0 0 0
1659225600 0 0 0 0
1659139200 0 0 0 0
1659052800 0 0 0 0
1658966400 0 0 0 0
1658880000 0 0 0 0
1658793600 0 0 0 0
1658707200 0 0 0 0
1658620800 0 0 0 0
1658534400 0 0 0 0
1658448000 0 0 0 0
1658361600 0 0 0 0
1658275200 0 0 0 0
1658188800 0 0 0 0
1658102400 0 0 0 0
1658016000 0 0 0 0
1657929600 0 0 0 0
1657843200 0 0 0 0
1657756800 0 0 0 0
1657670400 0 0 0 0
1657584000 0 0 0 0
1657497600 0 0 0 0
1657411200 0 0 0 0
1657324800 0 0 0 0
1657238400 0 0 0 0
1657152000 0 0 0 0
1657065600 0 0 0 0
1656979200 0 0 0 0
1656892800 0 0 0 0
1656806400 0 0 0 0
1656720000 0 0 0 0
1656633600 0 0 0 0
1656547200 0 0 0 0
1656460800 0 0 0 0
1656374400 0 0 0 0
1656288000 0 0 0 0
1656201600 0 0 0 0
1656115200 0 0 0 0
1656028800 0 0 0 0
1655942400 0 0 0 0
1655856000 0 0 0 0
1655769600 0 0 0 0
1655683200 0 0 0 0
1655596800 0 0 0 0
1655510400 0 0 0 0
1655424000 0 0 0 0
1655337600 0 0 0 0
1655251200 0 0 0 0
1655164800 0 0 0 0
1655078400 0 0 0 0
1654992000 0 0 0 0
1654905600 0 0 0 0
1654819200 0 0 0 0
1654732800 0 0 0 0
1654646400 0 0 0 0
1654560000 0 0 0 0
1654473600 0 0 0 0
1654387200 0 0 0 0
1654300800 0 0 0 0
1654214400 0 0 0 0
1654128000 0 0 0 0
1654041600 0 0 0 0
1653955200 0 0 0 0
1653868800 0 0 0 0
1653782400 0 0 0 0
1653696000 0 0 0 0
1653609600 0 0 0 0
1653523200 0 0 0 0
1653436800 0 0 0 0
1653350400 0 0 0 0
1653264000 0 0 0 0
1653177600 0 0 0 0
1653091200 0 0 0 0
1653004800 0 0 0 0
1652918400 0 0 0 0
1652832000 0 0 0 0
1652745600 0 0 0 0
1652659200 0 0 0 0
1652572800 0 0 0 0
1652486400 0 0 0 0
1652400000 0 0 0 0
1652313600 0 0 0 0
1652227200 0 0 0 0
1652140800 0 0 0 0
1652054400 0 0 0 0
1651968000 0 0 0 0
1651881600 0 0 0 0
1651795200 0 0 0 0
1651708800 0 0 0 0
1651622400 0 0 0 0
1651536000 0 0 0 0
1651449600 0 0 0 0
1651363200 0 0 0 0
1651276800 0 0 0 0
1651190400 0 0 0 0
1651104000 0 0 0 0
1651017600 0 0 0 0
1650931200 0 0 0 0
1650844800 0 0 0 0
1650758400 0 0 0 0
1650672000 0 0 0 0
1650585600 0 0 0 0
1650499200 0 0 0 0
1650412800 0 0 0 0
1650326400 0 0 0 0
1650240000 0 0 0 0
1650153600 0 0 0 0
1650067200 0 0 0 0
1649980800 0 0 0 0
1649894400 0 0 0 0
1649808000 0 0 0 0
1649721600 0 0 0 0
1649635200 0 0 0 0
1649548800 0 0 0 0
1649462400 0 0 0 0
1649376000 0 0 0 0
1649289600 0 0 0 0
1649203200 0 0 0 0
1649116800 0 0 0 0
1649030400 0 0 0 0
1648944000 0 0 0 0
1648857600 0 0 0 0
1648771200 0 0 0 0
1648684800 0 0 0 0
1648598400 0 0 0 0
1648512000 0 0 0 0
1648425600 0 0 0 0
1648339200 0 0 0 0
1648252800 0 0 0 0
1648166400 0 0 0 0
1648080000 0 0 0 0
1647993600 0 0 0 0
1647907200 0 0 0 0
