2023/11/20 12:00:48: .....done mrtgrun.vbs with copied copymrtg.cfg.....
2023/11/20 12:18:29: .....done mrtgrun.vbs with copied copymrtg.cfg.....
2023/11/20 21:03:16: .....done mrtgrun.vbs with copied copymrtg.cfg.....
2023/11/20 21:03:17: .....vslogmake.vbs enter.....
2023/11/20 21:03:17: .....vslogmake.vbs call begin vslogcopy.vbs .....
2023/11/20 21:03:17: .....192.168.1.155 vslogcopy.vbs enter.....
2023/11/20 21:03:17: .....192.168.1.155 vslogcopy.vbs exit.....
2023/11/20 21:03:17: .....vslogmake.vbs call end vslogcopy.vbs .....
2023/11/20 21:03:17: .....vslogmake.vbs call begin vslogcheck.vbs .....
2023/11/20 21:03:17: .....192.168.1.155 vslogcheck.vbs enter.....
2023/11/20 21:03:17: .....192.168.1.155 vslogcheck.vbs exit.....
2023/11/20 21:03:17: .....vslogmake.vbs call end vslogcheck.vbs .....
2023/11/20 21:03:20: .....vslogmake.vbs call begin vsadmake.vbs .....
2023/11/20 21:03:20: .....192.168.1.155 vsadmake.vbs enter.....
2023/11/20 21:03:20: .....192.168.1.155 vsadmake.vbs exit.....
2023/11/20 21:03:20: .....vslogmake.vbs call end vsadmake.vbs .....
2023/11/20 21:03:20: .....vslogmake.vbs call begin vsokmake.vbs .....
2023/11/20 21:03:20: .....192.168.1.155 vsokmake.vbs enter.....
2023/11/20 21:03:20: .....vsokmake.vbs call begin mkplot.vbs .....
2023/11/20 21:03:20: .....vsokmake.vbs call end mkplot.vbs .....
2023/11/20 21:03:20: .....192.168.1.155 plot success.....
2023/11/20 21:03:20: .....192.168.1.155 vsokmake.vbs exit.....
2023/11/20 21:03:20: .....vslogmake.vbs call end vsokmake.vbs .....
2023/11/20 21:03:22: .....vslogmake.vbs exit.....
2023/11/20 21:07:22: .....done mrtgrun.vbs with copied copymrtg.cfg.....
2023/11/20 21:07:22: .....vslogmake.vbs enter.....
2023/11/20 21:07:23: .....vslogmake.vbs call begin vslogcopy.vbs .....
2023/11/20 21:07:23: .....192.168.1.155 vslogcopy.vbs enter.....
2023/11/20 21:07:23: .....192.168.1.155 vslogcopy.vbs exit.....
2023/11/20 21:07:23: .....vslogmake.vbs call end vslogcopy.vbs .....
2023/11/20 21:07:23: .....vslogmake.vbs call begin vslogcheck.vbs .....
2023/11/20 21:07:23: .....192.168.1.155 vslogcheck.vbs enter.....
2023/11/20 21:07:23: .....192.168.1.155 vslogcheck.vbs exit.....
2023/11/20 21:07:23: .....vslogmake.vbs call end vslogcheck.vbs .....
2023/11/20 21:07:24: .....vslogmake.vbs call begin vsadmake.vbs .....
2023/11/20 21:07:25: .....192.168.1.155 vsadmake.vbs enter.....
2023/11/20 21:07:25: .....192.168.1.155 vsadmake.vbs exit.....
2023/11/20 21:07:25: .....vslogmake.vbs call end vsadmake.vbs .....
2023/11/20 21:07:25: .....vslogmake.vbs call begin vsokmake.vbs .....
2023/11/20 21:07:25: .....192.168.1.155 vsokmake.vbs enter.....
2023/11/20 21:07:25: .....vsokmake.vbs call begin mkplot.vbs .....
2023/11/20 21:07:25: .....vsokmake.vbs call end mkplot.vbs .....
2023/11/20 21:07:25: .....192.168.1.155 plot success.....
2023/11/20 21:07:25: .....192.168.1.155 vsokmake.vbs exit.....
2023/11/20 21:07:25: .....vslogmake.vbs call end vsokmake.vbs .....
2023/11/20 21:07:26: .....vslogmake.vbs exit.....
2023/11/20 21:11:27: .....done mrtgrun.vbs with copied copymrtg.cfg.....
2023/11/20 21:11:27: .....vslogmake.vbs enter.....
2023/11/20 21:11:27: .....vslogmake.vbs call begin vslogcopy.vbs .....
2023/11/20 21:11:27: .....192.168.1.155 vslogcopy.vbs enter.....
2023/11/20 21:11:27: .....192.168.1.155 vslogcopy.vbs exit.....
2023/11/20 21:11:27: .....vslogmake.vbs call end vslogcopy.vbs .....
2023/11/20 21:11:27: .....vslogmake.vbs call begin vslogcheck.vbs .....
2023/11/20 21:11:27: .....192.168.1.155 vslogcheck.vbs enter.....
2023/11/20 21:11:27: .....192.168.1.155 vslogcheck.vbs exit.....
2023/11/20 21:11:27: .....vslogmake.vbs call end vslogcheck.vbs .....
2023/11/20 21:11:29: .....vslogmake.vbs call begin vsadmake.vbs .....
2023/11/20 21:11:29: .....192.168.1.155 vsadmake.vbs enter.....
2023/11/20 21:11:29: .....192.168.1.155 vsadmake.vbs exit.....
2023/11/20 21:11:29: .....vslogmake.vbs call end vsadmake.vbs .....
2023/11/20 21:11:29: .....vslogmake.vbs call begin vsokmake.vbs .....
2023/11/20 21:11:29: .....192.168.1.155 vsokmake.vbs enter.....
2023/11/20 21:11:29: .....vsokmake.vbs call begin mkplot.vbs .....
2023/11/20 21:11:30: .....vsokmake.vbs call end mkplot.vbs .....
2023/11/20 21:11:30: .....192.168.1.155 plot success.....
2023/11/20 21:11:30: .....192.168.1.155 vsokmake.vbs exit.....
2023/11/20 21:11:30: .....vslogmake.vbs call end vsokmake.vbs .....
2023/11/20 21:11:31: .....vslogmake.vbs exit.....
2023/11/20 21:15:31: .....done mrtgrun.vbs with copied copymrtg.cfg.....
2023/11/20 21:15:31: .....vslogmake.vbs enter.....
2023/11/20 21:15:32: .....vslogmake.vbs call begin vslogcopy.vbs .....
2023/11/20 21:15:32: .....192.168.1.155 vslogcopy.vbs enter.....
2023/11/20 21:15:32: .....192.168.1.155 vslogcopy.vbs exit.....
2023/11/20 21:15:32: .....vslogmake.vbs call end vslogcopy.vbs .....
2023/11/20 21:15:32: .....vslogmake.vbs call begin vslogcheck.vbs .....
2023/11/20 21:15:32: .....192.168.1.155 vslogcheck.vbs enter.....
2023/11/20 21:15:32: .....192.168.1.155 vslogcheck.vbs exit.....
2023/11/20 21:15:32: .....vslogmake.vbs call end vslogcheck.vbs .....
2023/11/20 21:15:33: .....vslogmake.vbs call begin vsadmake.vbs .....
2023/11/20 21:15:34: .....192.168.1.155 vsadmake.vbs enter.....
2023/11/20 21:15:34: .....192.168.1.155 vsadmake.vbs exit.....
2023/11/20 21:15:34: .....vslogmake.vbs call end vsadmake.vbs .....
2023/11/20 21:15:34: .....vslogmake.vbs call begin vsokmake.vbs .....
2023/11/20 21:15:34: .....192.168.1.155 vsokmake.vbs enter.....
2023/11/20 21:15:34: .....vsokmake.vbs call begin mkplot.vbs .....
2023/11/20 21:15:34: .....vsokmake.vbs call end mkplot.vbs .....
2023/11/20 21:15:34: .....192.168.1.155 plot success.....
2023/11/20 21:15:34: .....192.168.1.155 vsokmake.vbs exit.....
2023/11/20 21:15:34: .....vslogmake.vbs call end vsokmake.vbs .....
2023/11/20 21:15:36: .....vslogmake.vbs exit.....
2023/11/20 21:19:36: .....done mrtgrun.vbs with copied copymrtg.cfg.....
2023/11/20 21:19:36: .....vslogmake.vbs enter.....
2023/11/20 21:19:36: .....vslogmake.vbs call begin vslogcopy.vbs .....
2023/11/20 21:19:36: .....192.168.1.155 vslogcopy.vbs enter.....
2023/11/20 21:19:36: .....192.168.1.155 vslogcopy.vbs exit.....
2023/11/20 21:19:36: .....vslogmake.vbs call end vslogcopy.vbs .....
2023/11/20 21:19:36: .....vslogmake.vbs call begin vslogcheck.vbs .....
2023/11/20 21:19:36: .....192.168.1.155 vslogcheck.vbs enter.....
2023/11/20 21:19:36: .....192.168.1.155 vslogcheck.vbs exit.....
2023/11/20 21:19:36: .....vslogmake.vbs call end vslogcheck.vbs .....
2023/11/20 21:19:38: .....vslogmake.vbs call begin vsadmake.vbs .....
2023/11/20 21:19:38: .....192.168.1.155 vsadmake.vbs enter.....
2023/11/20 21:19:38: .....192.168.1.155 vsadmake.vbs exit.....
2023/11/20 21:19:38: .....vslogmake.vbs call end vsadmake.vbs .....
2023/11/20 21:19:38: .....vslogmake.vbs call begin vsokmake.vbs .....
2023/11/20 21:19:38: .....192.168.1.155 vsokmake.vbs enter.....
2023/11/20 21:19:38: .....vsokmake.vbs call begin mkplot.vbs .....
2023/11/20 21:19:38: .....vsokmake.vbs call end mkplot.vbs .....
2023/11/20 21:19:38: .....192.168.1.155 plot success.....
2023/11/20 21:19:38: .....192.168.1.155 vsokmake.vbs exit.....
2023/11/20 21:19:38: .....vslogmake.vbs call end vsokmake.vbs .....
2023/11/20 21:19:40: .....vslogmake.vbs exit.....
2023/11/20 21:23:40: .....done mrtgrun.vbs with copied copymrtg.cfg.....
2023/11/20 21:23:40: .....vslogmake.vbs enter.....
2023/11/20 21:23:40: .....vslogmake.vbs call begin vslogcopy.vbs .....
2023/11/20 21:23:41: .....192.168.1.155 vslogcopy.vbs enter.....
2023/11/20 21:23:41: .....192.168.1.155 vslogcopy.vbs exit.....
2023/11/20 21:23:41: .....vslogmake.vbs call end vslogcopy.vbs .....
2023/11/20 21:23:41: .....vslogmake.vbs call begin vslogcheck.vbs .....
2023/11/20 21:23:41: .....192.168.1.155 vslogcheck.vbs enter.....
2023/11/20 21:23:41: .....192.168.1.155 vslogcheck.vbs exit.....
2023/11/20 21:23:41: .....vslogmake.vbs call end vslogcheck.vbs .....
2023/11/20 21:23:43: .....vslogmake.vbs call begin vsadmake.vbs .....
2023/11/20 21:23:43: .....192.168.1.155 vsadmake.vbs enter.....
2023/11/20 21:23:43: .....192.168.1.155 vsadmake.vbs exit.....
2023/11/20 21:23:43: .....vslogmake.vbs call end vsadmake.vbs .....
2023/11/20 21:23:43: .....vslogmake.vbs call begin vsokmake.vbs .....
2023/11/20 21:23:43: .....192.168.1.155 vsokmake.vbs enter.....
2023/11/20 21:23:43: .....vsokmake.vbs call begin mkplot.vbs .....
2023/11/20 21:23:43: .....vsokmake.vbs call end mkplot.vbs .....
2023/11/20 21:23:43: .....192.168.1.155 plot success.....
2023/11/20 21:23:43: .....192.168.1.155 vsokmake.vbs exit.....
2023/11/20 21:23:43: .....vslogmake.vbs call end vsokmake.vbs .....
2023/11/20 21:23:45: .....vslogmake.vbs exit.....
2023/11/20 21:27:45: .....done mrtgrun.vbs with copied copymrtg.cfg.....
2023/11/20 21:27:45: .....vslogmake.vbs enter.....
2023/11/20 21:27:45: .....vslogmake.vbs call begin vslogcopy.vbs .....
2023/11/20 21:27:45: .....192.168.1.155 vslogcopy.vbs enter.....
2023/11/20 21:27:45: .....192.168.1.155 vslogcopy.vbs exit.....
2023/11/20 21:27:45: .....vslogmake.vbs call end vslogcopy.vbs .....
2023/11/20 21:27:45: .....vslogmake.vbs call begin vslogcheck.vbs .....
2023/11/20 21:27:45: .....192.168.1.155 vslogcheck.vbs enter.....
2023/11/20 21:27:45: .....192.168.1.155 vslogcheck.vbs exit.....
2023/11/20 21:27:45: .....vslogmake.vbs call end vslogcheck.vbs .....
2023/11/20 21:27:47: .....vslogmake.vbs call begin vsadmake.vbs .....
2023/11/20 21:27:47: .....192.168.1.155 vsadmake.vbs enter.....
2023/11/20 21:27:47: .....192.168.1.155 vsadmake.vbs exit.....
2023/11/20 21:27:47: .....vslogmake.vbs call end vsadmake.vbs .....
2023/11/20 21:27:47: .....vslogmake.vbs call begin vsokmake.vbs .....
2023/11/20 21:27:47: .....192.168.1.155 vsokmake.vbs enter.....
2023/11/20 21:27:47: .....vsokmake.vbs call begin mkplot.vbs .....
2023/11/20 21:27:48: .....vsokmake.vbs call end mkplot.vbs .....
2023/11/20 21:27:48: .....192.168.1.155 plot success.....
2023/11/20 21:27:48: .....192.168.1.155 vsokmake.vbs exit.....
2023/11/20 21:27:48: .....vslogmake.vbs call end vsokmake.vbs .....
2023/11/20 21:27:49: .....vslogmake.vbs exit.....
2023/11/20 21:31:49: .....done mrtgrun.vbs with copied copymrtg.cfg.....
2023/11/20 21:31:49: .....vslogmake.vbs enter.....
2023/11/20 21:31:50: .....vslogmake.vbs call begin vslogcopy.vbs .....
2023/11/20 21:31:50: .....192.168.1.155 vslogcopy.vbs enter.....
2023/11/20 21:31:50: .....192.168.1.155 vslogcopy.vbs exit.....
2023/11/20 21:31:50: .....vslogmake.vbs call end vslogcopy.vbs .....
2023/11/20 21:31:50: .....vslogmake.vbs call begin vslogcheck.vbs .....
2023/11/20 21:31:50: .....192.168.1.155 vslogcheck.vbs enter.....
2023/11/20 21:31:50: .....192.168.1.155 vslogcheck.vbs exit.....
2023/11/20 21:31:50: .....vslogmake.vbs call end vslogcheck.vbs .....
2023/11/20 21:31:52: .....vslogmake.vbs call begin vsadmake.vbs .....
2023/11/20 21:31:52: .....192.168.1.155 vsadmake.vbs enter.....
2023/11/20 21:31:52: .....192.168.1.155 vsadmake.vbs exit.....
2023/11/20 21:31:52: .....vslogmake.vbs call end vsadmake.vbs .....
2023/11/20 21:31:52: .....vslogmake.vbs call begin vsokmake.vbs .....
2023/11/20 21:31:52: .....192.168.1.155 vsokmake.vbs enter.....
2023/11/20 21:31:52: .....vsokmake.vbs call begin mkplot.vbs .....
2023/11/20 21:31:52: .....vsokmake.vbs call end mkplot.vbs .....
2023/11/20 21:31:52: .....192.168.1.155 plot success.....
2023/11/20 21:31:52: .....192.168.1.155 vsokmake.vbs exit.....
2023/11/20 21:31:52: .....vslogmake.vbs call end vsokmake.vbs .....
2023/11/20 21:31:53: .....vslogmake.vbs exit.....
2023/11/20 21:35:54: .....done mrtgrun.vbs with copied copymrtg.cfg.....
2023/11/20 21:35:54: .....vslogmake.vbs enter.....
2023/11/20 21:35:54: .....vslogmake.vbs call begin vslogcopy.vbs .....
2023/11/20 21:35:54: .....192.168.1.155 vslogcopy.vbs enter.....
2023/11/20 21:35:54: .....192.168.1.155 vslogcopy.vbs exit.....
2023/11/20 21:35:54: .....vslogmake.vbs call end vslogcopy.vbs .....
2023/11/20 21:35:54: .....vslogmake.vbs call begin vslogcheck.vbs .....
2023/11/20 21:35:54: .....192.168.1.155 vslogcheck.vbs enter.....
2023/11/20 21:35:54: .....192.168.1.155 vslogcheck.vbs exit.....
2023/11/20 21:35:54: .....vslogmake.vbs call end vslogcheck.vbs .....
2023/11/20 21:35:56: .....vslogmake.vbs call begin vsadmake.vbs .....
2023/11/20 21:35:56: .....192.168.1.155 vsadmake.vbs enter.....
2023/11/20 21:35:56: .....192.168.1.155 vsadmake.vbs exit.....
2023/11/20 21:35:56: .....vslogmake.vbs call end vsadmake.vbs .....
2023/11/20 21:35:56: .....vslogmake.vbs call begin vsokmake.vbs .....
2023/11/20 21:35:56: .....192.168.1.155 vsokmake.vbs enter.....
2023/11/20 21:35:56: .....vsokmake.vbs call begin mkplot.vbs .....
2023/11/20 21:35:57: .....vsokmake.vbs call end mkplot.vbs .....
2023/11/20 21:35:57: .....192.168.1.155 plot success.....
2023/11/20 21:35:57: .....192.168.1.155 vsokmake.vbs exit.....
2023/11/20 21:35:57: .....vslogmake.vbs call end vsokmake.vbs .....
2023/11/20 21:35:58: .....vslogmake.vbs exit.....
