1716589715 28 100
1716589715 28 100 28 100
1716589587 27 100 27 100
1716589500 27 100 28 100
1716589200 27 100 28 100
1716588900 27 100 28 100
1716588600 27 100 28 100
1716588300 27 100 28 100
1716588000 26 100 26 100
1716587700 25 100 26 100
1716587400 25 100 25 100
1716587100 25 100 25 100
1716586800 25 100 25 100
1716586500 25 100 25 100
1716586200 25 100 25 100
1716585900 25 100 25 100
1716585600 25 100 25 100
1716585300 25 100 25 100
1716585000 25 100 25 100
1716584700 25 100 25 100
1716584400 25 100 25 100
1716584100 24 100 25 100
1716583800 23 100 23 100
1716583500 23 100 23 100
1716583200 23 100 23 100
1716582900 23 100 23 100
1716582600 23 100 23 100
1716582300 23 100 23 100
1716582000 23 100 23 100
1716581700 23 100 23 100
1716581400 23 100 23 100
1716581100 23 100 23 100
1716580800 23 100 23 100
1716580500 23 100 23 100
1716580200 23 100 23 100
1716579900 23 100 23 100
1716579600 23 100 23 100
1716579300 23 100 23 100
1716579000 23 100 23 100
1716578700 23 100 23 100
1716578400 23 100 23 100
1716578100 23 100 23 100
1716577800 23 100 23 100
1716577500 23 100 23 100
1716577200 23 100 23 100
1716576900 23 100 23 100
1716576600 23 100 23 100
1716576300 23 100 23 100
1716576000 23 100 23 100
1716575700 23 100 23 100
1716575400 23 100 23 100
1716575100 23 100 23 100
1716574800 23 100 23 100
1716574500 23 100 23 100
1716574200 23 100 23 100
1716573900 23 100 23 100
1716573600 23 100 23 100
1716573300 23 100 23 100
1716573000 23 100 23 100
1716572700 23 100 23 100
1716572400 23 100 23 100
1716572100 23 100 23 100
1716571800 23 100 23 100
1716571500 23 100 23 100
1716571200 23 100 23 100
1716570900 23 100 23 100
1716570600 23 100 23 100
1716570300 23 100 23 100
1716570000 23 100 23 100
1716569700 23 100 23 100
1716569400 23 100 23 100
1716569100 23 100 23 100
1716568800 23 100 23 100
1716568500 23 100 23 100
1716568200 23 100 23 100
1716567900 23 100 23 100
1716567600 23 100 23 100
1716567300 23 100 23 100
1716567000 23 100 23 100
1716566700 23 100 23 100
1716566400 23 100 23 100
1716566100 23 100 23 100
1716565800 23 100 23 100
1716565500 23 100 23 100
1716565200 23 100 23 100
1716564900 23 100 23 100
1716564600 23 100 23 100
1716564300 23 100 23 100
1716564000 23 100 23 100
1716563700 23 100 23 100
1716563400 23 100 23 100
1716563100 23 100 23 100
1716562800 23 100 23 100
1716562500 23 100 23 100
1716562200 23 100 23 100
1716561900 23 100 23 100
1716561600 23 100 23 100
1716561300 23 100 23 100
1716561000 23 100 23 100
1716560700 23 100 23 100
1716560400 23 100 23 100
1716560100 23 100 23 100
1716559800 23 100 23 100
1716559500 23 100 23 100
1716559200 23 100 23 100
1716558900 23 100 23 100
1716558600 23 100 23 100
1716558300 23 100 23 100
1716558000 23 100 23 100
1716557700 23 100 23 100
1716557400 23 100 23 100
1716557100 23 100 23 100
1716556800 23 100 23 100
1716556500 23 100 23 100
1716556200 23 100 23 100
1716555900 23 100 23 100
1716555600 23 100 23 100
1716555300 23 100 23 100
1716555000 23 100 23 100
1716554700 23 100 23 100
1716554400 23 100 23 100
1716554100 23 100 23 100
1716553800 23 100 23 100
1716553500 22 100 23 100
1716553200 22 100 22 100
1716552900 22 100 22 100
1716552600 22 100 22 100
1716552300 22 100 23 100
1716552000 23 100 23 100
1716551700 22 100 23 100
1716551400 22 100 22 100
1716551100 22 100 22 100
1716550800 22 100 22 100
1716550500 22 100 22 100
1716550200 22 100 22 100
1716549900 22 100 22 100
1716549600 22 100 22 100
1716549300 22 100 23 100
1716549000 23 100 23 100
1716548700 23 100 23 100
1716548400 23 100 23 100
1716548100 23 100 24 100
1716547800 24 100 24 100
1716547500 23 100 24 100
1716547200 23 100 23 100
1716546900 23 100 23 100
1716546600 23 100 23 100
1716546300 23 100 23 100
1716546000 23 100 23 100
1716545700 23 100 23 100
1716545400 23 100 23 100
1716545100 23 100 23 100
1716544800 23 100 23 100
1716544500 23 100 23 100
1716544200 23 100 23 100
1716543900 23 100 23 100
1716543600 23 100 23 100
1716543300 23 100 23 100
1716543000 23 100 24 100
1716542700 23 100 24 100
1716542400 24 100 24 100
1716542100 25 100 27 100
1716541800 26 100 27 100
1716541500 26 100 27 100
1716541200 26 100 27 100
1716540900 26 100 27 100
1716540600 25 100 27 100
1716540300 25 100 27 100
1716540000 24 100 27 100
1716539700 23 100 25 100
1716539400 23 100 23 100
1716539100 22 100 23 100
1716538800 22 100 22 100
1716538500 22 100 22 100
1716538200 22 100 22 100
1716537900 22 100 22 100
1716537600 22 100 22 100
1716537300 22 100 22 100
1716537000 22 100 22 100
1716536700 22 100 22 100
1716536400 22 100 22 100
1716536100 22 100 22 100
1716535800 22 100 22 100
1716535500 22 100 22 100
1716535200 22 100 22 100
1716534900 22 100 22 100
1716534600 22 100 22 100
1716534300 22 100 22 100
1716534000 22 100 22 100
1716533700 22 100 22 100
1716533400 22 100 22 100
1716533100 22 100 22 100
1716532800 22 100 22 100
1716532500 21 100 22 100
1716532200 21 100 21 100
1716531900 21 100 21 100
1716531600 21 100 21 100
1716531300 21 100 21 100
1716531000 21 100 21 100
1716530700 21 100 21 100
1716530400 21 100 21 100
1716530100 21 100 21 100
1716529800 21 100 21 100
1716529500 21 100 21 100
1716529200 21 100 21 100
1716528900 21 100 21 100
1716528600 21 100 21 100
1716528300 21 100 21 100
1716528000 21 100 21 100
1716527700 21 100 25 100
1716527400 25 100 25 100
1716527100 25 100 26 100
1716526800 26 100 26 100
1716526500 26 100 27 100
1716526200 27 100 27 100
1716525900 27 100 27 100
1716525600 27 100 27 100
1716525300 27 100 27 100
1716525000 27 100 27 100
1716524700 27 100 27 100
1716524400 27 100 27 100
1716524100 27 100 27 100
1716523800 27 100 27 100
1716523500 27 100 27 100
1716523200 27 100 27 100
1716522900 27 100 27 100
1716522600 27 100 27 100
1716522300 27 100 27 100
1716522000 27 100 27 100
1716521700 27 100 27 100
1716521400 27 100 27 100
1716521100 27 100 27 100
1716520800 27 100 27 100
1716520500 27 100 27 100
1716520200 27 100 27 100
1716519900 27 100 27 100
1716519600 27 100 27 100
1716519300 27 100 27 100
1716519000 27 100 27 100
1716518700 26 100 27 100
1716518400 25 100 25 100
1716518100 25 100 25 100
1716517800 25 100 25 100
1716517500 25 100 25 100
1716517200 25 100 25 100
1716516900 25 100 25 100
1716516600 25 100 25 100
1716516300 25 100 25 100
1716516000 25 100 25 100
1716515700 25 100 25 100
1716515400 25 100 25 100
1716515100 25 100 25 100
1716514800 25 100 25 100
1716514500 25 100 25 100
1716514200 25 100 25 100
1716513900 25 100 25 100
1716513600 25 100 25 100
1716513300 26 100 33 100
1716513000 33 100 33 100
1716512700 32 100 33 100
1716512400 32 100 32 100
1716512100 33 100 38 100
1716511800 38 100 38 100
1716511500 35 100 38 100
1716511200 27 100 27 100
1716510900 27 100 28 100
1716510600 28 100 28 100
1716510300 27 100 28 100
1716510000 27 100 27 100
1716509700 27 100 27 100
1716509400 27 100 27 100
1716509100 27 100 27 100
1716508800 27 100 27 100
1716508500 27 100 27 100
1716508200 27 100 27 100
1716507900 27 100 27 100
1716507600 27 100 27 100
1716507300 27 100 27 100
1716507000 27 100 27 100
1716506700 27 100 27 100
1716506400 27 100 27 100
1716506100 27 100 27 100
1716505800 27 100 27 100
1716505500 27 100 27 100
1716505200 27 100 27 100
1716504900 27 100 27 100
1716504600 27 100 27 100
1716504300 27 100 27 100
1716504000 27 100 27 100
1716503700 27 100 27 100
1716503400 27 100 27 100
1716503100 27 100 27 100
1716502800 27 100 27 100
1716502500 27 100 27 100
1716502200 27 100 27 100
1716501900 27 100 27 100
1716501600 27 100 27 100
1716501300 27 100 27 100
1716501000 27 100 27 100
1716500700 27 100 28 100
1716500400 28 100 28 100
1716500100 27 100 28 100
1716499800 27 100 27 100
1716499500 27 100 27 100
1716499200 27 100 27 100
1716498900 27 100 27 100
1716498600 27 100 27 100
1716498300 26 100 27 100
1716498000 24 100 24 100
1716497700 24 100 24 100
1716497400 24 100 24 100
1716497100 24 100 24 100
1716496800 24 100 24 100
1716496500 24 100 24 100
1716496200 24 100 24 100
1716495900 26 100 35 100
1716495600 35 100 35 100
1716495300 35 100 35 100
1716495000 35 100 35 100
1716494700 35 100 35 100
1716494400 35 100 35 100
1716494100 35 100 35 100
1716493800 35 100 35 100
1716493500 35 100 35 100
1716493200 35 100 35 100
1716492900 35 100 35 100
1716492600 35 100 35 100
1716492300 35 100 35 100
1716492000 35 100 35 100
1716491700 35 100 35 100
1716491400 35 100 35 100
1716491100 35 100 35 100
1716490800 35 100 35 100
1716490500 35 100 35 100
1716490200 35 100 35 100
1716489900 35 100 35 100
1716489600 35 100 35 100
1716489300 35 100 35 100
1716489000 35 100 35 100
1716488700 35 100 35 100
1716488400 35 100 35 100
1716488100 35 100 35 100
1716487800 35 100 35 100
1716487500 35 100 35 100
1716487200 35 100 35 100
1716486900 35 100 35 100
1716486600 35 100 35 100
1716486300 35 100 35 100
1716486000 35 100 35 100
1716485700 35 100 35 100
1716485400 35 100 35 100
1716485100 35 100 35 100
1716484800 35 100 35 100
1716484500 35 100 35 100
1716484200 35 100 35 100
1716483900 35 100 35 100
1716483600 35 100 35 100
1716483300 35 100 35 100
1716483000 35 100 35 100
1716482700 35 100 35 100
1716482400 35 100 35 100
1716482100 35 100 35 100
1716481800 35 100 35 100
1716481500 35 100 35 100
1716481200 35 100 35 100
1716480900 35 100 35 100
1716480600 35 100 35 100
1716480300 35 100 35 100
1716480000 35 100 35 100
1716479700 35 100 35 100
1716479400 35 100 35 100
1716479100 35 100 35 100
1716478800 35 100 35 100
1716478500 35 100 35 100
1716478200 35 100 35 100
1716477900 35 100 35 100
1716477600 35 100 35 100
1716477300 35 100 35 100
1716477000 35 100 35 100
1716476700 35 100 35 100
1716476400 35 100 35 100
1716476100 35 100 35 100
1716475800 35 100 35 100
1716475500 35 100 35 100
1716475200 35 100 35 100
1716474900 35 100 35 100
1716474600 35 100 35 100
1716474300 35 100 35 100
1716474000 35 100 35 100
1716473700 35 100 35 100
1716473400 35 100 35 100
1716473100 35 100 35 100
1716472800 35 100 35 100
1716472500 35 100 35 100
1716472200 35 100 35 100
1716471900 35 100 35 100
1716471600 35 100 35 100
1716471300 35 100 35 100
1716471000 35 100 35 100
1716470700 35 100 35 100
1716470400 35 100 35 100
1716470100 35 100 35 100
1716469800 35 100 35 100
1716469500 35 100 35 100
1716469200 35 100 35 100
1716468900 35 100 35 100
1716468600 35 100 35 100
1716468300 35 100 35 100
1716468000 35 100 35 100
1716467700 35 100 35 100
1716467400 35 100 35 100
1716467100 34 100 35 100
1716466800 32 100 32 100
1716466500 32 100 35 100
1716466200 35 100 35 100
1716465900 34 100 35 100
1716465600 32 100 32 100
1716465300 32 100 32 100
1716465000 32 100 32 100
1716464700 32 100 36 100
1716464400 36 100 36 100
1716464100 36 100 37 100
1716463800 37 100 37 100
1716463500 36 100 37 100
1716463200 36 100 36 100
1716462900 35 100 36 100
1716462600 32 100 32 100
1716462300 32 100 32 100
1716462000 32 100 32 100
1716461700 33 100 37 100
1716461400 37 100 37 100
1716461100 37 100 37 100
1716460800 37 100 37 100
1716460500 37 100 37 100
1716460200 37 100 37 100
1716459900 37 100 37 100
1716459600 37 100 37 100
1716459300 37 100 37 100
1716459000 37 100 37 100
1716458700 37 100 37 100
1716458400 37 100 37 100
1716458100 37 100 37 100
1716457800 37 100 37 100
1716457500 37 100 37 100
1716457200 37 100 37 100
1716456900 37 100 37 100
1716456600 37 100 37 100
1716456300 37 100 37 100
1716456000 37 100 37 100
1716455700 37 100 37 100
1716455400 37 100 37 100
1716455100 37 100 37 100
1716454800 37 100 37 100
1716454500 37 100 37 100
1716454200 37 100 37 100
1716453900 37 100 38 100
1716453600 38 100 38 100
1716453300 37 100 38 100
1716453000 35 100 35 100
1716452700 35 100 39 100
1716452400 39 100 39 100
1716452100 38 100 39 100
1716451800 35 100 35 100
1716451500 34 100 35 100
1716451200 33 100 33 100
1716450900 33 100 33 100
1716450600 33 100 33 100
1716450300 33 100 34 100
1716450000 34 100 34 100
1716449700 34 100 34 100
1716449400 34 100 34 100
1716449100 33 100 34 100
1716448800 31 100 31 100
1716448500 31 100 31 100
1716448200 31 100 31 100
1716447900 31 100 31 100
1716447600 31 100 31 100
1716447300 31 100 31 100
1716447000 31 100 31 100
1716446700 31 100 31 100
1716446400 31 100 31 100
1716446100 31 100 31 100
1716445800 31 100 31 100
1716445500 31 100 31 100
1716445200 31 100 31 100
1716444900 31 100 31 100
1716444600 31 100 31 100
1716444300 31 100 35 100
1716444000 35 100 35 100
1716443700 34 100 35 100
1716443400 31 100 31 100
1716443100 31 100 34 100
1716442800 34 100 34 100
1716442500 33 100 34 100
1716442200 33 100 33 100
1716441900 33 100 33 100
1716441600 33 100 33 100
1716441300 33 100 33 100
1716441000 33 100 33 100
1716440700 32 100 33 100
1716440400 32 100 32 100
1716440100 32 100 32 100
1716439800 32 100 32 100
1716439500 32 100 33 100
1716439200 33 100 33 100
1716438900 33 100 33 100
1716438600 33 100 33 100
1716438300 33 100 33 100
1716438000 33 100 33 100
1716437700 33 100 33 100
1716437400 33 100 33 100
1716437100 32 100 33 100
1716436800 32 100 32 100
1716436500 32 100 32 100
1716436200 32 100 32 100
1716435900 32 100 32 100
1716435600 32 100 32 100
1716435300 32 100 32 100
1716435000 32 100 32 100
1716434700 32 100 32 100
1716434400 32 100 32 100
1716434100 32 100 32 100
1716433800 32 100 32 100
1716433500 32 100 32 100
1716433200 32 100 32 100
1716432900 32 100 32 100
1716432600 32 100 32 100
1716432300 32 100 32 100
1716432000 32 100 32 100
1716431700 32 100 32 100
1716431400 32 100 32 100
1716431100 32 100 32 100
1716430800 32 100 32 100
1716430500 32 100 32 100
1716430200 32 100 32 100
1716429900 32 100 32 100
1716429600 32 100 32 100
1716429300 32 100 32 100
1716429000 32 100 32 100
1716428700 32 100 32 100
1716428400 32 100 32 100
1716428100 32 100 32 100
1716427800 32 100 32 100
1716427500 32 100 32 100
1716427200 32 100 32 100
1716426900 32 100 32 100
1716426600 32 100 32 100
1716426300 32 100 32 100
1716426000 32 100 32 100
1716425700 32 100 32 100
1716425400 32 100 32 100
1716425100 32 100 33 100
1716424800 33 100 33 100
1716424500 33 100 33 100
1716424200 33 100 33 100
1716423900 33 100 33 100
1716423600 33 100 33 100
1716423300 33 100 33 100
1716423000 33 100 33 100
1716422700 33 100 33 100
1716422400 33 100 33 100
1716422100 33 100 33 100
1716421800 33 100 33 100
1716421500 33 100 36 100
1716421200 36 100 36 100
1716420900 36 100 37 100
1716420600 37 100 37 100
1716420300 36 100 37 100
1716420000 36 100 36 100
1716419700 36 100 36 100
1716419400 36 100 36 100
1716419100 35 100 36 100
1716418800 34 100 34 100
1716418500 34 100 35 100
1716418200 35 100 35 100
1716417900 34 100 35 100
1716417600 31 100 31 100
1716417300 31 100 33 100
1716417000 33 100 33 100
1716416700 33 100 33 100
1716416400 33 100 33 100
1716416100 33 100 33 100
1716415800 33 100 33 100
1716415500 33 100 33 100
1716415200 33 100 33 100
1716414900 33 100 33 100
1716414600 33 100 33 100
1716414300 33 100 34 100
1716414000 34 100 34 100
1716413700 33 100 34 100
1716413400 30 100 30 100
1716413100 30 100 30 100
1716412800 30 100 30 100
1716412500 30 100 32 100
1716412200 32 100 32 100
1716411900 32 100 32 100
1716411600 32 100 32 100
1716411300 31 100 32 100
1716411000 28 100 28 100
1716410700 27 100 28 100
1716410400 27 100 27 100
1716410100 30 100 42 100
1716409800 42 100 42 100
1716408000 42 100 42 100
1716406200 42 100 42 100
1716404400 42 100 42 100
1716402600 42 100 42 100
1716400800 42 100 42 100
1716399000 42 100 42 100
1716397200 42 100 42 100
1716395400 42 100 42 100
1716393600 42 100 42 100
1716391800 42 100 42 100
1716390000 42 100 42 100
1716388200 42 100 42 100
1716386400 42 100 42 100
1716384600 42 100 42 100
1716382800 42 100 42 100
1716381000 42 100 42 100
1716379200 40 100 42 100
1716377400 33 100 38 100
1716375600 28 100 31 100
1716373800 30 100 33 100
1716372000 31 100 31 100
1716370200 31 100 33 100
1716368400 33 100 33 100
1716366600 32 100 33 100
1716364800 33 100 33 100
1716363000 33 100 33 100
1716361200 33 100 33 100
1716359400 33 100 33 100
1716357600 33 100 33 100
1716355800 33 100 33 100
1716354000 33 100 33 100
1716352200 33 100 33 100
1716350400 33 100 33 100
1716348600 33 100 33 100
1716346800 33 100 33 100
1716345000 33 100 34 100
1716343200 33 100 34 100
1716341400 33 100 33 100
1716339600 33 100 33 100
1716337800 33 100 33 100
1716336000 33 100 33 100
1716334200 33 100 33 100
1716332400 33 100 33 100
1716330600 33 100 33 100
1716328800 33 100 34 100
1716327000 33 100 35 100
1716325200 33 100 35 100
1716323400 32 100 33 100
1716321600 33 100 33 100
1716319800 33 100 33 100
1716318000 33 100 33 100
1716316200 33 100 33 100
1716314400 33 100 33 100
1716312600 33 100 33 100
1716310800 33 100 33 100
1716309000 33 100 33 100
1716307200 33 100 33 100
1716305400 33 100 33 100
1716303600 33 100 33 100
1716301800 33 100 33 100
1716300000 33 100 33 100
1716298200 33 100 33 100
1716296400 33 100 33 100
1716294600 31 100 35 100
1716292800 28 100 28 100
1716291000 28 100 29 100
1716289200 28 100 29 100
1716287400 27 100 27 100
1716285600 27 100 28 100
1716283800 27 100 28 100
1716282000 27 100 28 100
1716280200 27 100 28 100
1716278400 27 100 28 100
1716276600 27 100 27 100
1716274800 27 100 28 100
1716273000 28 100 28 100
1716271200 28 100 29 100
1716269400 25 100 25 100
1716267600 25 100 26 100
1716265800 25 100 25 100
1716264000 25 100 25 100
1716262200 25 100 25 100
1716260400 25 100 25 100
1716258600 25 100 25 100
1716256800 25 100 25 100
1716255000 25 100 25 100
1716253200 25 100 25 100
1716251400 25 100 25 100
1716249600 25 100 29 100
1716247800 29 100 32 100
1716246000 25 100 28 100
1716244200 25 100 25 100
1716242400 25 100 25 100
1716240600 24 100 27 100
1716238800 24 100 24 100
1716237000 35 100 41 100
1716235200 41 100 41 100
1716233400 41 100 41 100
1716231600 41 100 41 100
1716229800 41 100 41 100
1716228000 41 100 41 100
1716226200 41 100 41 100
1716224400 41 100 41 100
1716222600 41 100 41 100
1716220800 41 100 41 100
1716219000 41 100 41 100
1716217200 41 100 41 100
1716215400 41 100 41 100
1716213600 41 100 41 100
1716211800 41 100 41 100
1716210000 41 100 41 100
1716208200 41 100 41 100
1716206400 41 100 41 100
1716204600 41 100 41 100
1716202800 41 100 41 100
1716201000 41 100 41 100
1716199200 41 100 41 100
1716197400 41 100 41 100
1716195600 41 100 41 100
1716193800 41 100 41 100
1716192000 41 100 42 100
1716190200 42 100 42 100
1716188400 41 100 42 100
1716186600 41 100 41 100
1716184800 41 100 41 100
1716183000 41 100 45 100
1716181200 45 100 48 100
1716179400 45 100 48 100
1716177600 42 100 45 100
1716175800 39 100 43 100
1716174000 39 100 39 100
1716172200 39 100 40 100
1716170400 28 100 29 100
1716168600 27 100 29 100
1716166800 26 100 26 100
1716165000 26 100 26 100
1716163200 26 100 27 100
1716161400 24 100 26 100
1716159600 24 100 24 100
1716157800 24 100 24 100
1716156000 24 100 24 100
1716154200 26 100 31 100
1716152400 31 100 31 100
1716150600 31 100 31 100
1716148800 31 100 31 100
1716147000 31 100 31 100
1716145200 31 100 31 100
1716143400 31 100 31 100
1716141600 31 100 31 100
1716139800 31 100 31 100
1716138000 31 100 31 100
1716136200 31 100 31 100
1716134400 31 100 31 100
1716132600 31 100 31 100
1716130800 31 100 31 100
1716129000 31 100 31 100
1716127200 31 100 31 100
1716125400 31 100 31 100
1716123600 31 100 31 100
1716121800 32 100 33 100
1716120000 33 100 40 100
1716118200 32 100 38 100
1716116400 33 100 33 100
1716114600 33 100 34 100
1716112800 33 100 37 100
1716111000 33 100 39 100
1716109200 35 100 36 100
1716107400 35 100 37 100
1716105600 35 100 38 100
1716103800 34 100 40 100
1716102000 37 100 40 100
1716100200 35 100 38 100
1716098400 31 100 36 100
1716096600 30 100 36 100
1716094800 32 100 35 100
1716093000 28 100 29 100
1716091200 28 100 29 100
1716089400 28 100 29 100
1716087600 28 100 29 100
1716085800 27 100 27 100
1716084000 27 100 27 100
1716082200 27 100 28 100
1716080400 28 100 28 100
1716078600 28 100 29 100
1716076800 27 100 29 100
1716075000 27 100 27 100
1716073200 27 100 27 100
1716071400 27 100 28 100
1716069600 26 100 28 100
1716067800 26 100 29 100
1716066000 29 100 29 100
1716064200 29 100 29 100
1716062400 29 100 29 100
1716060600 29 100 29 100
1716058800 29 100 29 100
1716057000 29 100 29 100
1716055200 29 100 29 100
1716053400 29 100 29 100
1716051600 29 100 29 100
1716049800 29 100 29 100
1716048000 29 100 29 100
1716046200 29 100 29 100
1716044400 29 100 29 100
1716042600 29 100 29 100
1716040800 29 100 29 100
1716039000 29 100 29 100
1716037200 29 100 30 100
1716035400 32 100 36 100
1716033600 29 100 33 100
1716031800 28 100 29 100
1716030000 27 100 29 100
1716028200 27 100 27 100
1716026400 27 100 27 100
1716024600 27 100 27 100
1716022800 27 100 27 100
1716021000 27 100 27 100
1716019200 27 100 27 100
1716017400 27 100 27 100
1716015600 27 100 27 100
1716013800 27 100 27 100
1716012000 27 100 27 100
1716010200 27 100 27 100
1716008400 27 100 27 100
1716006600 26 100 27 100
1716004800 26 100 27 100
1716003000 25 100 25 100
1716001200 25 100 26 100
1715999400 25 100 26 100
1715997600 25 100 26 100
1715995800 25 100 26 100
1715994000 25 100 25 100
1715992200 25 100 25 100
1715990400 25 100 25 100
1715988600 25 100 26 100
1715986800 25 100 26 100
1715985000 25 100 25 100
1715983200 25 100 26 100
1715981400 24 100 27 100
1715979600 27 100 28 100
1715977800 26 100 26 100
1715976000 26 100 26 100
1715974200 26 100 26 100
1715972400 26 100 26 100
1715970600 26 100 26 100
1715968800 26 100 26 100
1715967000 26 100 26 100
1715965200 26 100 26 100
1715963400 26 100 26 100
1715961600 26 100 26 100
1715959800 26 100 26 100
1715958000 26 100 26 100
1715956200 26 100 26 100
1715954400 26 100 26 100
1715952600 26 100 26 100
1715950800 26 100 26 100
1715949000 26 100 26 100
1715947200 26 100 26 100
1715945400 26 100 26 100
1715943600 26 100 26 100
1715941800 26 100 26 100
1715940000 26 100 27 100
1715938200 27 100 27 100
1715936400 29 100 32 100
1715934600 29 100 30 100
1715932800 29 100 30 100
1715931000 31 100 39 100
1715929200 37 100 40 100
1715927400 34 100 35 100
1715925600 34 100 35 100
1715923800 35 100 35 100
1715922000 33 100 35 100
1715920200 32 100 33 100
1715918400 32 100 32 100
1715916600 31 100 32 100
1715914800 32 100 33 100
1715913000 32 100 33 100
1715911200 32 100 33 100
1715909400 30 100 31 100
1715907600 27 100 30 100
1715905800 29 100 30 100
1715904000 28 100 30 100
1715902200 26 100 26 100
1715900400 26 100 26 100
1715898600 26 100 26 100
1715896800 25 100 26 100
1715895000 25 100 26 100
1715893200 26 100 26 100
1715891400 26 100 26 100
1715889600 26 100 26 100
1715887800 26 100 26 100
1715886000 26 100 26 100
1715884200 26 100 26 100
1715882400 26 100 26 100
1715880600 26 100 26 100
1715878800 26 100 26 100
1715877000 26 100 26 100
1715875200 26 100 26 100
1715873400 26 100 26 100
1715871600 26 100 26 100
1715869800 26 100 26 100
1715868000 26 100 26 100
1715866200 26 100 26 100
1715864400 26 100 27 100
1715862600 26 100 27 100
1715860800 26 100 26 100
1715859000 26 100 27 100
1715857200 26 100 27 100
1715855400 26 100 26 100
1715853600 26 100 26 100
1715851800 26 100 27 100
1715850000 27 100 28 100
1715848200 27 100 28 100
1715846400 27 100 27 100
1715844600 27 100 27 100
1715842800 27 100 27 100
1715841000 27 100 27 100
1715839200 27 100 29 100
1715837400 26 100 29 100
1715835600 26 100 28 100
1715833800 26 100 26 100
1715832000 26 100 26 100
1715830200 26 100 26 100
1715828400 26 100 31 100
1715826600 26 100 31 100
1715824800 24 100 26 100
1715823000 26 100 26 100
1715821200 25 100 26 100
1715819400 25 100 25 100
1715817600 24 100 25 100
1715815800 24 100 24 100
1715814000 25 100 28 100
1715812200 28 100 29 100
1715810400 28 100 28 100
1715808600 27 100 28 100
1715806800 25 100 31 100
1715805000 31 100 31 100
1715803200 31 100 31 100
1715801400 31 100 31 100
1715799600 31 100 31 100
1715797800 31 100 31 100
1715796000 31 100 31 100
1715794200 31 100 31 100
1715792400 31 100 31 100
1715790600 31 100 31 100
1715788800 31 100 31 100
1715787000 31 100 31 100
1715785200 31 100 31 100
1715783400 31 100 31 100
1715781600 31 100 31 100
1715779800 31 100 31 100
1715778000 31 100 31 100
1715776200 30 100 31 100
1715774400 30 100 32 100
1715772600 28 100 32 100
1715770800 26 100 28 100
1715769000 25 100 27 100
1715767200 27 100 28 100
1715765400 27 100 28 100
1715763600 27 100 27 100
1715761800 27 100 27 100
1715760000 27 100 27 100
1715758200 27 100 27 100
1715756400 31 100 34 100
1715754600 34 100 34 100
1715752800 34 100 34 100
1715751000 34 100 34 100
1715749200 34 100 34 100
1715747400 33 100 34 100
1715745600 33 100 33 100
1715743800 33 100 33 100
1715742000 33 100 34 100
1715740200 34 100 34 100
1715738400 34 100 36 100
1715736600 33 100 36 100
1715734800 25 100 29 100
1715733000 24 100 26 100
1715731200 23 100 25 100
1715729400 23 100 23 100
1715727600 23 100 23 100
1715725800 23 100 23 100
1715724000 23 100 25 100
1715722200 24 100 25 100
1715720400 25 100 25 100
1715718600 25 100 25 100
1715716800 25 100 25 100
1715715000 25 100 25 100
1715713200 25 100 25 100
1715711400 25 100 25 100
1715709600 25 100 25 100
1715707800 25 100 25 100
1715706000 25 100 25 100
1715704200 25 100 25 100
1715702400 25 100 25 100
1715700600 25 100 25 100
1715698800 25 100 25 100
1715697000 25 100 25 100
1715695200 25 100 25 100
1715693400 25 100 25 100
1715691600 25 100 27 100
1715689800 27 100 27 100
1715688000 27 100 27 100
1715686200 27 100 28 100
1715684400 29 100 30 100
1715682600 30 100 30 100
1715680800 30 100 30 100
1715679000 30 100 31 100
1715677200 30 100 31 100
1715675400 29 100 30 100
1715673600 29 100 29 100
1715671800 29 100 29 100
1715670000 29 100 29 100
1715668200 29 100 29 100
1715666400 29 100 30 100
1715664600 30 100 32 100
1715662800 32 100 35 100
1715661000 29 100 29 100
1715659200 29 100 30 100
1715657400 30 100 30 100
1715655600 28 100 30 100
1715653800 27 100 27 100
1715652000 27 100 27 100
1715650200 26 100 27 100
1715648400 26 100 26 100
1715646600 26 100 26 100
1715644800 26 100 26 100
1715643000 26 100 26 100
1715641200 26 100 26 100
1715639400 25 100 26 100
1715637600 25 100 25 100
1715635800 25 100 31 100
1715634000 25 100 25 100
1715632200 25 100 28 100
1715630400 28 100 28 100
1715628600 28 100 28 100
1715626800 28 100 28 100
1715625000 28 100 28 100
1715623200 28 100 28 100
1715621400 28 100 28 100
1715619600 28 100 28 100
1715617800 28 100 28 100
1715616000 28 100 28 100
1715614200 28 100 28 100
1715612400 28 100 28 100
1715610600 28 100 28 100
1715608800 28 100 28 100
1715607000 28 100 28 100
1715605200 28 100 28 100
1715603400 28 100 28 100
1715601600 27 100 28 100
1715599800 27 100 27 100
1715598000 27 100 27 100
1715596200 27 100 27 100
1715594400 27 100 28 100
1715592600 28 100 28 100
1715590800 28 100 28 100
1715589000 28 100 32 100
1715587200 32 100 34 100
1715585400 25 100 27 100
1715583600 28 100 30 100
1715581800 30 100 30 100
1715580000 30 100 30 100
1715578200 30 100 31 100
1715576400 30 100 31 100
1715574600 31 100 31 100
1715572800 30 100 32 100
1715571000 30 100 30 100
1715569200 30 100 31 100
1715567400 31 100 31 100
1715565600 31 100 32 100
1715563800 31 100 34 100
1715562000 28 100 34 100
1715560200 26 100 26 100
1715558400 26 100 30 100
1715556600 25 100 30 100
1715554800 24 100 24 100
1715553000 24 100 25 100
1715551200 24 100 28 100
1715549400 26 100 29 100
1715547600 29 100 29 100
1715545800 29 100 29 100
1715544000 29 100 29 100
1715542200 29 100 29 100
1715540400 29 100 29 100
1715538600 29 100 29 100
1715536800 29 100 29 100
1715535000 29 100 29 100
1715533200 29 100 29 100
1715531400 29 100 29 100
1715529600 29 100 29 100
1715527800 29 100 29 100
1715526000 29 100 29 100
1715524200 29 100 29 100
1715522400 29 100 29 100
1715520600 29 100 29 100
1715518800 31 100 32 100
1715517000 32 100 32 100
1715515200 32 100 34 100
1715513400 29 100 30 100
1715511600 29 100 29 100
1715509800 29 100 29 100
1715508000 29 100 29 100
1715506200 29 100 29 100
1715504400 29 100 30 100
1715502600 29 100 32 100
1715500800 28 100 32 100
1715499000 27 100 27 100
1715497200 27 100 34 100
1715495400 34 100 35 100
1715493600 35 100 37 100
1715491800 34 100 37 100
1715490000 26 100 26 100
1715488200 26 100 26 100
1715486400 26 100 26 100
1715484600 26 100 26 100
1715482800 26 100 26 100
1715481000 26 100 26 100
1715479200 26 100 26 100
1715477400 26 100 26 100
1715475600 26 100 26 100
1715473800 26 100 27 100
1715472000 27 100 27 100
1715470200 27 100 27 100
1715468400 27 100 27 100
1715466600 27 100 27 100
1715464800 27 100 27 100
1715463000 27 100 27 100
1715461200 27 100 27 100
1715459400 27 100 27 100
1715457600 27 100 27 100
1715455800 27 100 27 100
1715454000 27 100 27 100
1715452200 27 100 27 100
1715450400 27 100 27 100
1715448600 27 100 27 100
1715446800 27 100 27 100
1715445000 27 100 27 100
1715443200 27 100 27 100
1715441400 27 100 27 100
1715439600 27 100 27 100
1715437800 27 100 27 100
1715436000 27 100 27 100
1715434200 27 100 27 100
1715432400 27 100 27 100
1715430600 27 100 27 100
1715428800 28 100 35 100
1715427000 29 100 35 100
1715425200 29 100 29 100
1715423400 29 100 29 100
1715421600 29 100 34 100
1715419800 29 100 34 100
1715418000 28 100 30 100
1715416200 28 100 29 100
1715414400 28 100 30 100
1715412600 31 100 35 100
1715410800 35 100 35 100
1715409000 35 100 35 100
1715407200 35 100 35 100
1715405400 35 100 35 100
1715403600 35 100 35 100
1715401800 35 100 35 100
1715400000 35 100 35 100
1715398200 35 100 35 100
1715396400 35 100 35 100
1715394600 35 100 35 100
1715392800 35 100 35 100
1715391000 35 100 35 100
1715389200 35 100 35 100
1715387400 35 100 35 100
1715385600 35 100 35 100
1715383800 33 100 35 100
1715382000 29 100 29 100
1715380200 29 100 29 100
1715378400 29 100 29 100
1715376600 29 100 29 100
1715374800 29 100 29 100
1715373000 29 100 29 100
1715371200 29 100 29 100
1715369400 29 100 29 100
1715367600 29 100 29 100
1715365800 29 100 29 100
1715364000 29 100 29 100
1715362200 29 100 29 100
1715360400 29 100 29 100
1715358600 29 100 29 100
1715356800 29 100 29 100
1715355000 29 100 29 100
1715353200 29 100 29 100
1715351400 29 100 29 100
1715349600 29 100 29 100
1715347800 29 100 29 100
1715346000 29 100 29 100
1715344200 29 100 29 100
1715342400 29 100 29 100
1715340600 29 100 31 100
1715338800 30 100 30 100
1715337000 30 100 31 100
1715335200 30 100 31 100
1715333400 36 100 38 100
1715331600 38 100 38 100
1715329800 38 100 38 100
1715328000 38 100 38 100
1715320800 38 100 38 100
1715313600 38 100 38 100
1715306400 38 100 38 100
1715299200 38 100 38 100
1715292000 38 100 38 100
1715284800 38 100 38 100
1715277600 38 100 38 100
1715270400 38 100 38 100
1715263200 38 100 38 100
1715256000 38 100 38 100
1715248800 38 100 38 100
1715241600 38 100 38 100
1715234400 38 100 38 100
1715227200 38 100 38 100
1715220000 38 100 38 100
1715212800 38 100 38 100
1715205600 38 100 38 100
1715198400 38 100 38 100
1715191200 38 100 38 100
1715184000 38 100 38 100
1715176800 38 100 38 100
1715169600 38 100 38 100
1715162400 38 100 38 100
1715155200 38 100 38 100
1715148000 38 100 38 100
1715140800 38 100 38 100
1715133600 38 100 38 100
1715126400 38 100 38 100
1715119200 38 100 38 100
1715112000 38 100 38 100
1715104800 38 100 38 100
1715097600 38 100 38 100
1715090400 38 100 38 100
1715083200 38 100 38 100
1715076000 38 100 38 100
1715068800 38 100 38 100
1715061600 38 100 38 100
1715054400 38 100 38 100
1715047200 38 100 38 100
1715040000 38 100 38 100
1715032800 38 100 38 100
1715025600 38 100 38 100
1715018400 38 100 38 100
1715011200 38 100 38 100
1715004000 38 100 38 100
1714996800 38 100 38 100
1714989600 38 100 38 100
1714982400 38 100 38 100
1714975200 38 100 38 100
1714968000 38 100 38 100
1714960800 38 100 38 100
1714953600 38 100 38 100
1714946400 38 100 38 100
1714939200 38 100 38 100
1714932000 38 100 38 100
1714924800 38 100 38 100
1714917600 38 100 38 100
1714910400 38 100 42 100
1714903200 42 100 42 100
1714896000 41 100 42 100
1714888800 29 100 40 100
1714881600 26 100 26 100
1714874400 26 100 33 100
1714867200 29 100 36 100
1714860000 36 100 36 100
1714852800 36 100 36 100
1714845600 36 100 36 100
1714838400 36 100 36 100
1714831200 36 100 36 100
1714824000 35 100 37 100
1714816800 34 100 45 100
1714809600 45 100 45 100
1714802400 45 100 45 100
1714795200 45 100 45 100
1714788000 45 100 45 100
1714780800 45 100 45 100
1714773600 45 100 45 100
1714766400 45 100 45 100
1714759200 45 100 45 100
1714752000 45 100 45 100
1714744800 45 100 45 100
1714737600 45 100 45 100
1714730400 45 100 45 100
1714723200 45 100 45 100
1714716000 45 100 45 100
1714708800 45 100 45 100
1714701600 45 100 45 100
1714694400 45 100 45 100
1714687200 45 100 45 100
1714680000 45 100 45 100
1714672800 45 100 45 100
1714665600 45 100 45 100
1714658400 45 100 45 100
1714651200 45 100 45 100
1714644000 45 100 45 100
1714636800 45 100 45 100
1714629600 45 100 45 100
1714622400 45 100 45 100
1714615200 45 100 45 100
1714608000 45 100 45 100
1714600800 45 100 45 100
1714593600 45 100 45 100
1714586400 45 100 45 100
1714579200 45 100 45 100
1714572000 45 100 45 100
1714564800 45 100 45 100
1714557600 45 100 45 100
1714550400 45 100 45 100
1714543200 45 100 45 100
1714536000 45 100 45 100
1714528800 45 100 45 100
1714521600 45 100 45 100
1714514400 45 100 45 100
1714507200 45 100 45 100
1714500000 45 100 45 100
1714492800 45 100 45 100
1714485600 45 100 45 100
1714478400 45 100 45 100
1714471200 45 100 45 100
1714464000 45 100 45 100
1714456800 45 100 45 100
1714449600 45 100 45 100
1714442400 45 100 45 100
1714435200 45 100 45 100
1714428000 45 100 45 100
1714420800 45 100 45 100
1714413600 45 100 45 100
1714406400 45 100 45 100
1714399200 45 100 45 100
1714392000 45 100 45 100
1714384800 45 100 45 100
1714377600 45 100 45 100
1714370400 45 100 45 100
1714363200 45 100 45 100
1714356000 45 100 45 100
1714348800 45 100 45 100
1714341600 45 100 45 100
1714334400 45 100 45 100
1714327200 45 100 45 100
1714320000 45 100 45 100
1714312800 45 100 45 100
1714305600 45 100 45 100
1714298400 45 100 45 100
1714291200 45 100 45 100
1714284000 45 100 45 100
1714276800 45 100 45 100
1714269600 45 100 45 100
1714262400 45 100 45 100
1714255200 45 100 45 100
1714248000 45 100 45 100
1714240800 45 100 45 100
1714233600 45 100 45 100
1714226400 45 100 45 100
1714219200 45 100 45 100
1714212000 45 100 45 100
1714204800 45 100 45 100
1714197600 45 100 45 100
1714190400 45 100 45 100
1714183200 45 100 45 100
1714176000 45 100 45 100
1714168800 45 100 45 100
1714161600 45 100 45 100
1714154400 45 100 45 100
1714147200 45 100 45 100
1714140000 45 100 45 100
1714132800 45 100 45 100
1714125600 45 100 45 100
1714118400 45 100 45 100
1714111200 45 100 45 100
1714104000 45 100 45 100
1714096800 45 100 45 100
1714089600 45 100 45 100
1714082400 45 100 45 100
1714075200 45 100 45 100
1714068000 45 100 45 100
1714060800 45 100 45 100
1714053600 45 100 45 100
1714046400 45 100 45 100
1714039200 45 100 45 100
1714032000 45 100 45 100
1714024800 45 100 45 100
1714017600 45 100 45 100
1714010400 45 100 45 100
1714003200 45 100 45 100
1713996000 45 100 45 100
1713988800 45 100 45 100
1713981600 45 100 45 100
1713974400 45 100 45 100
1713967200 45 100 45 100
1713960000 45 100 45 100
1713952800 45 100 45 100
1713945600 45 100 45 100
1713938400 45 100 45 100
1713931200 45 100 45 100
1713924000 45 100 45 100
1713916800 45 100 45 100
1713909600 45 100 45 100
1713902400 45 100 45 100
1713895200 45 100 45 100
1713888000 45 100 45 100
1713880800 45 100 45 100
1713873600 45 100 45 100
1713866400 45 100 45 100
1713859200 45 100 45 100
1713852000 45 100 45 100
1713844800 45 100 45 100
1713837600 45 100 45 100
1713830400 45 100 45 100
1713823200 45 100 45 100
1713816000 45 100 45 100
1713808800 45 100 45 100
1713801600 45 100 45 100
1713794400 45 100 45 100
1713787200 45 100 45 100
1713780000 45 100 45 100
1713772800 45 100 45 100
1713765600 45 100 45 100
1713758400 45 100 45 100
1713751200 45 100 45 100
1713744000 45 100 45 100
1713736800 45 100 45 100
1713729600 45 100 45 100
1713722400 45 100 45 100
1713715200 45 100 45 100
1713708000 45 100 45 100
1713700800 45 100 45 100
1713693600 45 100 45 100
1713686400 45 100 45 100
1713679200 45 100 45 100
1713672000 45 100 45 100
1713664800 45 100 45 100
1713657600 45 100 45 100
1713650400 45 100 45 100
1713643200 45 100 45 100
1713636000 45 100 45 100
1713628800 45 100 45 100
1713621600 45 100 45 100
1713614400 45 100 45 100
1713607200 45 100 45 100
1713600000 45 100 45 100
1713592800 45 100 45 100
1713585600 45 100 45 100
1713578400 45 100 45 100
1713571200 45 100 45 100
1713564000 45 100 45 100
1713556800 45 100 45 100
1713549600 45 100 45 100
1713542400 45 100 45 100
1713535200 45 100 45 100
1713528000 45 100 45 100
1713520800 45 100 45 100
1713513600 45 100 45 100
1713506400 45 100 45 100
1713499200 45 100 45 100
1713492000 45 100 45 100
1713484800 45 100 45 100
1713477600 45 100 45 100
1713470400 45 100 45 100
1713463200 45 100 45 100
1713456000 45 100 45 100
1713448800 45 100 45 100
1713441600 45 100 45 100
1713434400 45 100 45 100
1713427200 45 100 45 100
1713420000 45 100 45 100
1713412800 45 100 45 100
1713405600 45 100 45 100
1713398400 45 100 45 100
1713391200 45 100 45 100
1713384000 45 100 45 100
1713376800 45 100 45 100
1713369600 45 100 45 100
1713362400 45 100 45 100
1713355200 45 100 45 100
1713348000 45 100 45 100
1713340800 45 100 45 100
1713333600 45 100 45 100
1713326400 45 100 45 100
1713319200 45 100 45 100
1713312000 45 100 45 100
1713304800 45 100 45 100
1713297600 45 100 45 100
1713290400 45 100 45 100
1713283200 45 100 45 100
1713276000 45 100 45 100
1713268800 45 100 45 100
1713261600 45 100 45 100
1713254400 45 100 45 100
1713247200 45 100 45 100
1713240000 45 100 45 100
1713232800 45 100 45 100
1713225600 45 100 45 100
1713218400 45 100 45 100
1713211200 45 100 45 100
1713204000 45 100 45 100
1713196800 45 100 45 100
1713189600 45 100 45 100
1713182400 45 100 45 100
1713175200 45 100 45 100
1713168000 45 100 45 100
1713160800 45 100 45 100
1713153600 45 100 45 100
1713146400 45 100 45 100
1713139200 45 100 45 100
1713132000 45 100 45 100
1713124800 45 100 45 100
1713117600 45 100 45 100
1713110400 45 100 45 100
1713103200 45 100 45 100
1713096000 45 100 45 100
1713088800 45 100 45 100
1713081600 45 100 45 100
1713074400 45 100 45 100
1713067200 45 100 45 100
1713060000 45 100 45 100
1713052800 45 100 45 100
1713045600 45 100 45 100
1713038400 45 100 45 100
1713031200 45 100 45 100
1713024000 45 100 45 100
1713016800 45 100 45 100
1713009600 45 100 45 100
1713002400 45 100 45 100
1712995200 45 100 45 100
1712988000 45 100 45 100
1712980800 45 100 45 100
1712973600 45 100 45 100
1712966400 45 100 45 100
1712959200 45 100 45 100
1712952000 45 100 45 100
1712944800 45 100 45 100
1712937600 45 100 45 100
1712930400 45 100 45 100
1712923200 45 100 45 100
1712916000 45 100 45 100
1712908800 45 100 45 100
1712901600 45 100 45 100
1712894400 45 100 45 100
1712887200 45 100 45 100
1712880000 45 100 45 100
1712872800 45 100 45 100
1712865600 45 100 45 100
1712858400 45 100 45 100
1712851200 45 100 45 100
1712844000 45 100 45 100
1712836800 45 100 45 100
1712829600 45 100 45 100
1712822400 45 100 45 100
1712815200 45 100 45 100
1712808000 45 100 45 100
1712800800 45 100 45 100
1712793600 45 100 45 100
1712786400 45 100 45 100
1712779200 45 100 45 100
1712772000 45 100 45 100
1712764800 45 100 45 100
1712757600 45 100 45 100
1712750400 45 100 45 100
1712743200 45 100 45 100
1712736000 45 100 45 100
1712728800 45 100 45 100
1712721600 45 100 45 100
1712714400 45 100 45 100
1712707200 45 100 45 100
1712700000 45 100 45 100
1712692800 45 100 45 100
1712685600 45 100 45 100
1712678400 45 100 45 100
1712671200 45 100 45 100
1712664000 45 100 45 100
1712656800 45 100 45 100
1712649600 45 100 45 100
1712642400 45 100 45 100
1712635200 45 100 45 100
1712628000 45 100 45 100
1712620800 45 100 45 100
1712613600 45 100 45 100
1712606400 45 100 45 100
1712599200 45 100 45 100
1712592000 45 100 45 100
1712584800 45 100 45 100
1712577600 45 100 45 100
1712570400 45 100 45 100
1712563200 45 100 45 100
1712556000 45 100 45 100
1712548800 45 100 45 100
1712541600 45 100 45 100
1712534400 45 100 45 100
1712527200 45 100 45 100
1712520000 45 100 45 100
1712512800 45 100 45 100
1712505600 45 100 45 100
1712498400 45 100 45 100
1712491200 45 100 45 100
1712484000 45 100 45 100
1712476800 45 100 45 100
1712469600 45 100 45 100
1712462400 45 100 45 100
1712455200 45 100 45 100
1712448000 45 100 45 100
1712440800 45 100 45 100
1712433600 45 100 45 100
1712426400 45 100 45 100
1712419200 45 100 45 100
1712412000 45 100 45 100
1712404800 45 100 45 100
1712397600 45 100 45 100
1712390400 45 100 45 100
1712383200 45 100 45 100
1712376000 45 100 45 100
1712368800 45 100 45 100
1712361600 45 100 45 100
1712354400 45 100 45 100
1712347200 45 100 45 100
1712340000 45 100 45 100
1712332800 45 100 45 100
1712325600 45 100 45 100
1712318400 45 100 45 100
1712311200 45 100 45 100
1712304000 45 100 45 100
1712296800 45 100 45 100
1712289600 45 100 45 100
1712282400 45 100 45 100
1712275200 45 100 45 100
1712268000 45 100 45 100
1712260800 45 100 45 100
1712253600 45 100 45 100
1712246400 45 100 45 100
1712239200 45 100 45 100
1712232000 45 100 45 100
1712224800 45 100 45 100
1712217600 45 100 45 100
1712210400 45 100 45 100
1712203200 45 100 45 100
1712196000 45 100 45 100
1712188800 45 100 45 100
1712181600 45 100 45 100
1712174400 45 100 45 100
1712167200 45 100 45 100
1712160000 45 100 45 100
1712152800 45 100 45 100
1712145600 45 100 45 100
1712138400 45 100 45 100
1712131200 45 100 45 100
1712124000 45 100 45 100
1712116800 45 100 45 100
1712109600 45 100 45 100
1712102400 45 100 45 100
1712095200 45 100 45 100
1712088000 45 100 45 100
1712080800 45 100 45 100
1712073600 45 100 45 100
1712066400 45 100 45 100
1712059200 45 100 45 100
1712052000 45 100 45 100
1712044800 45 100 45 100
1712037600 45 100 45 100
1712030400 45 100 45 100
1712023200 45 100 45 100
1712016000 45 100 45 100
1712008800 45 100 45 100
1712001600 45 100 45 100
1711994400 45 100 45 100
1711987200 45 100 45 100
1711980000 45 100 45 100
1711972800 45 100 45 100
1711965600 45 100 45 100
1711958400 45 100 45 100
1711951200 45 100 45 100
1711944000 45 100 45 100
1711936800 45 100 45 100
1711929600 45 100 45 100
1711922400 45 100 45 100
1711915200 45 100 45 100
1711908000 45 100 45 100
1711900800 45 100 45 100
1711893600 45 100 45 100
1711886400 45 100 45 100
1711879200 45 100 45 100
1711872000 45 100 45 100
1711864800 45 100 45 100
1711857600 45 100 45 100
1711850400 45 100 45 100
1711843200 45 100 45 100
1711836000 45 100 45 100
1711828800 45 100 45 100
1711821600 45 100 45 100
1711814400 45 100 45 100
1711807200 45 100 45 100
1711800000 45 100 45 100
1711792800 45 100 45 100
1711785600 45 100 45 100
1711778400 45 100 45 100
1711771200 45 100 45 100
1711764000 45 100 45 100
1711756800 45 100 45 100
1711749600 45 100 45 100
1711742400 45 100 45 100
1711735200 45 100 45 100
1711728000 45 100 45 100
1711720800 45 100 45 100
1711713600 45 100 45 100
1711706400 45 100 45 100
1711699200 45 100 45 100
1711692000 45 100 45 100
1711684800 45 100 45 100
1711677600 45 100 45 100
1711670400 45 100 45 100
1711663200 45 100 45 100
1711656000 45 100 45 100
1711648800 45 100 45 100
1711641600 45 100 45 100
1711634400 45 100 45 100
1711627200 45 100 45 100
1711620000 45 100 45 100
1711612800 45 100 45 100
1711605600 45 100 45 100
1711598400 45 100 45 100
1711591200 45 100 45 100
1711584000 45 100 45 100
1711576800 45 100 45 100
1711569600 45 100 45 100
1711562400 45 100 45 100
1711555200 45 100 45 100
1711548000 45 100 45 100
1711540800 45 100 45 100
1711533600 45 100 45 100
1711526400 45 100 45 100
1711519200 45 100 45 100
1711512000 45 100 45 100
1711504800 45 100 45 100
1711497600 45 100 45 100
1711490400 45 100 45 100
1711483200 45 100 45 100
1711476000 45 100 45 100
1711468800 45 100 45 100
1711461600 45 100 45 100
1711454400 45 100 45 100
1711447200 45 100 45 100
1711440000 45 100 45 100
1711432800 45 100 45 100
1711425600 45 100 45 100
1711418400 45 100 45 100
1711411200 45 100 45 100
1711404000 45 100 45 100
1711396800 45 100 45 100
1711389600 45 100 45 100
1711382400 45 100 45 100
1711375200 45 100 45 100
1711368000 45 100 45 100
1711360800 45 100 45 100
1711353600 45 100 45 100
1711346400 45 100 45 100
1711339200 45 100 45 100
1711332000 45 100 45 100
1711324800 45 100 45 100
1711317600 45 100 45 100
1711310400 45 100 45 100
1711303200 45 100 45 100
1711296000 45 100 45 100
1711288800 45 100 45 100
1711281600 45 100 45 100
1711274400 45 100 45 100
1711267200 45 100 45 100
1711260000 45 100 45 100
1711252800 45 100 45 100
1711245600 45 100 45 100
1711238400 45 100 45 100
1711231200 45 100 45 100
1711224000 45 100 45 100
1711216800 45 100 45 100
1711209600 45 100 45 100
1711202400 45 100 45 100
1711195200 45 100 45 100
1711188000 45 100 45 100
1711180800 45 100 45 100
1711173600 45 100 45 100
1711166400 45 100 45 100
1711159200 45 100 45 100
1711152000 45 100 45 100
1711144800 45 100 45 100
1711137600 45 100 45 100
1711130400 45 100 45 100
1711123200 45 100 45 100
1711116000 45 100 45 100
1711108800 45 100 45 100
1711101600 45 100 45 100
1711094400 45 100 45 100
1711087200 45 100 45 100
1711080000 45 100 45 100
1711072800 45 100 45 100
1711065600 45 100 45 100
1711058400 45 100 45 100
1711051200 45 100 45 100
1711044000 45 100 45 100
1711036800 45 100 45 100
1711029600 45 100 45 100
1711022400 45 100 45 100
1711015200 45 100 45 100
1711008000 45 100 45 100
1710979200 45 100 45 100
1710892800 45 100 45 100
1710806400 45 100 45 100
1710720000 41 100 49 100
1710633600 29 100 49 100
1710547200 28 100 28 100
1710460800 28 100 44 100
1710374400 32 100 32 100
1710288000 32 100 32 100
1710201600 32 100 32 100
1710115200 32 100 32 100
1710028800 32 100 32 100
1709942400 32 100 32 100
1709856000 32 100 32 100
1709769600 32 100 35 100
1709683200 35 100 35 100
1709596800 35 100 35 100
1709510400 35 100 35 100
1709424000 35 100 35 100
1709337600 35 100 35 100
1709251200 35 100 35 100
1709164800 35 100 35 100
1709078400 35 100 35 100
1708992000 35 100 35 100
1708905600 35 100 35 100
1708819200 35 100 35 100
1708732800 35 100 35 100
1708646400 35 100 35 100
1708560000 35 100 35 100
1708473600 35 100 35 100
1708387200 35 100 35 100
1708300800 35 100 35 100
1708214400 35 100 35 100
1708128000 35 100 35 100
1708041600 35 100 35 100
1707955200 35 100 35 100
1707868800 35 100 35 100
1707782400 35 100 35 100
1707696000 33 100 37 100
1707609600 34 100 36 100
1707523200 31 100 34 100
1707436800 32 100 32 100
1707350400 32 100 32 100
1707264000 32 100 32 100
1707177600 32 100 32 100
1707091200 32 100 32 100
1707004800 32 100 32 100
1706918400 32 100 32 100
1706832000 32 100 32 100
1706745600 32 100 32 100
1706659200 32 100 32 100
1706572800 32 100 32 100
1706486400 32 100 32 100
1706400000 32 100 32 100
1706313600 32 100 32 100
1706227200 32 100 32 100
1706140800 32 100 32 100
1706054400 32 100 32 100
1705968000 32 100 32 100
1705881600 32 100 32 100
1705795200 32 100 32 100
1705708800 32 100 32 100
1705622400 32 100 32 100
1705536000 32 100 32 100
1705449600 32 100 32 100
1705363200 32 100 32 100
1705276800 32 100 32 100
1705190400 32 100 32 100
1705104000 32 100 32 100
1705017600 32 100 32 100
1704931200 32 100 32 100
1704844800 32 100 32 100
1704758400 32 100 32 100
1704672000 32 100 32 100
1704585600 32 100 32 100
1704499200 32 100 32 100
1704412800 32 100 32 100
1704326400 32 100 32 100
1704240000 32 100 32 100
1704153600 32 100 32 100
1704067200 32 100 32 100
1703980800 31 100 33 100
1703894400 36 100 37 100
1703808000 37 100 37 100
1703721600 37 100 37 100
1703635200 37 100 37 100
1703548800 37 100 37 100
1703462400 37 100 37 100
1703376000 37 100 37 100
1703289600 37 100 37 100
1703203200 37 100 37 100
1703116800 37 100 37 100
1703030400 37 100 37 100
1702944000 37 100 37 100
1702857600 37 100 37 100
1702771200 37 100 37 100
1702684800 37 100 37 100
1702598400 37 100 37 100
1702512000 37 100 37 100
1702425600 37 100 37 100
1702339200 37 100 37 100
1702252800 37 100 37 100
1702166400 37 100 37 100
1702080000 37 100 37 100
1701993600 37 100 37 100
1701907200 37 100 37 100
1701820800 37 100 37 100
1701734400 37 100 37 100
1701648000 37 100 37 100
1701561600 37 100 37 100
1701475200 37 100 37 100
1701388800 37 100 37 100
1701302400 37 100 37 100
1701216000 37 100 37 100
1701129600 37 100 37 100
1701043200 37 100 37 100
1700956800 37 100 37 100
1700870400 37 100 37 100
1700784000 37 100 37 100
1700697600 37 100 37 100
1700611200 37 100 37 100
1700524800 37 100 37 100
1700438400 37 100 37 100
1700352000 37 100 37 100
1700265600 37 100 37 100
1700179200 37 100 37 100
1700092800 37 100 37 100
1700006400 37 100 37 100
1699920000 36 100 40 100
1699833600 33 100 34 100
1699747200 34 100 34 100
1699660800 33 100 38 100
1699574400 32 100 33 100
1699488000 32 100 37 100
1699401600 31 100 31 100
1699315200 34 100 36 100
1699228800 35 100 38 100
1699142400 35 73 40 100
1699056000 40 40 40 40
1698969600 40 40 40 40
1698883200 38 38 40 40
1698796800 31 31 41 41
1698710400 32 32 42 42
1698624000 33 33 38 38
1698537600 30 30 38 38
1698451200 33 33 34 34
1698364800 32 32 34 34
1698278400 32 32 37 37
1698192000 26 26 33 33
1698105600 33 33 34 34
1698019200 33 33 37 37
1697932800 24 24 28 28
1697846400 24 24 24 24
1697760000 24 24 24 24
1697673600 24 24 24 24
1697587200 23 23 30 30
1697500800 26 26 37 37
1697414400 24 24 26 26
1697328000 27 27 31 31
1697241600 23 23 23 23
1697155200 23 23 23 23
1697068800 23 23 23 23
1696982400 23 23 23 23
1696896000 23 23 23 23
1696809600 27 59 32 100
1696723200 23 100 23 100
1696636800 23 100 23 100
1696550400 23 100 23 100
1696464000 23 100 23 100
1696377600 23 100 23 100
1696291200 23 100 23 100
1696204800 23 100 23 100
1696118400 23 100 23 100
1696032000 23 100 23 100
1695945600 23 100 23 100
1695859200 23 100 23 100
1695772800 23 100 23 100
1695686400 23 100 23 100
1695600000 23 100 23 100
1695513600 23 100 23 100
1695427200 23 100 23 100
1695340800 22 97 24 100
1695254400 0 0 0 0
1695168000 0 0 0 0
1695081600 0 0 0 0
1694995200 0 0 0 0
1694908800 0 0 0 0
1694822400 0 0 0 0
1694736000 0 0 0 0
1694649600 0 0 0 0
1694563200 0 0 0 0
1694476800 0 0 0 0
1694390400 0 0 0 0
1694304000 0 0 0 0
1694217600 0 0 0 0
1694131200 0 0 0 0
1694044800 0 0 0 0
1693958400 0 0 0 0
1693872000 0 0 0 0
1693785600 0 0 0 0
1693699200 0 0 0 0
1693612800 0 0 0 0
1693526400 0 0 0 0
1693440000 0 0 0 0
1693353600 0 0 0 0
1693267200 0 0 0 0
1693180800 0 0 0 0
1693094400 0 0 0 0
1693008000 0 0 0 0
1692921600 0 0 0 0
1692835200 0 0 0 0
1692748800 0 0 0 0
1692662400 0 0 0 0
1692576000 0 0 0 0
1692489600 0 0 0 0
1692403200 0 0 0 0
1692316800 0 0 0 0
1692230400 0 0 0 0
1692144000 0 0 0 0
1692057600 0 0 0 0
1691971200 0 0 0 0
1691884800 0 0 0 0
1691798400 0 0 0 0
1691712000 0 0 0 0
1691625600 0 0 0 0
1691539200 0 0 0 0
1691452800 0 0 0 0
1691366400 0 0 0 0
1691280000 0 0 0 0
1691193600 0 0 0 0
1691107200 0 0 0 0
1691020800 0 0 0 0
1690934400 0 0 0 0
1690848000 0 0 0 0
1690761600 0 0 0 0
1690675200 0 0 0 0
1690588800 0 0 0 0
1690502400 0 0 0 0
1690416000 0 0 0 0
1690329600 0 0 0 0
1690243200 0 0 0 0
1690156800 0 0 0 0
1690070400 0 0 0 0
1689984000 0 0 0 0
1689897600 0 0 0 0
1689811200 0 0 0 0
1689724800 0 0 0 0
1689638400 0 0 0 0
1689552000 0 0 0 0
1689465600 0 0 0 0
1689379200 0 0 0 0
1689292800 0 0 0 0
1689206400 0 0 0 0
1689120000 0 0 0 0
1689033600 0 0 0 0
1688947200 0 0 0 0
1688860800 0 0 0 0
1688774400 0 0 0 0
1688688000 0 0 0 0
1688601600 0 0 0 0
1688515200 0 0 0 0
1688428800 0 0 0 0
1688342400 0 0 0 0
1688256000 0 0 0 0
1688169600 0 0 0 0
1688083200 0 0 0 0
1687996800 0 0 0 0
1687910400 0 0 0 0
1687824000 0 0 0 0
1687737600 0 0 0 0
1687651200 0 0 0 0
1687564800 0 0 0 0
1687478400 0 0 0 0
1687392000 0 0 0 0
1687305600 0 0 0 0
1687219200 0 0 0 0
1687132800 0 0 0 0
1687046400 0 0 0 0
1686960000 0 0 0 0
1686873600 0 0 0 0
1686787200 0 0 0 0
1686700800 0 0 0 0
1686614400 0 0 0 0
1686528000 0 0 0 0
1686441600 0 0 0 0
1686355200 0 0 0 0
1686268800 0 0 0 0
1686182400 0 0 0 0
1686096000 0 0 0 0
1686009600 0 0 0 0
1685923200 0 0 0 0
1685836800 0 0 0 0
1685750400 0 0 0 0
1685664000 0 0 0 0
1685577600 0 0 0 0
1685491200 0 0 0 0
1685404800 0 0 0 0
1685318400 0 0 0 0
1685232000 0 0 0 0
1685145600 0 0 0 0
1685059200 0 0 0 0
1684972800 0 0 0 0
1684886400 0 0 0 0
1684800000 0 0 0 0
1684713600 0 0 0 0
1684627200 0 0 0 0
1684540800 0 0 0 0
1684454400 0 0 0 0
1684368000 0 0 0 0
1684281600 0 0 0 0
1684195200 0 0 0 0
1684108800 0 0 0 0
1684022400 0 0 0 0
1683936000 0 0 0 0
1683849600 0 0 0 0
1683763200 0 0 0 0
1683676800 0 0 0 0
1683590400 0 0 0 0
1683504000 0 0 0 0
1683417600 0 0 0 0
1683331200 0 0 0 0
1683244800 0 0 0 0
1683158400 0 0 0 0
1683072000 0 0 0 0
1682985600 0 0 0 0
1682899200 0 0 0 0
1682812800 0 0 0 0
1682726400 0 0 0 0
1682640000 0 0 0 0
1682553600 0 0 0 0
1682467200 0 0 0 0
1682380800 0 0 0 0
1682294400 0 0 0 0
1682208000 0 0 0 0
1682121600 0 0 0 0
1682035200 0 0 0 0
1681948800 0 0 0 0
1681862400 0 0 0 0
1681776000 0 0 0 0
1681689600 0 0 0 0
1681603200 0 0 0 0
1681516800 0 0 0 0
1681430400 0 0 0 0
1681344000 0 0 0 0
1681257600 0 0 0 0
1681171200 0 0 0 0
1681084800 0 0 0 0
1680998400 0 0 0 0
1680912000 0 0 0 0
1680825600 0 0 0 0
1680739200 0 0 0 0
1680652800 0 0 0 0
1680566400 0 0 0 0
1680480000 0 0 0 0
1680393600 0 0 0 0
1680307200 0 0 0 0
1680220800 0 0 0 0
1680134400 0 0 0 0
1680048000 0 0 0 0
1679961600 0 0 0 0
1679875200 0 0 0 0
1679788800 0 0 0 0
1679702400 0 0 0 0
1679616000 0 0 0 0
1679529600 0 0 0 0
1679443200 0 0 0 0
1679356800 0 0 0 0
1679270400 0 0 0 0
1679184000 0 0 0 0
1679097600 0 0 0 0
1679011200 0 0 0 0
1678924800 0 0 0 0
1678838400 0 0 0 0
1678752000 0 0 0 0
1678665600 0 0 0 0
1678579200 0 0 0 0
1678492800 0 0 0 0
1678406400 0 0 0 0
1678320000 0 0 0 0
1678233600 0 0 0 0
1678147200 0 0 0 0
1678060800 0 0 0 0
1677974400 0 0 0 0
1677888000 0 0 0 0
1677801600 0 0 0 0
1677715200 0 0 0 0
1677628800 0 0 0 0
1677542400 0 0 0 0
1677456000 0 0 0 0
1677369600 0 0 0 0
1677283200 0 0 0 0
1677196800 0 0 0 0
1677110400 0 0 0 0
1677024000 0 0 0 0
1676937600 0 0 0 0
1676851200 0 0 0 0
1676764800 0 0 0 0
1676678400 0 0 0 0
1676592000 0 0 0 0
1676505600 0 0 0 0
1676419200 0 0 0 0
1676332800 0 0 0 0
1676246400 0 0 0 0
1676160000 0 0 0 0
1676073600 0 0 0 0
1675987200 0 0 0 0
1675900800 0 0 0 0
1675814400 0 0 0 0
1675728000 0 0 0 0
1675641600 0 0 0 0
1675555200 0 0 0 0
1675468800 0 0 0 0
1675382400 0 0 0 0
1675296000 0 0 0 0
1675209600 0 0 0 0
1675123200 0 0 0 0
1675036800 0 0 0 0
1674950400 0 0 0 0
1674864000 0 0 0 0
1674777600 0 0 0 0
1674691200 0 0 0 0
1674604800 0 0 0 0
1674518400 0 0 0 0
1674432000 0 0 0 0
1674345600 0 0 0 0
1674259200 0 0 0 0
1674172800 0 0 0 0
1674086400 0 0 0 0
1674000000 0 0 0 0
1673913600 0 0 0 0
1673827200 0 0 0 0
1673740800 0 0 0 0
1673654400 0 0 0 0
1673568000 0 0 0 0
1673481600 0 0 0 0
1673395200 0 0 0 0
1673308800 0 0 0 0
1673222400 0 0 0 0
1673136000 0 0 0 0
1673049600 0 0 0 0
1672963200 0 0 0 0
1672876800 0 0 0 0
1672790400 0 0 0 0
1672704000 0 0 0 0
1672617600 0 0 0 0
1672531200 0 0 0 0
1672444800 0 0 0 0
1672358400 0 0 0 0
1672272000 0 0 0 0
1672185600 0 0 0 0
1672099200 0 0 0 0
1672012800 0 0 0 0
1671926400 0 0 0 0
1671840000 0 0 0 0
1671753600 0 0 0 0
1671667200 0 0 0 0
1671580800 0 0 0 0
1671494400 0 0 0 0
1671408000 0 0 0 0
1671321600 0 0 0 0
1671235200 0 0 0 0
1671148800 0 0 0 0
1671062400 0 0 0 0
1670976000 0 0 0 0
1670889600 0 0 0 0
1670803200 0 0 0 0
1670716800 0 0 0 0
1670630400 0 0 0 0
1670544000 0 0 0 0
1670457600 0 0 0 0
1670371200 0 0 0 0
1670284800 0 0 0 0
1670198400 0 0 0 0
1670112000 0 0 0 0
1670025600 0 0 0 0
1669939200 0 0 0 0
1669852800 0 0 0 0
1669766400 0 0 0 0
1669680000 0 0 0 0
1669593600 0 0 0 0
1669507200 0 0 0 0
1669420800 0 0 0 0
1669334400 0 0 0 0
1669248000 0 0 0 0
1669161600 0 0 0 0
1669075200 0 0 0 0
1668988800 0 0 0 0
1668902400 0 0 0 0
1668816000 0 0 0 0
1668729600 0 0 0 0
1668643200 0 0 0 0
1668556800 0 0 0 0
1668470400 0 0 0 0
1668384000 0 0 0 0
1668297600 0 0 0 0
1668211200 0 0 0 0
1668124800 0 0 0 0
1668038400 0 0 0 0
1667952000 0 0 0 0
1667865600 0 0 0 0
1667779200 0 0 0 0
1667692800 0 0 0 0
1667606400 0 0 0 0
1667520000 0 0 0 0
1667433600 0 0 0 0
1667347200 0 0 0 0
1667260800 0 0 0 0
1667174400 0 0 0 0
1667088000 0 0 0 0
1667001600 0 0 0 0
1666915200 0 0 0 0
1666828800 0 0 0 0
1666742400 0 0 0 0
1666656000 0 0 0 0
1666569600 0 0 0 0
1666483200 0 0 0 0
1666396800 0 0 0 0
1666310400 0 0 0 0
1666224000 0 0 0 0
1666137600 0 0 0 0
1666051200 0 0 0 0
1665964800 0 0 0 0
1665878400 0 0 0 0
1665792000 0 0 0 0
1665705600 0 0 0 0
1665619200 0 0 0 0
1665532800 0 0 0 0
1665446400 0 0 0 0
1665360000 0 0 0 0
1665273600 0 0 0 0
1665187200 0 0 0 0
1665100800 0 0 0 0
1665014400 0 0 0 0
1664928000 0 0 0 0
1664841600 0 0 0 0
1664755200 0 0 0 0
1664668800 0 0 0 0
1664582400 0 0 0 0
1664496000 0 0 0 0
1664409600 0 0 0 0
1664323200 0 0 0 0
1664236800 0 0 0 0
1664150400 0 0 0 0
1664064000 0 0 0 0
1663977600 0 0 0 0
1663891200 0 0 0 0
1663804800 0 0 0 0
1663718400 0 0 0 0
1663632000 0 0 0 0
1663545600 0 0 0 0
1663459200 0 0 0 0
1663372800 0 0 0 0
1663286400 0 0 0 0
1663200000 0 0 0 0
1663113600 0 0 0 0
1663027200 0 0 0 0
1662940800 0 0 0 0
1662854400 0 0 0 0
1662768000 0 0 0 0
1662681600 0 0 0 0
1662595200 0 0 0 0
1662508800 0 0 0 0
1662422400 0 0 0 0
1662336000 0 0 0 0
1662249600 0 0 0 0
1662163200 0 0 0 0
1662076800 0 0 0 0
1661990400 0 0 0 0
1661904000 0 0 0 0
1661817600 0 0 0 0
1661731200 0 0 0 0
1661644800 0 0 0 0
1661558400 0 0 0 0
1661472000 0 0 0 0
1661385600 0 0 0 0
1661299200 0 0 0 0
1661212800 0 0 0 0
1661126400 0 0 0 0
1661040000 0 0 0 0
1660953600 0 0 0 0
1660867200 0 0 0 0
1660780800 0 0 0 0
1660694400 0 0 0 0
1660608000 0 0 0 0
1660521600 0 0 0 0
1660435200 0 0 0 0
1660348800 0 0 0 0
1660262400 0 0 0 0
1660176000 0 0 0 0
1660089600 0 0 0 0
1660003200 0 0 0 0
1659916800 0 0 0 0
1659830400 0 0 0 0
1659744000 0 0 0 0
1659657600 0 0 0 0
1659571200 0 0 0 0
1659484800 0 0 0 0
1659398400 0 0 0 0
1659312000 0 0 0 0
1659225600 0 0 0 0
1659139200 0 0 0 0
1659052800 0 0 0 0
1658966400 0 0 0 0
1658880000 0 0 0 0
1658793600 0 0 0 0
1658707200 0 0 0 0
1658620800 0 0 0 0
1658534400 0 0 0 0
1658448000 0 0 0 0
1658361600 0 0 0 0
1658275200 0 0 0 0
1658188800 0 0 0 0
1658102400 0 0 0 0
1658016000 0 0 0 0
1657929600 0 0 0 0
1657843200 0 0 0 0
1657756800 0 0 0 0
1657670400 0 0 0 0
1657584000 0 0 0 0
1657497600 0 0 0 0
1657411200 0 0 0 0
1657324800 0 0 0 0
1657238400 0 0 0 0
1657152000 0 0 0 0
1657065600 0 0 0 0
1656979200 0 0 0 0
1656892800 0 0 0 0
1656806400 0 0 0 0
1656720000 0 0 0 0
1656633600 0 0 0 0
1656547200 0 0 0 0
1656460800 0 0 0 0
1656374400 0 0 0 0
1656288000 0 0 0 0
1656201600 0 0 0 0
1656115200 0 0 0 0
1656028800 0 0 0 0
1655942400 0 0 0 0
1655856000 0 0 0 0
1655769600 0 0 0 0
1655683200 0 0 0 0
1655596800 0 0 0 0
1655510400 0 0 0 0
1655424000 0 0 0 0
1655337600 0 0 0 0
1655251200 0 0 0 0
1655164800 0 0 0 0
1655078400 0 0 0 0
1654992000 0 0 0 0
1654905600 0 0 0 0
1654819200 0 0 0 0
1654732800 0 0 0 0
1654646400 0 0 0 0
1654560000 0 0 0 0
1654473600 0 0 0 0
1654387200 0 0 0 0
1654300800 0 0 0 0
1654214400 0 0 0 0
1654128000 0 0 0 0
1654041600 0 0 0 0
1653955200 0 0 0 0
1653868800 0 0 0 0
1653782400 0 0 0 0
1653696000 0 0 0 0
1653609600 0 0 0 0
1653523200 0 0 0 0
1653436800 0 0 0 0
1653350400 0 0 0 0
1653264000 0 0 0 0
1653177600 0 0 0 0
1653091200 0 0 0 0
1653004800 0 0 0 0
1652918400 0 0 0 0
1652832000 0 0 0 0
1652745600 0 0 0 0
1652659200 0 0 0 0
1652572800 0 0 0 0
1652486400 0 0 0 0
1652400000 0 0 0 0
1652313600 0 0 0 0
1652227200 0 0 0 0
1652140800 0 0 0 0
1652054400 0 0 0 0
1651968000 0 0 0 0
1651881600 0 0 0 0
1651795200 0 0 0 0
1651708800 0 0 0 0
1651622400 0 0 0 0
1651536000 0 0 0 0
1651449600 0 0 0 0
1651363200 0 0 0 0
1651276800 0 0 0 0
1651190400 0 0 0 0
1651104000 0 0 0 0
1651017600 0 0 0 0
1650931200 0 0 0 0
1650844800 0 0 0 0
1650758400 0 0 0 0
1650672000 0 0 0 0
1650585600 0 0 0 0
1650499200 0 0 0 0
1650412800 0 0 0 0
1650326400 0 0 0 0
1650240000 0 0 0 0
1650153600 0 0 0 0
1650067200 0 0 0 0
1649980800 0 0 0 0
1649894400 0 0 0 0
1649808000 0 0 0 0
1649721600 0 0 0 0
1649635200 0 0 0 0
1649548800 0 0 0 0
1649462400 0 0 0 0
1649376000 0 0 0 0
1649289600 0 0 0 0
1649203200 0 0 0 0
1649116800 0 0 0 0
1649030400 0 0 0 0
1648944000 0 0 0 0
1648857600 0 0 0 0
1648771200 0 0 0 0
1648684800 0 0 0 0
1648598400 0 0 0 0
1648512000 0 0 0 0
1648425600 0 0 0 0
1648339200 0 0 0 0
1648252800 0 0 0 0
1648166400 0 0 0 0
1648080000 0 0 0 0
1647993600 0 0 0 0
1647907200 0 0 0 0
1647820800 0 0 0 0
