1716589714 3 100
1716589714 3 100 3 100
1716589587 2 100 2 100
1716589500 3 100 6 100
1716589200 4 100 11 100
1716588900 10 100 11 100
1716588600 3 100 10 100
1716588300 8 100 11 100
1716588000 14 100 19 100
1716587700 16 100 25 100
1716587400 13 100 15 100
1716587100 13 100 16 100
1716586800 13 100 15 100
1716586500 13 100 16 100
1716586200 12 100 15 100
1716585900 12 100 15 100
1716585600 11 100 15 100
1716585300 10 100 15 100
1716585000 10 100 17 100
1716584700 14 100 17 100
1716584400 11 100 16 100
1716584100 4 100 5 100
1716583800 1 100 1 100
1716583500 1 100 2 100
1716583200 2 100 2 100
1716582900 1 100 2 100
1716582600 1 100 1 100
1716582300 1 100 1 100
1716582000 1 100 1 100
1716581700 1 100 1 100
1716581400 1 100 1 100
1716581100 1 100 1 100
1716580800 1 100 1 100
1716580500 1 100 1 100
1716580200 1 100 1 100
1716579900 1 100 1 100
1716579600 1 100 1 100
1716579300 1 100 1 100
1716579000 1 100 1 100
1716578700 1 100 1 100
1716578400 1 100 1 100
1716578100 1 100 1 100
1716577800 1 100 1 100
1716577500 1 100 1 100
1716577200 1 100 1 100
1716576900 1 100 1 100
1716576600 1 100 1 100
1716576300 1 100 1 100
1716576000 1 100 1 100
1716575700 1 100 1 100
1716575400 1 100 1 100
1716575100 1 100 1 100
1716574800 1 100 1 100
1716574500 1 100 1 100
1716574200 1 100 1 100
1716573900 1 100 1 100
1716573600 1 100 1 100
1716573300 1 100 1 100
1716573000 1 100 1 100
1716572700 1 100 1 100
1716572400 1 100 1 100
1716572100 1 100 1 100
1716571800 1 100 1 100
1716571500 1 100 1 100
1716571200 1 100 1 100
1716570900 1 100 1 100
1716570600 1 100 1 100
1716570300 1 100 1 100
1716570000 1 100 1 100
1716569700 1 100 1 100
1716569400 1 100 1 100
1716569100 1 100 1 100
1716568800 1 100 1 100
1716568500 1 100 1 100
1716568200 1 100 1 100
1716567900 1 100 1 100
1716567600 1 100 1 100
1716567300 1 100 1 100
1716567000 1 100 1 100
1716566700 1 100 1 100
1716566400 1 100 1 100
1716566100 1 100 1 100
1716565800 1 100 1 100
1716565500 1 100 1 100
1716565200 1 100 1 100
1716564900 1 100 1 100
1716564600 1 100 1 100
1716564300 1 100 1 100
1716564000 1 100 1 100
1716563700 1 100 1 100
1716563400 1 100 1 100
1716563100 1 100 1 100
1716562800 1 100 1 100
1716562500 1 100 1 100
1716562200 1 100 1 100
1716561900 1 100 1 100
1716561600 1 100 1 100
1716561300 1 100 1 100
1716561000 1 100 1 100
1716560700 1 100 1 100
1716560400 1 100 1 100
1716560100 1 100 1 100
1716559800 1 100 1 100
1716559500 1 100 1 100
1716559200 1 100 1 100
1716558900 1 100 1 100
1716558600 1 100 1 100
1716558300 1 100 1 100
1716558000 1 100 1 100
1716557700 1 100 1 100
1716557400 1 100 1 100
1716557100 1 100 1 100
1716556800 1 100 1 100
1716556500 1 100 1 100
1716556200 1 100 1 100
1716555900 1 100 1 100
1716555600 1 100 1 100
1716555300 1 100 1 100
1716555000 1 100 1 100
1716554700 1 100 1 100
1716554400 1 100 1 100
1716554100 0 100 1 100
1716553800 0 100 0 100
1716553500 0 100 0 100
1716553200 0 100 0 100
1716552900 0 100 0 100
1716552600 0 100 0 100
1716552300 0 100 0 100
1716552000 0 100 0 100
1716551700 0 100 0 100
1716551400 0 100 0 100
1716551100 0 100 0 100
1716550800 0 100 0 100
1716550500 0 100 0 100
1716550200 0 100 0 100
1716549900 0 100 0 100
1716549600 0 100 0 100
1716549300 0 100 0 100
1716549000 0 100 0 100
1716548700 1 100 6 100
1716548400 6 100 6 100
1716548100 5 100 6 100
1716547800 3 100 3 100
1716547500 2 100 3 100
1716547200 0 100 0 100
1716546900 0 100 0 100
1716546600 0 100 0 100
1716546300 0 100 0 100
1716546000 0 100 0 100
1716545700 0 100 0 100
1716545400 0 100 0 100
1716545100 0 100 0 100
1716544800 0 100 0 100
1716544500 0 100 0 100
1716544200 0 100 0 100
1716543900 0 100 0 100
1716543600 0 100 0 100
1716543300 0 100 2 100
1716543000 0 100 0 100
1716542700 0 100 2 100
1716542400 0 100 2 100
1716542100 9 100 13 100
1716541800 11 100 13 100
1716541500 11 100 13 100
1716541200 9 100 12 100
1716540900 10 100 12 100
1716540600 9 100 11 100
1716540300 6 100 15 100
1716540000 7 100 15 100
1716539700 8 100 17 100
1716539400 4 100 13 100
1716539100 0 100 1 100
1716538800 0 100 0 100
1716538500 0 100 0 100
1716538200 0 100 0 100
1716537900 0 100 0 100
1716537600 0 100 0 100
1716537300 0 100 0 100
1716537000 0 100 0 100
1716536700 0 100 0 100
1716536400 0 100 0 100
1716536100 0 100 0 100
1716535800 0 100 0 100
1716535500 0 100 0 100
1716535200 0 100 0 100
1716534900 0 100 0 100
1716534600 0 100 0 100
1716534300 0 100 1 100
1716534000 1 100 1 100
1716533700 0 100 1 100
1716533400 0 100 0 100
1716533100 0 100 1 100
1716532800 1 100 1 100
1716532500 0 100 1 100
1716532200 0 100 0 100
1716531900 0 100 0 100
1716531600 0 100 0 100
1716531300 0 100 1 100
1716531000 1 100 1 100
1716530700 0 100 1 100
1716530400 0 100 0 100
1716530100 0 100 0 100
1716529800 0 100 0 100
1716529500 0 100 0 100
1716529200 0 100 0 100
1716528900 0 100 0 100
1716528600 0 100 0 100
1716528300 0 100 1 100
1716528000 1 100 1 100
1716527700 7 100 34 100
1716527400 34 100 34 100
1716527100 31 100 34 100
1716526800 24 100 24 100
1716526500 19 100 24 100
1716526200 0 100 0 100
1716525900 0 100 1 100
1716525600 1 100 1 100
1716525300 0 100 1 100
1716525000 0 100 0 100
1716524700 0 100 0 100
1716524400 0 100 0 100
1716524100 0 100 0 100
1716523800 0 100 0 100
1716523500 0 100 0 100
1716523200 0 100 0 100
1716522900 0 100 0 100
1716522600 0 100 0 100
1716522300 0 100 0 100
1716522000 0 100 0 100
1716521700 0 100 0 100
1716521400 0 100 0 100
1716521100 0 100 0 100
1716520800 0 100 0 100
1716520500 0 100 0 100
1716520200 0 100 0 100
1716519900 0 100 0 100
1716519600 0 100 0 100
1716519300 2 100 10 100
1716519000 10 100 10 100
1716518700 8 100 10 100
1716518400 2 100 2 100
1716518100 1 100 2 100
1716517800 0 100 0 100
1716517500 0 100 0 100
1716517200 0 100 0 100
1716516900 0 100 0 100
1716516600 0 100 0 100
1716516300 0 100 0 100
1716516000 0 100 0 100
1716515700 0 100 0 100
1716515400 0 100 0 100
1716515100 0 100 0 100
1716514800 0 100 0 100
1716514500 0 100 0 100
1716514200 0 100 0 100
1716513900 0 100 0 100
1716513600 0 100 0 100
1716513300 3 100 16 100
1716513000 16 100 16 100
1716512700 15 100 16 100
1716512400 15 100 15 100
1716512100 15 100 16 100
1716511800 16 100 16 100
1716511500 12 100 16 100
1716511200 1 100 1 100
1716510900 0 100 1 100
1716510600 0 100 0 100
1716510300 0 100 1 100
1716510000 1 100 1 100
1716509700 0 100 1 100
1716509400 0 100 0 100
1716509100 0 100 2 100
1716508800 2 100 2 100
1716508500 1 100 2 100
1716508200 1 100 1 100
1716507900 0 100 1 100
1716507600 0 100 0 100
1716507300 0 100 0 100
1716507000 0 100 0 100
1716506700 0 100 0 100
1716506400 0 100 0 100
1716506100 0 100 0 100
1716505800 0 100 0 100
1716505500 0 100 0 100
1716505200 0 100 0 100
1716504900 0 100 0 100
1716504600 0 100 0 100
1716504300 0 100 0 100
1716504000 0 100 0 100
1716503700 0 100 0 100
1716503400 0 100 0 100
1716503100 0 100 0 100
1716502800 0 100 0 100
1716502500 0 100 0 100
1716502200 0 100 0 100
1716501900 0 100 0 100
1716501600 0 100 0 100
1716501300 0 100 0 100
1716501000 0 100 0 100
1716500700 0 100 1 100
1716500400 1 100 1 100
1716500100 1 100 1 100
1716499800 1 100 1 100
1716499500 1 100 1 100
1716499200 1 100 1 100
1716498900 1 100 1 100
1716498600 1 100 1 100
1716498300 0 100 1 100
1716498000 0 100 0 100
1716497700 0 100 0 100
1716497400 0 100 0 100
1716497100 0 100 2 100
1716496800 2 100 2 100
1716496500 1 100 2 100
1716496200 1 100 1 100
1716495900 1 100 1 100
1716495600 1 100 1 100
1716495300 1 100 1 100
1716495000 1 100 1 100
1716494700 1 100 1 100
1716494400 1 100 1 100
1716494100 1 100 1 100
1716493800 1 100 1 100
1716493500 1 100 1 100
1716493200 1 100 1 100
1716492900 1 100 1 100
1716492600 1 100 1 100
1716492300 1 100 1 100
1716492000 1 100 1 100
1716491700 1 100 1 100
1716491400 1 100 1 100
1716491100 1 100 1 100
1716490800 1 100 1 100
1716490500 1 100 1 100
1716490200 1 100 1 100
1716489900 1 100 1 100
1716489600 1 100 1 100
1716489300 1 100 1 100
1716489000 1 100 1 100
1716488700 1 100 1 100
1716488400 1 100 1 100
1716488100 1 100 1 100
1716487800 1 100 1 100
1716487500 1 100 1 100
1716487200 1 100 1 100
1716486900 1 100 1 100
1716486600 1 100 1 100
1716486300 1 100 1 100
1716486000 1 100 1 100
1716485700 1 100 1 100
1716485400 1 100 1 100
1716485100 1 100 1 100
1716484800 1 100 1 100
1716484500 1 100 1 100
1716484200 1 100 1 100
1716483900 1 100 1 100
1716483600 1 100 1 100
1716483300 1 100 1 100
1716483000 1 100 1 100
1716482700 1 100 1 100
1716482400 1 100 1 100
1716482100 1 100 1 100
1716481800 1 100 1 100
1716481500 1 100 1 100
1716481200 1 100 1 100
1716480900 1 100 1 100
1716480600 1 100 1 100
1716480300 1 100 1 100
1716480000 1 100 1 100
1716479700 1 100 1 100
1716479400 1 100 1 100
1716479100 1 100 1 100
1716478800 1 100 1 100
1716478500 1 100 1 100
1716478200 1 100 1 100
1716477900 1 100 1 100
1716477600 1 100 1 100
1716477300 1 100 1 100
1716477000 1 100 1 100
1716476700 1 100 1 100
1716476400 1 100 1 100
1716476100 1 100 1 100
1716475800 1 100 1 100
1716475500 1 100 1 100
1716475200 1 100 1 100
1716474900 1 100 1 100
1716474600 1 100 1 100
1716474300 1 100 1 100
1716474000 1 100 1 100
1716473700 1 100 1 100
1716473400 1 100 1 100
1716473100 1 100 1 100
1716472800 1 100 1 100
1716472500 1 100 1 100
1716472200 1 100 1 100
1716471900 1 100 1 100
1716471600 1 100 1 100
1716471300 1 100 1 100
1716471000 1 100 1 100
1716470700 1 100 1 100
1716470400 1 100 1 100
1716470100 1 100 1 100
1716469800 1 100 1 100
1716469500 1 100 1 100
1716469200 1 100 1 100
1716468900 1 100 1 100
1716468600 1 100 1 100
1716468300 1 100 1 100
1716468000 1 100 1 100
1716467700 1 100 1 100
1716467400 1 100 1 100
1716467100 1 100 2 100
1716466800 2 100 2 100
1716466500 2 100 3 100
1716466200 3 100 3 100
1716465900 2 100 3 100
1716465600 1 100 1 100
1716465300 1 100 1 100
1716465000 1 100 1 100
1716464700 2 100 10 100
1716464400 10 100 10 100
1716464100 8 100 10 100
1716463800 4 100 4 100
1716463500 3 100 4 100
1716463200 2 100 2 100
1716462900 1 100 2 100
1716462600 0 100 0 100
1716462300 0 100 0 100
1716462000 0 100 0 100
1716461700 0 100 4 100
1716461400 4 100 4 100
1716461100 3 100 4 100
1716460800 1 100 1 100
1716460500 1 100 1 100
1716460200 1 100 1 100
1716459900 1 100 1 100
1716459600 1 100 1 100
1716459300 1 100 2 100
1716459000 2 100 2 100
1716458700 1 100 2 100
1716458400 1 100 1 100
1716458100 1 100 2 100
1716457800 2 100 2 100
1716457500 2 100 2 100
1716457200 2 100 2 100
1716456900 1 100 2 100
1716456600 1 100 1 100
1716456300 1 100 1 100
1716456000 1 100 1 100
1716455700 1 100 1 100
1716455400 1 100 1 100
1716455100 1 100 1 100
1716454800 1 100 1 100
1716454500 1 100 1 100
1716454200 1 100 1 100
1716453900 1 100 4 100
1716453600 4 100 4 100
1716453300 3 100 4 100
1716453000 3 100 3 100
1716452700 2 100 3 100
1716452400 2 100 2 100
1716452100 1 100 2 100
1716451800 0 100 0 100
1716451500 0 100 2 100
1716451200 2 100 2 100
1716450900 2 100 3 100
1716450600 3 100 3 100
1716450300 2 100 3 100
1716450000 2 100 2 100
1716449700 2 100 4 100
1716449400 4 100 4 100
1716449100 3 100 4 100
1716448800 1 100 1 100
1716448500 1 100 2 100
1716448200 2 100 2 100
1716447900 1 100 2 100
1716447600 0 100 0 100
1716447300 0 100 0 100
1716447000 0 100 0 100
1716446700 0 100 0 100
1716446400 0 100 0 100
1716446100 0 100 0 100
1716445800 0 100 0 100
1716445500 0 100 0 100
1716445200 0 100 0 100
1716444900 0 100 0 100
1716444600 0 100 0 100
1716444300 0 100 2 100
1716444000 2 100 2 100
1716443700 1 100 2 100
1716443400 1 100 1 100
1716443100 1 100 5 100
1716442800 5 100 5 100
1716442500 5 100 7 100
1716442200 7 100 7 100
1716441900 5 100 7 100
1716441600 2 100 2 100
1716441300 1 100 2 100
1716441000 0 100 0 100
1716440700 0 100 0 100
1716440400 0 100 0 100
1716440100 0 100 0 100
1716439800 0 100 0 100
1716439500 0 100 0 100
1716439200 0 100 0 100
1716438900 0 100 0 100
1716438600 0 100 0 100
1716438300 1 100 6 100
1716438000 6 100 6 100
1716437700 5 100 6 100
1716437400 3 100 3 100
1716437100 2 100 3 100
1716436800 1 100 1 100
1716436500 0 100 1 100
1716436200 0 100 0 100
1716435900 0 100 0 100
1716435600 0 100 0 100
1716435300 0 100 0 100
1716435000 0 100 0 100
1716434700 0 100 0 100
1716434400 0 100 0 100
1716434100 0 100 0 100
1716433800 0 100 0 100
1716433500 0 100 0 100
1716433200 0 100 0 100
1716432900 0 100 0 100
1716432600 0 100 0 100
1716432300 0 100 0 100
1716432000 0 100 0 100
1716431700 0 100 0 100
1716431400 0 100 0 100
1716431100 0 100 0 100
1716430800 0 100 0 100
1716430500 0 100 0 100
1716430200 0 100 0 100
1716429900 0 100 0 100
1716429600 0 100 0 100
1716429300 0 100 0 100
1716429000 0 100 0 100
1716428700 0 100 0 100
1716428400 0 100 0 100
1716428100 0 100 0 100
1716427800 0 100 0 100
1716427500 0 100 0 100
1716427200 0 100 0 100
1716426900 0 100 0 100
1716426600 0 100 0 100
1716426300 0 100 0 100
1716426000 0 100 0 100
1716425700 0 100 0 100
1716425400 0 100 0 100
1716425100 0 100 0 100
1716424800 0 100 0 100
1716424500 0 100 0 100
1716424200 0 100 0 100
1716423900 0 100 0 100
1716423600 0 100 0 100
1716423300 0 100 0 100
1716423000 0 100 0 100
1716422700 0 100 0 100
1716422400 0 100 0 100
1716422100 0 100 0 100
1716421800 0 100 0 100
1716421500 0 100 4 100
1716421200 4 100 4 100
1716420900 4 100 4 100
1716420600 4 100 4 100
1716420300 4 100 4 100
1716420000 4 100 4 100
1716419700 3 100 4 100
1716419400 1 100 1 100
1716419100 1 100 1 100
1716418800 1 100 1 100
1716418500 1 100 4 100
1716418200 4 100 4 100
1716417900 4 100 4 100
1716417600 4 100 4 100
1716417300 3 100 4 100
1716417000 0 100 0 100
1716416700 0 100 0 100
1716416400 0 100 0 100
1716416100 0 100 0 100
1716415800 0 100 0 100
1716415500 0 100 0 100
1716415200 0 100 0 100
1716414900 0 100 0 100
1716414600 0 100 0 100
1716414300 2 100 12 100
1716414000 12 100 12 100
1716413700 10 100 12 100
1716413400 5 100 5 100
1716413100 5 100 5 100
1716412800 5 100 5 100
1716412500 4 100 5 100
1716412200 4 100 4 100
1716411900 4 100 4 100
1716411600 4 100 4 100
1716411300 3 100 4 100
1716411000 1 100 1 100
1716410700 1 100 3 100
1716410400 3 100 3 100
1716410100 4 100 12 100
1716409800 12 100 12 100
1716408000 12 100 12 100
1716406200 12 100 12 100
1716404400 12 100 12 100
1716402600 12 100 12 100
1716400800 12 100 12 100
1716399000 12 100 12 100
1716397200 12 100 12 100
1716395400 12 100 12 100
1716393600 12 100 12 100
1716391800 12 100 12 100
1716390000 12 100 12 100
1716388200 12 100 12 100
1716386400 12 100 12 100
1716384600 12 100 12 100
1716382800 12 100 12 100
1716381000 12 100 12 100
1716379200 8 100 12 100
1716377400 3 100 6 100
1716375600 6 100 15 100
1716373800 9 100 17 100
1716372000 0 100 4 100
1716370200 4 100 6 100
1716368400 0 100 1 100
1716366600 0 100 1 100
1716364800 0 100 1 100
1716363000 0 100 2 100
1716361200 0 100 0 100
1716359400 0 100 1 100
1716357600 1 100 3 100
1716355800 0 100 2 100
1716354000 0 100 1 100
1716352200 0 100 2 100
1716350400 0 100 2 100
1716348600 0 100 1 100
1716346800 0 100 2 100
1716345000 3 100 8 100
1716343200 1 100 6 100
1716341400 0 100 1 100
1716339600 1 100 6 100
1716337800 0 100 2 100
1716336000 1 100 2 100
1716334200 1 100 1 100
1716332400 1 100 1 100
1716330600 1 100 6 100
1716328800 5 100 11 100
1716327000 11 100 14 100
1716325200 6 100 11 100
1716323400 2 100 4 100
1716321600 1 100 1 100
1716319800 1 100 1 100
1716318000 1 100 1 100
1716316200 1 100 1 100
1716314400 1 100 1 100
1716312600 1 100 1 100
1716310800 1 100 1 100
1716309000 1 100 1 100
1716307200 1 100 1 100
1716305400 1 100 1 100
1716303600 1 100 1 100
1716301800 1 100 1 100
1716300000 1 100 1 100
1716298200 1 100 1 100
1716296400 0 100 1 100
1716294600 0 100 1 100
1716292800 0 100 0 100
1716291000 0 100 3 100
1716289200 2 100 3 100
1716287400 0 100 0 100
1716285600 0 100 1 100
1716283800 0 100 1 100
1716282000 0 100 1 100
1716280200 0 100 3 100
1716278400 1 100 9 100
1716276600 0 100 1 100
1716274800 0 100 1 100
1716273000 0 100 0 100
1716271200 1 100 7 100
1716269400 0 100 0 100
1716267600 0 100 0 100
1716265800 0 100 0 100
1716264000 0 100 0 100
1716262200 0 100 0 100
1716260400 0 100 0 100
1716258600 0 100 0 100
1716256800 0 100 0 100
1716255000 0 100 0 100
1716253200 0 100 0 100
1716251400 0 100 0 100
1716249600 0 100 2 100
1716247800 6 100 9 100
1716246000 2 100 5 100
1716244200 0 100 0 100
1716242400 0 100 1 100
1716240600 6 100 27 100
1716238800 8 100 27 100
1716237000 3 100 4 100
1716235200 4 100 4 100
1716233400 4 100 4 100
1716231600 4 100 4 100
1716229800 4 100 4 100
1716228000 4 100 4 100
1716226200 4 100 4 100
1716224400 4 100 4 100
1716222600 4 100 4 100
1716220800 4 100 4 100
1716219000 4 100 4 100
1716217200 4 100 4 100
1716215400 4 100 4 100
1716213600 4 100 4 100
1716211800 4 100 4 100
1716210000 4 100 4 100
1716208200 4 100 4 100
1716206400 4 100 4 100
1716204600 4 100 4 100
1716202800 4 100 4 100
1716201000 1 100 4 100
1716199200 0 100 2 100
1716197400 0 100 2 100
1716195600 0 100 2 100
1716193800 1 100 6 100
1716192000 1 100 6 100
1716190200 3 100 6 100
1716188400 0 100 1 100
1716186600 0 100 1 100
1716184800 0 100 1 100
1716183000 0 100 15 100
1716181200 14 100 17 100
1716179400 14 100 15 100
1716177600 9 100 14 100
1716175800 0 100 1 100
1716174000 0 100 1 100
1716172200 0 100 2 100
1716170400 0 100 7 100
1716168600 2 100 21 100
1716166800 11 100 15 100
1716165000 12 100 13 100
1716163200 16 100 26 100
1716161400 8 100 18 100
1716159600 0 100 2 100
1716157800 0 100 0 100
1716156000 0 100 1 100
1716154200 6 100 16 100
1716152400 16 100 16 100
1716150600 16 100 16 100
1716148800 16 100 16 100
1716147000 16 100 16 100
1716145200 16 100 16 100
1716143400 16 100 16 100
1716141600 16 100 16 100
1716139800 16 100 16 100
1716138000 16 100 16 100
1716136200 16 100 16 100
1716134400 16 100 16 100
1716132600 16 100 16 100
1716130800 16 100 16 100
1716129000 16 100 16 100
1716127200 16 100 16 100
1716125400 16 100 16 100
1716123600 16 100 16 100
1716121800 4 100 16 100
1716120000 2 100 25 100
1716118200 6 100 30 100
1716116400 1 100 5 100
1716114600 1 100 5 100
1716112800 1 100 18 100
1716111000 3 100 13 100
1716109200 1 100 8 100
1716107400 2 100 16 100
1716105600 3 100 13 100
1716103800 0 100 12 100
1716102000 5 100 24 100
1716100200 6 100 12 100
1716098400 10 100 73 100
1716096600 4 100 16 100
1716094800 9 100 16 100
1716093000 8 100 17 100
1716091200 11 100 16 100
1716089400 11 100 17 100
1716087600 10 100 16 100
1716085800 0 100 5 100
1716084000 0 100 1 100
1716082200 0 100 19 100
1716080400 5 100 19 100
1716078600 3 100 10 100
1716076800 6 100 8 100
1716075000 0 100 1 100
1716073200 0 100 3 100
1716071400 0 100 1 100
1716069600 1 100 6 100
1716067800 0 100 4 100
1716066000 0 100 0 100
1716064200 0 100 0 100
1716062400 0 100 0 100
1716060600 0 100 0 100
1716058800 0 100 0 100
1716057000 0 100 0 100
1716055200 0 100 0 100
1716053400 0 100 0 100
1716051600 0 100 0 100
1716049800 0 100 0 100
1716048000 0 100 0 100
1716046200 0 100 0 100
1716044400 0 100 0 100
1716042600 0 100 0 100
1716040800 0 100 0 100
1716039000 0 100 0 100
1716037200 0 100 0 100
1716035400 4 100 8 100
1716033600 2 100 9 100
1716031800 6 100 45 100
1716030000 6 100 8 100
1716028200 5 100 5 100
1716026400 5 100 5 100
1716024600 4 100 5 100
1716022800 4 100 9 100
1716021000 0 100 0 100
1716019200 0 100 0 100
1716017400 0 100 0 100
1716015600 0 100 0 100
1716013800 0 100 0 100
1716012000 0 100 3 100
1716010200 0 100 3 100
1716008400 1 100 3 100
1716006600 0 100 0 100
1716004800 0 100 5 100
1716003000 0 100 2 100
1716001200 0 100 2 100
1715999400 0 100 0 100
1715997600 0 100 0 100
1715995800 0 100 0 100
1715994000 0 100 0 100
1715992200 0 100 0 100
1715990400 0 100 0 100
1715988600 0 100 1 100
1715986800 1 100 1 100
1715985000 0 100 1 100
1715983200 0 100 0 100
1715981400 0 100 2 100
1715979600 1 100 2 100
1715977800 1 100 3 100
1715976000 0 100 0 100
1715974200 0 100 0 100
1715972400 0 100 0 100
1715970600 0 100 0 100
1715968800 0 100 0 100
1715967000 0 100 0 100
1715965200 0 100 0 100
1715963400 0 100 0 100
1715961600 0 100 0 100
1715959800 0 100 0 100
1715958000 0 100 0 100
1715956200 0 100 0 100
1715954400 0 100 0 100
1715952600 0 100 0 100
1715950800 0 100 0 100
1715949000 0 100 0 100
1715947200 0 100 0 100
1715945400 0 100 1 100
1715943600 1 100 4 100
1715941800 0 100 0 100
1715940000 0 100 0 100
1715938200 0 100 1 100
1715936400 1 100 5 100
1715934600 0 100 9 100
1715932800 4 100 9 100
1715931000 1 100 7 100
1715929200 7 100 11 100
1715927400 7 100 13 100
1715925600 7 100 13 100
1715923800 17 100 34 100
1715922000 22 100 27 100
1715920200 10 100 15 100
1715918400 5 100 7 100
1715916600 5 100 12 100
1715914800 10 100 12 100
1715913000 5 100 11 100
1715911200 10 100 12 100
1715909400 5 100 18 100
1715907600 4 100 18 100
1715905800 0 100 22 100
1715904000 7 100 22 100
1715902200 0 100 3 100
1715900400 0 100 0 100
1715898600 0 100 0 100
1715896800 0 100 3 100
1715895000 2 100 6 100
1715893200 6 100 6 100
1715891400 6 100 6 100
1715889600 6 100 6 100
1715887800 6 100 6 100
1715886000 6 100 6 100
1715884200 6 100 6 100
1715882400 6 100 6 100
1715880600 6 100 6 100
1715878800 6 100 6 100
1715877000 6 100 6 100
1715875200 6 100 6 100
1715873400 6 100 6 100
1715871600 6 100 6 100
1715869800 6 100 6 100
1715868000 6 100 6 100
1715866200 6 100 6 100
1715864400 5 100 6 100
1715862600 0 100 1 100
1715860800 0 100 1 100
1715859000 0 100 1 100
1715857200 0 100 3 100
1715855400 0 100 0 100
1715853600 0 100 0 100
1715851800 0 100 0 100
1715850000 0 100 9 100
1715848200 2 100 9 100
1715846400 0 100 1 100
1715844600 0 100 0 100
1715842800 0 100 3 100
1715841000 0 100 3 100
1715839200 0 100 1 100
1715837400 4 100 13 100
1715835600 2 100 6 100
1715833800 0 100 1 100
1715832000 0 100 1 100
1715830200 0 100 1 100
1715828400 3 100 12 100
1715826600 3 100 8 100
1715824800 1 100 2 100
1715823000 1 100 3 100
1715821200 3 100 10 100
1715819400 0 100 2 100
1715817600 0 100 4 100
1715815800 0 100 4 100
1715814000 3 100 11 100
1715812200 0 100 2 100
1715810400 0 100 1 100
1715808600 5 100 13 100
1715806800 6 100 11 100
1715805000 3 100 3 100
1715803200 3 100 3 100
1715801400 3 100 3 100
1715799600 3 100 3 100
1715797800 3 100 3 100
1715796000 3 100 3 100
1715794200 3 100 3 100
1715792400 3 100 3 100
1715790600 3 100 3 100
1715788800 3 100 3 100
1715787000 3 100 3 100
1715785200 3 100 3 100
1715783400 3 100 3 100
1715781600 3 100 3 100
1715779800 3 100 3 100
1715778000 3 100 3 100
1715776200 3 100 6 100
1715774400 1 100 5 100
1715772600 1 100 3 100
1715770800 5 100 11 100
1715769000 2 100 8 100
1715767200 0 100 0 100
1715765400 2 100 6 100
1715763600 0 100 0 100
1715761800 0 100 0 100
1715760000 0 100 0 100
1715758200 0 100 3 100
1715756400 9 100 15 100
1715754600 13 100 15 100
1715752800 6 100 10 100
1715751000 11 100 17 100
1715749200 16 100 17 100
1715747400 16 100 17 100
1715745600 6 100 9 100
1715743800 4 100 5 100
1715742000 8 100 11 100
1715740200 10 100 11 100
1715738400 10 100 33 100
1715736600 16 100 33 100
1715734800 1 100 3 100
1715733000 5 100 80 100
1715731200 23 100 80 100
1715729400 0 100 4 100
1715727600 0 100 0 100
1715725800 0 100 0 100
1715724000 0 100 4 100
1715722200 2 100 4 100
1715720400 2 100 2 100
1715718600 2 100 2 100
1715716800 2 100 2 100
1715715000 2 100 2 100
1715713200 2 100 2 100
1715711400 2 100 2 100
1715709600 2 100 2 100
1715707800 2 100 2 100
1715706000 2 100 2 100
1715704200 2 100 2 100
1715702400 2 100 2 100
1715700600 2 100 2 100
1715698800 2 100 2 100
1715697000 2 100 2 100
1715695200 2 100 2 100
1715693400 2 100 2 100
1715691600 1 100 2 100
1715689800 0 100 1 100
1715688000 0 100 1 100
1715686200 2 100 6 100
1715684400 0 100 1 100
1715682600 0 100 0 100
1715680800 0 100 0 100
1715679000 0 100 0 100
1715677200 0 100 6 100
1715675400 3 100 7 100
1715673600 0 100 5 100
1715671800 0 100 0 100
1715670000 0 100 0 100
1715668200 0 100 0 100
1715666400 0 100 1 100
1715664600 0 100 5 100
1715662800 8 100 12 100
1715661000 0 100 1 100
1715659200 0 100 1 100
1715657400 0 100 3 100
1715655600 6 100 21 100
1715653800 0 100 1 100
1715652000 0 100 1 100
1715650200 0 100 2 100
1715648400 1 100 1 100
1715646600 0 100 1 100
1715644800 0 100 0 100
1715643000 0 100 0 100
1715641200 0 100 1 100
1715639400 0 100 2 100
1715637600 0 100 0 100
1715635800 3 100 11 100
1715634000 0 100 1 100
1715632200 3 100 9 100
1715630400 3 100 3 100
1715628600 3 100 3 100
1715626800 3 100 3 100
1715625000 3 100 3 100
1715623200 3 100 3 100
1715621400 3 100 3 100
1715619600 3 100 3 100
1715617800 3 100 3 100
1715616000 3 100 3 100
1715614200 3 100 3 100
1715612400 3 100 3 100
1715610600 3 100 3 100
1715608800 3 100 3 100
1715607000 3 100 3 100
1715605200 3 100 3 100
1715603400 3 100 4 100
1715601600 1 100 4 100
1715599800 0 100 0 100
1715598000 2 100 7 100
1715596200 0 100 4 100
1715594400 0 100 11 100
1715592600 2 100 11 100
1715590800 0 100 42 100
1715589000 14 100 42 100
1715587200 11 100 15 100
1715585400 0 100 12 100
1715583600 12 100 12 100
1715581800 10 100 12 100
1715580000 7 100 10 100
1715578200 10 100 13 100
1715576400 12 100 13 100
1715574600 12 100 13 100
1715572800 6 100 10 100
1715571000 5 100 7 100
1715569200 9 100 12 100
1715567400 10 100 14 100
1715565600 12 100 14 100
1715563800 12 100 14 100
1715562000 7 100 26 100
1715560200 0 100 1 100
1715558400 1 100 5 100
1715556600 0 100 5 100
1715554800 0 100 0 100
1715553000 0 100 10 100
1715551200 5 100 10 100
1715549400 3 100 8 100
1715547600 4 100 4 100
1715545800 4 100 4 100
1715544000 4 100 4 100
1715542200 4 100 4 100
1715540400 4 100 4 100
1715538600 4 100 4 100
1715536800 4 100 4 100
1715535000 4 100 4 100
1715533200 4 100 4 100
1715531400 4 100 4 100
1715529600 4 100 4 100
1715527800 4 100 4 100
1715526000 4 100 4 100
1715524200 4 100 4 100
1715522400 4 100 4 100
1715520600 4 100 4 100
1715518800 1 100 4 100
1715517000 0 100 1 100
1715515200 0 100 1 100
1715513400 0 100 1 100
1715511600 0 100 0 100
1715509800 0 100 11 100
1715508000 6 100 11 100
1715506200 0 100 0 100
1715504400 0 100 3 100
1715502600 2 100 8 100
1715500800 1 100 6 100
1715499000 2 100 5 100
1715497200 3 100 11 100
1715495400 0 100 0 100
1715493600 8 100 32 100
1715491800 19 100 32 100
1715490000 5 100 10 100
1715488200 6 100 12 100
1715486400 1 100 4 100
1715484600 0 100 0 100
1715482800 1 100 3 100
1715481000 3 100 3 100
1715479200 3 100 3 100
1715477400 3 100 3 100
1715475600 3 100 3 100
1715473800 3 100 3 100
1715472000 3 100 3 100
1715470200 3 100 3 100
1715468400 3 100 3 100
1715466600 3 100 3 100
1715464800 3 100 3 100
1715463000 3 100 3 100
1715461200 3 100 3 100
1715459400 3 100 3 100
1715457600 3 100 3 100
1715455800 3 100 3 100
1715454000 3 100 3 100
1715452200 3 100 3 100
1715450400 3 100 3 100
1715448600 3 100 3 100
1715446800 3 100 3 100
1715445000 3 100 3 100
1715443200 3 100 3 100
1715441400 3 100 3 100
1715439600 3 100 3 100
1715437800 3 100 3 100
1715436000 3 100 3 100
1715434200 3 100 3 100
1715432400 3 100 3 100
1715430600 3 100 3 100
1715428800 4 100 15 100
1715427000 1 100 13 100
1715425200 0 100 0 100
1715423400 0 100 1 100
1715421600 0 100 18 100
1715419800 6 100 18 100
1715418000 3 100 24 100
1715416200 3 100 35 100
1715414400 6 100 22 100
1715412600 14 100 25 100
1715410800 25 100 25 100
1715409000 25 100 25 100
1715407200 25 100 25 100
1715405400 25 100 25 100
1715403600 25 100 25 100
1715401800 25 100 25 100
1715400000 25 100 25 100
1715398200 25 100 25 100
1715396400 25 100 25 100
1715394600 25 100 25 100
1715392800 25 100 25 100
1715391000 25 100 25 100
1715389200 25 100 25 100
1715387400 25 100 25 100
1715385600 25 100 25 100
1715383800 20 100 25 100
1715382000 1 100 1 100
1715380200 1 100 1 100
1715378400 1 100 1 100
1715376600 1 100 1 100
1715374800 1 100 1 100
1715373000 1 100 1 100
1715371200 1 100 1 100
1715369400 1 100 1 100
1715367600 1 100 1 100
1715365800 1 100 1 100
1715364000 1 100 1 100
1715362200 1 100 1 100
1715360400 1 100 1 100
1715358600 1 100 1 100
1715356800 1 100 1 100
1715355000 1 100 1 100
1715353200 1 100 1 100
1715351400 1 100 1 100
1715349600 1 100 1 100
1715347800 1 100 1 100
1715346000 1 100 1 100
1715344200 1 100 1 100
1715342400 1 100 1 100
1715340600 0 100 4 100
1715338800 0 100 1 100
1715337000 0 100 3 100
1715335200 0 100 8 100
1715333400 9 100 13 100
1715331600 13 100 13 100
1715329800 13 100 13 100
1715328000 13 100 13 100
1715320800 13 100 13 100
1715313600 13 100 13 100
1715306400 13 100 13 100
1715299200 13 100 13 100
1715292000 13 100 13 100
1715284800 13 100 13 100
1715277600 13 100 13 100
1715270400 13 100 13 100
1715263200 13 100 13 100
1715256000 13 100 13 100
1715248800 13 100 13 100
1715241600 13 100 13 100
1715234400 13 100 13 100
1715227200 13 100 13 100
1715220000 13 100 13 100
1715212800 13 100 13 100
1715205600 13 100 13 100
1715198400 13 100 13 100
1715191200 13 100 13 100
1715184000 13 100 13 100
1715176800 13 100 13 100
1715169600 13 100 13 100
1715162400 13 100 13 100
1715155200 13 100 13 100
1715148000 13 100 13 100
1715140800 13 100 13 100
1715133600 13 100 13 100
1715126400 13 100 13 100
1715119200 13 100 13 100
1715112000 13 100 13 100
1715104800 13 100 13 100
1715097600 13 100 13 100
1715090400 13 100 13 100
1715083200 13 100 13 100
1715076000 13 100 13 100
1715068800 13 100 13 100
1715061600 13 100 13 100
1715054400 13 100 13 100
1715047200 13 100 13 100
1715040000 13 100 13 100
1715032800 13 100 13 100
1715025600 13 100 13 100
1715018400 13 100 13 100
1715011200 13 100 13 100
1715004000 13 100 13 100
1714996800 13 100 13 100
1714989600 13 100 13 100
1714982400 13 100 13 100
1714975200 13 100 13 100
1714968000 13 100 13 100
1714960800 13 100 13 100
1714953600 13 100 13 100
1714946400 13 100 13 100
1714939200 13 100 13 100
1714932000 13 100 13 100
1714924800 13 100 13 100
1714917600 13 100 13 100
1714910400 12 100 14 100
1714903200 13 100 13 100
1714896000 11 100 14 100
1714888800 1 100 14 100
1714881600 0 100 0 100
1714874400 1 100 14 100
1714867200 3 100 22 100
1714860000 2 100 2 100
1714852800 2 100 2 100
1714845600 2 100 2 100
1714838400 2 100 2 100
1714831200 2 100 2 100
1714824000 0 100 5 100
1714816800 8 100 25 100
1714809600 5 100 5 100
1714802400 5 100 5 100
1714795200 5 100 5 100
1714788000 5 100 5 100
1714780800 5 100 5 100
1714773600 5 100 5 100
1714766400 5 100 5 100
1714759200 5 100 5 100
1714752000 5 100 5 100
1714744800 5 100 5 100
1714737600 5 100 5 100
1714730400 5 100 5 100
1714723200 5 100 5 100
1714716000 5 100 5 100
1714708800 5 100 5 100
1714701600 5 100 5 100
1714694400 5 100 5 100
1714687200 5 100 5 100
1714680000 5 100 5 100
1714672800 5 100 5 100
1714665600 5 100 5 100
1714658400 5 100 5 100
1714651200 5 100 5 100
1714644000 5 100 5 100
1714636800 5 100 5 100
1714629600 5 100 5 100
1714622400 5 100 5 100
1714615200 5 100 5 100
1714608000 5 100 5 100
1714600800 5 100 5 100
1714593600 5 100 5 100
1714586400 5 100 5 100
1714579200 5 100 5 100
1714572000 5 100 5 100
1714564800 5 100 5 100
1714557600 5 100 5 100
1714550400 5 100 5 100
1714543200 5 100 5 100
1714536000 5 100 5 100
1714528800 5 100 5 100
1714521600 5 100 5 100
1714514400 5 100 5 100
1714507200 5 100 5 100
1714500000 5 100 5 100
1714492800 5 100 5 100
1714485600 5 100 5 100
1714478400 5 100 5 100
1714471200 5 100 5 100
1714464000 5 100 5 100
1714456800 5 100 5 100
1714449600 5 100 5 100
1714442400 5 100 5 100
1714435200 5 100 5 100
1714428000 5 100 5 100
1714420800 5 100 5 100
1714413600 5 100 5 100
1714406400 5 100 5 100
1714399200 5 100 5 100
1714392000 5 100 5 100
1714384800 5 100 5 100
1714377600 5 100 5 100
1714370400 5 100 5 100
1714363200 5 100 5 100
1714356000 5 100 5 100
1714348800 5 100 5 100
1714341600 5 100 5 100
1714334400 5 100 5 100
1714327200 5 100 5 100
1714320000 5 100 5 100
1714312800 5 100 5 100
1714305600 5 100 5 100
1714298400 5 100 5 100
1714291200 5 100 5 100
1714284000 5 100 5 100
1714276800 5 100 5 100
1714269600 5 100 5 100
1714262400 5 100 5 100
1714255200 5 100 5 100
1714248000 5 100 5 100
1714240800 5 100 5 100
1714233600 5 100 5 100
1714226400 5 100 5 100
1714219200 5 100 5 100
1714212000 5 100 5 100
1714204800 5 100 5 100
1714197600 5 100 5 100
1714190400 5 100 5 100
1714183200 5 100 5 100
1714176000 5 100 5 100
1714168800 5 100 5 100
1714161600 5 100 5 100
1714154400 5 100 5 100
1714147200 5 100 5 100
1714140000 5 100 5 100
1714132800 5 100 5 100
1714125600 5 100 5 100
1714118400 5 100 5 100
1714111200 5 100 5 100
1714104000 5 100 5 100
1714096800 5 100 5 100
1714089600 5 100 5 100
1714082400 5 100 5 100
1714075200 5 100 5 100
1714068000 5 100 5 100
1714060800 5 100 5 100
1714053600 5 100 5 100
1714046400 5 100 5 100
1714039200 5 100 5 100
1714032000 5 100 5 100
1714024800 5 100 5 100
1714017600 5 100 5 100
1714010400 5 100 5 100
1714003200 5 100 5 100
1713996000 5 100 5 100
1713988800 5 100 5 100
1713981600 5 100 5 100
1713974400 5 100 5 100
1713967200 5 100 5 100
1713960000 5 100 5 100
1713952800 5 100 5 100
1713945600 5 100 5 100
1713938400 5 100 5 100
1713931200 5 100 5 100
1713924000 5 100 5 100
1713916800 5 100 5 100
1713909600 5 100 5 100
1713902400 5 100 5 100
1713895200 5 100 5 100
1713888000 5 100 5 100
1713880800 5 100 5 100
1713873600 5 100 5 100
1713866400 5 100 5 100
1713859200 5 100 5 100
1713852000 5 100 5 100
1713844800 5 100 5 100
1713837600 5 100 5 100
1713830400 5 100 5 100
1713823200 5 100 5 100
1713816000 5 100 5 100
1713808800 5 100 5 100
1713801600 5 100 5 100
1713794400 5 100 5 100
1713787200 5 100 5 100
1713780000 5 100 5 100
1713772800 5 100 5 100
1713765600 5 100 5 100
1713758400 5 100 5 100
1713751200 5 100 5 100
1713744000 5 100 5 100
1713736800 5 100 5 100
1713729600 5 100 5 100
1713722400 5 100 5 100
1713715200 5 100 5 100
1713708000 5 100 5 100
1713700800 5 100 5 100
1713693600 5 100 5 100
1713686400 5 100 5 100
1713679200 5 100 5 100
1713672000 5 100 5 100
1713664800 5 100 5 100
1713657600 5 100 5 100
1713650400 5 100 5 100
1713643200 5 100 5 100
1713636000 5 100 5 100
1713628800 5 100 5 100
1713621600 5 100 5 100
1713614400 5 100 5 100
1713607200 5 100 5 100
1713600000 5 100 5 100
1713592800 5 100 5 100
1713585600 5 100 5 100
1713578400 5 100 5 100
1713571200 5 100 5 100
1713564000 5 100 5 100
1713556800 5 100 5 100
1713549600 5 100 5 100
1713542400 5 100 5 100
1713535200 5 100 5 100
1713528000 5 100 5 100
1713520800 5 100 5 100
1713513600 5 100 5 100
1713506400 5 100 5 100
1713499200 5 100 5 100
1713492000 5 100 5 100
1713484800 5 100 5 100
1713477600 5 100 5 100
1713470400 5 100 5 100
1713463200 5 100 5 100
1713456000 5 100 5 100
1713448800 5 100 5 100
1713441600 5 100 5 100
1713434400 5 100 5 100
1713427200 5 100 5 100
1713420000 5 100 5 100
1713412800 5 100 5 100
1713405600 5 100 5 100
1713398400 5 100 5 100
1713391200 5 100 5 100
1713384000 5 100 5 100
1713376800 5 100 5 100
1713369600 5 100 5 100
1713362400 5 100 5 100
1713355200 5 100 5 100
1713348000 5 100 5 100
1713340800 5 100 5 100
1713333600 5 100 5 100
1713326400 5 100 5 100
1713319200 5 100 5 100
1713312000 5 100 5 100
1713304800 5 100 5 100
1713297600 5 100 5 100
1713290400 5 100 5 100
1713283200 5 100 5 100
1713276000 5 100 5 100
1713268800 5 100 5 100
1713261600 5 100 5 100
1713254400 5 100 5 100
1713247200 5 100 5 100
1713240000 5 100 5 100
1713232800 5 100 5 100
1713225600 5 100 5 100
1713218400 5 100 5 100
1713211200 5 100 5 100
1713204000 5 100 5 100
1713196800 5 100 5 100
1713189600 5 100 5 100
1713182400 5 100 5 100
1713175200 5 100 5 100
1713168000 5 100 5 100
1713160800 5 100 5 100
1713153600 5 100 5 100
1713146400 5 100 5 100
1713139200 5 100 5 100
1713132000 5 100 5 100
1713124800 5 100 5 100
1713117600 5 100 5 100
1713110400 5 100 5 100
1713103200 5 100 5 100
1713096000 5 100 5 100
1713088800 5 100 5 100
1713081600 5 100 5 100
1713074400 5 100 5 100
1713067200 5 100 5 100
1713060000 5 100 5 100
1713052800 5 100 5 100
1713045600 5 100 5 100
1713038400 5 100 5 100
1713031200 5 100 5 100
1713024000 5 100 5 100
1713016800 5 100 5 100
1713009600 5 100 5 100
1713002400 5 100 5 100
1712995200 5 100 5 100
1712988000 5 100 5 100
1712980800 5 100 5 100
1712973600 5 100 5 100
1712966400 5 100 5 100
1712959200 5 100 5 100
1712952000 5 100 5 100
1712944800 5 100 5 100
1712937600 5 100 5 100
1712930400 5 100 5 100
1712923200 5 100 5 100
1712916000 5 100 5 100
1712908800 5 100 5 100
1712901600 5 100 5 100
1712894400 5 100 5 100
1712887200 5 100 5 100
1712880000 5 100 5 100
1712872800 5 100 5 100
1712865600 5 100 5 100
1712858400 5 100 5 100
1712851200 5 100 5 100
1712844000 5 100 5 100
1712836800 5 100 5 100
1712829600 5 100 5 100
1712822400 5 100 5 100
1712815200 5 100 5 100
1712808000 5 100 5 100
1712800800 5 100 5 100
1712793600 5 100 5 100
1712786400 5 100 5 100
1712779200 5 100 5 100
1712772000 5 100 5 100
1712764800 5 100 5 100
1712757600 5 100 5 100
1712750400 5 100 5 100
1712743200 5 100 5 100
1712736000 5 100 5 100
1712728800 5 100 5 100
1712721600 5 100 5 100
1712714400 5 100 5 100
1712707200 5 100 5 100
1712700000 5 100 5 100
1712692800 5 100 5 100
1712685600 5 100 5 100
1712678400 5 100 5 100
1712671200 5 100 5 100
1712664000 5 100 5 100
1712656800 5 100 5 100
1712649600 5 100 5 100
1712642400 5 100 5 100
1712635200 5 100 5 100
1712628000 5 100 5 100
1712620800 5 100 5 100
1712613600 5 100 5 100
1712606400 5 100 5 100
1712599200 5 100 5 100
1712592000 5 100 5 100
1712584800 5 100 5 100
1712577600 5 100 5 100
1712570400 5 100 5 100
1712563200 5 100 5 100
1712556000 5 100 5 100
1712548800 5 100 5 100
1712541600 5 100 5 100
1712534400 5 100 5 100
1712527200 5 100 5 100
1712520000 5 100 5 100
1712512800 5 100 5 100
1712505600 5 100 5 100
1712498400 5 100 5 100
1712491200 5 100 5 100
1712484000 5 100 5 100
1712476800 5 100 5 100
1712469600 5 100 5 100
1712462400 5 100 5 100
1712455200 5 100 5 100
1712448000 5 100 5 100
1712440800 5 100 5 100
1712433600 5 100 5 100
1712426400 5 100 5 100
1712419200 5 100 5 100
1712412000 5 100 5 100
1712404800 5 100 5 100
1712397600 5 100 5 100
1712390400 5 100 5 100
1712383200 5 100 5 100
1712376000 5 100 5 100
1712368800 5 100 5 100
1712361600 5 100 5 100
1712354400 5 100 5 100
1712347200 5 100 5 100
1712340000 5 100 5 100
1712332800 5 100 5 100
1712325600 5 100 5 100
1712318400 5 100 5 100
1712311200 5 100 5 100
1712304000 5 100 5 100
1712296800 5 100 5 100
1712289600 5 100 5 100
1712282400 5 100 5 100
1712275200 5 100 5 100
1712268000 5 100 5 100
1712260800 5 100 5 100
1712253600 5 100 5 100
1712246400 5 100 5 100
1712239200 5 100 5 100
1712232000 5 100 5 100
1712224800 5 100 5 100
1712217600 5 100 5 100
1712210400 5 100 5 100
1712203200 5 100 5 100
1712196000 5 100 5 100
1712188800 5 100 5 100
1712181600 5 100 5 100
1712174400 5 100 5 100
1712167200 5 100 5 100
1712160000 5 100 5 100
1712152800 5 100 5 100
1712145600 5 100 5 100
1712138400 5 100 5 100
1712131200 5 100 5 100
1712124000 5 100 5 100
1712116800 5 100 5 100
1712109600 5 100 5 100
1712102400 5 100 5 100
1712095200 5 100 5 100
1712088000 5 100 5 100
1712080800 5 100 5 100
1712073600 5 100 5 100
1712066400 5 100 5 100
1712059200 5 100 5 100
1712052000 5 100 5 100
1712044800 5 100 5 100
1712037600 5 100 5 100
1712030400 5 100 5 100
1712023200 5 100 5 100
1712016000 5 100 5 100
1712008800 5 100 5 100
1712001600 5 100 5 100
1711994400 5 100 5 100
1711987200 5 100 5 100
1711980000 5 100 5 100
1711972800 5 100 5 100
1711965600 5 100 5 100
1711958400 5 100 5 100
1711951200 5 100 5 100
1711944000 5 100 5 100
1711936800 5 100 5 100
1711929600 5 100 5 100
1711922400 5 100 5 100
1711915200 5 100 5 100
1711908000 5 100 5 100
1711900800 5 100 5 100
1711893600 5 100 5 100
1711886400 5 100 5 100
1711879200 5 100 5 100
1711872000 5 100 5 100
1711864800 5 100 5 100
1711857600 5 100 5 100
1711850400 5 100 5 100
1711843200 5 100 5 100
1711836000 5 100 5 100
1711828800 5 100 5 100
1711821600 5 100 5 100
1711814400 5 100 5 100
1711807200 5 100 5 100
1711800000 5 100 5 100
1711792800 5 100 5 100
1711785600 5 100 5 100
1711778400 5 100 5 100
1711771200 5 100 5 100
1711764000 5 100 5 100
1711756800 5 100 5 100
1711749600 5 100 5 100
1711742400 5 100 5 100
1711735200 5 100 5 100
1711728000 5 100 5 100
1711720800 5 100 5 100
1711713600 5 100 5 100
1711706400 5 100 5 100
1711699200 5 100 5 100
1711692000 5 100 5 100
1711684800 5 100 5 100
1711677600 5 100 5 100
1711670400 5 100 5 100
1711663200 5 100 5 100
1711656000 5 100 5 100
1711648800 5 100 5 100
1711641600 5 100 5 100
1711634400 5 100 5 100
1711627200 5 100 5 100
1711620000 5 100 5 100
1711612800 5 100 5 100
1711605600 5 100 5 100
1711598400 5 100 5 100
1711591200 5 100 5 100
1711584000 5 100 5 100
1711576800 5 100 5 100
1711569600 5 100 5 100
1711562400 5 100 5 100
1711555200 5 100 5 100
1711548000 5 100 5 100
1711540800 5 100 5 100
1711533600 5 100 5 100
1711526400 5 100 5 100
1711519200 5 100 5 100
1711512000 5 100 5 100
1711504800 5 100 5 100
1711497600 5 100 5 100
1711490400 5 100 5 100
1711483200 5 100 5 100
1711476000 5 100 5 100
1711468800 5 100 5 100
1711461600 5 100 5 100
1711454400 5 100 5 100
1711447200 5 100 5 100
1711440000 5 100 5 100
1711432800 5 100 5 100
1711425600 5 100 5 100
1711418400 5 100 5 100
1711411200 5 100 5 100
1711404000 5 100 5 100
1711396800 5 100 5 100
1711389600 5 100 5 100
1711382400 5 100 5 100
1711375200 5 100 5 100
1711368000 5 100 5 100
1711360800 5 100 5 100
1711353600 5 100 5 100
1711346400 5 100 5 100
1711339200 5 100 5 100
1711332000 5 100 5 100
1711324800 5 100 5 100
1711317600 5 100 5 100
1711310400 5 100 5 100
1711303200 5 100 5 100
1711296000 5 100 5 100
1711288800 5 100 5 100
1711281600 5 100 5 100
1711274400 5 100 5 100
1711267200 5 100 5 100
1711260000 5 100 5 100
1711252800 5 100 5 100
1711245600 5 100 5 100
1711238400 5 100 5 100
1711231200 5 100 5 100
1711224000 5 100 5 100
1711216800 5 100 5 100
1711209600 5 100 5 100
1711202400 5 100 5 100
1711195200 5 100 5 100
1711188000 5 100 5 100
1711180800 5 100 5 100
1711173600 5 100 5 100
1711166400 5 100 5 100
1711159200 5 100 5 100
1711152000 5 100 5 100
1711144800 5 100 5 100
1711137600 5 100 5 100
1711130400 5 100 5 100
1711123200 5 100 5 100
1711116000 5 100 5 100
1711108800 5 100 5 100
1711101600 5 100 5 100
1711094400 5 100 5 100
1711087200 5 100 5 100
1711080000 5 100 5 100
1711072800 5 100 5 100
1711065600 5 100 5 100
1711058400 5 100 5 100
1711051200 5 100 5 100
1711044000 5 100 5 100
1711036800 5 100 5 100
1711029600 5 100 5 100
1711022400 5 100 5 100
1711015200 5 100 5 100
1711008000 5 100 5 100
1710979200 5 100 5 100
1710892800 5 100 5 100
1710806400 5 100 5 100
1710720000 5 100 21 100
1710633600 0 100 21 100
1710547200 0 100 0 100
1710460800 0 100 27 100
1710374400 5 100 5 100
1710288000 5 100 5 100
1710201600 5 100 5 100
1710115200 5 100 5 100
1710028800 5 100 5 100
1709942400 5 100 5 100
1709856000 5 100 5 100
1709769600 4 100 5 100
1709683200 1 100 1 100
1709596800 1 100 1 100
1709510400 1 100 1 100
1709424000 1 100 1 100
1709337600 1 100 1 100
1709251200 1 100 1 100
1709164800 1 100 1 100
1709078400 1 100 1 100
1708992000 1 100 1 100
1708905600 1 100 1 100
1708819200 1 100 1 100
1708732800 1 100 1 100
1708646400 1 100 1 100
1708560000 1 100 1 100
1708473600 1 100 1 100
1708387200 1 100 1 100
1708300800 1 100 1 100
1708214400 1 100 1 100
1708128000 1 100 1 100
1708041600 1 100 1 100
1707955200 1 100 1 100
1707868800 1 100 1 100
1707782400 1 100 1 100
1707696000 1 100 18 100
1707609600 6 100 77 100
1707523200 2 100 57 100
1707436800 2 100 2 100
1707350400 2 100 2 100
1707264000 2 100 2 100
1707177600 2 100 2 100
1707091200 2 100 2 100
1707004800 2 100 2 100
1706918400 2 100 2 100
1706832000 2 100 2 100
1706745600 2 100 2 100
1706659200 2 100 2 100
1706572800 2 100 2 100
1706486400 2 100 2 100
1706400000 2 100 2 100
1706313600 2 100 2 100
1706227200 2 100 2 100
1706140800 2 100 2 100
1706054400 2 100 2 100
1705968000 2 100 2 100
1705881600 2 100 2 100
1705795200 2 100 2 100
1705708800 2 100 2 100
1705622400 2 100 2 100
1705536000 2 100 2 100
1705449600 2 100 2 100
1705363200 2 100 2 100
1705276800 2 100 2 100
1705190400 2 100 2 100
1705104000 2 100 2 100
1705017600 2 100 2 100
1704931200 2 100 2 100
1704844800 2 100 2 100
1704758400 2 100 2 100
1704672000 2 100 2 100
1704585600 2 100 2 100
1704499200 2 100 2 100
1704412800 2 100 2 100
1704326400 2 100 2 100
1704240000 2 100 2 100
1704153600 2 100 2 100
1704067200 2 100 2 100
1703980800 2 100 15 100
1703894400 9 100 10 100
1703808000 10 100 10 100
1703721600 10 100 10 100
1703635200 10 100 10 100
1703548800 10 100 10 100
1703462400 10 100 10 100
1703376000 10 100 10 100
1703289600 10 100 10 100
1703203200 10 100 10 100
1703116800 10 100 10 100
1703030400 10 100 10 100
1702944000 10 100 10 100
1702857600 10 100 10 100
1702771200 10 100 10 100
1702684800 10 100 10 100
1702598400 10 100 10 100
1702512000 10 100 10 100
1702425600 10 100 10 100
1702339200 10 100 10 100
1702252800 10 100 10 100
1702166400 10 100 10 100
1702080000 10 100 10 100
1701993600 10 100 10 100
1701907200 10 100 10 100
1701820800 10 100 10 100
1701734400 10 100 10 100
1701648000 10 100 10 100
1701561600 10 100 10 100
1701475200 10 100 10 100
1701388800 10 100 10 100
1701302400 10 100 10 100
1701216000 10 100 10 100
1701129600 10 100 10 100
1701043200 10 100 10 100
1700956800 10 100 10 100
1700870400 10 100 10 100
1700784000 10 100 10 100
1700697600 10 100 10 100
1700611200 10 100 10 100
1700524800 10 100 10 100
1700438400 10 100 10 100
1700352000 10 100 10 100
1700265600 10 100 10 100
1700179200 10 100 10 100
1700092800 10 100 10 100
1700006400 10 100 10 100
1699920000 8 100 10 100
1699833600 8 100 9 100
1699747200 7 100 9 100
1699660800 2 100 33 100
1699574400 7 100 15 100
1699488000 3 100 15 100
1699401600 0 100 0 100
1699315200 4 100 5 100
1699228800 3 100 22 100
1699142400 1 57 16 100
1699056000 4 4 4 4
1698969600 4 4 4 4
1698883200 3 3 18 18
1698796800 1 1 22 22
1698710400 2 2 16 16
1698624000 3 3 25 25
1698537600 1 1 21 21
1698451200 4 4 6 6
1698364800 2 2 9 9
1698278400 3 3 14 14
1698192000 6 6 16 16
1698105600 6 6 16 16
1698019200 12 12 17 17
1697932800 2 2 14 14
1697846400 2 2 2 2
1697760000 2 2 2 2
1697673600 2 2 2 2
1697587200 0 0 8 8
1697500800 2 2 18 18
1697414400 0 0 7 7
1697328000 2 2 4 4
1697241600 0 0 0 0
1697155200 0 0 0 0
1697068800 0 0 0 0
1696982400 0 0 0 0
1696896000 0 0 0 0
1696809600 2 42 7 100
1696723200 7 100 7 100
1696636800 7 100 7 100
1696550400 7 100 7 100
1696464000 7 100 7 100
1696377600 7 100 7 100
1696291200 7 100 7 100
1696204800 7 100 7 100
1696118400 7 100 7 100
1696032000 7 100 7 100
1695945600 7 100 7 100
1695859200 7 100 7 100
1695772800 7 100 7 100
1695686400 7 100 7 100
1695600000 7 100 7 100
1695513600 7 100 7 100
1695427200 7 100 7 100
1695340800 6 97 10 100
1695254400 0 0 0 0
1695168000 0 0 0 0
1695081600 0 0 0 0
1694995200 0 0 0 0
1694908800 0 0 0 0
1694822400 0 0 0 0
1694736000 0 0 0 0
1694649600 0 0 0 0
1694563200 0 0 0 0
1694476800 0 0 0 0
1694390400 0 0 0 0
1694304000 0 0 0 0
1694217600 0 0 0 0
1694131200 0 0 0 0
1694044800 0 0 0 0
1693958400 0 0 0 0
1693872000 0 0 0 0
1693785600 0 0 0 0
1693699200 0 0 0 0
1693612800 0 0 0 0
1693526400 0 0 0 0
1693440000 0 0 0 0
1693353600 0 0 0 0
1693267200 0 0 0 0
1693180800 0 0 0 0
1693094400 0 0 0 0
1693008000 0 0 0 0
1692921600 0 0 0 0
1692835200 0 0 0 0
1692748800 0 0 0 0
1692662400 0 0 0 0
1692576000 0 0 0 0
1692489600 0 0 0 0
1692403200 0 0 0 0
1692316800 0 0 0 0
1692230400 0 0 0 0
1692144000 0 0 0 0
1692057600 0 0 0 0
1691971200 0 0 0 0
1691884800 0 0 0 0
1691798400 0 0 0 0
1691712000 0 0 0 0
1691625600 0 0 0 0
1691539200 0 0 0 0
1691452800 0 0 0 0
1691366400 0 0 0 0
1691280000 0 0 0 0
1691193600 0 0 0 0
1691107200 0 0 0 0
1691020800 0 0 0 0
1690934400 0 0 0 0
1690848000 0 0 0 0
1690761600 0 0 0 0
1690675200 0 0 0 0
1690588800 0 0 0 0
1690502400 0 0 0 0
1690416000 0 0 0 0
1690329600 0 0 0 0
1690243200 0 0 0 0
1690156800 0 0 0 0
1690070400 0 0 0 0
1689984000 0 0 0 0
1689897600 0 0 0 0
1689811200 0 0 0 0
1689724800 0 0 0 0
1689638400 0 0 0 0
1689552000 0 0 0 0
1689465600 0 0 0 0
1689379200 0 0 0 0
1689292800 0 0 0 0
1689206400 0 0 0 0
1689120000 0 0 0 0
1689033600 0 0 0 0
1688947200 0 0 0 0
1688860800 0 0 0 0
1688774400 0 0 0 0
1688688000 0 0 0 0
1688601600 0 0 0 0
1688515200 0 0 0 0
1688428800 0 0 0 0
1688342400 0 0 0 0
1688256000 0 0 0 0
1688169600 0 0 0 0
1688083200 0 0 0 0
1687996800 0 0 0 0
1687910400 0 0 0 0
1687824000 0 0 0 0
1687737600 0 0 0 0
1687651200 0 0 0 0
1687564800 0 0 0 0
1687478400 0 0 0 0
1687392000 0 0 0 0
1687305600 0 0 0 0
1687219200 0 0 0 0
1687132800 0 0 0 0
1687046400 0 0 0 0
1686960000 0 0 0 0
1686873600 0 0 0 0
1686787200 0 0 0 0
1686700800 0 0 0 0
1686614400 0 0 0 0
1686528000 0 0 0 0
1686441600 0 0 0 0
1686355200 0 0 0 0
1686268800 0 0 0 0
1686182400 0 0 0 0
1686096000 0 0 0 0
1686009600 0 0 0 0
1685923200 0 0 0 0
1685836800 0 0 0 0
1685750400 0 0 0 0
1685664000 0 0 0 0
1685577600 0 0 0 0
1685491200 0 0 0 0
1685404800 0 0 0 0
1685318400 0 0 0 0
1685232000 0 0 0 0
1685145600 0 0 0 0
1685059200 0 0 0 0
1684972800 0 0 0 0
1684886400 0 0 0 0
1684800000 0 0 0 0
1684713600 0 0 0 0
1684627200 0 0 0 0
1684540800 0 0 0 0
1684454400 0 0 0 0
1684368000 0 0 0 0
1684281600 0 0 0 0
1684195200 0 0 0 0
1684108800 0 0 0 0
1684022400 0 0 0 0
1683936000 0 0 0 0
1683849600 0 0 0 0
1683763200 0 0 0 0
1683676800 0 0 0 0
1683590400 0 0 0 0
1683504000 0 0 0 0
1683417600 0 0 0 0
1683331200 0 0 0 0
1683244800 0 0 0 0
1683158400 0 0 0 0
1683072000 0 0 0 0
1682985600 0 0 0 0
1682899200 0 0 0 0
1682812800 0 0 0 0
1682726400 0 0 0 0
1682640000 0 0 0 0
1682553600 0 0 0 0
1682467200 0 0 0 0
1682380800 0 0 0 0
1682294400 0 0 0 0
1682208000 0 0 0 0
1682121600 0 0 0 0
1682035200 0 0 0 0
1681948800 0 0 0 0
1681862400 0 0 0 0
1681776000 0 0 0 0
1681689600 0 0 0 0
1681603200 0 0 0 0
1681516800 0 0 0 0
1681430400 0 0 0 0
1681344000 0 0 0 0
1681257600 0 0 0 0
1681171200 0 0 0 0
1681084800 0 0 0 0
1680998400 0 0 0 0
1680912000 0 0 0 0
1680825600 0 0 0 0
1680739200 0 0 0 0
1680652800 0 0 0 0
1680566400 0 0 0 0
1680480000 0 0 0 0
1680393600 0 0 0 0
1680307200 0 0 0 0
1680220800 0 0 0 0
1680134400 0 0 0 0
1680048000 0 0 0 0
1679961600 0 0 0 0
1679875200 0 0 0 0
1679788800 0 0 0 0
1679702400 0 0 0 0
1679616000 0 0 0 0
1679529600 0 0 0 0
1679443200 0 0 0 0
1679356800 0 0 0 0
1679270400 0 0 0 0
1679184000 0 0 0 0
1679097600 0 0 0 0
1679011200 0 0 0 0
1678924800 0 0 0 0
1678838400 0 0 0 0
1678752000 0 0 0 0
1678665600 0 0 0 0
1678579200 0 0 0 0
1678492800 0 0 0 0
1678406400 0 0 0 0
1678320000 0 0 0 0
1678233600 0 0 0 0
1678147200 0 0 0 0
1678060800 0 0 0 0
1677974400 0 0 0 0
1677888000 0 0 0 0
1677801600 0 0 0 0
1677715200 0 0 0 0
1677628800 0 0 0 0
1677542400 0 0 0 0
1677456000 0 0 0 0
1677369600 0 0 0 0
1677283200 0 0 0 0
1677196800 0 0 0 0
1677110400 0 0 0 0
1677024000 0 0 0 0
1676937600 0 0 0 0
1676851200 0 0 0 0
1676764800 0 0 0 0
1676678400 0 0 0 0
1676592000 0 0 0 0
1676505600 0 0 0 0
1676419200 0 0 0 0
1676332800 0 0 0 0
1676246400 0 0 0 0
1676160000 0 0 0 0
1676073600 0 0 0 0
1675987200 0 0 0 0
1675900800 0 0 0 0
1675814400 0 0 0 0
1675728000 0 0 0 0
1675641600 0 0 0 0
1675555200 0 0 0 0
1675468800 0 0 0 0
1675382400 0 0 0 0
1675296000 0 0 0 0
1675209600 0 0 0 0
1675123200 0 0 0 0
1675036800 0 0 0 0
1674950400 0 0 0 0
1674864000 0 0 0 0
1674777600 0 0 0 0
1674691200 0 0 0 0
1674604800 0 0 0 0
1674518400 0 0 0 0
1674432000 0 0 0 0
1674345600 0 0 0 0
1674259200 0 0 0 0
1674172800 0 0 0 0
1674086400 0 0 0 0
1674000000 0 0 0 0
1673913600 0 0 0 0
1673827200 0 0 0 0
1673740800 0 0 0 0
1673654400 0 0 0 0
1673568000 0 0 0 0
1673481600 0 0 0 0
1673395200 0 0 0 0
1673308800 0 0 0 0
1673222400 0 0 0 0
1673136000 0 0 0 0
1673049600 0 0 0 0
1672963200 0 0 0 0
1672876800 0 0 0 0
1672790400 0 0 0 0
1672704000 0 0 0 0
1672617600 0 0 0 0
1672531200 0 0 0 0
1672444800 0 0 0 0
1672358400 0 0 0 0
1672272000 0 0 0 0
1672185600 0 0 0 0
1672099200 0 0 0 0
1672012800 0 0 0 0
1671926400 0 0 0 0
1671840000 0 0 0 0
1671753600 0 0 0 0
1671667200 0 0 0 0
1671580800 0 0 0 0
1671494400 0 0 0 0
1671408000 0 0 0 0
1671321600 0 0 0 0
1671235200 0 0 0 0
1671148800 0 0 0 0
1671062400 0 0 0 0
1670976000 0 0 0 0
1670889600 0 0 0 0
1670803200 0 0 0 0
1670716800 0 0 0 0
1670630400 0 0 0 0
1670544000 0 0 0 0
1670457600 0 0 0 0
1670371200 0 0 0 0
1670284800 0 0 0 0
1670198400 0 0 0 0
1670112000 0 0 0 0
1670025600 0 0 0 0
1669939200 0 0 0 0
1669852800 0 0 0 0
1669766400 0 0 0 0
1669680000 0 0 0 0
1669593600 0 0 0 0
1669507200 0 0 0 0
1669420800 0 0 0 0
1669334400 0 0 0 0
1669248000 0 0 0 0
1669161600 0 0 0 0
1669075200 0 0 0 0
1668988800 0 0 0 0
1668902400 0 0 0 0
1668816000 0 0 0 0
1668729600 0 0 0 0
1668643200 0 0 0 0
1668556800 0 0 0 0
1668470400 0 0 0 0
1668384000 0 0 0 0
1668297600 0 0 0 0
1668211200 0 0 0 0
1668124800 0 0 0 0
1668038400 0 0 0 0
1667952000 0 0 0 0
1667865600 0 0 0 0
1667779200 0 0 0 0
1667692800 0 0 0 0
1667606400 0 0 0 0
1667520000 0 0 0 0
1667433600 0 0 0 0
1667347200 0 0 0 0
1667260800 0 0 0 0
1667174400 0 0 0 0
1667088000 0 0 0 0
1667001600 0 0 0 0
1666915200 0 0 0 0
1666828800 0 0 0 0
1666742400 0 0 0 0
1666656000 0 0 0 0
1666569600 0 0 0 0
1666483200 0 0 0 0
1666396800 0 0 0 0
1666310400 0 0 0 0
1666224000 0 0 0 0
1666137600 0 0 0 0
1666051200 0 0 0 0
1665964800 0 0 0 0
1665878400 0 0 0 0
1665792000 0 0 0 0
1665705600 0 0 0 0
1665619200 0 0 0 0
1665532800 0 0 0 0
1665446400 0 0 0 0
1665360000 0 0 0 0
1665273600 0 0 0 0
1665187200 0 0 0 0
1665100800 0 0 0 0
1665014400 0 0 0 0
1664928000 0 0 0 0
1664841600 0 0 0 0
1664755200 0 0 0 0
1664668800 0 0 0 0
1664582400 0 0 0 0
1664496000 0 0 0 0
1664409600 0 0 0 0
1664323200 0 0 0 0
1664236800 0 0 0 0
1664150400 0 0 0 0
1664064000 0 0 0 0
1663977600 0 0 0 0
1663891200 0 0 0 0
1663804800 0 0 0 0
1663718400 0 0 0 0
1663632000 0 0 0 0
1663545600 0 0 0 0
1663459200 0 0 0 0
1663372800 0 0 0 0
1663286400 0 0 0 0
1663200000 0 0 0 0
1663113600 0 0 0 0
1663027200 0 0 0 0
1662940800 0 0 0 0
1662854400 0 0 0 0
1662768000 0 0 0 0
1662681600 0 0 0 0
1662595200 0 0 0 0
1662508800 0 0 0 0
1662422400 0 0 0 0
1662336000 0 0 0 0
1662249600 0 0 0 0
1662163200 0 0 0 0
1662076800 0 0 0 0
1661990400 0 0 0 0
1661904000 0 0 0 0
1661817600 0 0 0 0
1661731200 0 0 0 0
1661644800 0 0 0 0
1661558400 0 0 0 0
1661472000 0 0 0 0
1661385600 0 0 0 0
1661299200 0 0 0 0
1661212800 0 0 0 0
1661126400 0 0 0 0
1661040000 0 0 0 0
1660953600 0 0 0 0
1660867200 0 0 0 0
1660780800 0 0 0 0
1660694400 0 0 0 0
1660608000 0 0 0 0
1660521600 0 0 0 0
1660435200 0 0 0 0
1660348800 0 0 0 0
1660262400 0 0 0 0
1660176000 0 0 0 0
1660089600 0 0 0 0
1660003200 0 0 0 0
1659916800 0 0 0 0
1659830400 0 0 0 0
1659744000 0 0 0 0
1659657600 0 0 0 0
1659571200 0 0 0 0
1659484800 0 0 0 0
1659398400 0 0 0 0
1659312000 0 0 0 0
1659225600 0 0 0 0
1659139200 0 0 0 0
1659052800 0 0 0 0
1658966400 0 0 0 0
1658880000 0 0 0 0
1658793600 0 0 0 0
1658707200 0 0 0 0
1658620800 0 0 0 0
1658534400 0 0 0 0
1658448000 0 0 0 0
1658361600 0 0 0 0
1658275200 0 0 0 0
1658188800 0 0 0 0
1658102400 0 0 0 0
1658016000 0 0 0 0
1657929600 0 0 0 0
1657843200 0 0 0 0
1657756800 0 0 0 0
1657670400 0 0 0 0
1657584000 0 0 0 0
1657497600 0 0 0 0
1657411200 0 0 0 0
1657324800 0 0 0 0
1657238400 0 0 0 0
1657152000 0 0 0 0
1657065600 0 0 0 0
1656979200 0 0 0 0
1656892800 0 0 0 0
1656806400 0 0 0 0
1656720000 0 0 0 0
1656633600 0 0 0 0
1656547200 0 0 0 0
1656460800 0 0 0 0
1656374400 0 0 0 0
1656288000 0 0 0 0
1656201600 0 0 0 0
1656115200 0 0 0 0
1656028800 0 0 0 0
1655942400 0 0 0 0
1655856000 0 0 0 0
1655769600 0 0 0 0
1655683200 0 0 0 0
1655596800 0 0 0 0
1655510400 0 0 0 0
1655424000 0 0 0 0
1655337600 0 0 0 0
1655251200 0 0 0 0
1655164800 0 0 0 0
1655078400 0 0 0 0
1654992000 0 0 0 0
1654905600 0 0 0 0
1654819200 0 0 0 0
1654732800 0 0 0 0
1654646400 0 0 0 0
1654560000 0 0 0 0
1654473600 0 0 0 0
1654387200 0 0 0 0
1654300800 0 0 0 0
1654214400 0 0 0 0
1654128000 0 0 0 0
1654041600 0 0 0 0
1653955200 0 0 0 0
1653868800 0 0 0 0
1653782400 0 0 0 0
1653696000 0 0 0 0
1653609600 0 0 0 0
1653523200 0 0 0 0
1653436800 0 0 0 0
1653350400 0 0 0 0
1653264000 0 0 0 0
1653177600 0 0 0 0
1653091200 0 0 0 0
1653004800 0 0 0 0
1652918400 0 0 0 0
1652832000 0 0 0 0
1652745600 0 0 0 0
1652659200 0 0 0 0
1652572800 0 0 0 0
1652486400 0 0 0 0
1652400000 0 0 0 0
1652313600 0 0 0 0
1652227200 0 0 0 0
1652140800 0 0 0 0
1652054400 0 0 0 0
1651968000 0 0 0 0
1651881600 0 0 0 0
1651795200 0 0 0 0
1651708800 0 0 0 0
1651622400 0 0 0 0
1651536000 0 0 0 0
1651449600 0 0 0 0
1651363200 0 0 0 0
1651276800 0 0 0 0
1651190400 0 0 0 0
1651104000 0 0 0 0
1651017600 0 0 0 0
1650931200 0 0 0 0
1650844800 0 0 0 0
1650758400 0 0 0 0
1650672000 0 0 0 0
1650585600 0 0 0 0
1650499200 0 0 0 0
1650412800 0 0 0 0
1650326400 0 0 0 0
1650240000 0 0 0 0
1650153600 0 0 0 0
1650067200 0 0 0 0
1649980800 0 0 0 0
1649894400 0 0 0 0
1649808000 0 0 0 0
1649721600 0 0 0 0
1649635200 0 0 0 0
1649548800 0 0 0 0
1649462400 0 0 0 0
1649376000 0 0 0 0
1649289600 0 0 0 0
1649203200 0 0 0 0
1649116800 0 0 0 0
1649030400 0 0 0 0
1648944000 0 0 0 0
1648857600 0 0 0 0
1648771200 0 0 0 0
1648684800 0 0 0 0
1648598400 0 0 0 0
1648512000 0 0 0 0
1648425600 0 0 0 0
1648339200 0 0 0 0
1648252800 0 0 0 0
1648166400 0 0 0 0
1648080000 0 0 0 0
1647993600 0 0 0 0
1647907200 0 0 0 0
1647820800 0 0 0 0
