1716589715 47 100
1716589715 47 100 47 100
1716589587 47 100 47 100
1716589500 47 100 47 100
1716589200 47 100 47 100
1716588900 47 100 47 100
1716588600 47 100 47 100
1716588300 47 100 47 100
1716588000 47 100 47 100
1716587700 47 100 47 100
1716587400 47 100 47 100
1716587100 47 100 47 100
1716586800 47 100 47 100
1716586500 47 100 47 100
1716586200 47 100 47 100
1716585900 47 100 47 100
1716585600 47 100 47 100
1716585300 47 100 47 100
1716585000 47 100 47 100
1716584700 47 100 47 100
1716584400 47 100 47 100
1716584100 47 100 47 100
1716583800 47 100 47 100
1716583500 47 100 47 100
1716583200 47 100 47 100
1716582900 47 100 47 100
1716582600 47 100 47 100
1716582300 47 100 47 100
1716582000 47 100 47 100
1716581700 47 100 47 100
1716581400 47 100 47 100
1716581100 47 100 47 100
1716580800 47 100 47 100
1716580500 47 100 47 100
1716580200 47 100 47 100
1716579900 47 100 47 100
1716579600 47 100 47 100
1716579300 47 100 47 100
1716579000 47 100 47 100
1716578700 47 100 47 100
1716578400 47 100 47 100
1716578100 47 100 47 100
1716577800 47 100 47 100
1716577500 47 100 47 100
1716577200 47 100 47 100
1716576900 47 100 47 100
1716576600 47 100 47 100
1716576300 47 100 47 100
1716576000 47 100 47 100
1716575700 47 100 47 100
1716575400 47 100 47 100
1716575100 47 100 47 100
1716574800 47 100 47 100
1716574500 47 100 47 100
1716574200 47 100 47 100
1716573900 47 100 47 100
1716573600 47 100 47 100
1716573300 47 100 47 100
1716573000 47 100 47 100
1716572700 47 100 47 100
1716572400 47 100 47 100
1716572100 47 100 47 100
1716571800 47 100 47 100
1716571500 47 100 47 100
1716571200 47 100 47 100
1716570900 47 100 47 100
1716570600 47 100 47 100
1716570300 47 100 47 100
1716570000 47 100 47 100
1716569700 47 100 47 100
1716569400 47 100 47 100
1716569100 47 100 47 100
1716568800 47 100 47 100
1716568500 47 100 47 100
1716568200 47 100 47 100
1716567900 47 100 47 100
1716567600 47 100 47 100
1716567300 47 100 47 100
1716567000 47 100 47 100
1716566700 47 100 47 100
1716566400 47 100 47 100
1716566100 47 100 47 100
1716565800 47 100 47 100
1716565500 47 100 47 100
1716565200 47 100 47 100
1716564900 47 100 47 100
1716564600 47 100 47 100
1716564300 47 100 47 100
1716564000 47 100 47 100
1716563700 47 100 47 100
1716563400 47 100 47 100
1716563100 47 100 47 100
1716562800 47 100 47 100
1716562500 47 100 47 100
1716562200 47 100 47 100
1716561900 47 100 47 100
1716561600 47 100 47 100
1716561300 47 100 47 100
1716561000 47 100 47 100
1716560700 47 100 47 100
1716560400 47 100 47 100
1716560100 47 100 47 100
1716559800 47 100 47 100
1716559500 47 100 47 100
1716559200 47 100 47 100
1716558900 47 100 47 100
1716558600 47 100 47 100
1716558300 47 100 47 100
1716558000 47 100 47 100
1716557700 47 100 47 100
1716557400 47 100 47 100
1716557100 47 100 47 100
1716556800 47 100 47 100
1716556500 47 100 47 100
1716556200 47 100 47 100
1716555900 47 100 47 100
1716555600 47 100 47 100
1716555300 47 100 47 100
1716555000 47 100 47 100
1716554700 47 100 47 100
1716554400 47 100 47 100
1716554100 47 100 47 100
1716553800 47 100 47 100
1716553500 47 100 47 100
1716553200 47 100 47 100
1716552900 47 100 47 100
1716552600 47 100 47 100
1716552300 47 100 47 100
1716552000 47 100 47 100
1716551700 47 100 47 100
1716551400 47 100 47 100
1716551100 47 100 47 100
1716550800 47 100 47 100
1716550500 47 100 47 100
1716550200 47 100 47 100
1716549900 47 100 47 100
1716549600 47 100 47 100
1716549300 47 100 47 100
1716549000 47 100 47 100
1716548700 47 100 47 100
1716548400 47 100 47 100
1716548100 47 100 47 100
1716547800 47 100 47 100
1716547500 47 100 47 100
1716547200 47 100 47 100
1716546900 47 100 47 100
1716546600 47 100 47 100
1716546300 47 100 47 100
1716546000 47 100 47 100
1716545700 47 100 47 100
1716545400 47 100 47 100
1716545100 47 100 47 100
1716544800 47 100 47 100
1716544500 47 100 47 100
1716544200 47 100 47 100
1716543900 47 100 47 100
1716543600 47 100 47 100
1716543300 47 100 47 100
1716543000 47 100 47 100
1716542700 47 100 47 100
1716542400 47 100 47 100
1716542100 47 100 47 100
1716541800 47 100 47 100
1716541500 47 100 47 100
1716541200 47 100 47 100
1716540900 47 100 47 100
1716540600 47 100 47 100
1716540300 47 100 47 100
1716540000 47 100 47 100
1716539700 47 100 47 100
1716539400 47 100 47 100
1716539100 47 100 47 100
1716538800 47 100 47 100
1716538500 47 100 47 100
1716538200 47 100 47 100
1716537900 47 100 47 100
1716537600 47 100 47 100
1716537300 47 100 47 100
1716537000 47 100 47 100
1716536700 47 100 47 100
1716536400 47 100 47 100
1716536100 47 100 47 100
1716535800 47 100 47 100
1716535500 47 100 47 100
1716535200 47 100 47 100
1716534900 47 100 47 100
1716534600 47 100 47 100
1716534300 47 100 47 100
1716534000 47 100 47 100
1716533700 47 100 47 100
1716533400 47 100 47 100
1716533100 47 100 47 100
1716532800 47 100 47 100
1716532500 47 100 47 100
1716532200 47 100 47 100
1716531900 47 100 47 100
1716531600 47 100 47 100
1716531300 47 100 47 100
1716531000 47 100 47 100
1716530700 47 100 47 100
1716530400 47 100 47 100
1716530100 47 100 47 100
1716529800 47 100 47 100
1716529500 47 100 47 100
1716529200 47 100 47 100
1716528900 47 100 47 100
1716528600 47 100 47 100
1716528300 47 100 47 100
1716528000 47 100 47 100
1716527700 47 100 47 100
1716527400 47 100 47 100
1716527100 47 100 47 100
1716526800 47 100 47 100
1716526500 47 100 47 100
1716526200 47 100 47 100
1716525900 47 100 47 100
1716525600 47 100 47 100
1716525300 47 100 47 100
1716525000 47 100 47 100
1716524700 47 100 47 100
1716524400 47 100 47 100
1716524100 47 100 47 100
1716523800 47 100 47 100
1716523500 47 100 47 100
1716523200 47 100 47 100
1716522900 47 100 47 100
1716522600 47 100 47 100
1716522300 47 100 47 100
1716522000 47 100 47 100
1716521700 47 100 47 100
1716521400 47 100 47 100
1716521100 47 100 47 100
1716520800 47 100 47 100
1716520500 47 100 47 100
1716520200 47 100 47 100
1716519900 47 100 47 100
1716519600 47 100 47 100
1716519300 47 100 47 100
1716519000 47 100 47 100
1716518700 47 100 47 100
1716518400 47 100 47 100
1716518100 47 100 47 100
1716517800 47 100 47 100
1716517500 47 100 47 100
1716517200 47 100 47 100
1716516900 47 100 47 100
1716516600 47 100 47 100
1716516300 47 100 47 100
1716516000 47 100 47 100
1716515700 47 100 47 100
1716515400 47 100 47 100
1716515100 47 100 47 100
1716514800 47 100 47 100
1716514500 47 100 47 100
1716514200 47 100 47 100
1716513900 47 100 47 100
1716513600 47 100 47 100
1716513300 47 100 47 100
1716513000 47 100 47 100
1716512700 47 100 47 100
1716512400 47 100 47 100
1716512100 47 100 47 100
1716511800 47 100 47 100
1716511500 47 100 47 100
1716511200 47 100 47 100
1716510900 47 100 47 100
1716510600 47 100 47 100
1716510300 47 100 47 100
1716510000 47 100 47 100
1716509700 47 100 47 100
1716509400 47 100 47 100
1716509100 47 100 47 100
1716508800 47 100 47 100
1716508500 47 100 47 100
1716508200 47 100 47 100
1716507900 47 100 47 100
1716507600 47 100 47 100
1716507300 47 100 47 100
1716507000 47 100 47 100
1716506700 47 100 47 100
1716506400 47 100 47 100
1716506100 47 100 47 100
1716505800 47 100 47 100
1716505500 47 100 47 100
1716505200 47 100 47 100
1716504900 47 100 47 100
1716504600 47 100 47 100
1716504300 47 100 47 100
1716504000 47 100 47 100
1716503700 47 100 47 100
1716503400 47 100 47 100
1716503100 47 100 47 100
1716502800 47 100 47 100
1716502500 47 100 47 100
1716502200 47 100 47 100
1716501900 47 100 47 100
1716501600 47 100 47 100
1716501300 47 100 47 100
1716501000 47 100 47 100
1716500700 47 100 47 100
1716500400 47 100 47 100
1716500100 47 100 47 100
1716499800 47 100 47 100
1716499500 47 100 47 100
1716499200 47 100 47 100
1716498900 47 100 47 100
1716498600 47 100 47 100
1716498300 47 100 47 100
1716498000 47 100 47 100
1716497700 47 100 47 100
1716497400 47 100 47 100
1716497100 47 100 47 100
1716496800 47 100 47 100
1716496500 47 100 47 100
1716496200 47 100 47 100
1716495900 47 100 47 100
1716495600 47 100 47 100
1716495300 47 100 47 100
1716495000 47 100 47 100
1716494700 47 100 47 100
1716494400 47 100 47 100
1716494100 47 100 47 100
1716493800 47 100 47 100
1716493500 47 100 47 100
1716493200 47 100 47 100
1716492900 47 100 47 100
1716492600 47 100 47 100
1716492300 47 100 47 100
1716492000 47 100 47 100
1716491700 47 100 47 100
1716491400 47 100 47 100
1716491100 47 100 47 100
1716490800 47 100 47 100
1716490500 47 100 47 100
1716490200 47 100 47 100
1716489900 47 100 47 100
1716489600 47 100 47 100
1716489300 47 100 47 100
1716489000 47 100 47 100
1716488700 47 100 47 100
1716488400 47 100 47 100
1716488100 47 100 47 100
1716487800 47 100 47 100
1716487500 47 100 47 100
1716487200 47 100 47 100
1716486900 47 100 47 100
1716486600 47 100 47 100
1716486300 47 100 47 100
1716486000 47 100 47 100
1716485700 47 100 47 100
1716485400 47 100 47 100
1716485100 47 100 47 100
1716484800 47 100 47 100
1716484500 47 100 47 100
1716484200 47 100 47 100
1716483900 47 100 47 100
1716483600 47 100 47 100
1716483300 47 100 47 100
1716483000 47 100 47 100
1716482700 47 100 47 100
1716482400 47 100 47 100
1716482100 47 100 47 100
1716481800 47 100 47 100
1716481500 47 100 47 100
1716481200 47 100 47 100
1716480900 47 100 47 100
1716480600 47 100 47 100
1716480300 47 100 47 100
1716480000 47 100 47 100
1716479700 47 100 47 100
1716479400 47 100 47 100
1716479100 47 100 47 100
1716478800 47 100 47 100
1716478500 47 100 47 100
1716478200 47 100 47 100
1716477900 47 100 47 100
1716477600 47 100 47 100
1716477300 47 100 47 100
1716477000 47 100 47 100
1716476700 47 100 47 100
1716476400 47 100 47 100
1716476100 47 100 47 100
1716475800 47 100 47 100
1716475500 47 100 47 100
1716475200 47 100 47 100
1716474900 47 100 47 100
1716474600 47 100 47 100
1716474300 47 100 47 100
1716474000 47 100 47 100
1716473700 47 100 47 100
1716473400 47 100 47 100
1716473100 47 100 47 100
1716472800 47 100 47 100
1716472500 47 100 47 100
1716472200 47 100 47 100
1716471900 47 100 47 100
1716471600 47 100 47 100
1716471300 47 100 47 100
1716471000 47 100 47 100
1716470700 47 100 47 100
1716470400 47 100 47 100
1716470100 47 100 47 100
1716469800 47 100 47 100
1716469500 47 100 47 100
1716469200 47 100 47 100
1716468900 47 100 47 100
1716468600 47 100 47 100
1716468300 47 100 47 100
1716468000 47 100 47 100
1716467700 47 100 47 100
1716467400 47 100 47 100
1716467100 47 100 47 100
1716466800 47 100 47 100
1716466500 47 100 47 100
1716466200 47 100 47 100
1716465900 47 100 47 100
1716465600 47 100 47 100
1716465300 47 100 47 100
1716465000 47 100 47 100
1716464700 47 100 47 100
1716464400 47 100 47 100
1716464100 47 100 47 100
1716463800 47 100 47 100
1716463500 47 100 47 100
1716463200 47 100 47 100
1716462900 47 100 47 100
1716462600 47 100 47 100
1716462300 47 100 47 100
1716462000 47 100 47 100
1716461700 47 100 47 100
1716461400 47 100 47 100
1716461100 47 100 47 100
1716460800 47 100 47 100
1716460500 47 100 47 100
1716460200 47 100 47 100
1716459900 47 100 47 100
1716459600 47 100 47 100
1716459300 47 100 47 100
1716459000 47 100 47 100
1716458700 47 100 47 100
1716458400 47 100 47 100
1716458100 47 100 47 100
1716457800 47 100 47 100
1716457500 47 100 47 100
1716457200 47 100 47 100
1716456900 47 100 47 100
1716456600 47 100 47 100
1716456300 47 100 47 100
1716456000 47 100 47 100
1716455700 47 100 47 100
1716455400 47 100 47 100
1716455100 47 100 47 100
1716454800 47 100 47 100
1716454500 47 100 47 100
1716454200 47 100 47 100
1716453900 47 100 47 100
1716453600 47 100 47 100
1716453300 47 100 47 100
1716453000 47 100 47 100
1716452700 47 100 47 100
1716452400 47 100 47 100
1716452100 47 100 47 100
1716451800 47 100 47 100
1716451500 47 100 47 100
1716451200 47 100 47 100
1716450900 47 100 47 100
1716450600 47 100 47 100
1716450300 47 100 47 100
1716450000 47 100 47 100
1716449700 47 100 47 100
1716449400 47 100 47 100
1716449100 47 100 47 100
1716448800 47 100 47 100
1716448500 47 100 47 100
1716448200 47 100 47 100
1716447900 47 100 47 100
1716447600 47 100 47 100
1716447300 47 100 47 100
1716447000 47 100 47 100
1716446700 47 100 47 100
1716446400 47 100 47 100
1716446100 47 100 47 100
1716445800 47 100 47 100
1716445500 47 100 47 100
1716445200 47 100 47 100
1716444900 47 100 47 100
1716444600 47 100 47 100
1716444300 47 100 47 100
1716444000 47 100 47 100
1716443700 47 100 47 100
1716443400 47 100 47 100
1716443100 47 100 47 100
1716442800 47 100 47 100
1716442500 47 100 47 100
1716442200 47 100 47 100
1716441900 47 100 47 100
1716441600 47 100 47 100
1716441300 47 100 47 100
1716441000 47 100 47 100
1716440700 47 100 47 100
1716440400 47 100 47 100
1716440100 47 100 47 100
1716439800 47 100 47 100
1716439500 47 100 47 100
1716439200 47 100 47 100
1716438900 47 100 47 100
1716438600 47 100 47 100
1716438300 47 100 47 100
1716438000 47 100 47 100
1716437700 47 100 47 100
1716437400 47 100 47 100
1716437100 47 100 47 100
1716436800 47 100 47 100
1716436500 47 100 47 100
1716436200 47 100 47 100
1716435900 47 100 47 100
1716435600 47 100 47 100
1716435300 47 100 47 100
1716435000 47 100 47 100
1716434700 47 100 47 100
1716434400 47 100 47 100
1716434100 47 100 47 100
1716433800 47 100 47 100
1716433500 47 100 47 100
1716433200 47 100 47 100
1716432900 47 100 47 100
1716432600 47 100 47 100
1716432300 47 100 47 100
1716432000 47 100 47 100
1716431700 47 100 47 100
1716431400 47 100 47 100
1716431100 47 100 47 100
1716430800 47 100 47 100
1716430500 47 100 47 100
1716430200 47 100 47 100
1716429900 47 100 47 100
1716429600 47 100 47 100
1716429300 47 100 47 100
1716429000 47 100 47 100
1716428700 47 100 47 100
1716428400 47 100 47 100
1716428100 47 100 47 100
1716427800 47 100 47 100
1716427500 47 100 47 100
1716427200 47 100 47 100
1716426900 47 100 47 100
1716426600 47 100 47 100
1716426300 47 100 47 100
1716426000 47 100 47 100
1716425700 47 100 47 100
1716425400 47 100 47 100
1716425100 47 100 47 100
1716424800 47 100 47 100
1716424500 47 100 47 100
1716424200 47 100 47 100
1716423900 47 100 47 100
1716423600 47 100 47 100
1716423300 47 100 47 100
1716423000 47 100 47 100
1716422700 47 100 47 100
1716422400 47 100 47 100
1716422100 47 100 47 100
1716421800 47 100 47 100
1716421500 47 100 47 100
1716421200 47 100 47 100
1716420900 47 100 47 100
1716420600 47 100 47 100
1716420300 47 100 47 100
1716420000 47 100 47 100
1716419700 47 100 47 100
1716419400 47 100 47 100
1716419100 47 100 47 100
1716418800 47 100 47 100
1716418500 47 100 47 100
1716418200 47 100 47 100
1716417900 47 100 47 100
1716417600 47 100 47 100
1716417300 47 100 47 100
1716417000 47 100 47 100
1716416700 47 100 47 100
1716416400 47 100 47 100
1716416100 47 100 47 100
1716415800 47 100 47 100
1716415500 47 100 47 100
1716415200 47 100 47 100
1716414900 47 100 47 100
1716414600 47 100 47 100
1716414300 47 100 47 100
1716414000 47 100 47 100
1716413700 47 100 47 100
1716413400 47 100 47 100
1716413100 47 100 47 100
1716412800 47 100 47 100
1716412500 47 100 47 100
1716412200 47 100 47 100
1716411900 47 100 47 100
1716411600 47 100 47 100
1716411300 47 100 47 100
1716411000 47 100 47 100
1716410700 47 100 47 100
1716410400 47 100 47 100
1716410100 47 100 47 100
1716409800 47 100 47 100
1716408000 47 100 47 100
1716406200 47 100 47 100
1716404400 47 100 47 100
1716402600 47 100 47 100
1716400800 47 100 47 100
1716399000 47 100 47 100
1716397200 47 100 47 100
1716395400 47 100 47 100
1716393600 47 100 47 100
1716391800 47 100 47 100
1716390000 47 100 47 100
1716388200 47 100 47 100
1716386400 47 100 47 100
1716384600 47 100 47 100
1716382800 47 100 47 100
1716381000 47 100 47 100
1716379200 47 100 47 100
1716377400 47 100 47 100
1716375600 47 100 47 100
1716373800 47 100 47 100
1716372000 47 100 47 100
1716370200 47 100 47 100
1716368400 47 100 47 100
1716366600 47 100 47 100
1716364800 47 100 47 100
1716363000 47 100 47 100
1716361200 47 100 47 100
1716359400 47 100 47 100
1716357600 47 100 47 100
1716355800 47 100 47 100
1716354000 47 100 47 100
1716352200 47 100 47 100
1716350400 47 100 47 100
1716348600 47 100 47 100
1716346800 47 100 47 100
1716345000 47 100 47 100
1716343200 47 100 47 100
1716341400 47 100 47 100
1716339600 47 100 47 100
1716337800 47 100 47 100
1716336000 47 100 47 100
1716334200 47 100 47 100
1716332400 47 100 47 100
1716330600 47 100 47 100
1716328800 47 100 47 100
1716327000 47 100 47 100
1716325200 47 100 47 100
1716323400 47 100 47 100
1716321600 47 100 47 100
1716319800 47 100 47 100
1716318000 47 100 47 100
1716316200 47 100 47 100
1716314400 47 100 47 100
1716312600 47 100 47 100
1716310800 47 100 47 100
1716309000 47 100 47 100
1716307200 47 100 47 100
1716305400 47 100 47 100
1716303600 47 100 47 100
1716301800 47 100 47 100
1716300000 47 100 47 100
1716298200 47 100 47 100
1716296400 47 100 47 100
1716294600 47 100 47 100
1716292800 47 100 47 100
1716291000 47 100 47 100
1716289200 47 100 47 100
1716287400 47 100 47 100
1716285600 47 100 47 100
1716283800 47 100 47 100
1716282000 47 100 47 100
1716280200 47 100 47 100
1716278400 47 100 47 100
1716276600 47 100 47 100
1716274800 47 100 47 100
1716273000 47 100 47 100
1716271200 47 100 47 100
1716269400 47 100 47 100
1716267600 47 100 47 100
1716265800 47 100 47 100
1716264000 47 100 47 100
1716262200 47 100 47 100
1716260400 47 100 47 100
1716258600 47 100 47 100
1716256800 47 100 47 100
1716255000 47 100 47 100
1716253200 47 100 47 100
1716251400 47 100 47 100
1716249600 47 100 47 100
1716247800 47 100 47 100
1716246000 47 100 47 100
1716244200 47 100 47 100
1716242400 47 100 47 100
1716240600 47 100 47 100
1716238800 47 100 47 100
1716237000 47 100 47 100
1716235200 47 100 47 100
1716233400 47 100 47 100
1716231600 47 100 47 100
1716229800 47 100 47 100
1716228000 47 100 47 100
1716226200 47 100 47 100
1716224400 47 100 47 100
1716222600 47 100 47 100
1716220800 47 100 47 100
1716219000 47 100 47 100
1716217200 47 100 47 100
1716215400 47 100 47 100
1716213600 47 100 47 100
1716211800 47 100 47 100
1716210000 47 100 47 100
1716208200 47 100 47 100
1716206400 47 100 47 100
1716204600 47 100 47 100
1716202800 47 100 47 100
1716201000 47 100 47 100
1716199200 47 100 47 100
1716197400 47 100 47 100
1716195600 47 100 47 100
1716193800 47 100 47 100
1716192000 47 100 47 100
1716190200 47 100 47 100
1716188400 47 100 47 100
1716186600 47 100 47 100
1716184800 47 100 47 100
1716183000 47 100 47 100
1716181200 47 100 47 100
1716179400 47 100 47 100
1716177600 47 100 47 100
1716175800 47 100 47 100
1716174000 47 100 47 100
1716172200 47 100 47 100
1716170400 47 100 47 100
1716168600 47 100 47 100
1716166800 47 100 47 100
1716165000 47 100 47 100
1716163200 47 100 47 100
1716161400 47 100 47 100
1716159600 47 100 47 100
1716157800 47 100 47 100
1716156000 47 100 47 100
1716154200 47 100 47 100
1716152400 47 100 47 100
1716150600 47 100 47 100
1716148800 47 100 47 100
1716147000 47 100 47 100
1716145200 47 100 47 100
1716143400 47 100 47 100
1716141600 47 100 47 100
1716139800 47 100 47 100
1716138000 47 100 47 100
1716136200 47 100 47 100
1716134400 47 100 47 100
1716132600 47 100 47 100
1716130800 47 100 47 100
1716129000 47 100 47 100
1716127200 47 100 47 100
1716125400 47 100 47 100
1716123600 47 100 47 100
1716121800 47 100 47 100
1716120000 47 100 47 100
1716118200 47 100 47 100
1716116400 47 100 47 100
1716114600 47 100 47 100
1716112800 47 100 47 100
1716111000 47 100 47 100
1716109200 47 100 47 100
1716107400 47 100 47 100
1716105600 47 100 47 100
1716103800 47 100 47 100
1716102000 47 100 47 100
1716100200 47 100 47 100
1716098400 47 100 47 100
1716096600 47 100 47 100
1716094800 47 100 47 100
1716093000 47 100 47 100
1716091200 47 100 47 100
1716089400 47 100 47 100
1716087600 47 100 47 100
1716085800 47 100 47 100
1716084000 47 100 47 100
1716082200 47 100 47 100
1716080400 47 100 47 100
1716078600 47 100 47 100
1716076800 47 100 47 100
1716075000 47 100 47 100
1716073200 47 100 47 100
1716071400 47 100 47 100
1716069600 47 100 47 100
1716067800 47 100 47 100
1716066000 47 100 47 100
1716064200 47 100 47 100
1716062400 47 100 47 100
1716060600 47 100 47 100
1716058800 47 100 47 100
1716057000 47 100 47 100
1716055200 47 100 47 100
1716053400 47 100 47 100
1716051600 47 100 47 100
1716049800 47 100 47 100
1716048000 47 100 47 100
1716046200 47 100 47 100
1716044400 47 100 47 100
1716042600 47 100 47 100
1716040800 47 100 47 100
1716039000 47 100 47 100
1716037200 47 100 47 100
1716035400 47 100 47 100
1716033600 47 100 47 100
1716031800 47 100 47 100
1716030000 47 100 47 100
1716028200 47 100 47 100
1716026400 47 100 47 100
1716024600 47 100 47 100
1716022800 47 100 47 100
1716021000 47 100 47 100
1716019200 47 100 47 100
1716017400 47 100 47 100
1716015600 47 100 47 100
1716013800 47 100 47 100
1716012000 47 100 47 100
1716010200 47 100 47 100
1716008400 47 100 47 100
1716006600 47 100 47 100
1716004800 47 100 47 100
1716003000 47 100 47 100
1716001200 47 100 47 100
1715999400 47 100 47 100
1715997600 47 100 47 100
1715995800 47 100 47 100
1715994000 47 100 47 100
1715992200 47 100 47 100
1715990400 47 100 47 100
1715988600 47 100 47 100
1715986800 47 100 47 100
1715985000 47 100 47 100
1715983200 46 100 47 100
1715981400 46 100 46 100
1715979600 46 100 46 100
1715977800 46 100 47 100
1715976000 47 100 47 100
1715974200 47 100 47 100
1715972400 47 100 47 100
1715970600 47 100 47 100
1715968800 47 100 47 100
1715967000 47 100 47 100
1715965200 47 100 47 100
1715963400 47 100 47 100
1715961600 47 100 47 100
1715959800 47 100 47 100
1715958000 47 100 47 100
1715956200 47 100 47 100
1715954400 47 100 47 100
1715952600 47 100 47 100
1715950800 47 100 47 100
1715949000 47 100 47 100
1715947200 47 100 47 100
1715945400 47 100 47 100
1715943600 47 100 47 100
1715941800 47 100 47 100
1715940000 47 100 47 100
1715938200 47 100 47 100
1715936400 47 100 47 100
1715934600 47 100 47 100
1715932800 47 100 47 100
1715931000 47 100 47 100
1715929200 47 100 47 100
1715927400 47 100 47 100
1715925600 47 100 47 100
1715923800 47 100 47 100
1715922000 47 100 47 100
1715920200 47 100 47 100
1715918400 47 100 47 100
1715916600 47 100 47 100
1715914800 47 100 47 100
1715913000 47 100 47 100
1715911200 47 100 47 100
1715909400 47 100 47 100
1715907600 47 100 47 100
1715905800 47 100 47 100
1715904000 47 100 47 100
1715902200 47 100 47 100
1715900400 47 100 47 100
1715898600 47 100 47 100
1715896800 47 100 47 100
1715895000 47 100 47 100
1715893200 47 100 47 100
1715891400 47 100 47 100
1715889600 47 100 47 100
1715887800 47 100 47 100
1715886000 47 100 47 100
1715884200 47 100 47 100
1715882400 47 100 47 100
1715880600 47 100 47 100
1715878800 47 100 47 100
1715877000 47 100 47 100
1715875200 47 100 47 100
1715873400 47 100 47 100
1715871600 47 100 47 100
1715869800 47 100 47 100
1715868000 47 100 47 100
1715866200 47 100 47 100
1715864400 47 100 47 100
1715862600 47 100 47 100
1715860800 47 100 47 100
1715859000 47 100 47 100
1715857200 47 100 47 100
1715855400 47 100 47 100
1715853600 47 100 47 100
1715851800 47 100 47 100
1715850000 47 100 47 100
1715848200 47 100 47 100
1715846400 47 100 47 100
1715844600 47 100 47 100
1715842800 47 100 47 100
1715841000 47 100 47 100
1715839200 47 100 47 100
1715837400 46 100 47 100
1715835600 46 100 46 100
1715833800 46 100 46 100
1715832000 46 100 46 100
1715830200 46 100 46 100
1715828400 46 100 46 100
1715826600 46 100 46 100
1715824800 46 100 46 100
1715823000 46 100 46 100
1715821200 46 100 46 100
1715819400 46 100 46 100
1715817600 46 100 46 100
1715815800 46 100 46 100
1715814000 46 100 46 100
1715812200 46 100 46 100
1715810400 46 100 46 100
1715808600 46 100 46 100
1715806800 46 100 46 100
1715805000 46 100 46 100
1715803200 46 100 46 100
1715801400 46 100 46 100
1715799600 46 100 46 100
1715797800 46 100 46 100
1715796000 46 100 46 100
1715794200 46 100 46 100
1715792400 46 100 46 100
1715790600 46 100 46 100
1715788800 46 100 46 100
1715787000 46 100 46 100
1715785200 46 100 46 100
1715783400 46 100 46 100
1715781600 46 100 46 100
1715779800 46 100 46 100
1715778000 46 100 46 100
1715776200 46 100 46 100
1715774400 46 100 46 100
1715772600 46 100 47 100
1715770800 47 100 47 100
1715769000 47 100 47 100
1715767200 47 100 47 100
1715765400 47 100 47 100
1715763600 47 100 47 100
1715761800 47 100 47 100
1715760000 47 100 47 100
1715758200 47 100 47 100
1715756400 47 100 47 100
1715754600 47 100 47 100
1715752800 47 100 47 100
1715751000 47 100 47 100
1715749200 47 100 47 100
1715747400 47 100 47 100
1715745600 47 100 47 100
1715743800 47 100 47 100
1715742000 47 100 47 100
1715740200 47 100 47 100
1715738400 47 100 47 100
1715736600 47 100 47 100
1715734800 47 100 47 100
1715733000 47 100 47 100
1715731200 47 100 47 100
1715729400 47 100 47 100
1715727600 47 100 47 100
1715725800 47 100 47 100
1715724000 47 100 47 100
1715722200 46 100 47 100
1715720400 46 100 46 100
1715718600 46 100 46 100
1715716800 46 100 46 100
1715715000 46 100 46 100
1715713200 46 100 46 100
1715711400 46 100 46 100
1715709600 46 100 46 100
1715707800 46 100 46 100
1715706000 46 100 46 100
1715704200 46 100 46 100
1715702400 46 100 46 100
1715700600 46 100 46 100
1715698800 46 100 46 100
1715697000 46 100 46 100
1715695200 46 100 46 100
1715693400 46 100 46 100
1715691600 46 100 46 100
1715689800 46 100 46 100
1715688000 46 100 46 100
1715686200 46 100 46 100
1715684400 46 100 46 100
1715682600 46 100 46 100
1715680800 46 100 46 100
1715679000 46 100 46 100
1715677200 46 100 46 100
1715675400 46 100 46 100
1715673600 46 100 46 100
1715671800 46 100 46 100
1715670000 46 100 46 100
1715668200 46 100 46 100
1715666400 46 100 46 100
1715664600 46 100 46 100
1715662800 46 100 46 100
1715661000 46 100 46 100
1715659200 46 100 46 100
1715657400 46 100 46 100
1715655600 46 100 46 100
1715653800 46 100 46 100
1715652000 46 100 46 100
1715650200 46 100 46 100
1715648400 46 100 46 100
1715646600 46 100 46 100
1715644800 46 100 46 100
1715643000 46 100 46 100
1715641200 46 100 46 100
1715639400 46 100 46 100
1715637600 46 100 46 100
1715635800 46 100 46 100
1715634000 46 100 46 100
1715632200 46 100 46 100
1715630400 46 100 46 100
1715628600 46 100 46 100
1715626800 46 100 46 100
1715625000 46 100 46 100
1715623200 46 100 46 100
1715621400 46 100 46 100
1715619600 46 100 46 100
1715617800 46 100 46 100
1715616000 46 100 46 100
1715614200 46 100 46 100
1715612400 46 100 46 100
1715610600 46 100 46 100
1715608800 46 100 46 100
1715607000 46 100 46 100
1715605200 46 100 46 100
1715603400 46 100 46 100
1715601600 46 100 46 100
1715599800 46 100 46 100
1715598000 46 100 46 100
1715596200 46 100 46 100
1715594400 46 100 46 100
1715592600 46 100 46 100
1715590800 46 100 46 100
1715589000 46 100 46 100
1715587200 46 100 46 100
1715585400 46 100 46 100
1715583600 46 100 46 100
1715581800 46 100 46 100
1715580000 46 100 46 100
1715578200 46 100 46 100
1715576400 46 100 46 100
1715574600 46 100 46 100
1715572800 46 100 46 100
1715571000 46 100 46 100
1715569200 46 100 46 100
1715567400 46 100 46 100
1715565600 46 100 46 100
1715563800 46 100 46 100
1715562000 46 100 46 100
1715560200 46 100 46 100
1715558400 46 100 46 100
1715556600 46 100 46 100
1715554800 46 100 46 100
1715553000 46 100 46 100
1715551200 46 100 46 100
1715549400 46 100 47 100
1715547600 47 100 47 100
1715545800 47 100 47 100
1715544000 47 100 47 100
1715542200 47 100 47 100
1715540400 47 100 47 100
1715538600 47 100 47 100
1715536800 47 100 47 100
1715535000 47 100 47 100
1715533200 47 100 47 100
1715531400 47 100 47 100
1715529600 47 100 47 100
1715527800 47 100 47 100
1715526000 47 100 47 100
1715524200 47 100 47 100
1715522400 47 100 47 100
1715520600 47 100 47 100
1715518800 47 100 47 100
1715517000 47 100 47 100
1715515200 47 100 47 100
1715513400 47 100 47 100
1715511600 47 100 47 100
1715509800 47 100 47 100
1715508000 47 100 47 100
1715506200 47 100 47 100
1715504400 47 100 47 100
1715502600 47 100 47 100
1715500800 47 100 47 100
1715499000 47 100 47 100
1715497200 47 100 47 100
1715495400 47 100 47 100
1715493600 46 100 47 100
1715491800 46 100 46 100
1715490000 46 100 46 100
1715488200 46 100 46 100
1715486400 46 100 46 100
1715484600 46 100 46 100
1715482800 46 100 46 100
1715481000 46 100 46 100
1715479200 46 100 46 100
1715477400 46 100 46 100
1715475600 46 100 46 100
1715473800 46 100 46 100
1715472000 46 100 46 100
1715470200 46 100 46 100
1715468400 46 100 46 100
1715466600 46 100 46 100
1715464800 46 100 46 100
1715463000 46 100 46 100
1715461200 46 100 46 100
1715459400 46 100 46 100
1715457600 46 100 46 100
1715455800 46 100 46 100
1715454000 46 100 46 100
1715452200 46 100 46 100
1715450400 46 100 46 100
1715448600 46 100 46 100
1715446800 46 100 46 100
1715445000 46 100 46 100
1715443200 46 100 46 100
1715441400 46 100 46 100
1715439600 46 100 46 100
1715437800 46 100 46 100
1715436000 46 100 46 100
1715434200 46 100 46 100
1715432400 46 100 46 100
1715430600 46 100 46 100
1715428800 46 100 46 100
1715427000 46 100 46 100
1715425200 46 100 46 100
1715423400 46 100 46 100
1715421600 46 100 46 100
1715419800 46 100 46 100
1715418000 46 100 46 100
1715416200 46 100 46 100
1715414400 46 100 46 100
1715412600 46 100 46 100
1715410800 46 100 46 100
1715409000 46 100 46 100
1715407200 46 100 46 100
1715405400 46 100 46 100
1715403600 46 100 46 100
1715401800 46 100 46 100
1715400000 46 100 46 100
1715398200 46 100 46 100
1715396400 46 100 46 100
1715394600 46 100 46 100
1715392800 46 100 46 100
1715391000 46 100 46 100
1715389200 46 100 46 100
1715387400 46 100 46 100
1715385600 46 100 46 100
1715383800 46 100 46 100
1715382000 46 100 46 100
1715380200 46 100 46 100
1715378400 46 100 46 100
1715376600 46 100 46 100
1715374800 46 100 46 100
1715373000 46 100 46 100
1715371200 46 100 46 100
1715369400 46 100 46 100
1715367600 46 100 46 100
1715365800 46 100 46 100
1715364000 46 100 46 100
1715362200 46 100 46 100
1715360400 46 100 46 100
1715358600 46 100 46 100
1715356800 46 100 46 100
1715355000 46 100 46 100
1715353200 46 100 46 100
1715351400 46 100 46 100
1715349600 46 100 46 100
1715347800 46 100 46 100
1715346000 46 100 46 100
1715344200 46 100 46 100
1715342400 46 100 46 100
1715340600 46 100 46 100
1715338800 46 100 46 100
1715337000 46 100 46 100
1715335200 46 100 46 100
1715333400 46 100 46 100
1715331600 46 100 46 100
1715329800 46 100 46 100
1715328000 46 100 46 100
1715320800 46 100 46 100
1715313600 46 100 46 100
1715306400 46 100 46 100
1715299200 46 100 46 100
1715292000 46 100 46 100
1715284800 46 100 46 100
1715277600 46 100 46 100
1715270400 46 100 46 100
1715263200 46 100 46 100
1715256000 46 100 46 100
1715248800 46 100 46 100
1715241600 46 100 46 100
1715234400 46 100 46 100
1715227200 46 100 46 100
1715220000 46 100 46 100
1715212800 46 100 46 100
1715205600 46 100 46 100
1715198400 46 100 46 100
1715191200 46 100 46 100
1715184000 46 100 46 100
1715176800 46 100 46 100
1715169600 46 100 46 100
1715162400 46 100 46 100
1715155200 46 100 46 100
1715148000 46 100 46 100
1715140800 46 100 46 100
1715133600 46 100 46 100
1715126400 46 100 46 100
1715119200 46 100 46 100
1715112000 46 100 46 100
1715104800 46 100 46 100
1715097600 46 100 46 100
1715090400 46 100 46 100
1715083200 46 100 46 100
1715076000 46 100 46 100
1715068800 46 100 46 100
1715061600 46 100 46 100
1715054400 46 100 46 100
1715047200 46 100 46 100
1715040000 46 100 46 100
1715032800 46 100 46 100
1715025600 46 100 46 100
1715018400 46 100 46 100
1715011200 46 100 46 100
1715004000 46 100 46 100
1714996800 46 100 46 100
1714989600 46 100 46 100
1714982400 46 100 46 100
1714975200 46 100 46 100
1714968000 46 100 46 100
1714960800 46 100 46 100
1714953600 46 100 46 100
1714946400 46 100 46 100
1714939200 46 100 46 100
1714932000 46 100 46 100
1714924800 46 100 46 100
1714917600 46 100 46 100
1714910400 46 100 46 100
1714903200 46 100 46 100
1714896000 46 100 46 100
1714888800 45 100 46 100
1714881600 45 100 45 100
1714874400 45 100 45 100
1714867200 45 100 46 100
1714860000 46 100 46 100
1714852800 46 100 46 100
1714845600 46 100 46 100
1714838400 46 100 46 100
1714831200 46 100 46 100
1714824000 46 100 46 100
1714816800 44 100 46 100
1714809600 43 100 43 100
1714802400 43 100 43 100
1714795200 43 100 43 100
1714788000 43 100 43 100
1714780800 43 100 43 100
1714773600 43 100 43 100
1714766400 43 100 43 100
1714759200 43 100 43 100
1714752000 43 100 43 100
1714744800 43 100 43 100
1714737600 43 100 43 100
1714730400 43 100 43 100
1714723200 43 100 43 100
1714716000 43 100 43 100
1714708800 43 100 43 100
1714701600 43 100 43 100
1714694400 43 100 43 100
1714687200 43 100 43 100
1714680000 43 100 43 100
1714672800 43 100 43 100
1714665600 43 100 43 100
1714658400 43 100 43 100
1714651200 43 100 43 100
1714644000 43 100 43 100
1714636800 43 100 43 100
1714629600 43 100 43 100
1714622400 43 100 43 100
1714615200 43 100 43 100
1714608000 43 100 43 100
1714600800 43 100 43 100
1714593600 43 100 43 100
1714586400 43 100 43 100
1714579200 43 100 43 100
1714572000 43 100 43 100
1714564800 43 100 43 100
1714557600 43 100 43 100
1714550400 43 100 43 100
1714543200 43 100 43 100
1714536000 43 100 43 100
1714528800 43 100 43 100
1714521600 43 100 43 100
1714514400 43 100 43 100
1714507200 43 100 43 100
1714500000 43 100 43 100
1714492800 43 100 43 100
1714485600 43 100 43 100
1714478400 43 100 43 100
1714471200 43 100 43 100
1714464000 43 100 43 100
1714456800 43 100 43 100
1714449600 43 100 43 100
1714442400 43 100 43 100
1714435200 43 100 43 100
1714428000 43 100 43 100
1714420800 43 100 43 100
1714413600 43 100 43 100
1714406400 43 100 43 100
1714399200 43 100 43 100
1714392000 43 100 43 100
1714384800 43 100 43 100
1714377600 43 100 43 100
1714370400 43 100 43 100
1714363200 43 100 43 100
1714356000 43 100 43 100
1714348800 43 100 43 100
1714341600 43 100 43 100
1714334400 43 100 43 100
1714327200 43 100 43 100
1714320000 43 100 43 100
1714312800 43 100 43 100
1714305600 43 100 43 100
1714298400 43 100 43 100
1714291200 43 100 43 100
1714284000 43 100 43 100
1714276800 43 100 43 100
1714269600 43 100 43 100
1714262400 43 100 43 100
1714255200 43 100 43 100
1714248000 43 100 43 100
1714240800 43 100 43 100
1714233600 43 100 43 100
1714226400 43 100 43 100
1714219200 43 100 43 100
1714212000 43 100 43 100
1714204800 43 100 43 100
1714197600 43 100 43 100
1714190400 43 100 43 100
1714183200 43 100 43 100
1714176000 43 100 43 100
1714168800 43 100 43 100
1714161600 43 100 43 100
1714154400 43 100 43 100
1714147200 43 100 43 100
1714140000 43 100 43 100
1714132800 43 100 43 100
1714125600 43 100 43 100
1714118400 43 100 43 100
1714111200 43 100 43 100
1714104000 43 100 43 100
1714096800 43 100 43 100
1714089600 43 100 43 100
1714082400 43 100 43 100
1714075200 43 100 43 100
1714068000 43 100 43 100
1714060800 43 100 43 100
1714053600 43 100 43 100
1714046400 43 100 43 100
1714039200 43 100 43 100
1714032000 43 100 43 100
1714024800 43 100 43 100
1714017600 43 100 43 100
1714010400 43 100 43 100
1714003200 43 100 43 100
1713996000 43 100 43 100
1713988800 43 100 43 100
1713981600 43 100 43 100
1713974400 43 100 43 100
1713967200 43 100 43 100
1713960000 43 100 43 100
1713952800 43 100 43 100
1713945600 43 100 43 100
1713938400 43 100 43 100
1713931200 43 100 43 100
1713924000 43 100 43 100
1713916800 43 100 43 100
1713909600 43 100 43 100
1713902400 43 100 43 100
1713895200 43 100 43 100
1713888000 43 100 43 100
1713880800 43 100 43 100
1713873600 43 100 43 100
1713866400 43 100 43 100
1713859200 43 100 43 100
1713852000 43 100 43 100
1713844800 43 100 43 100
1713837600 43 100 43 100
1713830400 43 100 43 100
1713823200 43 100 43 100
1713816000 43 100 43 100
1713808800 43 100 43 100
1713801600 43 100 43 100
1713794400 43 100 43 100
1713787200 43 100 43 100
1713780000 43 100 43 100
1713772800 43 100 43 100
1713765600 43 100 43 100
1713758400 43 100 43 100
1713751200 43 100 43 100
1713744000 43 100 43 100
1713736800 43 100 43 100
1713729600 43 100 43 100
1713722400 43 100 43 100
1713715200 43 100 43 100
1713708000 43 100 43 100
1713700800 43 100 43 100
1713693600 43 100 43 100
1713686400 43 100 43 100
1713679200 43 100 43 100
1713672000 43 100 43 100
1713664800 43 100 43 100
1713657600 43 100 43 100
1713650400 43 100 43 100
1713643200 43 100 43 100
1713636000 43 100 43 100
1713628800 43 100 43 100
1713621600 43 100 43 100
1713614400 43 100 43 100
1713607200 43 100 43 100
1713600000 43 100 43 100
1713592800 43 100 43 100
1713585600 43 100 43 100
1713578400 43 100 43 100
1713571200 43 100 43 100
1713564000 43 100 43 100
1713556800 43 100 43 100
1713549600 43 100 43 100
1713542400 43 100 43 100
1713535200 43 100 43 100
1713528000 43 100 43 100
1713520800 43 100 43 100
1713513600 43 100 43 100
1713506400 43 100 43 100
1713499200 43 100 43 100
1713492000 43 100 43 100
1713484800 43 100 43 100
1713477600 43 100 43 100
1713470400 43 100 43 100
1713463200 43 100 43 100
1713456000 43 100 43 100
1713448800 43 100 43 100
1713441600 43 100 43 100
1713434400 43 100 43 100
1713427200 43 100 43 100
1713420000 43 100 43 100
1713412800 43 100 43 100
1713405600 43 100 43 100
1713398400 43 100 43 100
1713391200 43 100 43 100
1713384000 43 100 43 100
1713376800 43 100 43 100
1713369600 43 100 43 100
1713362400 43 100 43 100
1713355200 43 100 43 100
1713348000 43 100 43 100
1713340800 43 100 43 100
1713333600 43 100 43 100
1713326400 43 100 43 100
1713319200 43 100 43 100
1713312000 43 100 43 100
1713304800 43 100 43 100
1713297600 43 100 43 100
1713290400 43 100 43 100
1713283200 43 100 43 100
1713276000 43 100 43 100
1713268800 43 100 43 100
1713261600 43 100 43 100
1713254400 43 100 43 100
1713247200 43 100 43 100
1713240000 43 100 43 100
1713232800 43 100 43 100
1713225600 43 100 43 100
1713218400 43 100 43 100
1713211200 43 100 43 100
1713204000 43 100 43 100
1713196800 43 100 43 100
1713189600 43 100 43 100
1713182400 43 100 43 100
1713175200 43 100 43 100
1713168000 43 100 43 100
1713160800 43 100 43 100
1713153600 43 100 43 100
1713146400 43 100 43 100
1713139200 43 100 43 100
1713132000 43 100 43 100
1713124800 43 100 43 100
1713117600 43 100 43 100
1713110400 43 100 43 100
1713103200 43 100 43 100
1713096000 43 100 43 100
1713088800 43 100 43 100
1713081600 43 100 43 100
1713074400 43 100 43 100
1713067200 43 100 43 100
1713060000 43 100 43 100
1713052800 43 100 43 100
1713045600 43 100 43 100
1713038400 43 100 43 100
1713031200 43 100 43 100
1713024000 43 100 43 100
1713016800 43 100 43 100
1713009600 43 100 43 100
1713002400 43 100 43 100
1712995200 43 100 43 100
1712988000 43 100 43 100
1712980800 43 100 43 100
1712973600 43 100 43 100
1712966400 43 100 43 100
1712959200 43 100 43 100
1712952000 43 100 43 100
1712944800 43 100 43 100
1712937600 43 100 43 100
1712930400 43 100 43 100
1712923200 43 100 43 100
1712916000 43 100 43 100
1712908800 43 100 43 100
1712901600 43 100 43 100
1712894400 43 100 43 100
1712887200 43 100 43 100
1712880000 43 100 43 100
1712872800 43 100 43 100
1712865600 43 100 43 100
1712858400 43 100 43 100
1712851200 43 100 43 100
1712844000 43 100 43 100
1712836800 43 100 43 100
1712829600 43 100 43 100
1712822400 43 100 43 100
1712815200 43 100 43 100
1712808000 43 100 43 100
1712800800 43 100 43 100
1712793600 43 100 43 100
1712786400 43 100 43 100
1712779200 43 100 43 100
1712772000 43 100 43 100
1712764800 43 100 43 100
1712757600 43 100 43 100
1712750400 43 100 43 100
1712743200 43 100 43 100
1712736000 43 100 43 100
1712728800 43 100 43 100
1712721600 43 100 43 100
1712714400 43 100 43 100
1712707200 43 100 43 100
1712700000 43 100 43 100
1712692800 43 100 43 100
1712685600 43 100 43 100
1712678400 43 100 43 100
1712671200 43 100 43 100
1712664000 43 100 43 100
1712656800 43 100 43 100
1712649600 43 100 43 100
1712642400 43 100 43 100
1712635200 43 100 43 100
1712628000 43 100 43 100
1712620800 43 100 43 100
1712613600 43 100 43 100
1712606400 43 100 43 100
1712599200 43 100 43 100
1712592000 43 100 43 100
1712584800 43 100 43 100
1712577600 43 100 43 100
1712570400 43 100 43 100
1712563200 43 100 43 100
1712556000 43 100 43 100
1712548800 43 100 43 100
1712541600 43 100 43 100
1712534400 43 100 43 100
1712527200 43 100 43 100
1712520000 43 100 43 100
1712512800 43 100 43 100
1712505600 43 100 43 100
1712498400 43 100 43 100
1712491200 43 100 43 100
1712484000 43 100 43 100
1712476800 43 100 43 100
1712469600 43 100 43 100
1712462400 43 100 43 100
1712455200 43 100 43 100
1712448000 43 100 43 100
1712440800 43 100 43 100
1712433600 43 100 43 100
1712426400 43 100 43 100
1712419200 43 100 43 100
1712412000 43 100 43 100
1712404800 43 100 43 100
1712397600 43 100 43 100
1712390400 43 100 43 100
1712383200 43 100 43 100
1712376000 43 100 43 100
1712368800 43 100 43 100
1712361600 43 100 43 100
1712354400 43 100 43 100
1712347200 43 100 43 100
1712340000 43 100 43 100
1712332800 43 100 43 100
1712325600 43 100 43 100
1712318400 43 100 43 100
1712311200 43 100 43 100
1712304000 43 100 43 100
1712296800 43 100 43 100
1712289600 43 100 43 100
1712282400 43 100 43 100
1712275200 43 100 43 100
1712268000 43 100 43 100
1712260800 43 100 43 100
1712253600 43 100 43 100
1712246400 43 100 43 100
1712239200 43 100 43 100
1712232000 43 100 43 100
1712224800 43 100 43 100
1712217600 43 100 43 100
1712210400 43 100 43 100
1712203200 43 100 43 100
1712196000 43 100 43 100
1712188800 43 100 43 100
1712181600 43 100 43 100
1712174400 43 100 43 100
1712167200 43 100 43 100
1712160000 43 100 43 100
1712152800 43 100 43 100
1712145600 43 100 43 100
1712138400 43 100 43 100
1712131200 43 100 43 100
1712124000 43 100 43 100
1712116800 43 100 43 100
1712109600 43 100 43 100
1712102400 43 100 43 100
1712095200 43 100 43 100
1712088000 43 100 43 100
1712080800 43 100 43 100
1712073600 43 100 43 100
1712066400 43 100 43 100
1712059200 43 100 43 100
1712052000 43 100 43 100
1712044800 43 100 43 100
1712037600 43 100 43 100
1712030400 43 100 43 100
1712023200 43 100 43 100
1712016000 43 100 43 100
1712008800 43 100 43 100
1712001600 43 100 43 100
1711994400 43 100 43 100
1711987200 43 100 43 100
1711980000 43 100 43 100
1711972800 43 100 43 100
1711965600 43 100 43 100
1711958400 43 100 43 100
1711951200 43 100 43 100
1711944000 43 100 43 100
1711936800 43 100 43 100
1711929600 43 100 43 100
1711922400 43 100 43 100
1711915200 43 100 43 100
1711908000 43 100 43 100
1711900800 43 100 43 100
1711893600 43 100 43 100
1711886400 43 100 43 100
1711879200 43 100 43 100
1711872000 43 100 43 100
1711864800 43 100 43 100
1711857600 43 100 43 100
1711850400 43 100 43 100
1711843200 43 100 43 100
1711836000 43 100 43 100
1711828800 43 100 43 100
1711821600 43 100 43 100
1711814400 43 100 43 100
1711807200 43 100 43 100
1711800000 43 100 43 100
1711792800 43 100 43 100
1711785600 43 100 43 100
1711778400 43 100 43 100
1711771200 43 100 43 100
1711764000 43 100 43 100
1711756800 43 100 43 100
1711749600 43 100 43 100
1711742400 43 100 43 100
1711735200 43 100 43 100
1711728000 43 100 43 100
1711720800 43 100 43 100
1711713600 43 100 43 100
1711706400 43 100 43 100
1711699200 43 100 43 100
1711692000 43 100 43 100
1711684800 43 100 43 100
1711677600 43 100 43 100
1711670400 43 100 43 100
1711663200 43 100 43 100
1711656000 43 100 43 100
1711648800 43 100 43 100
1711641600 43 100 43 100
1711634400 43 100 43 100
1711627200 43 100 43 100
1711620000 43 100 43 100
1711612800 43 100 43 100
1711605600 43 100 43 100
1711598400 43 100 43 100
1711591200 43 100 43 100
1711584000 43 100 43 100
1711576800 43 100 43 100
1711569600 43 100 43 100
1711562400 43 100 43 100
1711555200 43 100 43 100
1711548000 43 100 43 100
1711540800 43 100 43 100
1711533600 43 100 43 100
1711526400 43 100 43 100
1711519200 43 100 43 100
1711512000 43 100 43 100
1711504800 43 100 43 100
1711497600 43 100 43 100
1711490400 43 100 43 100
1711483200 43 100 43 100
1711476000 43 100 43 100
1711468800 43 100 43 100
1711461600 43 100 43 100
1711454400 43 100 43 100
1711447200 43 100 43 100
1711440000 43 100 43 100
1711432800 43 100 43 100
1711425600 43 100 43 100
1711418400 43 100 43 100
1711411200 43 100 43 100
1711404000 43 100 43 100
1711396800 43 100 43 100
1711389600 43 100 43 100
1711382400 43 100 43 100
1711375200 43 100 43 100
1711368000 43 100 43 100
1711360800 43 100 43 100
1711353600 43 100 43 100
1711346400 43 100 43 100
1711339200 43 100 43 100
1711332000 43 100 43 100
1711324800 43 100 43 100
1711317600 43 100 43 100
1711310400 43 100 43 100
1711303200 43 100 43 100
1711296000 43 100 43 100
1711288800 43 100 43 100
1711281600 43 100 43 100
1711274400 43 100 43 100
1711267200 43 100 43 100
1711260000 43 100 43 100
1711252800 43 100 43 100
1711245600 43 100 43 100
1711238400 43 100 43 100
1711231200 43 100 43 100
1711224000 43 100 43 100
1711216800 43 100 43 100
1711209600 43 100 43 100
1711202400 43 100 43 100
1711195200 43 100 43 100
1711188000 43 100 43 100
1711180800 43 100 43 100
1711173600 43 100 43 100
1711166400 43 100 43 100
1711159200 43 100 43 100
1711152000 43 100 43 100
1711144800 43 100 43 100
1711137600 43 100 43 100
1711130400 43 100 43 100
1711123200 43 100 43 100
1711116000 43 100 43 100
1711108800 43 100 43 100
1711101600 43 100 43 100
1711094400 43 100 43 100
1711087200 43 100 43 100
1711080000 43 100 43 100
1711072800 43 100 43 100
1711065600 43 100 43 100
1711058400 43 100 43 100
1711051200 43 100 43 100
1711044000 43 100 43 100
1711036800 43 100 43 100
1711029600 43 100 43 100
1711022400 43 100 43 100
1711015200 43 100 43 100
1711008000 43 100 43 100
1710979200 43 100 43 100
1710892800 43 100 43 100
1710806400 43 100 43 100
1710720000 42 100 43 100
1710633600 42 100 42 100
1710547200 42 100 42 100
1710460800 42 100 43 100
1710374400 42 100 42 100
1710288000 42 100 42 100
1710201600 42 100 42 100
1710115200 42 100 42 100
1710028800 42 100 42 100
1709942400 42 100 42 100
1709856000 42 100 42 100
1709769600 41 100 42 100
1709683200 41 100 41 100
1709596800 41 100 41 100
1709510400 41 100 41 100
1709424000 41 100 41 100
1709337600 41 100 41 100
1709251200 41 100 41 100
1709164800 41 100 41 100
1709078400 41 100 41 100
1708992000 41 100 41 100
1708905600 41 100 41 100
1708819200 41 100 41 100
1708732800 41 100 41 100
1708646400 41 100 41 100
1708560000 41 100 41 100
1708473600 41 100 41 100
1708387200 41 100 41 100
1708300800 41 100 41 100
1708214400 41 100 41 100
1708128000 41 100 41 100
1708041600 41 100 41 100
1707955200 41 100 41 100
1707868800 41 100 41 100
1707782400 41 100 41 100
1707696000 41 100 41 100
1707609600 41 100 41 100
1707523200 39 100 41 100
1707436800 39 100 39 100
1707350400 39 100 39 100
1707264000 39 100 39 100
1707177600 39 100 39 100
1707091200 39 100 39 100
1707004800 39 100 39 100
1706918400 39 100 39 100
1706832000 39 100 39 100
1706745600 39 100 39 100
1706659200 39 100 39 100
1706572800 39 100 39 100
1706486400 39 100 39 100
1706400000 39 100 39 100
1706313600 39 100 39 100
1706227200 39 100 39 100
1706140800 39 100 39 100
1706054400 39 100 39 100
1705968000 39 100 39 100
1705881600 39 100 39 100
1705795200 39 100 39 100
1705708800 39 100 39 100
1705622400 39 100 39 100
1705536000 39 100 39 100
1705449600 39 100 39 100
1705363200 39 100 39 100
1705276800 39 100 39 100
1705190400 39 100 39 100
1705104000 39 100 39 100
1705017600 39 100 39 100
1704931200 39 100 39 100
1704844800 39 100 39 100
1704758400 39 100 39 100
1704672000 39 100 39 100
1704585600 39 100 39 100
1704499200 39 100 39 100
1704412800 39 100 39 100
1704326400 39 100 39 100
1704240000 39 100 39 100
1704153600 39 100 39 100
1704067200 39 100 39 100
1703980800 39 100 39 100
1703894400 39 100 39 100
1703808000 39 100 39 100
1703721600 39 100 39 100
1703635200 39 100 39 100
1703548800 39 100 39 100
1703462400 39 100 39 100
1703376000 39 100 39 100
1703289600 39 100 39 100
1703203200 39 100 39 100
1703116800 39 100 39 100
1703030400 39 100 39 100
1702944000 39 100 39 100
1702857600 39 100 39 100
1702771200 39 100 39 100
1702684800 39 100 39 100
1702598400 39 100 39 100
1702512000 39 100 39 100
1702425600 39 100 39 100
1702339200 39 100 39 100
1702252800 39 100 39 100
1702166400 39 100 39 100
1702080000 39 100 39 100
1701993600 39 100 39 100
1701907200 39 100 39 100
1701820800 39 100 39 100
1701734400 39 100 39 100
1701648000 39 100 39 100
1701561600 39 100 39 100
1701475200 39 100 39 100
1701388800 39 100 39 100
1701302400 39 100 39 100
1701216000 39 100 39 100
1701129600 39 100 39 100
1701043200 39 100 39 100
1700956800 39 100 39 100
1700870400 39 100 39 100
1700784000 39 100 39 100
1700697600 39 100 39 100
1700611200 39 100 39 100
1700524800 39 100 39 100
1700438400 39 100 39 100
1700352000 39 100 39 100
1700265600 39 100 39 100
1700179200 39 100 39 100
1700092800 39 100 39 100
1700006400 39 100 39 100
1699920000 39 100 39 100
1699833600 39 100 39 100
1699747200 39 100 40 100
1699660800 40 100 40 100
1699574400 40 100 40 100
1699488000 40 100 40 100
1699401600 40 100 40 100
1699315200 40 100 40 100
1699228800 40 100 40 100
1699142400 39 72 40 100
1699056000 39 39 39 39
1698969600 39 39 39 39
1698883200 39 39 40 40
1698796800 40 40 40 40
1698710400 39 39 40 40
1698624000 40 40 40 40
1698537600 39 39 40 40
1698451200 39 39 40 40
1698364800 39 39 39 39
1698278400 39 39 39 39
1698192000 39 39 39 39
1698105600 39 39 39 39
1698019200 39 39 39 39
1697932800 38 38 39 39
1697846400 38 38 38 38
1697760000 38 38 38 38
1697673600 38 38 38 38
1697587200 38 38 38 38
1697500800 38 38 39 39
1697414400 39 39 39 39
1697328000 38 38 39 39
1697241600 37 37 37 37
1697155200 37 37 37 37
1697068800 37 37 37 37
1696982400 37 37 37 37
1696896000 37 37 37 37
1696809600 30 63 37 100
1696723200 22 100 22 100
1696636800 22 100 22 100
1696550400 22 100 22 100
1696464000 22 100 22 100
1696377600 22 100 22 100
1696291200 22 100 22 100
1696204800 22 100 22 100
1696118400 22 100 22 100
1696032000 22 100 22 100
1695945600 22 100 22 100
1695859200 22 100 22 100
1695772800 22 100 22 100
1695686400 22 100 22 100
1695600000 22 100 22 100
1695513600 22 100 22 100
1695427200 22 100 22 100
1695340800 21 97 22 100
1695254400 0 0 0 0
1695168000 0 0 0 0
1695081600 0 0 0 0
1694995200 0 0 0 0
1694908800 0 0 0 0
1694822400 0 0 0 0
1694736000 0 0 0 0
1694649600 0 0 0 0
1694563200 0 0 0 0
1694476800 0 0 0 0
1694390400 0 0 0 0
1694304000 0 0 0 0
1694217600 0 0 0 0
1694131200 0 0 0 0
1694044800 0 0 0 0
1693958400 0 0 0 0
1693872000 0 0 0 0
1693785600 0 0 0 0
1693699200 0 0 0 0
1693612800 0 0 0 0
1693526400 0 0 0 0
1693440000 0 0 0 0
1693353600 0 0 0 0
1693267200 0 0 0 0
1693180800 0 0 0 0
1693094400 0 0 0 0
1693008000 0 0 0 0
1692921600 0 0 0 0
1692835200 0 0 0 0
1692748800 0 0 0 0
1692662400 0 0 0 0
1692576000 0 0 0 0
1692489600 0 0 0 0
1692403200 0 0 0 0
1692316800 0 0 0 0
1692230400 0 0 0 0
1692144000 0 0 0 0
1692057600 0 0 0 0
1691971200 0 0 0 0
1691884800 0 0 0 0
1691798400 0 0 0 0
1691712000 0 0 0 0
1691625600 0 0 0 0
1691539200 0 0 0 0
1691452800 0 0 0 0
1691366400 0 0 0 0
1691280000 0 0 0 0
1691193600 0 0 0 0
1691107200 0 0 0 0
1691020800 0 0 0 0
1690934400 0 0 0 0
1690848000 0 0 0 0
1690761600 0 0 0 0
1690675200 0 0 0 0
1690588800 0 0 0 0
1690502400 0 0 0 0
1690416000 0 0 0 0
1690329600 0 0 0 0
1690243200 0 0 0 0
1690156800 0 0 0 0
1690070400 0 0 0 0
1689984000 0 0 0 0
1689897600 0 0 0 0
1689811200 0 0 0 0
1689724800 0 0 0 0
1689638400 0 0 0 0
1689552000 0 0 0 0
1689465600 0 0 0 0
1689379200 0 0 0 0
1689292800 0 0 0 0
1689206400 0 0 0 0
1689120000 0 0 0 0
1689033600 0 0 0 0
1688947200 0 0 0 0
1688860800 0 0 0 0
1688774400 0 0 0 0
1688688000 0 0 0 0
1688601600 0 0 0 0
1688515200 0 0 0 0
1688428800 0 0 0 0
1688342400 0 0 0 0
1688256000 0 0 0 0
1688169600 0 0 0 0
1688083200 0 0 0 0
1687996800 0 0 0 0
1687910400 0 0 0 0
1687824000 0 0 0 0
1687737600 0 0 0 0
1687651200 0 0 0 0
1687564800 0 0 0 0
1687478400 0 0 0 0
1687392000 0 0 0 0
1687305600 0 0 0 0
1687219200 0 0 0 0
1687132800 0 0 0 0
1687046400 0 0 0 0
1686960000 0 0 0 0
1686873600 0 0 0 0
1686787200 0 0 0 0
1686700800 0 0 0 0
1686614400 0 0 0 0
1686528000 0 0 0 0
1686441600 0 0 0 0
1686355200 0 0 0 0
1686268800 0 0 0 0
1686182400 0 0 0 0
1686096000 0 0 0 0
1686009600 0 0 0 0
1685923200 0 0 0 0
1685836800 0 0 0 0
1685750400 0 0 0 0
1685664000 0 0 0 0
1685577600 0 0 0 0
1685491200 0 0 0 0
1685404800 0 0 0 0
1685318400 0 0 0 0
1685232000 0 0 0 0
1685145600 0 0 0 0
1685059200 0 0 0 0
1684972800 0 0 0 0
1684886400 0 0 0 0
1684800000 0 0 0 0
1684713600 0 0 0 0
1684627200 0 0 0 0
1684540800 0 0 0 0
1684454400 0 0 0 0
1684368000 0 0 0 0
1684281600 0 0 0 0
1684195200 0 0 0 0
1684108800 0 0 0 0
1684022400 0 0 0 0
1683936000 0 0 0 0
1683849600 0 0 0 0
1683763200 0 0 0 0
1683676800 0 0 0 0
1683590400 0 0 0 0
1683504000 0 0 0 0
1683417600 0 0 0 0
1683331200 0 0 0 0
1683244800 0 0 0 0
1683158400 0 0 0 0
1683072000 0 0 0 0
1682985600 0 0 0 0
1682899200 0 0 0 0
1682812800 0 0 0 0
1682726400 0 0 0 0
1682640000 0 0 0 0
1682553600 0 0 0 0
1682467200 0 0 0 0
1682380800 0 0 0 0
1682294400 0 0 0 0
1682208000 0 0 0 0
1682121600 0 0 0 0
1682035200 0 0 0 0
1681948800 0 0 0 0
1681862400 0 0 0 0
1681776000 0 0 0 0
1681689600 0 0 0 0
1681603200 0 0 0 0
1681516800 0 0 0 0
1681430400 0 0 0 0
1681344000 0 0 0 0
1681257600 0 0 0 0
1681171200 0 0 0 0
1681084800 0 0 0 0
1680998400 0 0 0 0
1680912000 0 0 0 0
1680825600 0 0 0 0
1680739200 0 0 0 0
1680652800 0 0 0 0
1680566400 0 0 0 0
1680480000 0 0 0 0
1680393600 0 0 0 0
1680307200 0 0 0 0
1680220800 0 0 0 0
1680134400 0 0 0 0
1680048000 0 0 0 0
1679961600 0 0 0 0
1679875200 0 0 0 0
1679788800 0 0 0 0
1679702400 0 0 0 0
1679616000 0 0 0 0
1679529600 0 0 0 0
1679443200 0 0 0 0
1679356800 0 0 0 0
1679270400 0 0 0 0
1679184000 0 0 0 0
1679097600 0 0 0 0
1679011200 0 0 0 0
1678924800 0 0 0 0
1678838400 0 0 0 0
1678752000 0 0 0 0
1678665600 0 0 0 0
1678579200 0 0 0 0
1678492800 0 0 0 0
1678406400 0 0 0 0
1678320000 0 0 0 0
1678233600 0 0 0 0
1678147200 0 0 0 0
1678060800 0 0 0 0
1677974400 0 0 0 0
1677888000 0 0 0 0
1677801600 0 0 0 0
1677715200 0 0 0 0
1677628800 0 0 0 0
1677542400 0 0 0 0
1677456000 0 0 0 0
1677369600 0 0 0 0
1677283200 0 0 0 0
1677196800 0 0 0 0
1677110400 0 0 0 0
1677024000 0 0 0 0
1676937600 0 0 0 0
1676851200 0 0 0 0
1676764800 0 0 0 0
1676678400 0 0 0 0
1676592000 0 0 0 0
1676505600 0 0 0 0
1676419200 0 0 0 0
1676332800 0 0 0 0
1676246400 0 0 0 0
1676160000 0 0 0 0
1676073600 0 0 0 0
1675987200 0 0 0 0
1675900800 0 0 0 0
1675814400 0 0 0 0
1675728000 0 0 0 0
1675641600 0 0 0 0
1675555200 0 0 0 0
1675468800 0 0 0 0
1675382400 0 0 0 0
1675296000 0 0 0 0
1675209600 0 0 0 0
1675123200 0 0 0 0
1675036800 0 0 0 0
1674950400 0 0 0 0
1674864000 0 0 0 0
1674777600 0 0 0 0
1674691200 0 0 0 0
1674604800 0 0 0 0
1674518400 0 0 0 0
1674432000 0 0 0 0
1674345600 0 0 0 0
1674259200 0 0 0 0
1674172800 0 0 0 0
1674086400 0 0 0 0
1674000000 0 0 0 0
1673913600 0 0 0 0
1673827200 0 0 0 0
1673740800 0 0 0 0
1673654400 0 0 0 0
1673568000 0 0 0 0
1673481600 0 0 0 0
1673395200 0 0 0 0
1673308800 0 0 0 0
1673222400 0 0 0 0
1673136000 0 0 0 0
1673049600 0 0 0 0
1672963200 0 0 0 0
1672876800 0 0 0 0
1672790400 0 0 0 0
1672704000 0 0 0 0
1672617600 0 0 0 0
1672531200 0 0 0 0
1672444800 0 0 0 0
1672358400 0 0 0 0
1672272000 0 0 0 0
1672185600 0 0 0 0
1672099200 0 0 0 0
1672012800 0 0 0 0
1671926400 0 0 0 0
1671840000 0 0 0 0
1671753600 0 0 0 0
1671667200 0 0 0 0
1671580800 0 0 0 0
1671494400 0 0 0 0
1671408000 0 0 0 0
1671321600 0 0 0 0
1671235200 0 0 0 0
1671148800 0 0 0 0
1671062400 0 0 0 0
1670976000 0 0 0 0
1670889600 0 0 0 0
1670803200 0 0 0 0
1670716800 0 0 0 0
1670630400 0 0 0 0
1670544000 0 0 0 0
1670457600 0 0 0 0
1670371200 0 0 0 0
1670284800 0 0 0 0
1670198400 0 0 0 0
1670112000 0 0 0 0
1670025600 0 0 0 0
1669939200 0 0 0 0
1669852800 0 0 0 0
1669766400 0 0 0 0
1669680000 0 0 0 0
1669593600 0 0 0 0
1669507200 0 0 0 0
1669420800 0 0 0 0
1669334400 0 0 0 0
1669248000 0 0 0 0
1669161600 0 0 0 0
1669075200 0 0 0 0
1668988800 0 0 0 0
1668902400 0 0 0 0
1668816000 0 0 0 0
1668729600 0 0 0 0
1668643200 0 0 0 0
1668556800 0 0 0 0
1668470400 0 0 0 0
1668384000 0 0 0 0
1668297600 0 0 0 0
1668211200 0 0 0 0
1668124800 0 0 0 0
1668038400 0 0 0 0
1667952000 0 0 0 0
1667865600 0 0 0 0
1667779200 0 0 0 0
1667692800 0 0 0 0
1667606400 0 0 0 0
1667520000 0 0 0 0
1667433600 0 0 0 0
1667347200 0 0 0 0
1667260800 0 0 0 0
1667174400 0 0 0 0
1667088000 0 0 0 0
1667001600 0 0 0 0
1666915200 0 0 0 0
1666828800 0 0 0 0
1666742400 0 0 0 0
1666656000 0 0 0 0
1666569600 0 0 0 0
1666483200 0 0 0 0
1666396800 0 0 0 0
1666310400 0 0 0 0
1666224000 0 0 0 0
1666137600 0 0 0 0
1666051200 0 0 0 0
1665964800 0 0 0 0
1665878400 0 0 0 0
1665792000 0 0 0 0
1665705600 0 0 0 0
1665619200 0 0 0 0
1665532800 0 0 0 0
1665446400 0 0 0 0
1665360000 0 0 0 0
1665273600 0 0 0 0
1665187200 0 0 0 0
1665100800 0 0 0 0
1665014400 0 0 0 0
1664928000 0 0 0 0
1664841600 0 0 0 0
1664755200 0 0 0 0
1664668800 0 0 0 0
1664582400 0 0 0 0
1664496000 0 0 0 0
1664409600 0 0 0 0
1664323200 0 0 0 0
1664236800 0 0 0 0
1664150400 0 0 0 0
1664064000 0 0 0 0
1663977600 0 0 0 0
1663891200 0 0 0 0
1663804800 0 0 0 0
1663718400 0 0 0 0
1663632000 0 0 0 0
1663545600 0 0 0 0
1663459200 0 0 0 0
1663372800 0 0 0 0
1663286400 0 0 0 0
1663200000 0 0 0 0
1663113600 0 0 0 0
1663027200 0 0 0 0
1662940800 0 0 0 0
1662854400 0 0 0 0
1662768000 0 0 0 0
1662681600 0 0 0 0
1662595200 0 0 0 0
1662508800 0 0 0 0
1662422400 0 0 0 0
1662336000 0 0 0 0
1662249600 0 0 0 0
1662163200 0 0 0 0
1662076800 0 0 0 0
1661990400 0 0 0 0
1661904000 0 0 0 0
1661817600 0 0 0 0
1661731200 0 0 0 0
1661644800 0 0 0 0
1661558400 0 0 0 0
1661472000 0 0 0 0
1661385600 0 0 0 0
1661299200 0 0 0 0
1661212800 0 0 0 0
1661126400 0 0 0 0
1661040000 0 0 0 0
1660953600 0 0 0 0
1660867200 0 0 0 0
1660780800 0 0 0 0
1660694400 0 0 0 0
1660608000 0 0 0 0
1660521600 0 0 0 0
1660435200 0 0 0 0
1660348800 0 0 0 0
1660262400 0 0 0 0
1660176000 0 0 0 0
1660089600 0 0 0 0
1660003200 0 0 0 0
1659916800 0 0 0 0
1659830400 0 0 0 0
1659744000 0 0 0 0
1659657600 0 0 0 0
1659571200 0 0 0 0
1659484800 0 0 0 0
1659398400 0 0 0 0
1659312000 0 0 0 0
1659225600 0 0 0 0
1659139200 0 0 0 0
1659052800 0 0 0 0
1658966400 0 0 0 0
1658880000 0 0 0 0
1658793600 0 0 0 0
1658707200 0 0 0 0
1658620800 0 0 0 0
1658534400 0 0 0 0
1658448000 0 0 0 0
1658361600 0 0 0 0
1658275200 0 0 0 0
1658188800 0 0 0 0
1658102400 0 0 0 0
1658016000 0 0 0 0
1657929600 0 0 0 0
1657843200 0 0 0 0
1657756800 0 0 0 0
1657670400 0 0 0 0
1657584000 0 0 0 0
1657497600 0 0 0 0
1657411200 0 0 0 0
1657324800 0 0 0 0
1657238400 0 0 0 0
1657152000 0 0 0 0
1657065600 0 0 0 0
1656979200 0 0 0 0
1656892800 0 0 0 0
1656806400 0 0 0 0
1656720000 0 0 0 0
1656633600 0 0 0 0
1656547200 0 0 0 0
1656460800 0 0 0 0
1656374400 0 0 0 0
1656288000 0 0 0 0
1656201600 0 0 0 0
1656115200 0 0 0 0
1656028800 0 0 0 0
1655942400 0 0 0 0
1655856000 0 0 0 0
1655769600 0 0 0 0
1655683200 0 0 0 0
1655596800 0 0 0 0
1655510400 0 0 0 0
1655424000 0 0 0 0
1655337600 0 0 0 0
1655251200 0 0 0 0
1655164800 0 0 0 0
1655078400 0 0 0 0
1654992000 0 0 0 0
1654905600 0 0 0 0
1654819200 0 0 0 0
1654732800 0 0 0 0
1654646400 0 0 0 0
1654560000 0 0 0 0
1654473600 0 0 0 0
1654387200 0 0 0 0
1654300800 0 0 0 0
1654214400 0 0 0 0
1654128000 0 0 0 0
1654041600 0 0 0 0
1653955200 0 0 0 0
1653868800 0 0 0 0
1653782400 0 0 0 0
1653696000 0 0 0 0
1653609600 0 0 0 0
1653523200 0 0 0 0
1653436800 0 0 0 0
1653350400 0 0 0 0
1653264000 0 0 0 0
1653177600 0 0 0 0
1653091200 0 0 0 0
1653004800 0 0 0 0
1652918400 0 0 0 0
1652832000 0 0 0 0
1652745600 0 0 0 0
1652659200 0 0 0 0
1652572800 0 0 0 0
1652486400 0 0 0 0
1652400000 0 0 0 0
1652313600 0 0 0 0
1652227200 0 0 0 0
1652140800 0 0 0 0
1652054400 0 0 0 0
1651968000 0 0 0 0
1651881600 0 0 0 0
1651795200 0 0 0 0
1651708800 0 0 0 0
1651622400 0 0 0 0
1651536000 0 0 0 0
1651449600 0 0 0 0
1651363200 0 0 0 0
1651276800 0 0 0 0
1651190400 0 0 0 0
1651104000 0 0 0 0
1651017600 0 0 0 0
1650931200 0 0 0 0
1650844800 0 0 0 0
1650758400 0 0 0 0
1650672000 0 0 0 0
1650585600 0 0 0 0
1650499200 0 0 0 0
1650412800 0 0 0 0
1650326400 0 0 0 0
1650240000 0 0 0 0
1650153600 0 0 0 0
1650067200 0 0 0 0
1649980800 0 0 0 0
1649894400 0 0 0 0
1649808000 0 0 0 0
1649721600 0 0 0 0
1649635200 0 0 0 0
1649548800 0 0 0 0
1649462400 0 0 0 0
1649376000 0 0 0 0
1649289600 0 0 0 0
1649203200 0 0 0 0
1649116800 0 0 0 0
1649030400 0 0 0 0
1648944000 0 0 0 0
1648857600 0 0 0 0
1648771200 0 0 0 0
1648684800 0 0 0 0
1648598400 0 0 0 0
1648512000 0 0 0 0
1648425600 0 0 0 0
1648339200 0 0 0 0
1648252800 0 0 0 0
1648166400 0 0 0 0
1648080000 0 0 0 0
1647993600 0 0 0 0
1647907200 0 0 0 0
1647820800 0 0 0 0
