11 31 20 5
11 28 23 5
11 26 23 5
11 23 24 5
11 23 24 5
12 32 23 5
12 28 23 5
12 36 23 5
12 40 23 5
12 30 23 5
12 28 23 5
13 48 23 5
13 40 23 5
13 28 23 5
13 32 23 5
13 25 23 5
13 24 23 5
14 26 24 5
14 15 24 5
14 28 24 5
14 23 24 5
14 24 24 5
15 21 24 5
15 24 24 5
15 31 24 5
15 23 24 5
15 33 24 5
16 36 24 5
16 37 24 5
16 28 24 5
16 35 24 5
16 35 24 5
16 25 24 5
17 28 24 5
17 32 24 5
17 25 24 5
17 21 24 5
17 23 24 5
17 26 25 5
19 17 25 5
19 21 24 5
20 36 25 5
20 35 24 5
20 30 25 5
20 24 25 5
20 24 25 5
07 22 19 5
07 31 19 5
08 40 19 5
08 27 19 5
08 26 19 5
08 32 20 5
10 16 23 5
10 28 23 5
10 28 23 5
10 27 23 5
10 28 23 5
11 28 23 5
11 30 23 5
11 28 23 5
11 35 23 5
11 21 23 5
11 30 23 5
12 28 23 5
12 23 23 5
12 28 24 5
12 31 24 5
12 28 24 5
12 31 24 5
13 32 24 5
13 26 24 5
13 21 24 5
13 21 24 5
13 22 24 5
14 40 24 5
14 30 24 5
14 36 24 5
14 43 24 5
14 31 24 5
14 31 24 5
15 40 24 5
15 38 24 5
15 33 24 5
15 28 24 5
15 32 24 5
17 8 24 5
17 26 25 5
17 27 25 5
17 25 25 5
17 32 25 5
17 32 25 5
18 25 25 5
18 24 25 5
21 10 26 5
