11 58 35 40
12 58 35 40
12 57 36 40
12 14 35 40
12 10 36 40
12 3 42 40
12 1 39 40
15 8 31 40
15 8 31 40
16 1 31 40
16 1 31 40
16 1 31 40
16 1 31 40
16 1 31 40
16 1 31 40
16 1 31 40
16 1 31 40
16 1 31 40
16 1 31 40
16 1 31 40
16 1 31 40
16 1 31 40
16 10 31 40
16 5 32 40
16 5 34 40
16 7 29 40
17 8 33 40
17 46 29 40
17 83 24 40
17 0 21 40
17 0 20 40
17 0 20 40
18 0 20 40
18 0 21 40
18 0 21 40
18 0 21 40
18 0 21 40
18 0 21 40
19 0 21 40
19 3 21 40
19 0 21 40
19 0 21 40
19 0 21 40
19 1 22 40
20 10 23 40
20 0 23 40
20 0 23 40
20 1 23 40
20 0 23 40
20 0 23 40
21 10 23 40
21 0 23 40
21 0 24 40
21 0 24 40
21 0 24 40
21 0 24 40
22 0 24 40
22 0 24 40
22 0 24 40
22 0 24 40
22 0 24 40
22 0 24 40
23 0 24 40
23 0 24 40
23 0 24 40
23 0 24 40
23 0 24 40
23 0 24 40
00 0 24 40
00 0 24 40
00 0 24 40
00 0 24 40
00 0 24 40
00 0 24 40
01 0 24 40
01 2 25 40
01 1 26 41
01 0 25 41
01 0 25 41
01 0 26 41
02 0 25 41
02 0 25 41
02 1 25 41
02 0 25 41
02 0 25 41
02 0 25 41
03 5 26 41
03 0 25 41
03 1 25 41
03 0 25 41
03 0 26 41
03 0 25 41
04 0 25 41
04 0 26 41
04 1 25 41
04 0 26 41
04 0 26 41
04 0 26 41
05 0 26 41
05 1 26 41
05 0 26 41
05 0 26 41
05 0 26 41
05 0 26 41
06 0 26 41
06 0 26 41
06 1 26 41
06 0 26 41
06 18 26 41
06 12 27 41
07 11 26 41
07 4 27 41
07 2 26 41
07 58 27 41
07 0 27 41
07 0 27 41
08 0 27 41
08 0 27 41
08 0 27 41
08 0 27 41
08 12 28 41
08 9 28 41
09 12 29 41
09 11 31 41
09 9 31 41
09 10 31 41
09 11 30 41
09 11 30 41
10 30 30 41
10 14 30 41
10 10 30 41
10 11 31 41
10 1 30 41
10 1 31 41
11 1 32 41
11 4 37 41
11 5 36 41
11 2 36 41
11 1 35 41
11 1 35 41
12 4 35 41
12 6 35 41
12 6 36 41
12 4 35 41
12 1 36 41
12 2 34 41
13 1 34 41
13 2 34 41
13 4 35 41
13 0 33 41
13 1 34 41
13 0 33 41
14 2 32 41
14 1 34 41
14 8 35 41
14 17 35 41
14 0 31 41
14 0 31 41
15 0 30 41
15 0 30 41
15 7 33 41
15 12 33 40
15 11 33 40
15 1 32 40
16 1 31 40
16 9 34 40
16 1 34 40
16 0 33 40
16 0 33 40
16 1 34 40
17 1 33 40
17 1 34 40
17 0 33 40
17 4 33 40
17 0 33 40
17 0 33 40
18 2 33 40
18 0 33 40
18 0 33 40
18 0 33 40
18 1 33 40
18 1 33 40
19 1 33 40
19 1 33 40
19 0 33 40
19 1 33 40
19 0 33 40
19 1 33 40
20 0 33 40
20 1 33 40
20 12 34 40
20 9 34 40
20 0 31 40
20 0 31 40
21 4 31 40
21 1 31 40
21 1 31 41
21 0 30 41
21 0 30 41
21 0 30 41
22 0 30 41
22 0 30 41
22 0 30 41
22 0 30 41
22 0 30 41
22 1 30 41
23 1 30 41
23 1 30 41
23 0 30 41
23 0 30 41
23 0 30 41
23 0 30 41
00 0 30 41
00 0 30 41
00 0 30 41
00 0 30 41
00 0 30 41
00 0 30 41
01 0 30 41
01 0 30 41
01 0 30 41
01 0 30 41
01 0 30 41
01 0 30 41
02 1 30 41
02 0 30 41
02 0 30 41
02 0 30 41
02 0 30 41
02 0 30 41
03 10 31 41
03 0 30 41
03 0 30 41
03 0 30 41
03 0 30 41
03 1 30 41
04 0 30 41
04 0 30 41
04 1 30 40
04 0 30 40
04 0 30 40
04 0 30 40
05 0 30 40
05 0 30 40
05 0 30 40
05 0 30 40
05 0 30 40
05 1 30 40
06 0 30 40
06 0 30 40
06 20 32 41
06 0 30 41
06 1 30 41
06 0 30 41
07 7 31 41
07 3 33 41
07 4 33 41
07 6 33 41
07 5 33 41
07 7 33 41
08 1 33 41
08 1 33 41
08 1 32 41
08 4 32 41
08 10 33 41
08 26 33 41
09 15 33 41
09 12 33 41
09 10 33 41
09 9 33 41
09 6 33 41
09 9 33 41
10 10 33 41
10 6 33 41
10 2 33 41
10 3 33 41
10 2 33 41
10 1 33 41
11 0 33 41
11 0 33 41
11 1 33 41
11 0 33 41
11 1 33 41
11 0 33 41
12 0 33 41
12 0 33 41
12 1 33 41
12 0 33 41
12 1 33 41
12 2 32 41
13 1 32 41
13 1 32 41
13 0 32 41
13 8 32 41
13 1 32 41
13 8 31 41
14 9 32 41
14 9 35 41
14 8 35 41
14 9 32 41
14 11 32 41
15 10 32 41
15 2 31 41
15 1 31 41
15 6 31 41
15 2 31 41
15 0 30 41
16 0 30 41
16 0 30 41
16 2 30 41
16 12 31 41
16 1 31 41
16 0 31 41
17 10 31 41
17 9 31 41
17 10 31 41
17 9 31 41
17 11 31 41
17 10 31 41
18 12 31 41
18 9 31 41
18 9 31 41
18 9 31 41
18 15 31 41
18 13 31 41
19 10 31 41
19 9 31 41
19 0 31 41
19 0 31 41
19 0 31 41
19 0 31 41
20 0 31 41
20 10 32 41
20 8 32 41
20 11 33 41
20 0 33 41
21 0 33 41
21 1 33 41
21 0 33 41
21 1 33 41
21 0 34 41
21 0 31 41
22 0 31 41
22 0 30 41
22 1 30 41
22 0 30 41
22 0 30 41
22 1 30 41
23 0 30 41
23 0 30 41
23 0 30 41
23 1 30 41
23 0 30 41
23 0 30 41
00 1 30 41
00 0 30 41
00 0 31 41
00 0 30 41
00 0 30 41
00 0 30 41
01 0 30 41
01 0 30 41
01 0 30 41
01 1 30 41
01 0 30 41
01 0 30 41
02 0 30 41
02 0 30 41
02 0 30 41
02 0 30 41
02 0 30 41
02 1 31 41
03 0 31 41
03 0 30 41
03 1 30 41
03 1 31 41
03 0 30 41
04 0 30 41
04 0 30 41
04 0 30 41
04 0 30 41
04 0 30 41
04 0 30 41
05 0 30 41
05 0 30 41
05 1 30 41
05 0 30 41
05 1 30 41
05 0 30 41
06 0 30 41
06 0 30 41
06 0 30 41
06 0 30 41
06 8 33 41
06 9 32 41
06 12 31 41
07 16 31 41
07 15 31 41
07 13 31 41
07 14 32 41
07 5 32 41
07 12 32 41
08 0 32 41
08 10 36 41
08 11 35 41
08 2 37 41
08 2 37 41
10 13 34 40
11 8 31 40
11 2 33 40
11 18 38 40
11 4 36 40
11 6 38 40
12 1 34 40
12 0 33 40
12 0 33 40
12 0 33 40
12 2 34 40
12 5 34 40
13 1 35 40
13 1 32 40
13 0 33 40
13 0 32 40
13 0 31 40
13 0 31 40
14 0 31 40
14 6 33 40
14 12 32 40
14 5 33 40
14 3 35 40
15 1 33 40
15 1 32 40
15 0 32 40
15 1 32 40
15 1 33 40
16 6 34 40
16 4 34 40
16 0 33 40
16 5 32 40
16 8 38 40
16 5 36 40
17 14 35 40
17 2 33 40
17 1 32 40
17 0 32 40
17 0 32 40
17 1 32 40
19 1 36 40
19 1 36 40
20 3 36 40
20 1 34 40
20 0 34 40
20 1 34 40
20 0 34 40
07 5 31 41
07 11 33 41
08 1 32 41
08 0 32 41
08 0 32 41
08 0 32 41
10 1 33 41
10 7 35 41
10 10 35 41
10 10 34 41
10 13 34 41
11 13 34 41
11 7 34 41
11 10 37 41
11 12 36 41
11 8 36 41
11 14 36 41
12 7 36 41
12 10 36 41
12 7 36 41
12 5 37 41
12 9 37 41
12 1 36 41
13 11 36 41
13 9 36 41
13 19 42 41
13 6 41 41
13 0 36 41
14 1 37 41
14 31 37 41
14 0 37 41
14 9 37 41
14 10 37 41
14 2 37 41
15 13 37 41
15 9 37 41
15 18 37 41
15 75 36 41
15 1 37 41
17 5 35 41
17 0 35 41
17 10 38 41
17 0 38 41
17 0 37 41
17 0 37 41
18 0 37 41
18 0 37 41
21 10 33 41
