23 0 0 0
23 0 0 0
23 0 0 0
23 0 0 0
23 0 0 0
23 0 0 0
00 0 0 0
00 0 0 0
00 0 0 0
00 0 0 0
00 0 0 0
00 0 0 0
01 0 0 0
01 0 0 0
01 0 0 0
01 0 0 0
01 0 0 0
01 0 0 0
02 0 0 0
02 0 0 0
02 0 0 0
02 0 0 0
02 0 0 0
02 0 0 0
03 0 0 0
03 0 0 0
03 0 0 0
03 0 0 0
03 0 0 0
03 0 0 0
04 0 0 0
04 0 0 0
04 0 0 0
04 0 0 0
04 0 0 0
04 0 0 0
05 0 0 0
05 0 0 0
05 0 0 0
05 0 0 0
05 0 0 0
05 0 0 0
06 0 0 0
06 0 0 0
06 0 0 0
06 0 0 0
06 0 0 0
06 0 0 0
06 0 0 0
06 0 0 0
06 0 0 0
06 0 0 0
06 0 0 0
06 0 0 0
06 0 0 0
06 0 0 0
06 0 0 0
06 0 0 0
06 0 0 0
06 0 0 0
06 0 0 0
06 0 0 0
06 0 0 0
06 0 0 0
06 0 0 0
06 0 0 0
06 0 0 0
06 0 0 0
06 0 0 0
06 0 0 0
06 0 0 0
06 0 0 0
06 0 0 0
06 0 0 0
06 0 0 0
06 0 0 0
06 0 0 0
07 0 0 0
07 0 0 0
07 0 0 0
07 0 0 0
07 0 0 0
07 0 0 0
07 0 0 0
07 0 0 0
07 0 0 0
07 21 49 53
07 21 49 53
07 21 49 53
07 21 49 53
07 21 49 53
07 21 49 53
07 21 49 53
07 21 49 53
07 21 49 53
07 21 49 53
07 0 50 53
07 0 50 53
07 0 50 53
07 0 50 53
07 0 50 53
07 0 50 53
07 0 50 53
07 0 50 53
07 0 50 53
07 0 50 53
07 0 50 53
07 0 50 53
07 0 50 53
07 0 50 53
07 0 50 53
07 0 50 53
07 0 50 53
07 0 50 53
07 0 50 53
07 0 50 53
07 0 50 53
07 0 50 53
07 0 50 53
07 0 50 53
07 0 50 53
07 0 50 53
07 0 50 53
07 0 50 53
07 0 50 53
07 0 50 53
07 0 50 53
07 0 50 53
07 0 50 53
07 0 50 53
07 0 50 53
07 0 50 53
07 0 50 53
07 0 50 53
07 0 50 53
08 0 50 53
08 0 50 53
08 0 50 53
08 0 50 53
08 0 50 53
08 0 50 53
08 0 50 53
08 0 50 53
08 0 50 53
08 0 50 53
08 0 50 53
08 0 50 53
08 0 50 53
08 0 50 53
08 0 50 53
08 0 50 53
08 0 50 53
08 0 50 53
08 0 50 53
08 0 60 53
08 0 60 53
08 0 60 53
08 0 60 53
08 0 60 53
08 0 60 53
08 0 60 53
08 0 60 53
08 0 60 53
08 0 60 53
08 0 60 53
08 0 60 53
08 0 60 53
08 0 60 53
08 0 60 53
08 0 60 53
08 0 60 53
08 0 60 53
08 0 60 53
08 0 60 53
08 0 60 53
08 0 60 53
08 0 60 53
08 0 60 53
08 0 60 53
08 0 60 53
08 0 60 53
08 0 60 53
08 0 60 53
08 0 60 53
08 0 60 53
08 0 60 53
08 0 60 53
08 0 60 53
08 0 60 53
08 0 60 53
08 0 60 53
08 0 60 53
08 0 60 53
09 0 60 53
09 0 60 53
09 0 60 53
09 0 60 53
09 0 60 53
09 0 60 53
09 0 60 53
09 0 60 53
09 0 60 53
09 0 60 53
09 0 60 53
09 0 60 53
09 0 60 53
09 0 60 53
09 0 60 53
09 0 60 53
09 0 60 53
09 0 60 53
09 0 60 53
09 0 60 53
09 0 60 53
09 0 60 53
09 0 60 53
09 0 60 53
09 5 60 53
09 32 60 53
10 0 60 53
10 0 60 53
10 0 60 53
10 0 60 53
10 0 60 53
10 0 60 53
11 0 60 53
11 0 60 53
11 0 60 53
11 8 61 53
11 10 61 53
11 95 61 53
12 92 61 53
12 100 61 53
12 0 61 53
12 2 61 53
12 0 61 53
12 8 61 53
13 4 61 53
13 0 61 53
13 0 61 53
13 0 61 53
13 0 61 53
13 0 61 53
14 0 61 53
14 0 61 53
14 0 61 53
14 0 61 53
14 0 61 53
14 0 61 53
14 0 61 53
14 0 61 53
15 0 61 53
15 0 61 53
15 0 61 53
15 0 61 53
15 0 61 53
15 0 61 53
15 1 61 53
16 0 61 53
16 56 61 53
16 0 61 53
16 0 61 53
16 0 61 53
16 0 61 53
17 0 61 53
17 0 61 53
17 0 61 53
17 0 61 53
17 0 61 53
17 0 61 53
18 1 61 53
18 0 61 53
18 0 61 53
18 0 61 53
18 0 61 53
18 0 61 53
19 0 61 53
19 0 61 53
19 0 61 53
19 0 61 53
19 0 61 53
19 0 61 53
20 0 61 53
20 0 61 53
20 0 61 53
20 0 61 53
20 0 61 53
20 0 61 53
21 0 61 53
21 6 61 53
21 0 61 53
21 1 61 53
21 0 61 53
21 7 61 53
22 0 61 53
22 0 61 53
22 0 61 53
22 0 61 53
22 3 61 53
22 2 61 53
23 0 61 53
23 22 61 53
23 0 61 53
23 0 61 53
23 0 61 53
23 0 61 53
00 3 62 53
00 3 62 53
00 0 62 53
00 0 62 53
00 0 62 53
00 0 62 53
01 0 62 53
01 0 62 53
01 0 62 53
01 0 62 53
01 0 62 53
01 0 62 53
02 0 62 53
02 0 62 53
02 0 62 53
02 0 62 53
02 0 62 53
02 0 62 53
03 0 62 53
03 0 62 53
03 0 62 53
03 0 62 53
03 0 62 53
03 0 62 53
04 0 62 53
04 0 62 53
04 0 62 53
04 0 62 53
04 0 62 53
04 0 62 53
05 0 62 53
05 0 62 53
05 1 62 53
05 0 62 53
05 24 62 53
05 0 62 53
06 0 62 53
06 0 62 53
06 0 62 53
06 2 62 53
06 1 62 53
06 3 62 53
07 1 62 53
07 5 62 53
07 5 62 53
07 37 62 53
07 16 62 53
07 9 62 53
08 5 62 53
08 5 62 53
08 5 62 53
08 5 62 53
08 5 62 53
08 5 63 53
09 5 63 53
09 5 63 53
09 5 63 53
09 5 63 53
09 5 63 53
09 5 63 53
10 5 63 53
10 5 63 53
10 5 63 53
10 5 63 53
10 5 63 53
10 12 70 53
11 9 75 53
11 5 75 53
11 5 75 53
11 8 75 53
11 5 75 53
11 5 75 53
12 5 75 53
12 5 75 53
12 5 75 53
12 5 75 53
12 9 75 53
12 5 78 53
13 5 75 53
13 5 75 53
13 22 76 53
13 8 76 53
13 5 76 53
13 5 76 53
14 5 76 53
14 5 76 53
14 5 76 53
14 5 76 53
14 5 76 53
14 5 76 53
15 5 76 53
15 5 76 53
15 5 77 53
15 5 77 53
15 5 77 53
15 5 77 53
16 5 76 53
16 5 76 53
16 5 76 53
16 5 76 53
16 5 76 53
16 5 76 53
17 5 76 53
17 5 76 53
17 5 76 53
17 5 76 53
17 5 76 53
17 5 76 53
18 5 76 53
18 5 76 53
18 5 76 53
18 5 76 53
18 5 76 53
18 5 76 53
19 5 76 53
19 5 76 53
19 5 76 53
19 5 76 53
19 5 76 53
19 5 76 53
20 5 76 53
20 5 76 53
20 6 76 53
20 16 77 53
20 5 76 53
20 5 76 53
21 5 76 53
21 5 76 53
21 5 76 53
21 5 76 53
21 5 76 53
21 5 76 53
22 5 76 53
22 5 76 53
22 5 76 53
22 5 76 53
22 5 76 53
22 5 76 53
23 5 76 53
23 5 76 53
23 5 76 53
23 5 76 53
23 5 76 53
23 5 76 53
00 5 77 53
00 5 76 53
00 5 76 53
00 5 76 53
00 5 76 53
00 5 76 53
01 5 76 53
01 5 76 53
01 5 76 53
01 5 76 53
01 5 76 53
01 5 76 53
02 5 76 53
02 5 76 53
02 5 76 53
02 5 76 53
02 5 76 53
02 5 76 53
03 5 76 53
03 5 76 53
03 5 76 53
03 5 76 53
03 5 76 53
03 5 76 53
04 5 76 53
04 5 76 53
04 5 76 53
04 5 76 53
04 5 76 53
04 5 76 53
05 5 76 53
05 5 76 53
05 5 76 53
05 5 76 53
05 5 76 53
05 5 76 53
06 5 76 53
06 5 76 53
06 5 76 53
06 5 76 53
06 5 76 53
06 5 76 53
07 5 76 53
07 5 76 53
07 5 76 53
07 5 76 53
07 5 76 53
07 5 76 53
08 5 76 53
08 5 76 53
08 5 76 53
08 5 76 53
08 5 76 53
08 5 76 53
09 5 76 53
09 5 76 53
09 5 76 53
09 5 76 53
09 5 76 53
09 5 76 53
10 5 76 53
10 5 76 53
10 5 76 53
10 5 76 53
10 14 76 53
10 5 76 53
11 5 76 53
11 5 76 53
11 5 76 53
11 5 76 53
11 5 76 53
11 5 76 53
12 5 76 53
12 5 76 53
12 5 76 53
12 5 76 53
12 5 76 53
12 5 76 53
13 5 76 53
13 5 76 53
14 5 76 53
14 5 76 53
14 5 76 53
14 5 76 53
14 5 76 53
15 5 76 53
15 5 76 53
15 5 76 53
15 5 76 53
15 5 76 53
15 5 76 53
16 5 76 53
16 5 76 53
16 8 76 53
16 5 76 53
16 5 76 53
16 5 76 53
17 5 76 53
17 5 76 53
17 5 76 53
17 5 76 53
17 5 76 53
17 5 76 53
18 5 76 53
18 5 76 53
18 5 76 53
18 5 76 53
18 5 76 53
18 5 76 53
19 5 76 53
19 5 76 53
19 5 76 53
19 5 76 53
19 5 76 53
19 5 76 53
20 5 76 53
20 5 76 53
20 5 76 53
20 5 76 53
20 5 76 53
21 5 76 53
21 5 76 53
21 5 76 53
21 5 76 53
21 5 76 53
21 5 76 53
22 5 76 53
22 5 76 53
22 5 76 53
22 5 76 53
22 5 76 53
22 5 76 53
23 5 76 53
23 5 76 53
23 5 76 53
23 5 76 53
23 5 76 53
23 5 76 53
00 5 77 53
00 5 76 53
00 5 76 53
00 5 76 53
00 5 76 53
00 5 76 53
01 5 76 53
01 5 76 53
01 5 76 53
01 5 76 53
01 5 76 53
01 5 76 53
02 5 76 53
02 5 76 53
02 5 76 53
02 5 76 53
02 5 76 53
02 5 76 53
03 5 76 53
03 5 76 53
03 5 76 53
03 5 76 53
03 6 76 53
04 5 76 53
04 5 76 53
04 5 76 53
04 5 76 53
04 5 76 53
04 5 76 53
05 5 76 53
05 5 76 53
05 5 76 53
05 5 76 53
05 5 76 53
05 5 76 53
06 5 76 53
06 5 76 53
06 5 76 53
06 5 76 53
06 5 76 53
06 5 49 53
06 5 49 53
07 5 49 53
07 5 49 53
07 5 49 53
07 12 59 53
07 5 59 53
07 5 59 53
08 5 59 53
08 5 60 53
08 5 59 53
08 5 59 53
08 5 59 53
10 5 59 53
11 5 59 53
11 5 60 53
11 5 60 53
11 5 60 53
11 5 60 53
12 5 60 53
12 5 60 53
12 5 60 53
12 5 60 53
12 5 60 53
12 5 60 53
13 5 60 53
13 5 60 53
13 5 60 53
13 5 60 53
13 5 60 53
13 5 60 53
14 5 60 53
14 5 60 53
14 5 60 53
14 5 60 53
14 5 60 53
15 5 60 53
15 5 60 53
15 5 60 53
15 5 60 53
15 5 60 53
16 8 60 53
16 5 60 53
16 5 60 53
16 5 60 53
16 5 60 53
16 5 60 53
17 5 60 53
17 5 60 53
17 5 60 53
17 5 60 53
17 5 60 53
17 5 60 53
19 5 60 53
19 5 60 53
20 5 60 53
20 5 60 53
20 5 60 53
20 5 60 53
20 5 60 53
07 5 60 53
07 5 60 53
08 5 60 53
08 5 60 53
08 5 60 53
08 5 60 53
10 5 60 53
10 5 60 53
10 5 60 53
10 5 60 53
10 5 60 53
11 5 60 53
11 5 60 53
11 5 60 53
11 5 60 53
11 5 60 53
11 5 60 53
12 5 60 53
12 5 60 53
12 5 60 53
12 5 60 53
12 5 60 53
12 5 60 53
13 5 60 53
13 5 60 53
13 5 60 53
13 5 60 53
13 5 60 53
14 9 61 53
14 5 67 53
14 5 68 53
14 5 68 53
14 5 68 53
14 5 68 53
15 5 68 53
15 5 68 53
15 5 68 53
15 5 68 53
15 5 68 53
17 5 68 53
17 5 68 53
17 5 68 53
17 5 68 53
17 5 68 53
17 5 68 53
18 5 68 53
18 5 68 53
21 5 68 53
