1707714008 41 100
1707714008 41 100 41 100
1707713408 41 100 41 100
1707713400 41 100 41 100
1707713100 41 100 41 100
1707712800 41 100 41 100
1707712500 41 100 41 100
1707712200 41 100 41 100
1707711900 41 100 41 100
1707711600 41 100 41 100
1707711300 41 100 41 100
1707711000 41 100 41 100
1707710700 41 100 41 100
1707710400 41 100 41 100
1707710100 41 100 41 100
1707709800 41 100 41 100
1707709500 41 100 41 100
1707709200 41 100 41 100
1707708900 41 100 41 100
1707708600 41 100 41 100
1707708300 41 100 41 100
1707708000 41 100 41 100
1707707700 41 100 41 100
1707707400 41 100 41 100
1707707100 41 100 41 100
1707706800 41 100 41 100
1707706500 41 100 41 100
1707706200 41 100 41 100
1707705900 41 100 41 100
1707705600 41 100 41 100
1707705300 41 100 41 100
1707705000 41 100 41 100
1707704700 41 100 41 100
1707704400 41 100 41 100
1707704100 41 100 41 100
1707703800 41 100 41 100
1707703500 41 100 41 100
1707703200 41 100 41 100
1707702900 41 100 41 100
1707702600 41 100 41 100
1707702300 41 100 41 100
1707702000 41 100 41 100
1707701700 41 100 41 100
1707701400 41 100 41 100
1707701100 41 100 41 100
1707700800 41 100 41 100
1707700500 41 100 41 100
1707700200 41 100 41 100
1707699900 41 100 41 100
1707699600 41 100 41 100
1707699300 41 100 41 100
1707699000 41 100 41 100
1707698700 41 100 41 100
1707698400 41 100 41 100
1707698100 41 100 41 100
1707697800 41 100 41 100
1707697500 41 100 41 100
1707697200 41 100 41 100
1707696900 41 100 41 100
1707696600 41 100 41 100
1707696300 41 100 41 100
1707696000 41 100 41 100
1707695700 41 100 41 100
1707695400 41 100 41 100
1707695100 41 100 41 100
1707694800 41 100 41 100
1707694500 41 100 41 100
1707694200 41 100 41 100
1707693900 41 100 41 100
1707693600 41 100 41 100
1707693300 41 100 41 100
1707693000 41 100 41 100
1707692700 41 100 41 100
1707692400 41 100 41 100
1707692100 41 100 41 100
1707691800 41 100 41 100
1707691500 41 100 41 100
1707691200 41 100 41 100
1707690900 41 100 41 100
1707690600 41 100 41 100
1707690300 41 100 41 100
1707690000 41 100 41 100
1707689700 41 100 41 100
1707689400 41 100 41 100
1707689100 41 100 41 100
1707688800 41 100 41 100
1707688500 41 100 41 100
1707688200 41 100 41 100
1707687900 41 100 41 100
1707687600 41 100 41 100
1707687300 41 100 41 100
1707687000 41 100 41 100
1707686700 41 100 41 100
1707686400 41 100 41 100
1707686100 41 100 41 100
1707685800 41 100 41 100
1707685500 41 100 41 100
1707685200 41 100 41 100
1707684900 41 100 41 100
1707684600 41 100 41 100
1707684300 41 100 41 100
1707684000 41 100 41 100
1707683700 41 100 41 100
1707683400 41 100 41 100
1707683100 41 100 41 100
1707682800 41 100 41 100
1707682500 41 100 41 100
1707682200 41 100 41 100
1707681900 41 100 41 100
1707681600 41 100 41 100
1707681300 41 100 41 100
1707681000 41 100 41 100
1707680700 41 100 41 100
1707680400 41 100 41 100
1707680100 41 100 41 100
1707679800 41 100 41 100
1707679500 41 100 41 100
1707679200 41 100 41 100
1707678900 41 100 41 100
1707678600 41 100 41 100
1707678300 41 100 41 100
1707678000 41 100 41 100
1707677700 41 100 41 100
1707677400 41 100 41 100
1707677100 41 100 41 100
1707676800 41 100 41 100
1707676500 41 100 41 100
1707676200 41 100 41 100
1707675900 41 100 41 100
1707675600 41 100 41 100
1707675300 41 100 41 100
1707675000 41 100 41 100
1707674700 41 100 41 100
1707674400 41 100 41 100
1707674100 41 100 41 100
1707673800 41 100 41 100
1707673500 41 100 41 100
1707673200 41 100 41 100
1707672900 41 100 41 100
1707672600 41 100 41 100
1707672300 41 100 41 100
1707672000 41 100 41 100
1707671700 41 100 41 100
1707671400 41 100 41 100
1707671100 41 100 41 100
1707670800 41 100 41 100
1707670500 41 100 41 100
1707670200 41 100 41 100
1707669900 41 100 41 100
1707669600 41 100 41 100
1707669300 41 100 41 100
1707669000 41 100 41 100
1707668700 41 100 41 100
1707668400 41 100 41 100
1707668100 41 100 41 100
1707667800 41 100 41 100
1707667500 41 100 41 100
1707667200 41 100 41 100
1707666900 41 100 41 100
1707666600 41 100 41 100
1707666300 41 100 41 100
1707666000 41 100 41 100
1707665700 41 100 41 100
1707665400 41 100 41 100
1707665100 41 100 41 100
1707664800 41 100 41 100
1707664500 41 100 41 100
1707664200 41 100 41 100
1707663900 41 100 41 100
1707663600 41 100 41 100
1707663300 41 100 41 100
1707663000 41 100 41 100
1707662700 41 100 41 100
1707662400 41 100 41 100
1707662100 41 100 41 100
1707661800 41 100 41 100
1707661500 41 100 41 100
1707661200 41 100 41 100
1707660900 41 100 41 100
1707660600 41 100 41 100
1707660300 41 100 41 100
1707660000 41 100 41 100
1707659700 41 100 41 100
1707659400 41 100 41 100
1707659100 41 100 41 100
1707658800 41 100 41 100
1707658500 41 100 41 100
1707658200 41 100 41 100
1707657900 41 100 41 100
1707657600 41 100 41 100
1707657300 41 100 41 100
1707657000 41 100 41 100
1707656700 41 100 41 100
1707656400 41 100 41 100
1707656100 41 100 41 100
1707655800 41 100 41 100
1707655500 41 100 41 100
1707655200 41 100 41 100
1707654900 41 100 41 100
1707654600 41 100 41 100
1707654300 41 100 41 100
1707654000 41 100 41 100
1707653700 41 100 41 100
1707653400 41 100 41 100
1707653100 41 100 41 100
1707652800 41 100 41 100
1707652500 41 100 41 100
1707652200 41 100 41 100
1707651900 41 100 41 100
1707651600 41 100 41 100
1707651300 41 100 41 100
1707651000 41 100 41 100
1707650700 41 100 41 100
1707650400 41 100 41 100
1707650100 41 100 41 100
1707649800 41 100 41 100
1707649500 41 100 41 100
1707649200 41 100 41 100
1707648900 41 100 41 100
1707648600 41 100 41 100
1707648300 41 100 41 100
1707648000 41 100 41 100
1707647700 41 100 41 100
1707647400 41 100 41 100
1707647100 41 100 41 100
1707646800 41 100 41 100
1707646500 41 100 41 100
1707646200 41 100 41 100
1707645900 41 100 41 100
1707645600 41 100 41 100
1707645300 41 100 41 100
1707645000 41 100 41 100
1707644700 41 100 41 100
1707644400 41 100 41 100
1707644100 41 100 41 100
1707643800 41 100 41 100
1707643500 41 100 41 100
1707643200 41 100 41 100
1707642900 41 100 41 100
1707642600 41 100 41 100
1707642300 41 100 41 100
1707642000 41 100 41 100
1707641700 41 100 41 100
1707641400 41 100 41 100
1707641100 41 100 41 100
1707640800 41 100 41 100
1707640500 41 100 41 100
1707640200 41 100 41 100
1707639900 41 100 41 100
1707639600 41 100 41 100
1707639300 41 100 41 100
1707639000 41 100 41 100
1707638700 41 100 41 100
1707638400 41 100 41 100
1707638100 41 100 41 100
1707637800 41 100 41 100
1707637500 41 100 41 100
1707637200 41 100 41 100
1707636900 41 100 41 100
1707636600 41 100 41 100
1707636300 41 100 41 100
1707636000 41 100 41 100
1707635700 41 100 41 100
1707635400 41 100 41 100
1707635100 41 100 41 100
1707634800 41 100 41 100
1707634500 41 100 41 100
1707634200 41 100 41 100
1707633900 41 100 41 100
1707633600 41 100 41 100
1707633300 41 100 41 100
1707633000 41 100 41 100
1707632700 41 100 41 100
1707632400 41 100 41 100
1707632100 41 100 41 100
1707631800 41 100 41 100
1707631500 41 100 41 100
1707631200 41 100 41 100
1707630900 41 100 41 100
1707630600 41 100 41 100
1707630300 41 100 41 100
1707630000 41 100 41 100
1707629700 41 100 41 100
1707629400 41 100 41 100
1707629100 41 100 41 100
1707628800 41 100 41 100
1707628500 41 100 41 100
1707628200 41 100 41 100
1707627900 41 100 41 100
1707627600 41 100 41 100
1707627300 41 100 41 100
1707627000 41 100 41 100
1707626700 41 100 41 100
1707626400 41 100 41 100
1707626100 41 100 41 100
1707625800 41 100 41 100
1707625500 41 100 41 100
1707625200 41 100 41 100
1707624900 41 100 41 100
1707624600 41 100 41 100
1707624300 41 100 41 100
1707624000 41 100 41 100
1707623700 41 100 41 100
1707623400 41 100 41 100
1707623100 41 100 41 100
1707622800 41 100 41 100
1707622500 41 100 41 100
1707622200 41 100 41 100
1707621900 41 100 41 100
1707621600 41 100 41 100
1707621300 41 100 41 100
1707621000 41 100 41 100
1707620700 41 100 41 100
1707620400 41 100 41 100
1707620100 41 100 41 100
1707619800 41 100 41 100
1707619500 41 100 41 100
1707619200 41 100 41 100
1707618900 41 100 41 100
1707618600 41 100 41 100
1707618300 41 100 41 100
1707618000 41 100 41 100
1707617700 41 100 41 100
1707617400 41 100 41 100
1707617100 41 100 41 100
1707616800 41 100 41 100
1707616500 41 100 41 100
1707616200 41 100 41 100
1707615900 41 100 41 100
1707615600 41 100 41 100
1707615300 41 100 41 100
1707615000 41 100 41 100
1707614700 41 100 41 100
1707614400 41 100 41 100
1707614100 41 100 41 100
1707613800 41 100 41 100
1707613500 41 100 41 100
1707613200 41 100 41 100
1707612900 41 100 41 100
1707612600 41 100 41 100
1707612300 41 100 41 100
1707612000 41 100 41 100
1707611700 41 100 41 100
1707611400 41 100 41 100
1707611100 41 100 41 100
1707610800 41 100 41 100
1707610500 41 100 41 100
1707610200 41 100 41 100
1707609900 41 100 41 100
1707609600 41 100 41 100
1707609300 41 100 41 100
1707609000 41 100 41 100
1707608700 41 100 41 100
1707608400 41 100 41 100
1707608100 41 100 41 100
1707607800 41 100 41 100
1707607500 41 100 41 100
1707607200 41 100 41 100
1707606900 41 100 41 100
1707606600 41 100 41 100
1707606300 41 100 41 100
1707606000 41 100 41 100
1707605700 41 100 41 100
1707605400 41 100 41 100
1707605100 41 100 41 100
1707604800 41 100 41 100
1707604500 41 100 41 100
1707604200 41 100 41 100
1707603900 41 100 41 100
1707603600 41 100 41 100
1707603300 41 100 41 100
1707603000 41 100 41 100
1707602700 41 100 41 100
1707602400 41 100 41 100
1707602100 41 100 41 100
1707601800 41 100 41 100
1707601500 41 100 41 100
1707601200 41 100 41 100
1707600900 41 100 41 100
1707600600 41 100 41 100
1707600300 41 100 41 100
1707600000 41 100 41 100
1707599700 41 100 41 100
1707599400 41 100 41 100
1707599100 41 100 41 100
1707598800 41 100 41 100
1707598500 41 100 41 100
1707598200 41 100 41 100
1707597900 41 100 41 100
1707597600 41 100 41 100
1707597300 41 100 41 100
1707597000 41 100 41 100
1707596700 41 100 41 100
1707596400 41 100 41 100
1707596100 41 100 41 100
1707595800 41 100 41 100
1707595500 41 100 41 100
1707595200 41 100 41 100
1707594900 41 100 41 100
1707594600 41 100 41 100
1707594300 41 100 41 100
1707594000 41 100 41 100
1707593700 41 100 41 100
1707593400 41 100 41 100
1707593100 41 100 41 100
1707592800 41 100 41 100
1707592500 41 100 41 100
1707592200 41 100 41 100
1707591900 41 100 41 100
1707591600 41 100 41 100
1707591300 41 100 41 100
1707591000 41 100 41 100
1707590700 41 100 41 100
1707590400 41 100 41 100
1707590100 41 100 41 100
1707589800 41 100 41 100
1707589500 41 100 41 100
1707589200 41 100 41 100
1707588900 41 100 41 100
1707588600 41 100 41 100
1707588300 41 100 41 100
1707588000 41 100 41 100
1707587700 41 100 41 100
1707587400 41 100 41 100
1707587100 41 100 41 100
1707586800 41 100 41 100
1707586500 41 100 41 100
1707586200 41 100 41 100
1707585900 41 100 41 100
1707585600 41 100 41 100
1707585300 41 100 41 100
1707585000 41 100 41 100
1707584700 41 100 41 100
1707584400 41 100 41 100
1707584100 41 100 41 100
1707583800 41 100 41 100
1707583500 41 100 41 100
1707583200 41 100 41 100
1707582900 41 100 41 100
1707582600 41 100 41 100
1707582300 41 100 41 100
1707582000 41 100 41 100
1707581700 41 100 41 100
1707581400 41 100 41 100
1707581100 41 100 41 100
1707580800 41 100 41 100
1707580500 41 100 41 100
1707580200 41 100 41 100
1707579900 41 100 41 100
1707579600 41 100 41 100
1707579300 41 100 41 100
1707579000 41 100 41 100
1707578700 41 100 41 100
1707578400 41 100 41 100
1707578100 41 100 41 100
1707577800 41 100 41 100
1707577500 41 100 41 100
1707577200 41 100 41 100
1707576900 41 100 41 100
1707576600 41 100 41 100
1707576300 41 100 41 100
1707576000 41 100 41 100
1707575700 41 100 41 100
1707575400 41 100 41 100
1707575100 41 100 41 100
1707574800 41 100 41 100
1707574500 41 100 41 100
1707574200 41 100 41 100
1707573900 41 100 41 100
1707573600 41 100 41 100
1707573300 41 100 41 100
1707573000 41 100 41 100
1707572700 41 100 41 100
1707572400 41 100 41 100
1707572100 41 100 41 100
1707571800 41 100 41 100
1707571500 41 100 41 100
1707571200 41 100 41 100
1707570900 41 100 41 100
1707570600 41 100 41 100
1707570300 41 100 41 100
1707570000 41 100 41 100
1707569700 41 100 41 100
1707569400 41 100 41 100
1707569100 41 100 41 100
1707568800 41 100 41 100
1707568500 41 100 41 100
1707568200 41 100 41 100
1707567900 41 100 41 100
1707567600 41 100 41 100
1707567300 41 100 41 100
1707567000 41 100 41 100
1707566700 41 100 41 100
1707566400 41 100 41 100
1707566100 41 100 41 100
1707565800 41 100 41 100
1707565500 41 100 41 100
1707565200 41 100 41 100
1707564900 41 100 41 100
1707564600 41 100 41 100
1707564300 41 100 41 100
1707564000 41 100 41 100
1707563700 41 100 41 100
1707563400 41 100 41 100
1707563100 41 100 41 100
1707562800 41 100 41 100
1707562500 41 100 41 100
1707562200 41 100 41 100
1707561900 41 100 41 100
1707561600 41 100 41 100
1707561300 41 100 41 100
1707561000 41 100 41 100
1707560700 41 100 41 100
1707560400 41 100 41 100
1707560100 41 100 41 100
1707559800 41 100 41 100
1707559500 41 100 41 100
1707559200 41 100 41 100
1707558900 41 100 41 100
1707558600 41 100 41 100
1707558300 41 100 41 100
1707558000 41 100 41 100
1707557700 41 100 41 100
1707557400 41 100 41 100
1707557100 41 100 41 100
1707556800 41 100 41 100
1707556500 41 100 41 100
1707556200 41 100 41 100
1707555900 41 100 41 100
1707555600 41 100 41 100
1707555300 41 100 41 100
1707555000 41 100 41 100
1707554700 41 100 41 100
1707554400 41 100 41 100
1707554100 41 100 41 100
1707553800 41 100 41 100
1707553500 41 100 41 100
1707553200 41 100 41 100
1707552900 41 100 41 100
1707552600 41 100 41 100
1707552300 41 100 41 100
1707552000 41 100 41 100
1707551700 41 100 41 100
1707551400 41 100 41 100
1707551100 41 100 41 100
1707550800 41 100 41 100
1707550500 41 100 41 100
1707550200 41 100 41 100
1707549900 41 100 41 100
1707549600 41 100 41 100
1707549300 41 100 41 100
1707549000 41 100 41 100
1707548700 41 100 41 100
1707548400 41 100 41 100
1707548100 41 100 41 100
1707547800 41 100 41 100
1707547500 41 100 41 100
1707547200 41 100 41 100
1707546900 41 100 41 100
1707546600 41 100 41 100
1707546300 41 100 41 100
1707546000 41 100 41 100
1707545700 41 100 41 100
1707545400 41 100 41 100
1707545100 41 100 41 100
1707544800 41 100 41 100
1707544500 41 100 41 100
1707544200 41 100 41 100
1707543900 41 100 41 100
1707543600 41 100 41 100
1707543300 41 100 41 100
1707543000 41 100 41 100
1707542700 41 100 41 100
1707542400 41 100 41 100
1707542100 41 100 41 100
1707541800 41 100 41 100
1707541500 41 100 41 100
1707541200 41 100 41 100
1707540900 41 100 41 100
1707540600 41 100 41 100
1707540300 41 100 41 100
1707540000 41 100 41 100
1707539700 41 100 41 100
1707539400 41 100 41 100
1707539100 41 100 41 100
1707538800 41 100 41 100
1707538500 41 100 41 100
1707538200 41 100 41 100
1707537900 41 100 41 100
1707537600 41 100 41 100
1707537300 41 100 41 100
1707537000 41 100 41 100
1707536700 41 100 41 100
1707536400 41 100 41 100
1707536100 41 100 41 100
1707535800 41 100 41 100
1707535500 41 100 41 100
1707535200 41 100 41 100
1707534900 41 100 41 100
1707534600 41 100 41 100
1707534300 41 100 41 100
1707534000 41 100 41 100
1707533700 41 100 41 100
1707532200 41 100 41 100
1707530400 41 100 41 100
1707528600 41 100 41 100
1707526800 41 100 41 100
1707525000 41 100 41 100
1707523200 41 100 41 100
1707521400 41 100 41 100
1707519600 41 100 41 100
1707517800 41 100 41 100
1707516000 41 100 41 100
1707514200 41 100 41 100
1707512400 41 100 41 100
1707510600 41 100 41 100
1707508800 41 100 41 100
1707507000 41 100 41 100
1707505200 41 100 41 100
1707503400 41 100 41 100
1707501600 41 100 41 100
1707499800 41 100 41 100
1707498000 41 100 41 100
1707496200 41 100 41 100
1707494400 41 100 41 100
1707492600 41 100 41 100
1707490800 41 100 41 100
1707489000 41 100 41 100
1707487200 41 100 41 100
1707485400 41 100 41 100
1707483600 41 100 41 100
1707481800 41 100 41 100
1707480000 41 100 41 100
1707478200 41 100 41 100
1707476400 41 100 41 100
1707474600 41 100 41 100
1707472800 41 100 41 100
1707471000 41 100 41 100
1707469200 41 100 41 100
1707467400 41 100 41 100
1707465600 41 100 41 100
1707463800 41 100 41 100
1707462000 41 100 41 100
1707460200 41 100 41 100
1707458400 41 100 41 100
1707456600 41 100 41 100
1707454800 41 100 41 100
1707453000 41 100 41 100
1707451200 41 100 41 100
1707449400 41 100 41 100
1707447600 41 100 41 100
1707445800 41 100 41 100
1707444000 41 100 41 100
1707442200 41 100 41 100
1707440400 41 100 41 100
1707438600 41 100 41 100
1707436800 41 100 41 100
1707435000 41 100 41 100
1707433200 41 100 41 100
1707431400 41 100 41 100
1707429600 27 66 41 100
1707427800 0 0 0 0
1707426000 0 0 0 0
1707424200 0 0 0 0
1707422400 0 0 0 0
1707420600 0 0 0 0
1707418800 0 0 0 0
1707417000 0 0 0 0
1707415200 0 0 0 0
1707413400 0 0 0 0
1707411600 0 0 0 0
1707409800 0 0 0 0
1707408000 0 0 0 0
1707406200 0 0 0 0
1707404400 0 0 0 0
1707402600 0 0 0 0
1707400800 0 0 0 0
1707399000 0 0 0 0
1707397200 0 0 0 0
1707395400 0 0 41 100
1707393600 41 100 41 100
1707391800 41 100 41 100
1707390000 41 100 41 100
1707388200 41 100 41 100
1707386400 41 100 41 100
1707384600 41 100 41 100
1707382800 41 100 41 100
1707381000 41 100 41 100
1707379200 41 100 41 100
1707377400 41 100 41 100
1707375600 41 100 41 100
1707373800 41 100 41 100
1707372000 41 100 41 100
1707370200 41 100 41 100
1707368400 41 100 41 100
1707366600 41 100 41 100
1707364800 41 100 41 100
1707363000 41 100 41 100
1707361200 41 100 41 100
1707359400 41 100 41 100
1707357600 41 100 41 100
1707355800 41 100 41 100
1707354000 41 100 41 100
1707352200 41 100 41 100
1707350400 41 100 41 100
1707348600 41 100 41 100
1707346800 41 100 41 100
1707345000 41 100 41 100
1707343200 41 100 41 100
1707341400 41 100 41 100
1707339600 41 100 41 100
1707337800 41 100 41 100
1707336000 41 100 41 100
1707334200 41 100 41 100
1707332400 41 100 41 100
1707330600 41 100 41 100
1707328800 41 100 41 100
1707327000 41 100 41 100
1707325200 41 100 41 100
1707323400 41 100 41 100
1707321600 41 100 41 100
1707319800 41 100 41 100
1707318000 41 100 41 100
1707316200 41 100 41 100
1707314400 41 100 41 100
1707312600 41 100 41 100
1707310800 41 100 41 100
1707309000 41 100 41 100
1707307200 41 100 41 100
1707305400 41 100 41 100
1707303600 41 100 41 100
1707301800 41 100 41 100
1707300000 41 100 41 100
1707298200 41 100 41 100
1707296400 41 100 41 100
1707294600 41 100 41 100
1707292800 41 100 41 100
1707291000 41 100 41 100
1707289200 41 100 41 100
1707287400 41 100 41 100
1707285600 41 100 41 100
1707283800 41 100 41 100
1707282000 41 100 41 100
1707280200 41 100 41 100
1707278400 41 100 41 100
1707276600 41 100 41 100
1707274800 41 100 41 100
1707273000 41 100 41 100
1707271200 41 100 41 100
1707269400 41 100 41 100
1707267600 41 100 41 100
1707265800 41 100 41 100
1707264000 41 100 41 100
1707262200 41 100 41 100
1707260400 41 100 41 100
1707258600 40 100 41 100
1707256800 40 100 40 100
1707255000 40 100 40 100
1707253200 40 100 40 100
1707251400 40 100 40 100
1707249600 40 100 40 100
1707247800 40 100 40 100
1707246000 40 100 40 100
1707244200 40 100 40 100
1707242400 40 100 40 100
1707240600 40 100 40 100
1707238800 40 100 40 100
1707237000 40 100 40 100
1707235200 40 100 40 100
1707233400 40 100 40 100
1707231600 40 100 40 100
1707229800 40 100 40 100
1707228000 40 100 40 100
1707226200 40 100 40 100
1707224400 40 100 40 100
1707222600 40 100 40 100
1707220800 40 100 40 100
1707219000 40 100 40 100
1707217200 40 100 40 100
1707215400 40 100 40 100
1707213600 40 100 40 100
1707211800 40 100 40 100
1707210000 40 100 40 100
1707208200 40 100 40 100
1707206400 40 100 40 100
1707204600 40 100 40 100
1707202800 40 100 40 100
1707201000 40 100 40 100
1707199200 40 100 40 100
1707197400 40 100 40 100
1707195600 40 100 40 100
1707193800 40 100 40 100
1707192000 40 100 40 100
1707190200 40 100 40 100
1707188400 40 100 40 100
1707186600 40 100 40 100
1707184800 40 100 41 100
1707183000 41 100 41 100
1707181200 41 100 41 100
1707179400 41 100 41 100
1707177600 41 100 41 100
1707175800 41 100 41 100
1707174000 41 100 41 100
1707172200 41 100 41 100
1707170400 41 100 41 100
1707168600 41 100 41 100
1707166800 41 100 41 100
1707165000 41 100 41 100
1707163200 41 100 41 100
1707161400 41 100 41 100
1707159600 41 100 41 100
1707157800 41 100 41 100
1707156000 41 100 41 100
1707154200 41 100 41 100
1707152400 41 100 41 100
1707150600 41 100 41 100
1707148800 41 100 41 100
1707147000 41 100 41 100
1707145200 41 100 41 100
1707143400 41 100 41 100
1707141600 41 100 41 100
1707139800 41 100 41 100
1707138000 41 100 41 100
1707136200 41 100 41 100
1707134400 41 100 41 100
1707132600 41 100 41 100
1707130800 41 100 41 100
1707129000 41 100 41 100
1707127200 41 100 41 100
1707125400 41 100 41 100
1707123600 41 100 41 100
1707121800 41 100 41 100
1707120000 41 100 41 100
1707118200 41 100 41 100
1707116400 41 100 41 100
1707114600 41 100 41 100
1707112800 41 100 41 100
1707111000 41 100 41 100
1707109200 41 100 41 100
1707107400 41 100 41 100
1707105600 41 100 41 100
1707103800 41 100 41 100
1707102000 41 100 41 100
1707100200 41 100 41 100
1707098400 41 100 41 100
1707096600 41 100 41 100
1707094800 41 100 41 100
1707093000 41 100 41 100
1707091200 41 100 41 100
1707089400 41 100 41 100
1707087600 41 100 41 100
1707085800 41 100 41 100
1707084000 41 100 41 100
1707082200 41 100 41 100
1707080400 41 100 41 100
1707078600 41 100 41 100
1707076800 41 100 41 100
1707075000 41 100 41 100
1707073200 41 100 41 100
1707071400 41 100 41 100
1707069600 41 100 41 100
1707067800 41 100 41 100
1707066000 41 100 41 100
1707064200 41 100 41 100
1707062400 41 100 41 100
1707060600 41 100 41 100
1707058800 41 100 41 100
1707057000 41 100 41 100
1707055200 41 100 41 100
1707053400 41 100 41 100
1707051600 41 100 41 100
1707049800 41 100 41 100
1707048000 41 100 41 100
1707046200 41 100 41 100
1707044400 41 100 41 100
1707042600 41 100 41 100
1707040800 41 100 41 100
1707039000 41 100 41 100
1707037200 41 100 41 100
1707035400 41 100 41 100
1707033600 41 100 41 100
1707031800 41 100 41 100
1707030000 41 100 41 100
1707028200 41 100 41 100
1707026400 41 100 41 100
1707024600 41 100 41 100
1707022800 41 100 41 100
1707021000 41 100 41 100
1707019200 41 100 41 100
1707017400 41 100 41 100
1707015600 41 100 41 100
1707013800 41 100 41 100
1707012000 41 100 41 100
1707010200 41 100 41 100
1707008400 41 100 41 100
1707006600 41 100 41 100
1707004800 41 100 41 100
1707003000 41 100 41 100
1707001200 41 100 41 100
1706999400 41 100 41 100
1706997600 41 100 41 100
1706995800 41 100 41 100
1706994000 41 100 41 100
1706992200 41 100 41 100
1706990400 41 100 41 100
1706988600 41 100 41 100
1706986800 41 100 41 100
1706985000 41 100 41 100
1706983200 41 100 41 100
1706981400 41 100 41 100
1706979600 41 100 41 100
1706977800 41 100 41 100
1706976000 41 100 41 100
1706974200 41 100 41 100
1706972400 41 100 41 100
1706970600 41 100 41 100
1706968800 41 100 41 100
1706967000 41 100 41 100
1706965200 41 100 41 100
1706963400 41 100 41 100
1706961600 41 100 41 100
1706959800 41 100 41 100
1706958000 41 100 41 100
1706956200 41 100 41 100
1706954400 41 100 41 100
1706952600 41 100 41 100
1706950800 41 100 41 100
1706949000 41 100 41 100
1706947200 41 100 41 100
1706945400 41 100 41 100
1706943600 41 100 41 100
1706941800 41 100 41 100
1706940000 41 100 41 100
1706938200 41 100 41 100
1706936400 41 100 41 100
1706934600 41 100 41 100
1706932800 41 100 41 100
1706931000 41 100 41 100
1706929200 41 100 41 100
1706927400 41 100 41 100
1706925600 41 100 41 100
1706923800 41 100 41 100
1706922000 41 100 41 100
1706920200 41 100 41 100
1706918400 41 100 41 100
1706916600 41 100 41 100
1706914800 41 100 41 100
1706913000 41 100 41 100
1706911200 41 100 41 100
1706909400 41 100 41 100
1706907600 41 100 41 100
1706905800 41 100 41 100
1706904000 41 100 41 100
1706902200 41 100 41 100
1706900400 41 100 41 100
1706898600 41 100 41 100
1706896800 41 100 41 100
1706895000 41 100 41 100
1706893200 41 100 41 100
1706891400 41 100 41 100
1706889600 41 100 41 100
1706887800 41 100 41 100
1706886000 41 100 41 100
1706884200 41 100 41 100
1706882400 41 100 41 100
1706880600 41 100 41 100
1706878800 41 100 41 100
1706877000 41 100 41 100
1706875200 41 100 41 100
1706873400 41 100 41 100
1706871600 41 100 41 100
1706869800 41 100 41 100
1706868000 41 100 41 100
1706866200 41 100 41 100
1706864400 41 100 41 100
1706862600 41 100 41 100
1706860800 41 100 41 100
1706859000 41 100 41 100
1706857200 41 100 41 100
1706855400 41 100 41 100
1706853600 41 100 41 100
1706851800 41 100 41 100
1706850000 41 100 41 100
1706848200 41 100 41 100
1706846400 41 100 41 100
1706844600 41 100 41 100
1706842800 41 100 41 100
1706841000 41 100 41 100
1706839200 41 100 41 100
1706837400 41 100 41 100
1706835600 41 100 41 100
1706833800 41 100 41 100
1706832000 41 100 41 100
1706830200 41 100 41 100
1706828400 41 100 41 100
1706826600 40 100 41 100
1706824800 26 66 41 100
1706823000 0 0 0 0
1706821200 0 0 0 0
1706819400 0 0 0 0
1706817600 0 0 0 0
1706815800 0 0 0 0
1706814000 0 0 0 0
1706812200 0 0 0 0
1706810400 0 0 0 0
1706808600 0 0 0 0
1706806800 0 0 0 0
1706805000 0 0 0 0
1706803200 0 0 0 0
1706801400 0 0 0 0
1706799600 0 0 0 0
1706797800 0 0 0 0
1706796000 0 0 0 0
1706794200 0 0 0 0
1706792400 0 0 0 0
1706790600 13 33 40 100
1706788800 40 100 40 100
1706787000 40 100 40 100
1706785200 40 100 40 100
1706783400 40 100 40 100
1706781600 40 100 40 100
1706779800 40 100 40 100
1706778000 40 100 40 100
1706776200 40 100 40 100
1706774400 40 100 40 100
1706772600 40 100 40 100
1706770800 40 100 40 100
1706769000 40 100 40 100
1706767200 40 100 40 100
1706765400 40 100 40 100
1706763600 40 100 40 100
1706761800 40 100 41 100
1706760000 41 100 41 100
1706758200 41 100 41 100
1706756400 41 100 41 100
1706754600 41 100 41 100
1706752800 41 100 41 100
1706751000 41 100 41 100
1706749200 41 100 41 100
1706747400 41 100 41 100
1706745600 41 100 41 100
1706743800 41 100 41 100
1706742000 41 100 41 100
1706740200 41 100 41 100
1706738400 13 32 41 100
1706736600 0 0 0 0
1706734800 0 0 0 0
1706733000 0 0 0 0
1706731200 0 0 0 0
1706729400 0 0 0 0
1706727600 0 0 0 0
1706725800 0 0 0 0
1706724000 0 0 0 0
1706722200 0 0 0 0
1706720400 0 0 0 0
1706718600 0 0 0 0
1706716800 0 0 0 0
1706715000 0 0 0 0
1706713200 0 0 0 0
1706711400 0 0 0 0
1706709600 0 0 0 0
1706707800 0 0 0 0
1706706000 0 0 0 0
1706704200 27 67 41 100
1706702400 41 100 41 100
1706700600 41 100 41 100
1706698800 41 100 41 100
1706697000 41 100 41 100
1706695200 41 100 41 100
1706693400 41 100 41 100
1706691600 41 100 41 100
1706689800 41 100 41 100
1706688000 41 100 41 100
1706686200 41 100 41 100
1706684400 41 100 41 100
1706682600 41 100 41 100
1706680800 41 100 41 100
1706679000 41 100 41 100
1706677200 41 100 41 100
1706675400 41 100 41 100
1706673600 41 100 41 100
1706671800 41 100 41 100
1706670000 41 100 41 100
1706668200 41 100 41 100
1706666400 41 100 41 100
1706664600 41 100 41 100
1706662800 41 100 41 100
1706661000 41 100 41 100
1706659200 41 100 41 100
1706657400 41 100 41 100
1706655600 41 100 41 100
1706653800 41 100 41 100
1706652000 41 100 41 100
1706650200 40 99 41 100
1706648400 0 0 0 0
1706646600 0 0 0 0
1706644800 0 0 0 0
1706643000 0 0 0 0
1706641200 0 0 0 0
1706639400 0 0 0 0
1706637600 0 0 0 0
1706635800 0 0 0 0
1706634000 0 0 0 0
1706632200 0 0 0 0
1706630400 0 0 0 0
1706628600 0 0 0 0
1706626800 0 0 0 0
1706625000 0 0 0 0
1706623200 0 0 0 0
1706621400 0 0 0 0
1706619600 13 33 41 100
1706617800 41 100 41 100
1706616000 41 100 41 100
1706614200 41 100 41 100
1706612400 41 100 41 100
1706610600 41 100 41 100
1706608800 41 100 41 100
1706607000 41 100 41 100
1706605200 41 100 41 100
1706603400 41 100 41 100
1706601600 41 100 41 100
1706599800 41 100 41 100
1706598000 41 100 41 100
1706596200 41 100 41 100
1706594400 41 100 41 100
1706592600 41 100 41 100
1706590800 41 100 41 100
1706589000 41 100 41 100
1706587200 41 100 41 100
1706585400 41 100 41 100
1706583600 41 100 41 100
1706581800 41 100 41 100
1706580000 41 100 41 100
1706578200 41 100 41 100
1706576400 41 100 41 100
1706574600 41 100 41 100
1706572800 41 100 41 100
1706571000 41 100 41 100
1706569200 41 100 41 100
1706567400 41 100 41 100
1706565600 41 100 41 100
1706563800 41 100 41 100
1706562000 40 100 41 100
1706560200 25 65 40 100
1706558400 0 0 0 0
1706556600 0 0 0 0
1706554800 0 0 0 0
1706553000 0 0 0 0
1706551200 0 0 0 0
1706549400 0 0 0 0
1706547600 0 0 0 0
1706545800 0 0 0 0
1706544000 0 0 0 0
1706542200 0 0 0 0
1706540400 0 0 0 0
1706538600 0 0 0 0
1706536800 0 0 0 0
1706535000 0 0 0 0
1706533200 0 0 0 0
1706531400 13 33 40 100
1706529600 40 100 40 100
1706527800 40 100 40 100
1706526000 40 100 40 100
1706524200 40 100 40 100
1706522400 40 100 40 100
1706520600 40 100 40 100
1706518800 40 100 40 100
1706517000 40 100 40 100
1706515200 40 100 40 100
1706513400 40 100 41 100
1706511600 41 100 41 100
1706509800 41 100 41 100
1706508000 41 100 41 100
1706506200 41 100 41 100
1706504400 41 100 41 100
1706502600 41 100 41 100
1706500800 41 100 41 100
1706499000 41 100 41 100
1706497200 41 100 41 100
1706495400 41 100 41 100
1706493600 41 100 41 100
1706491800 41 100 41 100
1706490000 41 100 41 100
1706488200 41 100 41 100
1706486400 41 100 41 100
1706484600 41 100 41 100
1706482800 41 100 41 100
1706481000 41 100 41 100
1706479200 41 100 41 100
1706477400 26 65 41 100
1706475600 0 0 0 0
1706473800 0 0 0 0
1706472000 0 0 0 0
1706470200 0 0 0 0
1706468400 0 0 0 0
1706466600 0 0 0 0
1706464800 0 0 0 0
1706463000 0 0 0 0
1706461200 0 0 0 0
1706459400 0 0 0 0
1706457600 0 0 0 0
1706455800 0 0 0 0
1706454000 0 0 0 0
1706452200 0 0 0 0
1706450400 34 83 41 100
1706443200 41 100 41 100
1706436000 41 100 41 100
1706428800 41 100 41 100
1706421600 40 100 41 100
1706414400 40 100 40 100
1706407200 40 100 40 100
1706400000 40 100 40 100
1706392800 9 24 40 100
1706385600 0 0 0 0
1706378400 0 0 0 0
1706371200 0 0 0 0
1706364000 3 8 41 100
1706356800 41 100 41 100
1706349600 41 100 41 100
1706342400 41 100 41 100
1706335200 41 100 41 100
1706328000 41 100 41 100
1706320800 41 100 41 100
1706313600 41 100 41 100
1706306400 41 100 41 100
1706299200 41 100 41 100
1706292000 41 100 41 100
1706284800 41 100 41 100
1706277600 41 100 41 100
1706270400 41 100 41 100
1706263200 41 100 41 100
1706256000 41 100 41 100
1706248800 41 100 41 100
1706241600 41 100 41 100
1706234400 41 100 41 100
1706227200 41 100 41 100
1706220000 40 100 41 100
1706212800 40 100 41 100
1706205600 41 100 41 100
1706198400 41 100 41 100
1706191200 40 100 41 100
1706184000 40 100 40 100
1706176800 40 100 40 100
1706169600 40 100 41 100
1706162400 41 100 41 100
1706155200 41 100 41 100
1706148000 41 100 41 100
1706140800 41 100 41 100
1706133600 41 100 41 100
1706126400 41 100 41 100
1706119200 40 100 41 100
1706112000 40 100 40 100
1706104800 40 100 40 100
1706097600 40 100 40 100
1706090400 40 100 40 100
1706083200 40 100 40 100
1706076000 40 100 40 100
1706068800 23 58 40 100
1706061600 0 0 0 0
1706054400 0 0 0 0
1706047200 0 0 0 0
1706040000 0 0 0 0
1706032800 0 0 0 0
1706025600 0 0 0 0
1706018400 0 0 0 0
1706011200 0 0 0 0
1706004000 0 0 0 0
1705996800 0 0 0 0
1705989600 0 0 0 0
1705982400 0 0 0 0
1705975200 0 0 0 0
1705968000 0 0 0 0
1705960800 0 0 0 0
1705953600 0 0 0 0
1705946400 0 0 0 0
1705939200 0 0 0 0
1705932000 0 0 0 0
1705924800 0 0 0 0
1705917600 0 0 0 0
1705910400 0 0 0 0
1705903200 0 0 0 0
1705896000 0 0 0 0
1705888800 0 0 0 0
1705881600 0 0 0 0
1705874400 0 0 0 0
1705867200 0 0 0 0
1705860000 0 0 0 0
1705852800 0 0 0 0
1705845600 0 0 0 0
1705838400 0 0 0 0
1705831200 0 0 0 0
1705824000 0 0 0 0
1705816800 0 0 0 0
1705809600 0 0 0 0
1705802400 0 0 0 0
1705795200 0 0 0 0
1705788000 0 0 0 0
1705780800 0 0 0 0
1705773600 0 0 0 0
1705766400 0 0 0 0
1705759200 0 0 0 0
1705752000 0 0 0 0
1705744800 0 0 0 0
1705737600 0 0 0 0
1705730400 0 0 0 0
1705723200 0 0 0 0
1705716000 0 0 0 0
1705708800 0 0 0 0
1705701600 0 0 0 0
1705694400 0 0 0 0
1705687200 0 0 0 0
1705680000 0 0 0 0
1705672800 0 0 0 0
1705665600 0 0 0 0
1705658400 0 0 0 0
1705651200 0 0 0 0
1705644000 0 0 0 0
1705636800 0 0 0 0
1705629600 0 0 0 0
1705622400 0 0 0 0
1705615200 0 0 0 0
1705608000 0 0 0 0
1705600800 0 0 0 0
1705593600 0 0 0 0
1705586400 0 0 0 0
1705579200 0 0 0 0
1705572000 0 0 0 0
1705564800 0 0 0 0
1705557600 0 0 0 0
1705550400 0 0 0 0
1705543200 0 0 0 0
1705536000 0 0 0 0
1705528800 0 0 0 0
1705521600 0 0 0 0
1705514400 0 0 0 0
1705507200 0 0 0 0
1705500000 0 0 0 0
1705492800 0 0 0 0
1705485600 0 0 0 0
1705478400 0 0 0 0
1705471200 0 0 0 0
1705464000 0 0 0 0
1705456800 0 0 0 0
1705449600 0 0 0 0
1705442400 0 0 0 0
1705435200 0 0 0 0
1705428000 0 0 0 0
1705420800 0 0 0 0
1705413600 0 0 0 0
1705406400 0 0 0 0
1705399200 0 0 0 0
1705392000 0 0 0 0
1705384800 0 0 0 0
1705377600 0 0 0 0
1705370400 0 0 0 0
1705363200 0 0 0 0
1705356000 0 0 0 0
1705348800 0 0 0 0
1705341600 0 0 0 0
1705334400 0 0 0 0
1705327200 0 0 0 0
1705320000 0 0 0 0
1705312800 0 0 0 0
1705305600 0 0 0 0
1705298400 0 0 0 0
1705291200 0 0 0 0
1705284000 0 0 0 0
1705276800 0 0 0 0
1705269600 0 0 0 0
1705262400 0 0 0 0
1705255200 0 0 0 0
1705248000 0 0 0 0
1705240800 0 0 0 0
1705233600 0 0 0 0
1705226400 0 0 0 0
1705219200 0 0 0 0
1705212000 0 0 0 0
1705204800 0 0 0 0
1705197600 0 0 0 0
1705190400 0 0 0 0
1705183200 0 0 0 0
1705176000 0 0 0 0
1705168800 0 0 0 0
1705161600 0 0 0 0
1705154400 0 0 0 0
1705147200 0 0 0 0
1705140000 0 0 0 0
1705132800 0 0 0 0
1705125600 0 0 0 0
1705118400 0 0 0 0
1705111200 0 0 0 0
1705104000 0 0 0 0
1705096800 0 0 0 0
1705089600 0 0 0 0
1705082400 0 0 0 0
1705075200 0 0 0 0
1705068000 0 0 0 0
1705060800 0 0 0 0
1705053600 0 0 0 0
1705046400 0 0 0 0
1705039200 0 0 0 0
1705032000 0 0 0 0
1705024800 0 0 0 0
1705017600 0 0 0 0
1705010400 0 0 0 0
1705003200 0 0 0 0
1704996000 0 0 0 0
1704988800 0 0 0 0
1704981600 0 0 0 0
1704974400 0 0 0 0
1704967200 0 0 0 0
1704960000 0 0 0 0
1704952800 0 0 0 0
1704945600 0 0 0 0
1704938400 0 0 0 0
1704931200 0 0 0 0
1704924000 0 0 0 0
1704916800 0 0 0 0
1704909600 0 0 0 0
1704902400 0 0 0 0
1704895200 0 0 0 0
1704888000 0 0 0 0
1704880800 0 0 0 0
1704873600 0 0 0 0
1704866400 0 0 0 0
1704859200 0 0 0 0
1704852000 0 0 0 0
1704844800 0 0 0 0
1704837600 0 0 0 0
1704830400 0 0 0 0
1704823200 0 0 0 0
1704816000 0 0 0 0
1704808800 0 0 0 0
1704801600 0 0 0 0
1704794400 0 0 0 0
1704787200 0 0 0 0
1704780000 0 0 0 0
1704772800 0 0 0 0
1704765600 0 0 0 0
1704758400 0 0 0 0
1704751200 0 0 0 0
1704744000 0 0 0 0
1704736800 0 0 0 0
1704729600 0 0 0 0
1704722400 0 0 0 0
1704715200 0 0 0 0
1704708000 0 0 0 0
1704700800 0 0 0 0
1704693600 0 0 0 0
1704686400 0 0 0 0
1704679200 0 0 0 0
1704672000 0 0 0 0
1704664800 0 0 0 0
1704657600 0 0 0 0
1704650400 0 0 0 0
1704643200 0 0 0 0
1704636000 0 0 0 0
1704628800 0 0 0 0
1704621600 0 0 0 0
1704614400 0 0 0 0
1704607200 0 0 0 0
1704600000 0 0 0 0
1704592800 0 0 0 0
1704585600 0 0 0 0
1704578400 0 0 0 0
1704571200 0 0 0 0
1704564000 0 0 0 0
1704556800 0 0 0 0
1704549600 0 0 0 0
1704542400 0 0 0 0
1704535200 0 0 0 0
1704528000 0 0 0 0
1704520800 0 0 0 0
1704513600 0 0 0 0
1704506400 0 0 0 0
1704499200 0 0 0 0
1704492000 0 0 0 0
1704484800 0 0 0 0
1704477600 0 0 0 0
1704470400 0 0 0 0
1704463200 0 0 0 0
1704456000 0 0 0 0
1704448800 0 0 0 0
1704441600 0 0 0 0
1704434400 0 0 0 0
1704427200 0 0 0 0
1704420000 0 0 0 0
1704412800 0 0 0 0
1704405600 0 0 0 0
1704398400 0 0 0 0
1704391200 0 0 0 0
1704384000 0 0 0 0
1704376800 0 0 0 0
1704369600 0 0 0 0
1704362400 0 0 0 0
1704355200 0 0 0 0
1704348000 0 0 0 0
1704340800 0 0 0 0
1704333600 0 0 0 0
1704326400 0 0 0 0
1704319200 0 0 0 0
1704312000 0 0 0 0
1704304800 0 0 0 0
1704297600 0 0 0 0
1704290400 0 0 0 0
1704283200 0 0 0 0
1704276000 0 0 0 0
1704268800 0 0 0 0
1704261600 0 0 0 0
1704254400 0 0 0 0
1704247200 0 0 0 0
1704240000 0 0 0 0
1704232800 0 0 0 0
1704225600 0 0 0 0
1704218400 0 0 0 0
1704211200 0 0 0 0
1704204000 0 0 0 0
1704196800 0 0 0 0
1704189600 0 0 0 0
1704182400 0 0 0 0
1704175200 0 0 0 0
1704168000 0 0 0 0
1704160800 0 0 0 0
1704153600 0 0 0 0
1704146400 0 0 0 0
1704139200 0 0 0 0
1704132000 0 0 0 0
1704124800 0 0 0 0
1704117600 0 0 0 0
1704110400 0 0 0 0
1704103200 0 0 0 0
1704096000 0 0 0 0
1704088800 0 0 0 0
1704081600 0 0 0 0
1704074400 0 0 0 0
1704067200 0 0 0 0
1704060000 0 0 0 0
1704052800 0 0 0 0
1704045600 0 0 0 0
1704038400 0 0 0 0
1704031200 0 0 0 0
1704024000 0 0 0 0
1704016800 0 0 0 0
1704009600 0 0 0 0
1704002400 0 0 0 0
1703995200 0 0 0 0
1703988000 0 0 0 0
1703980800 0 0 0 0
1703973600 0 0 0 0
1703966400 0 0 0 0
1703959200 0 0 0 0
1703952000 0 0 0 0
1703944800 0 0 0 0
1703937600 0 0 0 0
1703930400 0 0 0 0
1703923200 0 0 0 0
1703916000 0 0 0 0
1703908800 0 0 0 0
1703901600 0 0 0 0
1703894400 0 0 0 0
1703887200 0 0 0 0
1703880000 0 0 0 0
1703872800 0 0 0 0
1703865600 0 0 0 0
1703858400 0 0 0 0
1703851200 0 0 0 0
1703844000 0 0 0 0
1703836800 0 0 0 0
1703829600 0 0 0 0
1703822400 0 0 0 0
1703815200 0 0 0 0
1703808000 0 0 0 0
1703800800 0 0 0 0
1703793600 0 0 0 0
1703786400 0 0 0 0
1703779200 0 0 0 0
1703772000 0 0 0 0
1703764800 0 0 0 0
1703757600 0 0 0 0
1703750400 0 0 0 0
1703743200 0 0 0 0
1703736000 0 0 0 0
1703728800 0 0 0 0
1703721600 0 0 0 0
1703714400 0 0 0 0
1703707200 0 0 0 0
1703700000 0 0 0 0
1703692800 0 0 0 0
1703685600 0 0 0 0
1703678400 0 0 0 0
1703671200 0 0 0 0
1703664000 0 0 0 0
1703656800 0 0 0 0
1703649600 0 0 0 0
1703642400 0 0 0 0
1703635200 0 0 0 0
1703628000 0 0 0 0
1703620800 0 0 0 0
1703613600 0 0 0 0
1703606400 0 0 0 0
1703599200 0 0 0 0
1703592000 0 0 0 0
1703584800 0 0 0 0
1703577600 0 0 0 0
1703570400 0 0 0 0
1703563200 0 0 0 0
1703556000 0 0 0 0
1703548800 0 0 0 0
1703541600 0 0 0 0
1703534400 0 0 0 0
1703527200 0 0 0 0
1703520000 0 0 0 0
1703512800 0 0 0 0
1703505600 0 0 0 0
1703498400 0 0 0 0
1703491200 0 0 0 0
1703484000 0 0 0 0
1703476800 0 0 0 0
1703469600 0 0 0 0
1703462400 0 0 0 0
1703455200 0 0 0 0
1703448000 0 0 0 0
1703440800 0 0 0 0
1703433600 0 0 0 0
1703426400 0 0 0 0
1703419200 0 0 0 0
1703412000 0 0 0 0
1703404800 0 0 0 0
1703397600 0 0 0 0
1703390400 0 0 0 0
1703383200 0 0 0 0
1703376000 0 0 0 0
1703368800 0 0 0 0
1703361600 0 0 0 0
1703354400 0 0 0 0
1703347200 0 0 0 0
1703340000 0 0 0 0
1703332800 0 0 0 0
1703325600 0 0 0 0
1703318400 0 0 0 0
1703311200 0 0 0 0
1703304000 0 0 0 0
1703296800 0 0 0 0
1703289600 0 0 0 0
1703282400 0 0 0 0
1703275200 0 0 0 0
1703268000 0 0 0 0
1703260800 0 0 0 0
1703253600 0 0 0 0
1703246400 0 0 0 0
1703239200 0 0 0 0
1703232000 0 0 0 0
1703224800 0 0 0 0
1703217600 0 0 0 0
1703210400 0 0 0 0
1703203200 0 0 0 0
1703196000 0 0 0 0
1703188800 0 0 0 0
1703181600 0 0 0 0
1703174400 0 0 0 0
1703167200 0 0 0 0
1703160000 0 0 0 0
1703152800 0 0 0 0
1703145600 0 0 0 0
1703138400 0 0 0 0
1703131200 0 0 0 0
1703124000 0 0 0 0
1703116800 0 0 0 0
1703109600 0 0 0 0
1703102400 0 0 0 0
1703095200 0 0 0 0
1703088000 0 0 0 0
1703080800 0 0 0 0
1703073600 0 0 0 0
1703066400 0 0 0 0
1703059200 0 0 0 0
1703052000 0 0 0 0
1703044800 0 0 0 0
1703037600 0 0 0 0
1703030400 0 0 0 0
1703023200 0 0 0 0
1703016000 0 0 0 0
1703008800 0 0 0 0
1703001600 0 0 0 0
1702994400 0 0 0 0
1702987200 0 0 0 0
1702980000 0 0 0 0
1702972800 0 0 0 0
1702965600 0 0 0 0
1702958400 0 0 0 0
1702951200 0 0 0 0
1702944000 0 0 0 0
1702936800 0 0 0 0
1702929600 0 0 0 0
1702922400 0 0 0 0
1702915200 0 0 0 0
1702908000 0 0 0 0
1702900800 0 0 0 0
1702893600 0 0 0 0
1702886400 0 0 0 0
1702879200 0 0 0 0
1702872000 0 0 0 0
1702864800 0 0 0 0
1702857600 0 0 0 0
1702850400 0 0 0 0
1702843200 0 0 0 0
1702836000 0 0 0 0
1702828800 0 0 0 0
1702821600 0 0 0 0
1702814400 0 0 0 0
1702807200 0 0 0 0
1702800000 0 0 0 0
1702792800 0 0 0 0
1702785600 0 0 0 0
1702778400 0 0 0 0
1702771200 0 0 0 0
1702764000 0 0 0 0
1702756800 0 0 0 0
1702749600 0 0 0 0
1702742400 0 0 0 0
1702735200 0 0 0 0
1702728000 0 0 0 0
1702720800 0 0 0 0
1702713600 0 0 0 0
1702706400 0 0 0 0
1702699200 0 0 0 0
1702692000 0 0 0 0
1702684800 0 0 0 0
1702677600 0 0 0 0
1702670400 0 0 0 0
1702663200 0 0 0 0
1702656000 0 0 0 0
1702648800 0 0 0 0
1702641600 0 0 0 0
1702634400 0 0 0 0
1702627200 0 0 0 0
1702620000 0 0 0 0
1702612800 0 0 0 0
1702605600 0 0 0 0
1702598400 0 0 0 0
1702591200 0 0 0 0
1702584000 0 0 0 0
1702576800 0 0 0 0
1702569600 0 0 0 0
1702562400 0 0 0 0
1702555200 0 0 0 0
1702548000 0 0 0 0
1702540800 0 0 0 0
1702533600 0 0 0 0
1702526400 0 0 0 0
1702519200 0 0 0 0
1702512000 0 0 0 0
1702504800 0 0 0 0
1702497600 0 0 0 0
1702490400 0 0 0 0
1702483200 0 0 0 0
1702476000 0 0 0 0
1702468800 0 0 0 0
1702461600 0 0 0 0
1702454400 0 0 0 0
1702447200 0 0 0 0
1702440000 0 0 0 0
1702432800 0 0 0 0
1702425600 0 0 0 0
1702418400 0 0 0 0
1702411200 0 0 0 0
1702404000 0 0 0 0
1702396800 0 0 0 0
1702389600 0 0 0 0
1702382400 0 0 0 0
1702375200 0 0 0 0
1702368000 0 0 0 0
1702360800 0 0 0 0
1702353600 0 0 0 0
1702346400 0 0 0 0
1702339200 0 0 0 0
1702332000 0 0 0 0
1702324800 0 0 0 0
1702317600 0 0 0 0
1702310400 0 0 0 0
1702303200 0 0 0 0
1702296000 0 0 0 0
1702288800 0 0 0 0
1702281600 0 0 0 0
1702274400 0 0 0 0
1702267200 0 0 0 0
1702260000 0 0 0 0
1702252800 0 0 0 0
1702245600 0 0 0 0
1702238400 0 0 0 0
1702231200 0 0 0 0
1702224000 0 0 0 0
1702216800 0 0 0 0
1702209600 0 0 0 0
1702202400 0 0 0 0
1702195200 0 0 0 0
1702188000 0 0 0 0
1702180800 0 0 0 0
1702173600 0 0 0 0
1702166400 0 0 0 0
1702159200 0 0 0 0
1702152000 0 0 0 0
1702144800 0 0 0 0
1702137600 0 0 0 0
1702130400 0 0 0 0
1702080000 0 0 0 0
1701993600 0 0 0 0
1701907200 0 0 0 0
1701820800 0 0 0 0
1701734400 0 0 0 0
1701648000 0 0 0 0
1701561600 0 0 0 0
1701475200 0 0 0 0
1701388800 0 0 0 0
1701302400 0 0 0 0
1701216000 0 0 0 0
1701129600 0 0 0 0
1701043200 0 0 0 0
1700956800 0 0 0 0
1700870400 0 0 0 0
1700784000 0 0 0 0
1700697600 0 0 0 0
1700611200 0 0 0 0
1700524800 0 0 0 0
1700438400 0 0 0 0
1700352000 0 0 0 0
1700265600 0 0 0 0
1700179200 0 0 0 0
1700092800 0 0 0 0
1700006400 0 0 0 0
1699920000 0 0 0 0
1699833600 0 0 0 0
1699747200 0 0 0 0
1699660800 0 0 0 0
1699574400 0 0 0 0
1699488000 0 0 0 0
1699401600 0 0 0 0
1699315200 0 0 0 0
1699228800 0 0 0 0
1699142400 0 0 0 0
1699056000 0 0 0 0
1698969600 0 0 0 0
1698883200 0 0 0 0
1698796800 0 0 0 0
1698710400 0 0 0 0
1698624000 0 0 0 0
1698537600 0 0 0 0
1698451200 0 0 0 0
1698364800 0 0 0 0
1698278400 0 0 0 0
1698192000 0 0 0 0
1698105600 0 0 0 0
1698019200 0 0 0 0
1697932800 0 0 0 0
1697846400 0 0 0 0
1697760000 0 0 0 0
1697673600 0 0 0 0
1697587200 0 0 0 0
1697500800 0 0 0 0
1697414400 0 0 0 0
1697328000 0 0 0 0
1697241600 0 0 0 0
1697155200 0 0 0 0
1697068800 0 0 0 0
1696982400 0 0 0 0
1696896000 0 0 0 0
1696809600 0 0 0 0
1696723200 0 0 0 0
1696636800 0 0 0 0
1696550400 0 0 0 0
1696464000 0 0 0 0
1696377600 0 0 0 0
1696291200 0 0 0 0
1696204800 0 0 0 0
1696118400 0 0 0 0
1696032000 0 0 0 0
1695945600 0 0 0 0
1695859200 0 0 0 0
1695772800 0 0 0 0
1695686400 0 0 0 0
1695600000 0 0 0 0
1695513600 0 0 0 0
1695427200 0 0 0 0
1695340800 0 0 0 0
1695254400 0 0 0 0
1695168000 0 0 0 0
1695081600 0 0 0 0
1694995200 0 0 0 0
1694908800 0 0 0 0
1694822400 0 0 0 0
1694736000 0 0 0 0
1694649600 0 0 0 0
1694563200 0 0 0 0
1694476800 0 0 0 0
1694390400 0 0 0 0
1694304000 0 0 0 0
1694217600 0 0 0 0
1694131200 0 0 0 0
1694044800 0 0 0 0
1693958400 0 0 0 0
1693872000 0 0 0 0
1693785600 0 0 0 0
1693699200 0 0 0 0
1693612800 0 0 0 0
1693526400 0 0 0 0
1693440000 0 0 0 0
1693353600 0 0 0 0
1693267200 0 0 0 0
1693180800 0 0 0 0
1693094400 0 0 0 0
1693008000 0 0 0 0
1692921600 0 0 0 0
1692835200 0 0 0 0
1692748800 0 0 0 0
1692662400 0 0 0 0
1692576000 0 0 0 0
1692489600 0 0 0 0
1692403200 0 0 0 0
1692316800 0 0 0 0
1692230400 0 0 0 0
1692144000 0 0 0 0
1692057600 0 0 0 0
1691971200 0 0 0 0
1691884800 0 0 0 0
1691798400 0 0 0 0
1691712000 0 0 0 0
1691625600 0 0 0 0
1691539200 0 0 0 0
1691452800 0 0 0 0
1691366400 0 0 0 0
1691280000 0 0 0 0
1691193600 0 0 0 0
1691107200 0 0 0 0
1691020800 0 0 0 0
1690934400 0 0 0 0
1690848000 0 0 0 0
1690761600 0 0 0 0
1690675200 0 0 0 0
1690588800 0 0 0 0
1690502400 0 0 0 0
1690416000 0 0 0 0
1690329600 0 0 0 0
1690243200 0 0 0 0
1690156800 0 0 0 0
1690070400 0 0 0 0
1689984000 0 0 0 0
1689897600 0 0 0 0
1689811200 0 0 0 0
1689724800 0 0 0 0
1689638400 0 0 0 0
1689552000 0 0 0 0
1689465600 0 0 0 0
1689379200 0 0 0 0
1689292800 0 0 0 0
1689206400 0 0 0 0
1689120000 0 0 0 0
1689033600 0 0 0 0
1688947200 0 0 0 0
1688860800 0 0 0 0
1688774400 0 0 0 0
1688688000 0 0 0 0
1688601600 0 0 0 0
1688515200 0 0 0 0
1688428800 0 0 0 0
1688342400 0 0 0 0
1688256000 0 0 0 0
1688169600 0 0 0 0
1688083200 0 0 0 0
1687996800 0 0 0 0
1687910400 0 0 0 0
1687824000 0 0 0 0
1687737600 0 0 0 0
1687651200 0 0 0 0
1687564800 0 0 0 0
1687478400 0 0 0 0
1687392000 0 0 0 0
1687305600 0 0 0 0
1687219200 0 0 0 0
1687132800 0 0 0 0
1687046400 0 0 0 0
1686960000 0 0 0 0
1686873600 0 0 0 0
1686787200 0 0 0 0
1686700800 0 0 0 0
1686614400 0 0 0 0
1686528000 0 0 0 0
1686441600 0 0 0 0
1686355200 0 0 0 0
1686268800 0 0 0 0
1686182400 0 0 0 0
1686096000 0 0 0 0
1686009600 0 0 0 0
1685923200 0 0 0 0
1685836800 0 0 0 0
1685750400 0 0 0 0
1685664000 0 0 0 0
1685577600 0 0 0 0
1685491200 0 0 0 0
1685404800 0 0 0 0
1685318400 0 0 0 0
1685232000 0 0 0 0
1685145600 0 0 0 0
1685059200 0 0 0 0
1684972800 0 0 0 0
1684886400 0 0 0 0
1684800000 0 0 0 0
1684713600 0 0 0 0
1684627200 0 0 0 0
1684540800 0 0 0 0
1684454400 0 0 0 0
1684368000 0 0 0 0
1684281600 0 0 0 0
1684195200 0 0 0 0
1684108800 0 0 0 0
1684022400 0 0 0 0
1683936000 0 0 0 0
1683849600 0 0 0 0
1683763200 0 0 0 0
1683676800 0 0 0 0
1683590400 0 0 0 0
1683504000 0 0 0 0
1683417600 0 0 0 0
1683331200 0 0 0 0
1683244800 0 0 0 0
1683158400 0 0 0 0
1683072000 0 0 0 0
1682985600 0 0 0 0
1682899200 0 0 0 0
1682812800 0 0 0 0
1682726400 0 0 0 0
1682640000 0 0 0 0
1682553600 0 0 0 0
1682467200 0 0 0 0
1682380800 0 0 0 0
1682294400 0 0 0 0
1682208000 0 0 0 0
1682121600 0 0 0 0
1682035200 0 0 0 0
1681948800 0 0 0 0
1681862400 0 0 0 0
1681776000 0 0 0 0
1681689600 0 0 0 0
1681603200 0 0 0 0
1681516800 0 0 0 0
1681430400 0 0 0 0
1681344000 0 0 0 0
1681257600 0 0 0 0
1681171200 0 0 0 0
1681084800 0 0 0 0
1680998400 0 0 0 0
1680912000 0 0 0 0
1680825600 0 0 0 0
1680739200 0 0 0 0
1680652800 0 0 0 0
1680566400 0 0 0 0
1680480000 0 0 0 0
1680393600 0 0 0 0
1680307200 0 0 0 0
1680220800 0 0 0 0
1680134400 0 0 0 0
1680048000 0 0 0 0
1679961600 0 0 0 0
1679875200 0 0 0 0
1679788800 0 0 0 0
1679702400 0 0 0 0
1679616000 0 0 0 0
1679529600 0 0 0 0
1679443200 0 0 0 0
1679356800 0 0 0 0
1679270400 0 0 0 0
1679184000 0 0 0 0
1679097600 0 0 0 0
1679011200 0 0 0 0
1678924800 0 0 0 0
1678838400 0 0 0 0
1678752000 0 0 0 0
1678665600 0 0 0 0
1678579200 0 0 0 0
1678492800 0 0 0 0
1678406400 0 0 0 0
1678320000 0 0 0 0
1678233600 0 0 0 0
1678147200 0 0 0 0
1678060800 0 0 0 0
1677974400 0 0 0 0
1677888000 0 0 0 0
1677801600 0 0 0 0
1677715200 0 0 0 0
1677628800 0 0 0 0
1677542400 0 0 0 0
1677456000 0 0 0 0
1677369600 0 0 0 0
1677283200 0 0 0 0
1677196800 0 0 0 0
1677110400 0 0 0 0
1677024000 0 0 0 0
1676937600 0 0 0 0
1676851200 0 0 0 0
1676764800 0 0 0 0
1676678400 0 0 0 0
1676592000 0 0 0 0
1676505600 0 0 0 0
1676419200 0 0 0 0
1676332800 0 0 0 0
1676246400 0 0 0 0
1676160000 0 0 0 0
1676073600 0 0 0 0
1675987200 0 0 0 0
1675900800 0 0 0 0
1675814400 0 0 0 0
1675728000 0 0 0 0
1675641600 0 0 0 0
1675555200 0 0 0 0
1675468800 0 0 0 0
1675382400 0 0 0 0
1675296000 0 0 0 0
1675209600 0 0 0 0
1675123200 0 0 0 0
1675036800 0 0 0 0
1674950400 0 0 0 0
1674864000 0 0 0 0
1674777600 0 0 0 0
1674691200 0 0 0 0
1674604800 0 0 0 0
1674518400 0 0 0 0
1674432000 0 0 0 0
1674345600 0 0 0 0
1674259200 0 0 0 0
1674172800 0 0 0 0
1674086400 0 0 0 0
1674000000 0 0 0 0
1673913600 0 0 0 0
1673827200 0 0 0 0
1673740800 0 0 0 0
1673654400 0 0 0 0
1673568000 0 0 0 0
1673481600 0 0 0 0
1673395200 0 0 0 0
1673308800 0 0 0 0
1673222400 0 0 0 0
1673136000 0 0 0 0
1673049600 0 0 0 0
1672963200 0 0 0 0
1672876800 0 0 0 0
1672790400 0 0 0 0
1672704000 0 0 0 0
1672617600 0 0 0 0
1672531200 0 0 0 0
1672444800 0 0 0 0
1672358400 0 0 0 0
1672272000 0 0 0 0
1672185600 0 0 0 0
1672099200 0 0 0 0
1672012800 0 0 0 0
1671926400 0 0 0 0
1671840000 0 0 0 0
1671753600 0 0 0 0
1671667200 0 0 0 0
1671580800 0 0 0 0
1671494400 0 0 0 0
1671408000 0 0 0 0
1671321600 0 0 0 0
1671235200 0 0 0 0
1671148800 0 0 0 0
1671062400 0 0 0 0
1670976000 0 0 0 0
1670889600 0 0 0 0
1670803200 0 0 0 0
1670716800 0 0 0 0
1670630400 0 0 0 0
1670544000 0 0 0 0
1670457600 0 0 0 0
1670371200 0 0 0 0
1670284800 0 0 0 0
1670198400 0 0 0 0
1670112000 0 0 0 0
1670025600 0 0 0 0
1669939200 0 0 0 0
1669852800 0 0 0 0
1669766400 0 0 0 0
1669680000 0 0 0 0
1669593600 0 0 0 0
1669507200 0 0 0 0
1669420800 0 0 0 0
1669334400 0 0 0 0
1669248000 0 0 0 0
1669161600 0 0 0 0
1669075200 0 0 0 0
1668988800 0 0 0 0
1668902400 0 0 0 0
1668816000 0 0 0 0
1668729600 0 0 0 0
1668643200 0 0 0 0
1668556800 0 0 0 0
1668470400 0 0 0 0
1668384000 0 0 0 0
1668297600 0 0 0 0
1668211200 0 0 0 0
1668124800 0 0 0 0
1668038400 0 0 0 0
1667952000 0 0 0 0
1667865600 0 0 0 0
1667779200 0 0 0 0
1667692800 0 0 0 0
1667606400 0 0 0 0
1667520000 0 0 0 0
1667433600 0 0 0 0
1667347200 0 0 0 0
1667260800 0 0 0 0
1667174400 0 0 0 0
1667088000 0 0 0 0
1667001600 0 0 0 0
1666915200 0 0 0 0
1666828800 0 0 0 0
1666742400 0 0 0 0
1666656000 0 0 0 0
1666569600 0 0 0 0
1666483200 0 0 0 0
1666396800 0 0 0 0
1666310400 0 0 0 0
1666224000 0 0 0 0
1666137600 0 0 0 0
1666051200 0 0 0 0
1665964800 0 0 0 0
1665878400 0 0 0 0
1665792000 0 0 0 0
1665705600 0 0 0 0
1665619200 0 0 0 0
1665532800 0 0 0 0
1665446400 0 0 0 0
1665360000 0 0 0 0
1665273600 0 0 0 0
1665187200 0 0 0 0
1665100800 0 0 0 0
1665014400 0 0 0 0
1664928000 0 0 0 0
1664841600 0 0 0 0
1664755200 0 0 0 0
1664668800 0 0 0 0
1664582400 0 0 0 0
1664496000 0 0 0 0
1664409600 0 0 0 0
1664323200 0 0 0 0
1664236800 0 0 0 0
1664150400 0 0 0 0
1664064000 0 0 0 0
1663977600 0 0 0 0
1663891200 0 0 0 0
1663804800 0 0 0 0
1663718400 0 0 0 0
1663632000 0 0 0 0
1663545600 0 0 0 0
1663459200 0 0 0 0
1663372800 0 0 0 0
1663286400 0 0 0 0
1663200000 0 0 0 0
1663113600 0 0 0 0
1663027200 0 0 0 0
1662940800 0 0 0 0
1662854400 0 0 0 0
1662768000 0 0 0 0
1662681600 0 0 0 0
1662595200 0 0 0 0
1662508800 0 0 0 0
1662422400 0 0 0 0
1662336000 0 0 0 0
1662249600 0 0 0 0
1662163200 0 0 0 0
1662076800 0 0 0 0
1661990400 0 0 0 0
1661904000 0 0 0 0
1661817600 0 0 0 0
1661731200 0 0 0 0
1661644800 0 0 0 0
1661558400 0 0 0 0
1661472000 0 0 0 0
1661385600 0 0 0 0
1661299200 0 0 0 0
1661212800 0 0 0 0
1661126400 0 0 0 0
1661040000 0 0 0 0
1660953600 0 0 0 0
1660867200 0 0 0 0
1660780800 0 0 0 0
1660694400 0 0 0 0
1660608000 0 0 0 0
1660521600 0 0 0 0
1660435200 0 0 0 0
1660348800 0 0 0 0
1660262400 0 0 0 0
1660176000 0 0 0 0
1660089600 0 0 0 0
1660003200 0 0 0 0
1659916800 0 0 0 0
1659830400 0 0 0 0
1659744000 0 0 0 0
1659657600 0 0 0 0
1659571200 0 0 0 0
1659484800 0 0 0 0
1659398400 0 0 0 0
1659312000 0 0 0 0
1659225600 0 0 0 0
1659139200 0 0 0 0
1659052800 0 0 0 0
1658966400 0 0 0 0
1658880000 0 0 0 0
1658793600 0 0 0 0
1658707200 0 0 0 0
1658620800 0 0 0 0
1658534400 0 0 0 0
1658448000 0 0 0 0
1658361600 0 0 0 0
1658275200 0 0 0 0
1658188800 0 0 0 0
1658102400 0 0 0 0
1658016000 0 0 0 0
1657929600 0 0 0 0
1657843200 0 0 0 0
1657756800 0 0 0 0
1657670400 0 0 0 0
1657584000 0 0 0 0
1657497600 0 0 0 0
1657411200 0 0 0 0
1657324800 0 0 0 0
1657238400 0 0 0 0
1657152000 0 0 0 0
1657065600 0 0 0 0
1656979200 0 0 0 0
1656892800 0 0 0 0
1656806400 0 0 0 0
1656720000 0 0 0 0
1656633600 0 0 0 0
1656547200 0 0 0 0
1656460800 0 0 0 0
1656374400 0 0 0 0
1656288000 0 0 0 0
1656201600 0 0 0 0
1656115200 0 0 0 0
1656028800 0 0 0 0
1655942400 0 0 0 0
1655856000 0 0 0 0
1655769600 0 0 0 0
1655683200 0 0 0 0
1655596800 0 0 0 0
1655510400 0 0 0 0
1655424000 0 0 0 0
1655337600 0 0 0 0
1655251200 0 0 0 0
1655164800 0 0 0 0
1655078400 0 0 0 0
1654992000 0 0 0 0
1654905600 0 0 0 0
1654819200 0 0 0 0
1654732800 0 0 0 0
1654646400 0 0 0 0
1654560000 0 0 0 0
1654473600 0 0 0 0
1654387200 0 0 0 0
1654300800 0 0 0 0
1654214400 0 0 0 0
1654128000 0 0 0 0
1654041600 0 0 0 0
1653955200 0 0 0 0
1653868800 0 0 0 0
1653782400 0 0 0 0
1653696000 0 0 0 0
1653609600 0 0 0 0
1653523200 0 0 0 0
1653436800 0 0 0 0
1653350400 0 0 0 0
1653264000 0 0 0 0
1653177600 0 0 0 0
1653091200 0 0 0 0
1653004800 0 0 0 0
1652918400 0 0 0 0
1652832000 0 0 0 0
1652745600 0 0 0 0
1652659200 0 0 0 0
1652572800 0 0 0 0
1652486400 0 0 0 0
1652400000 0 0 0 0
1652313600 0 0 0 0
1652227200 0 0 0 0
1652140800 0 0 0 0
1652054400 0 0 0 0
1651968000 0 0 0 0
1651881600 0 0 0 0
1651795200 0 0 0 0
1651708800 0 0 0 0
1651622400 0 0 0 0
1651536000 0 0 0 0
1651449600 0 0 0 0
1651363200 0 0 0 0
1651276800 0 0 0 0
1651190400 0 0 0 0
1651104000 0 0 0 0
1651017600 0 0 0 0
1650931200 0 0 0 0
1650844800 0 0 0 0
1650758400 0 0 0 0
1650672000 0 0 0 0
1650585600 0 0 0 0
1650499200 0 0 0 0
1650412800 0 0 0 0
1650326400 0 0 0 0
1650240000 0 0 0 0
1650153600 0 0 0 0
1650067200 0 0 0 0
1649980800 0 0 0 0
1649894400 0 0 0 0
1649808000 0 0 0 0
1649721600 0 0 0 0
1649635200 0 0 0 0
1649548800 0 0 0 0
1649462400 0 0 0 0
1649376000 0 0 0 0
1649289600 0 0 0 0
1649203200 0 0 0 0
1649116800 0 0 0 0
1649030400 0 0 0 0
1648944000 0 0 0 0
1648857600 0 0 0 0
1648771200 0 0 0 0
1648684800 0 0 0 0
1648598400 0 0 0 0
1648512000 0 0 0 0
1648425600 0 0 0 0
1648339200 0 0 0 0
1648252800 0 0 0 0
1648166400 0 0 0 0
1648080000 0 0 0 0
1647993600 0 0 0 0
1647907200 0 0 0 0
1647820800 0 0 0 0
1647734400 0 0 0 0
1647648000 0 0 0 0
1647561600 0 0 0 0
1647475200 0 0 0 0
1647388800 0 0 0 0
1647302400 0 0 0 0
1647216000 0 0 0 0
1647129600 0 0 0 0
1647043200 0 0 0 0
1646956800 0 0 0 0
1646870400 0 0 0 0
1646784000 0 0 0 0
1646697600 0 0 0 0
1646611200 0 0 0 0
1646524800 0 0 0 0
1646438400 0 0 0 0
1646352000 0 0 0 0
1646265600 0 0 0 0
1646179200 0 0 0 0
1646092800 0 0 0 0
1646006400 0 0 0 0
1645920000 0 0 0 0
1645833600 0 0 0 0
1645747200 0 0 0 0
1645660800 0 0 0 0
1645574400 0 0 0 0
1645488000 0 0 0 0
1645401600 0 0 0 0
1645315200 0 0 0 0
1645228800 0 0 0 0
1645142400 0 0 0 0
1645056000 0 0 0 0
1644969600 0 0 0 0
1644883200 0 0 0 0
1644796800 0 0 0 0
1644710400 0 0 0 0
1644624000 0 0 0 0
1644537600 0 0 0 0
1644451200 0 0 0 0
1644364800 0 0 0 0
1644278400 0 0 0 0
1644192000 0 0 0 0
1644105600 0 0 0 0
1644019200 0 0 0 0
1643932800 0 0 0 0
1643846400 0 0 0 0
1643760000 0 0 0 0
1643673600 0 0 0 0
1643587200 0 0 0 0
1643500800 0 0 0 0
1643414400 0 0 0 0
1643328000 0 0 0 0
1643241600 0 0 0 0
1643155200 0 0 0 0
1643068800 0 0 0 0
1642982400 0 0 0 0
1642896000 0 0 0 0
1642809600 0 0 0 0
1642723200 0 0 0 0
1642636800 0 0 0 0
1642550400 0 0 0 0
1642464000 0 0 0 0
1642377600 0 0 0 0
1642291200 0 0 0 0
1642204800 0 0 0 0
1642118400 0 0 0 0
1642032000 0 0 0 0
1641945600 0 0 0 0
1641859200 0 0 0 0
1641772800 0 0 0 0
1641686400 0 0 0 0
1641600000 0 0 0 0
1641513600 0 0 0 0
1641427200 0 0 0 0
1641340800 0 0 0 0
1641254400 0 0 0 0
1641168000 0 0 0 0
1641081600 0 0 0 0
1640995200 0 0 0 0
1640908800 0 0 0 0
1640822400 0 0 0 0
1640736000 0 0 0 0
1640649600 0 0 0 0
1640563200 0 0 0 0
1640476800 0 0 0 0
1640390400 0 0 0 0
1640304000 0 0 0 0
1640217600 0 0 0 0
1640131200 0 0 0 0
1640044800 0 0 0 0
1639958400 0 0 0 0
1639872000 0 0 0 0
1639785600 0 0 0 0
1639699200 0 0 0 0
1639612800 0 0 0 0
1639526400 0 0 0 0
1639440000 0 0 0 0
1639353600 0 0 0 0
1639267200 0 0 0 0
1639180800 0 0 0 0
1639094400 0 0 0 0
1639008000 0 0 0 0
1638921600 0 0 0 0
